<?xml version="1.0" encoding="UTF-8" ?>
<testsuite failures="0" time="0.466" errors="1" skipped="0" tests="1" name="org.jboss.as.test.integration.osgi.jaxrs.RestEasyIntegrationTestCase">
  <properties>
    <property name="java.runtime.name" value="Java(TM) SE Runtime Environment"/>
    <property name="sun.boot.library.path" value="/usr/lib/jvm/java-6-sun-1.6.0.24/jre/lib/i386"/>
    <property name="java.vm.version" value="19.1-b02"/>
    <property name="java.vm.vendor" value="Sun Microsystems Inc."/>
    <property name="java.vendor.url" value="http://java.sun.com/"/>
    <property name="path.separator" value=":"/>
    <property name="guice.disable.misplaced.annotation.check" value="true"/>
    <property name="java.vm.name" value="Java HotSpot(TM) Server VM"/>
    <property name="file.encoding.pkg" value="sun.io"/>
    <property name="user.country" value="CZ"/>
    <property name="sun.java.launcher" value="SUN_STANDARD"/>
    <property name="sun.os.patch.level" value="unknown"/>
    <property name="java.vm.specification.name" value="Java Virtual Machine Specification"/>
    <property name="user.dir" value="/home/ondra/work/AS-7/ozizka-as7"/>
    <property name="java.runtime.version" value="1.6.0_24-b07"/>
    <property name="java.awt.graphicsenv" value="sun.awt.X11GraphicsEnvironment"/>
    <property name="java.endorsed.dirs" value="/usr/lib/jvm/java-6-sun-1.6.0.24/jre/lib/endorsed"/>
    <property name="os.arch" value="i386"/>
    <property name="java.io.tmpdir" value="/tmp"/>
    <property name="line.separator" value="
"/>
    <property name="java.vm.specification.vendor" value="Sun Microsystems Inc."/>
    <property name="os.name" value="Linux"/>
    <property name="classworlds.conf" value="/home/ondra/sw/tools/maven/3.0.3/bin/m2.conf"/>
    <property name="sun.jnu.encoding" value="UTF-8"/>
    <property name="java.library.path" value="/usr/lib/jvm/java-6-sun-1.6.0.24/jre/lib/i386/server:/usr/lib/jvm/java-6-sun-1.6.0.24/jre/lib/i386:/usr/lib/jvm/java-6-sun-1.6.0.24/jre/../lib/i386:/usr/java/packages/lib/i386:/lib:/usr/lib"/>
    <property name="java.specification.name" value="Java Platform API Specification"/>
    <property name="java.class.version" value="50.0"/>
    <property name="sun.management.compiler" value="HotSpot Tiered Compilers"/>
    <property name="os.version" value="2.6.24-29-server"/>
    <property name="user.home" value="/home/ondra"/>
    <property name="user.timezone" value="Europe/Prague"/>
    <property name="java.awt.printerjob" value="sun.print.PSPrinterJob"/>
    <property name="file.encoding" value="UTF-8"/>
    <property name="java.specification.version" value="1.6"/>
    <property name="user.name" value="ondra"/>
    <property name="java.class.path" value="/home/ondra/sw/tools/maven/3.0.3/boot/plexus-classworlds-2.4.jar"/>
    <property name="allTests" value="true"/>
    <property name="java.vm.specification.version" value="1.0"/>
    <property name="sun.arch.data.model" value="32"/>
    <property name="java.home" value="/usr/lib/jvm/java-6-sun-1.6.0.24/jre"/>
    <property name="java.specification.vendor" value="Sun Microsystems Inc."/>
    <property name="user.language" value="cs"/>
    <property name="java.vm.info" value="mixed mode"/>
    <property name="java.version" value="1.6.0_24"/>
    <property name="java.ext.dirs" value="/usr/lib/jvm/java-6-sun-1.6.0.24/jre/lib/ext:/usr/java/packages/lib/ext"/>
    <property name="securerandom.source" value="file:/dev/./urandom"/>
    <property name="sun.boot.class.path" value="/usr/lib/jvm/java-6-sun-1.6.0.24/jre/lib/resources.jar:/usr/lib/jvm/java-6-sun-1.6.0.24/jre/lib/rt.jar:/usr/lib/jvm/java-6-sun-1.6.0.24/jre/lib/sunrsasign.jar:/usr/lib/jvm/java-6-sun-1.6.0.24/jre/lib/jsse.jar:/usr/lib/jvm/java-6-sun-1.6.0.24/jre/lib/jce.jar:/usr/lib/jvm/java-6-sun-1.6.0.24/jre/lib/charsets.jar:/usr/lib/jvm/java-6-sun-1.6.0.24/jre/lib/modules/jdk.boot.jar:/usr/lib/jvm/java-6-sun-1.6.0.24/jre/classes"/>
    <property name="java.vendor" value="Sun Microsystems Inc."/>
    <property name="maven.home" value="/home/ondra/sw/tools/maven/3.0.3"/>
    <property name="file.separator" value="/"/>
    <property name="java.vendor.url.bug" value="http://java.sun.com/cgi-bin/bugreport.cgi"/>
    <property name="sun.cpu.endian" value="little"/>
    <property name="sun.io.unicode.encoding" value="UnicodeLittle"/>
    <property name="sun.desktop" value="gnome"/>
    <property name="sun.cpu.isalist" value=""/>
  </properties>
  <testcase time="0.516" classname="org.jboss.as.test.integration.osgi.jaxrs.RestEasyIntegrationTestCase" name="org.jboss.as.test.integration.osgi.jaxrs.RestEasyIntegrationTestCase">
    <error message="Could not deploy to container" type="org.jboss.arquillian.container.spi.client.container.DeploymentException">org.jboss.arquillian.container.spi.client.container.DeploymentException: Could not deploy to container
	at org.jboss.as.arquillian.container.ArchiveDeployer.deploy(ArchiveDeployer.java:58)
	at org.jboss.as.arquillian.container.CommonDeployableContainer.deploy(CommonDeployableContainer.java:111)
	at org.jboss.arquillian.container.impl.client.container.ContainerDeployController$3.call(ContainerDeployController.java:148)
	at org.jboss.arquillian.container.impl.client.container.ContainerDeployController$3.call(ContainerDeployController.java:115)
	at org.jboss.arquillian.container.impl.client.container.ContainerDeployController.executeOperation(ContainerDeployController.java:258)
	at org.jboss.arquillian.container.impl.client.container.ContainerDeployController.deploy(ContainerDeployController.java:114)
	at sun.reflect.GeneratedMethodAccessor25.invoke(Unknown Source)
	at sun.reflect.DelegatingMethodAccessorImpl.invoke(DelegatingMethodAccessorImpl.java:25)
	at java.lang.reflect.Method.invoke(Method.java:597)
	at org.jboss.arquillian.core.impl.ObserverImpl.invoke(ObserverImpl.java:90)
	at org.jboss.arquillian.core.impl.EventContextImpl.invokeObservers(EventContextImpl.java:99)
	at org.jboss.arquillian.core.impl.EventContextImpl.proceed(EventContextImpl.java:81)
	at org.jboss.arquillian.container.impl.client.container.DeploymentExceptionHandler.verifyExpectedExceptionDuringDeploy(DeploymentExceptionHandler.java:50)
	at sun.reflect.GeneratedMethodAccessor24.invoke(Unknown Source)
	at sun.reflect.DelegatingMethodAccessorImpl.invoke(DelegatingMethodAccessorImpl.java:25)
	at java.lang.reflect.Method.invoke(Method.java:597)
	at org.jboss.arquillian.core.impl.ObserverImpl.invoke(ObserverImpl.java:90)
	at org.jboss.arquillian.core.impl.EventContextImpl.proceed(EventContextImpl.java:88)
	at org.jboss.arquillian.container.impl.client.ContainerDeploymentContextHandler.createDeploymentContext(ContainerDeploymentContextHandler.java:78)
	at sun.reflect.GeneratedMethodAccessor16.invoke(Unknown Source)
	at sun.reflect.DelegatingMethodAccessorImpl.invoke(DelegatingMethodAccessorImpl.java:25)
	at java.lang.reflect.Method.invoke(Method.java:597)
	at org.jboss.arquillian.core.impl.ObserverImpl.invoke(ObserverImpl.java:90)
	at org.jboss.arquillian.core.impl.EventContextImpl.proceed(EventContextImpl.java:88)
	at org.jboss.arquillian.container.impl.client.ContainerDeploymentContextHandler.createContainerContext(ContainerDeploymentContextHandler.java:57)
	at sun.reflect.GeneratedMethodAccessor14.invoke(Unknown Source)
	at sun.reflect.DelegatingMethodAccessorImpl.invoke(DelegatingMethodAccessorImpl.java:25)
	at java.lang.reflect.Method.invoke(Method.java:597)
	at org.jboss.arquillian.core.impl.ObserverImpl.invoke(ObserverImpl.java:90)
	at org.jboss.arquillian.core.impl.EventContextImpl.proceed(EventContextImpl.java:88)
	at org.jboss.arquillian.core.impl.ManagerImpl.fire(ManagerImpl.java:134)
	at org.jboss.arquillian.core.impl.ManagerImpl.fire(ManagerImpl.java:114)
	at org.jboss.arquillian.core.impl.EventImpl.fire(EventImpl.java:67)
	at org.jboss.arquillian.container.impl.client.container.ContainerDeployController$1.perform(ContainerDeployController.java:86)
	at org.jboss.arquillian.container.impl.client.container.ContainerDeployController$1.perform(ContainerDeployController.java:79)
	at org.jboss.arquillian.container.impl.client.container.ContainerDeployController.forEachDeployment(ContainerDeployController.java:250)
	at org.jboss.arquillian.container.impl.client.container.ContainerDeployController.forEachManagedDeployment(ContainerDeployController.java:226)
	at org.jboss.arquillian.container.impl.client.container.ContainerDeployController.deployManaged(ContainerDeployController.java:78)
	at sun.reflect.GeneratedMethodAccessor34.invoke(Unknown Source)
	at sun.reflect.DelegatingMethodAccessorImpl.invoke(DelegatingMethodAccessorImpl.java:25)
	at java.lang.reflect.Method.invoke(Method.java:597)
	at org.jboss.arquillian.core.impl.ObserverImpl.invoke(ObserverImpl.java:90)
	at org.jboss.arquillian.core.impl.EventContextImpl.invokeObservers(EventContextImpl.java:99)
	at org.jboss.arquillian.core.impl.EventContextImpl.proceed(EventContextImpl.java:81)
	at org.jboss.arquillian.core.impl.ManagerImpl.fire(ManagerImpl.java:134)
	at org.jboss.arquillian.core.impl.ManagerImpl.fire(ManagerImpl.java:114)
	at org.jboss.arquillian.core.impl.EventImpl.fire(EventImpl.java:67)
	at org.jboss.arquillian.container.test.impl.client.ContainerEventController.execute(ContainerEventController.java:97)
	at sun.reflect.GeneratedMethodAccessor32.invoke(Unknown Source)
	at sun.reflect.DelegatingMethodAccessorImpl.invoke(DelegatingMethodAccessorImpl.java:25)
	at java.lang.reflect.Method.invoke(Method.java:597)
	at org.jboss.arquillian.core.impl.ObserverImpl.invoke(ObserverImpl.java:90)
	at org.jboss.arquillian.core.impl.EventContextImpl.invokeObservers(EventContextImpl.java:99)
	at org.jboss.arquillian.core.impl.EventContextImpl.proceed(EventContextImpl.java:81)
	at org.jboss.arquillian.test.impl.TestContextHandler.createClassContext(TestContextHandler.java:68)
	at sun.reflect.GeneratedMethodAccessor2.invoke(Unknown Source)
	at sun.reflect.DelegatingMethodAccessorImpl.invoke(DelegatingMethodAccessorImpl.java:25)
	at java.lang.reflect.Method.invoke(Method.java:597)
	at org.jboss.arquillian.core.impl.ObserverImpl.invoke(ObserverImpl.java:90)
	at org.jboss.arquillian.core.impl.EventContextImpl.proceed(EventContextImpl.java:88)
	at org.jboss.arquillian.test.impl.TestContextHandler.createSuiteContext(TestContextHandler.java:54)
	at sun.reflect.GeneratedMethodAccessor1.invoke(Unknown Source)
	at sun.reflect.DelegatingMethodAccessorImpl.invoke(DelegatingMethodAccessorImpl.java:25)
	at java.lang.reflect.Method.invoke(Method.java:597)
	at org.jboss.arquillian.core.impl.ObserverImpl.invoke(ObserverImpl.java:90)
	at org.jboss.arquillian.core.impl.EventContextImpl.proceed(EventContextImpl.java:88)
	at org.jboss.arquillian.core.impl.ManagerImpl.fire(ManagerImpl.java:134)
	at org.jboss.arquillian.core.impl.ManagerImpl.fire(ManagerImpl.java:114)
	at org.jboss.arquillian.test.impl.EventTestRunnerAdaptor.beforeClass(EventTestRunnerAdaptor.java:80)
	at org.jboss.arquillian.junit.Arquillian$2.evaluate(Arquillian.java:158)
	at org.jboss.arquillian.junit.Arquillian.multiExecute(Arquillian.java:290)
	at org.jboss.arquillian.junit.Arquillian.access$100(Arquillian.java:45)
	at org.jboss.arquillian.junit.Arquillian$3.evaluate(Arquillian.java:175)
	at org.junit.runners.ParentRunner.run(ParentRunner.java:300)
	at org.jboss.arquillian.junit.Arquillian.run(Arquillian.java:123)
	at org.apache.maven.surefire.junit4.JUnit4TestSet.execute(JUnit4TestSet.java:53)
	at org.apache.maven.surefire.junit4.JUnit4Provider.executeTestSet(JUnit4Provider.java:123)
	at org.apache.maven.surefire.junit4.JUnit4Provider.invoke(JUnit4Provider.java:104)
	at sun.reflect.NativeMethodAccessorImpl.invoke0(Native Method)
	at sun.reflect.NativeMethodAccessorImpl.invoke(NativeMethodAccessorImpl.java:39)
	at sun.reflect.DelegatingMethodAccessorImpl.invoke(DelegatingMethodAccessorImpl.java:25)
	at java.lang.reflect.Method.invoke(Method.java:597)
	at org.apache.maven.surefire.util.ReflectionUtils.invokeMethodWithArray(ReflectionUtils.java:164)
	at org.apache.maven.surefire.booter.ProviderFactory$ProviderProxy.invoke(ProviderFactory.java:110)
	at org.apache.maven.surefire.booter.SurefireStarter.invokeProvider(SurefireStarter.java:172)
	at org.apache.maven.surefire.booter.SurefireStarter.runSuitesInProcessWhenForked(SurefireStarter.java:104)
	at org.apache.maven.surefire.booter.ForkedBooter.main(ForkedBooter.java:70)
Caused by: java.lang.Exception: {&quot;Services with missing/unavailable dependencies&quot; =&gt; [&quot;jboss.deployment.unit.\&quot;resteasy-osgi-client.war\&quot;.CONFIGURE_MODULE missing [ jboss.module.information.service.\&quot;deployment.osgi.cmpn\&quot;.\&quot;4.2.0.200908310645\&quot; ]&quot;]}
	at org.jboss.as.controller.client.helpers.standalone.impl.ServerDeploymentPlanResultFuture.getActionResult(ServerDeploymentPlanResultFuture.java:99)
	at org.jboss.as.controller.client.helpers.standalone.impl.ServerDeploymentPlanResultFuture.getResultFromNode(ServerDeploymentPlanResultFuture.java:88)
	at org.jboss.as.controller.client.helpers.standalone.impl.ServerDeploymentPlanResultFuture.get(ServerDeploymentPlanResultFuture.java:70)
	at org.jboss.as.controller.client.helpers.standalone.impl.ServerDeploymentPlanResultFuture.get(ServerDeploymentPlanResultFuture.java:42)
	at org.jboss.as.arquillian.container.ArchiveDeployer.executeDeploymentPlan(ArchiveDeployer.java:75)
	at org.jboss.as.arquillian.container.ArchiveDeployer.deploy(ArchiveDeployer.java:56)
	... 86 more
</error>
    <system-out>08:38:27,539 INFO  [org.jboss.as.controller] (MSC service thread 1-5) Service status report
   New missing/unsatisfied dependencies:
      service jboss.security.security-domain.custom-login-module (missing)

08:38:27,545 INFO  [org.jboss.as.server.controller] (pool-2-thread-1) Undeployed &quot;custom-login-module.war&quot;
08:38:27,548 INFO  [org.jboss.as.server.deployment] (MSC service thread 1-6) Stopped deployment custom-login-module.war in 2ms
08:38:27,548 INFO  [org.jboss.as.controller] (MSC service thread 1-6) Service status report
   Newly corrected services:
      service jboss.security.security-domain.custom-login-module (no longer required)

08:38:27,789 INFO  [org.jboss.as.server.deployment] (pool-2-thread-1) Content added at location /home/ondra/work/AS-7/ozizka-as7/testsuite/integration/target/jbossas/standalone/data/content/79/c6fa6b7b7e9bad797c5cafea40e49d612ee20d/content
08:38:27,791 INFO  [org.jboss.as.server.deployment] (MSC service thread 1-16) Starting deployment of &quot;resteasy-osgi-client.war&quot;
08:38:27,997 INFO  [org.jboss.as.server.controller] (pool-2-thread-1) Deployment of &quot;resteasy-osgi-client.war&quot; was rolled back with failure message {&quot;Services with missing/unavailable dependencies&quot; =&gt; [&quot;jboss.deployment.unit.\&quot;resteasy-osgi-client.war\&quot;.CONFIGURE_MODULE missing [ jboss.module.information.service.\&quot;deployment.osgi.cmpn\&quot;.\&quot;4.2.0.200908310645\&quot; ]&quot;]}
08:38:27,998 INFO  [org.jboss.as.server.deployment] (MSC service thread 1-12) Stopped deployment resteasy-osgi-client.war in 1ms
08:38:28,006 ERROR [org.jboss.as.controller] (pool-2-thread-1) Operation (&quot;undeploy&quot;) failed - address: ([(&quot;deployment&quot; =&gt; &quot;resteasy-osgi-client.war&quot;)]): java.util.NoSuchElementException: No child &apos;runtime-name&apos; exists
	at org.jboss.dmr.ModelValue.requireChild(ModelValue.java:362) [jboss-dmr-1.0.0.Final.jar:1.0.0.Final]
	at org.jboss.dmr.ModelNode.require(ModelNode.java:703) [jboss-dmr-1.0.0.Final.jar:1.0.0.Final]
	at org.jboss.as.server.deployment.DeploymentUndeployHandler.execute(DeploymentUndeployHandler.java:58)
	at org.jboss.as.controller.OperationContextImpl.executeStep(OperationContextImpl.java:386) [jboss-as-controller-7.1.0.Alpha2-SNAPSHOT.jar:7.1.0.Alpha2-SNAPSHOT]
	at org.jboss.as.controller.OperationContextImpl.doCompleteStep(OperationContextImpl.java:285) [jboss-as-controller-7.1.0.Alpha2-SNAPSHOT.jar:7.1.0.Alpha2-SNAPSHOT]
	at org.jboss.as.controller.OperationContextImpl.completeStep(OperationContextImpl.java:219) [jboss-as-controller-7.1.0.Alpha2-SNAPSHOT.jar:7.1.0.Alpha2-SNAPSHOT]
	at org.jboss.as.controller.CompositeOperationHandler.execute(CompositeOperationHandler.java:83) [jboss-as-controller-7.1.0.Alpha2-SNAPSHOT.jar:7.1.0.Alpha2-SNAPSHOT]
	at org.jboss.as.controller.OperationContextImpl.executeStep(OperationContextImpl.java:386) [jboss-as-controller-7.1.0.Alpha2-SNAPSHOT.jar:7.1.0.Alpha2-SNAPSHOT]
	at org.jboss.as.controller.OperationContextImpl.doCompleteStep(OperationContextImpl.java:285) [jboss-as-controller-7.1.0.Alpha2-SNAPSHOT.jar:7.1.0.Alpha2-SNAPSHOT]
	at org.jboss.as.controller.OperationContextImpl.completeStep(OperationContextImpl.java:219) [jboss-as-controller-7.1.0.Alpha2-SNAPSHOT.jar:7.1.0.Alpha2-SNAPSHOT]
	at org.jboss.as.controller.ModelControllerImpl$DefaultPrepareStepHandler.execute(ModelControllerImpl.java:371) [jboss-as-controller-7.1.0.Alpha2-SNAPSHOT.jar:7.1.0.Alpha2-SNAPSHOT]
	at org.jboss.as.controller.OperationContextImpl.executeStep(OperationContextImpl.java:386) [jboss-as-controller-7.1.0.Alpha2-SNAPSHOT.jar:7.1.0.Alpha2-SNAPSHOT]
	at org.jboss.as.controller.OperationContextImpl.doCompleteStep(OperationContextImpl.java:285) [jboss-as-controller-7.1.0.Alpha2-SNAPSHOT.jar:7.1.0.Alpha2-SNAPSHOT]
	at org.jboss.as.controller.OperationContextImpl.completeStep(OperationContextImpl.java:219) [jboss-as-controller-7.1.0.Alpha2-SNAPSHOT.jar:7.1.0.Alpha2-SNAPSHOT]
	at org.jboss.as.controller.ModelControllerImpl.execute(ModelControllerImpl.java:108) [jboss-as-controller-7.1.0.Alpha2-SNAPSHOT.jar:7.1.0.Alpha2-SNAPSHOT]
	at org.jboss.as.controller.remote.ModelControllerClientOperationHandler$ExecuteRequestHandler.doProcessRequest(ModelControllerClientOperationHandler.java:154) [jboss-as-controller-7.1.0.Alpha2-SNAPSHOT.jar:7.1.0.Alpha2-SNAPSHOT]
	at org.jboss.as.controller.remote.ModelControllerClientOperationHandler$ExecuteRequestHandler.access$100(ModelControllerClientOperationHandler.java:85) [jboss-as-controller-7.1.0.Alpha2-SNAPSHOT.jar:7.1.0.Alpha2-SNAPSHOT]
	at org.jboss.as.controller.remote.ModelControllerClientOperationHandler$ExecuteRequestHandler$1.call(ModelControllerClientOperationHandler.java:114) [jboss-as-controller-7.1.0.Alpha2-SNAPSHOT.jar:7.1.0.Alpha2-SNAPSHOT]
	at org.jboss.as.controller.remote.ModelControllerClientOperationHandler$ExecuteRequestHandler$1.call(ModelControllerClientOperationHandler.java:112) [jboss-as-controller-7.1.0.Alpha2-SNAPSHOT.jar:7.1.0.Alpha2-SNAPSHOT]
	at java.util.concurrent.FutureTask$Sync.innerRun(FutureTask.java:303) [:1.6.0_24]
	at java.util.concurrent.FutureTask.run(FutureTask.java:138) [:1.6.0_24]
	at java.util.concurrent.ThreadPoolExecutor$Worker.runTask(ThreadPoolExecutor.java:886) [:1.6.0_24]
	at java.util.concurrent.ThreadPoolExecutor$Worker.run(ThreadPoolExecutor.java:908) [:1.6.0_24]
	at java.lang.Thread.run(Thread.java:662) [:1.6.0_24]

08:38:28,008 ERROR [org.jboss.remoting.remote] (XNIO NIO Read 1) JBREM00200: Remote connection failed: java.io.IOException: Window open for non-existent channel
</system-out>
  </testcase>
</testsuite>