<?xml version="1.0" encoding="UTF-8" ?>
<testsuite errors="0" failures="0" hostname="mm18-3.mm.atl2.redhat.com" name="org.hibernate.test.annotations.ConfigurationTest" tests="7" time="10.047" timestamp="2010-11-16T00:20:07">
  <properties>
    <property name="file.encoding.pkg" value="sun.io"></property>
    <property name="dir.coberturainstrumented" value="tmp/cobertura/instrumented"></property>
    <property name="uuid" value="67423412-8c1d-4ad2-9dc9-c19abf54fa1d"></property>
    <property name="java.home" value="/qa/tools/opt/x86_64/jdk1.6.0_20/jre"></property>
    <property name="dballoc.db_type" value="clustered"></property>
    <property name="java.endorsed.dirs" value="/qa/tools/opt/x86_64/jdk1.6.0_20/jre/lib/endorsed"></property>
    <property name="env.MCAST_ADDR" value="227.43.88.228"></property>
    <property name="env.LOGNAME" value="hudson"></property>
    <property name="env.HUDSON_HOME" value="/home/hudson/hudson_workspace"></property>
    <property name="dir.findbugshome" value="lib/findbugs-1.3.9"></property>
    <property name="sun.os.patch.level" value="unknown"></property>
    <property name="java.vendor.url" value="http://java.sun.com/"></property>
    <property name="env.NODE_NAME" value="dsp-mm18-3-rhel5_x86_64"></property>
    <property name="env.G_BROKEN_FILENAMES" value="1"></property>
    <property name="java.version" value="1.6.0_20"></property>
    <property name="env.MAVEN_OPTS" value="-Xmx700m "></property>
    <property name="java.vendor.url.bug" value="http://java.sun.com/cgi-bin/bugreport.cgi"></property>
    <property name="env.SSH_CLIENT" value="10.16.88.204 34525 22"></property>
    <property name="env.JAVA_FOR_SLAVE" value="/qa/tools/opt/amd64/jdk1.6.0_20"></property>
    <property name="env.jdbc" value="jdbc3"></property>
    <property name="user.name" value="hudson"></property>
    <property name="env.LANG" value="en_US.UTF-8"></property>
    <property name="env.CVS_RSH" value="ssh"></property>
    <property name="sun.io.unicode.encoding" value="UnicodeLittle"></property>
    <property name="sun.jnu.encoding" value="UTF-8"></property>
    <property name="java.runtime.name" value="Java(TM) SE Runtime Environment"></property>
    <property name="eap.version" value="4.3.9"></property>
    <property name="env.SSH_CONNECTION" value="10.16.88.204 34525 10.16.88.228 22"></property>
    <property name="eap.package.file" value="/home/hudson/static_build_env/eap/jboss-eap-noauth-4.3.0.GA_CP09.CR2.zip"></property>
    <property name="dir.testsrc" value="src/test"></property>
    <property name="db.jdbc_class" value="oracle.jdbc.driver.OracleDriver"></property>
    <property name="java.specification.name" value="Java Platform API Specification"></property>
    <property name="user.timezone" value=""></property>
    <property name="env.LESSOPEN" value="|/usr/bin/lesspipe.sh %s"></property>
    <property name="path.separator" value=":"></property>
    <property name="file.encoding" value="UTF-8"></property>
    <property name="env.HOME" value="/home/hudson"></property>
    <property name="ant.file" value="/mnt/hudson_workspace/workspace/hibernate-eap43-annotations-qa-jvms-dballocator-TMP-oracle11gR2RAC/database/oracle11gR2RAC/eap_version/eap43/jdbc/jdbc3/jdk/java16_default/label/RHEL5_any/build.xml"></property>
    <property name="env.BUILD_TAG" value="hudson-database=oracle11gR2RAC,eap_version=eap43,jdbc=jdbc3,jdk=java16_default,label=RHEL5_any-1"></property>
    <property name="db.username" value="dballo01"></property>
    <property name="env.HOSTNAME" value="mm18-3"></property>
    <property name="dir.drivers" value="/qa/services/http/jdbc-drivers-products/EAP/4.3.9/oracle11gR2RAC/jdbc3"></property>
    <property name="java.io.tmpdir" value="/tmp"></property>
    <property name="user.language" value="en"></property>
    <property name="line.separator" value="
"></property>
    <property name="eap.lib" value="tmp/jboss-eap-4.3/jboss-as/server/default/lib"></property>
    <property name="env.ANT_OPTS" value="-Xmx700m "></property>
    <property name="dir.output" value="tmp/output"></property>
    <property name="env.eap_version" value="eap43"></property>
    <property name="env.HISTSIZE" value="1000"></property>
    <property name="jdbc.storage" value="/qa/services/http/jdbc-drivers-products/EAP"></property>
    <property name="env.JOB_NAME" value="hibernate-eap43-annotations-qa-jvms-dballocator-TMP-oracle11gR2RAC/database=oracle11gR2RAC,eap_version=eap43,jdbc=jdbc3,jdk=java16_default,label=RHEL5_any"></property>
    <property name="java.vm.info" value="mixed mode"></property>
    <property name="java.vm.specification.name" value="Java Virtual Machine Specification"></property>
    <property name="ant.file.null" value="/mnt/hudson_workspace/workspace/hibernate-eap43-annotations-qa-jvms-dballocator-TMP-oracle11gR2RAC/database/oracle11gR2RAC/eap_version/eap43/jdbc/jdbc3/jdk/java16_default/label/RHEL5_any/build.xml"></property>
    <property name="env.jdk" value="java16_default"></property>
    <property name="env.BUILD_URL" value="http://hudson.qa.jboss.com/hudson/job/hibernate-eap43-annotations-qa-jvms-dballocator-TMP-oracle11gR2RAC/./database=oracle11gR2RAC,eap_version=eap43,jdbc=jdbc3,jdk=java16_default,label=RHEL5_any/1/"></property>
    <property name="env.M2_HOME" value="/qa/tools/opt/maven-2.0.10"></property>
    <property name="db.name" value="qarac.jboss"></property>
    <property name="env.label" value="RHEL5_any"></property>
    <property name="svn.annotations.tests" value="http://anonsvn.jboss.org/repos/hibernate/annotations/tags/3_3_1_GA_CP04/src/test/"></property>
    <property name="java.awt.printerjob" value="sun.print.PSPrinterJob"></property>
    <property name="db.minpoolsize" value="10"></property>
    <property name="env.HUDSON_CONFIG_DIR" value="/home/hudson/config_repository"></property>
    <property name="ant.version" value="Apache Ant version 1.6.5 compiled on June 2 2005"></property>
    <property name="env.MAX_JAVA_MEM" value="-Xmx700m"></property>
    <property name="env.BUILD_NUMBER" value="1"></property>
    <property name="os.name" value="Linux"></property>
    <property name="java.specification.vendor" value="Sun Microsystems Inc."></property>
    <property name="java.vm.name" value="Java HotSpot(TM) 64-Bit Server VM"></property>
    <property name="env.SOURCE_REPO" value="/qa/tools/src"></property>
    <property name="env.JOB_URL" value="http://hudson.qa.jboss.com/hudson/job/hibernate-eap43-annotations-qa-jvms-dballocator-TMP-oracle11gR2RAC/./database=oracle11gR2RAC,eap_version=eap43,jdbc=jdbc3,jdk=java16_default,label=RHEL5_any/"></property>
    <property name="java.library.path" value="/qa/tools/opt/x86_64/jdk1.6.0_20/jre/lib/amd64/server:/qa/tools/opt/x86_64/jdk1.6.0_20/jre/lib/amd64:/qa/tools/opt/x86_64/jdk1.6.0_20/jre/../lib/amd64:/usr/java/packages/lib/amd64:/usr/lib64:/lib64:/lib:/usr/lib"></property>
    <property name="env.PATH" value="/qa/tools/opt/amd64/jdk1.6.0_20/bin:/qa/tools/opt/apache-ant-1.6.5/bin:/qa/tools/opt/maven-2.0.10/bin:/qa/tools/opt/amd64/jdk1.5.0_last/bin:/usr/xpg4/bin:/usr/kerberos/bin:/usr/xpg4/bin:/usr/local/bin:/bin:/usr/bin:/opt/maven/bin:/opt/subversion/bin:/opt/maven/bin:/opt/subversion/bin:/home/hudson/bin:/qa/tools/opt/x86_64/git-1.6.5/bin"></property>
    <property name="env.JAVA16" value="jdk1.6.0_20"></property>
    <property name="env.HUDSON_URL" value="http://hudson.qa.jboss.com/hudson/"></property>
    <property name="env.JAVA15" value="jdk1.5.0_last"></property>
    <property name="ant.java.version" value="1.5"></property>
    <property name="basedir" value="/mnt/hudson_workspace/workspace/hibernate-eap43-annotations-qa-jvms-dballocator-TMP-oracle11gR2RAC/database/oracle11gR2RAC/eap_version/eap43/jdbc/jdbc3/jdk/java16_default/label/RHEL5_any"></property>
    <property name="java.class.version" value="50.0"></property>
    <property name="env.SHLVL" value="2"></property>
    <property name="env.LD_LIBRARY_PATH" value="/qa/tools/opt/x86_64/jdk1.6.0_20/jre/lib/amd64/server:/qa/tools/opt/x86_64/jdk1.6.0_20/jre/lib/amd64:/qa/tools/opt/x86_64/jdk1.6.0_20/jre/../lib/amd64"></property>
    <property name="ant.home" value="/qa/tools/opt/apache-ant-1.6.5"></property>
    <property name="env.PSEP" value=":"></property>
    <property name="env.MCAST_PORT" value="45916"></property>
    <property name="dir.src" value="src/java"></property>
    <property name="net.sourceforge.cobertura.datafile" value="/mnt/hudson_workspace/workspace/hibernate-eap43-annotations-qa-jvms-dballocator-TMP-oracle11gR2RAC/database/oracle11gR2RAC/eap_version/eap43/jdbc/jdbc3/jdk/java16_default/label/RHEL5_any/tmp/cobertura/cobertura.ser"></property>
    <property name="dir.findbugs" value="tmp/findbugs"></property>
    <property name="db.primary_label" value="oracle11gR2RAC"></property>
    <property name="env.HUDSON_STATIC_ENV" value="/home/hudson/static_build_env"></property>
    <property name="sun.boot.library.path" value="/qa/tools/opt/x86_64/jdk1.6.0_20/jre/lib/amd64"></property>
    <property name="sun.management.compiler" value="HotSpot 64-Bit Server Compiler"></property>
    <property name="java.awt.graphicsenv" value="sun.awt.X11GraphicsEnvironment"></property>
    <property name="env.MYTESTIP_2" value="10.16.94.243"></property>
    <property name="env.MYTESTIP_1" value="10.16.94.242"></property>
    <property name="env.USER" value="hudson"></property>
    <property name="env.SEP" value="/"></property>
    <property name="java.vm.specification.version" value="1.0"></property>
    <property name="env.NLSPATH" value="/usr/dt/lib/nls/msg/%L/%N.cat"></property>
    <property name="sun.cpu.isalist" value=""></property>
    <property name="dir.config" value="dballocator/jdbc3"></property>
    <property name="java.ext.dirs" value="/qa/tools/opt/x86_64/jdk1.6.0_20/jre/lib/ext:/usr/java/packages/lib/ext"></property>
    <property name="os.version" value="2.6.18-164.2.1.el5"></property>
    <property name="database" value="oracle11gR2RAC"></property>
    <property name="user.home" value="/home/hudson"></property>
    <property name="java.vm.vendor" value="Sun Microsystems Inc."></property>
    <property name="env.NATIVE_TOOLS" value="/qa/tools/opt/amd64"></property>
    <property name="env.COMMON_TOOLS" value="/qa/tools/opt"></property>
    <property name="env.JAVA_HOME" value="/qa/tools/opt/amd64/jdk1.6.0_20"></property>
    <property name="env.INPUTRC" value="/etc/inputrc"></property>
    <property name="user.dir" value="/mnt/hudson_workspace/workspace/hibernate-eap43-annotations-qa-jvms-dballocator-TMP-oracle11gR2RAC/database/oracle11gR2RAC/eap_version/eap43/jdbc/jdbc3/jdk/java16_default/label/RHEL5_any"></property>
    <property name="env.XFILESEARCHPATH" value="/usr/dt/app-defaults/%L/Dt"></property>
    <property name="env.MAIL" value="/var/spool/mail/hudson"></property>
    <property name="env.PWD" value="/mnt/hudson_workspace/workspace/hibernate-eap43-annotations-qa-jvms-dballocator-TMP-oracle11gR2RAC/database/oracle11gR2RAC/eap_version/eap43/jdbc/jdbc3/jdk/java16_default/label/RHEL5_any"></property>
    <property name="sun.cpu.endian" value="little"></property>
    <property name="dir.resources" value="resources"></property>
    <property name="env.MYTESTIPS" value="10.16.94.242 10.16.94.243"></property>
    <property name="java.vm.version" value="16.3-b01"></property>
    <property name="java.class.path" value="/mnt/hudson_workspace/workspace/hibernate-eap43-annotations-qa-jvms-dballocator-TMP-oracle11gR2RAC/database/oracle11gR2RAC/eap_version/eap43/jdbc/jdbc3/jdk/java16_default/label/RHEL5_any/tmp/bin:/mnt/hudson_workspace/workspace/hibernate-eap43-annotations-qa-jvms-dballocator-TMP-oracle11gR2RAC/database/oracle11gR2RAC/eap_version/eap43/jdbc/jdbc3/jdk/java16_default/label/RHEL5_any/tmp/cobertura/instrumented/hibernate-annotations.jar:/mnt/hudson_workspace/workspace/hibernate-eap43-annotations-qa-jvms-dballocator-TMP-oracle11gR2RAC/database/oracle11gR2RAC/eap_version/eap43/jdbc/jdbc3/jdk/java16_default/label/RHEL5_any/lib/ant-junit.jar:/mnt/hudson_workspace/workspace/hibernate-eap43-annotations-qa-jvms-dballocator-TMP-oracle11gR2RAC/database/oracle11gR2RAC/eap_version/eap43/jdbc/jdbc3/jdk/java16_default/label/RHEL5_any/lib/cobertura.jar:/mnt/hudson_workspace/workspace/hibernate-eap43-annotations-qa-jvms-dballocator-TMP-oracle11gR2RAC/database/oracle11gR2RAC/eap_version/eap43/jdbc/jdbc3/jdk/java16_default/label/RHEL5_any/lib/junit.jar:/mnt/hudson_workspace/workspace/hibernate-eap43-annotations-qa-jvms-dballocator-TMP-oracle11gR2RAC/database/oracle11gR2RAC/eap_version/eap43/jdbc/jdbc3/jdk/java16_default/label/RHEL5_any/lib/lucene-core-2.0.0.jar:/qa/services/http/jdbc-drivers-products/EAP/4.3.9/oracle11gR2RAC/jdbc3/ojdbc5.jar:/mnt/hudson_workspace/workspace/hibernate-eap43-annotations-qa-jvms-dballocator-TMP-oracle11gR2RAC/database/oracle11gR2RAC/eap_version/eap43/jdbc/jdbc3/jdk/java16_default/label/RHEL5_any/tmp/jboss-eap-4.3/jboss-as/server/default/lib/activation.jar:/mnt/hudson_workspace/workspace/hibernate-eap43-annotations-qa-jvms-dballocator-TMP-oracle11gR2RAC/database/oracle11gR2RAC/eap_version/eap43/jdbc/jdbc3/jdk/java16_default/label/RHEL5_any/tmp/jboss-eap-4.3/jboss-as/server/default/lib/antlr.jar:/mnt/hudson_workspace/workspace/hibernate-eap43-annotations-qa-jvms-dballocator-TMP-oracle11gR2RAC/database/oracle11gR2RAC/eap_version/eap43/jdbc/jdbc3/jdk/java16_default/label/RHEL5_any/tmp/jboss-eap-4.3/jboss-as/server/default/lib/asm-attrs.jar:/mnt/hudson_workspace/workspace/hibernate-eap43-annotations-qa-jvms-dballocator-TMP-oracle11gR2RAC/database/oracle11gR2RAC/eap_version/eap43/jdbc/jdbc3/jdk/java16_default/label/RHEL5_any/tmp/jboss-eap-4.3/jboss-as/server/default/lib/asm.jar:/mnt/hudson_workspace/workspace/hibernate-eap43-annotations-qa-jvms-dballocator-TMP-oracle11gR2RAC/database/oracle11gR2RAC/eap_version/eap43/jdbc/jdbc3/jdk/java16_default/label/RHEL5_any/tmp/jboss-eap-4.3/jboss-as/server/default/lib/autonumber-plugin.jar:/mnt/hudson_workspace/workspace/hibernate-eap43-annotations-qa-jvms-dballocator-TMP-oracle11gR2RAC/database/oracle11gR2RAC/eap_version/eap43/jdbc/jdbc3/jdk/java16_default/label/RHEL5_any/tmp/jboss-eap-4.3/jboss-as/server/default/lib/bcel.jar:/mnt/hudson_workspace/workspace/hibernate-eap43-annotations-qa-jvms-dballocator-TMP-oracle11gR2RAC/database/oracle11gR2RAC/eap_version/eap43/jdbc/jdbc3/jdk/java16_default/label/RHEL5_any/tmp/jboss-eap-4.3/jboss-as/server/default/lib/bindingservice-plugin.jar:/mnt/hudson_workspace/workspace/hibernate-eap43-annotations-qa-jvms-dballocator-TMP-oracle11gR2RAC/database/oracle11gR2RAC/eap_version/eap43/jdbc/jdbc3/jdk/java16_default/label/RHEL5_any/tmp/jboss-eap-4.3/jboss-as/server/default/lib/bsf.jar:/mnt/hudson_workspace/workspace/hibernate-eap43-annotations-qa-jvms-dballocator-TMP-oracle11gR2RAC/database/oracle11gR2RAC/eap_version/eap43/jdbc/jdbc3/jdk/java16_default/label/RHEL5_any/tmp/jboss-eap-4.3/jboss-as/server/default/lib/bsh-deployer.jar:/mnt/hudson_workspace/workspace/hibernate-eap43-annotations-qa-jvms-dballocator-TMP-oracle11gR2RAC/database/oracle11gR2RAC/eap_version/eap43/jdbc/jdbc3/jdk/java16_default/label/RHEL5_any/tmp/jboss-eap-4.3/jboss-as/server/default/lib/bsh.jar:/mnt/hudson_workspace/workspace/hibernate-eap43-annotations-qa-jvms-dballocator-TMP-oracle11gR2RAC/database/oracle11gR2RAC/eap_version/eap43/jdbc/jdbc3/jdk/java16_default/label/RHEL5_any/tmp/jboss-eap-4.3/jboss-as/server/default/lib/cglib.jar:/mnt/hudson_workspace/workspace/hibernate-eap43-annotations-qa-jvms-dballocator-TMP-oracle11gR2RAC/database/oracle11gR2RAC/eap_version/eap43/jdbc/jdbc3/jdk/java16_default/label/RHEL5_any/tmp/jboss-eap-4.3/jboss-as/server/default/lib/commons-codec.jar:/mnt/hudson_workspace/workspace/hibernate-eap43-annotations-qa-jvms-dballocator-TMP-oracle11gR2RAC/database/oracle11gR2RAC/eap_version/eap43/jdbc/jdbc3/jdk/java16_default/label/RHEL5_any/tmp/jboss-eap-4.3/jboss-as/server/default/lib/commons-collections.jar:/mnt/hudson_workspace/workspace/hibernate-eap43-annotations-qa-jvms-dballocator-TMP-oracle11gR2RAC/database/oracle11gR2RAC/eap_version/eap43/jdbc/jdbc3/jdk/java16_default/label/RHEL5_any/tmp/jboss-eap-4.3/jboss-as/server/default/lib/commons-httpclient.jar:/mnt/hudson_workspace/workspace/hibernate-eap43-annotations-qa-jvms-dballocator-TMP-oracle11gR2RAC/database/oracle11gR2RAC/eap_version/eap43/jdbc/jdbc3/jdk/java16_default/label/RHEL5_any/tmp/jboss-eap-4.3/jboss-as/server/default/lib/commons-logging.jar:/mnt/hudson_workspace/workspace/hibernate-eap43-annotations-qa-jvms-dballocator-TMP-oracle11gR2RAC/database/oracle11gR2RAC/eap_version/eap43/jdbc/jdbc3/jdk/java16_default/label/RHEL5_any/tmp/jboss-eap-4.3/jboss-as/server/default/lib/dom4j.jar:/mnt/hudson_workspace/workspace/hibernate-eap43-annotations-qa-jvms-dballocator-TMP-oracle11gR2RAC/database/oracle11gR2RAC/eap_version/eap43/jdbc/jdbc3/jdk/java16_default/label/RHEL5_any/tmp/jboss-eap-4.3/jboss-as/server/default/lib/ejb3-persistence.jar:/mnt/hudson_workspace/workspace/hibernate-eap43-annotations-qa-jvms-dballocator-TMP-oracle11gR2RAC/database/oracle11gR2RAC/eap_version/eap43/jdbc/jdbc3/jdk/java16_default/label/RHEL5_any/tmp/jboss-eap-4.3/jboss-as/server/default/lib/el-api.jar:/mnt/hudson_workspace/workspace/hibernate-eap43-annotations-qa-jvms-dballocator-TMP-oracle11gR2RAC/database/oracle11gR2RAC/eap_version/eap43/jdbc/jdbc3/jdk/java16_default/label/RHEL5_any/tmp/jboss-eap-4.3/jboss-as/server/default/lib/hibernate-annotations.jar:/mnt/hudson_workspace/workspace/hibernate-eap43-annotations-qa-jvms-dballocator-TMP-oracle11gR2RAC/database/oracle11gR2RAC/eap_version/eap43/jdbc/jdbc3/jdk/java16_default/label/RHEL5_any/tmp/jboss-eap-4.3/jboss-as/server/default/lib/hibernate-commons-annotations.jar:/mnt/hudson_workspace/workspace/hibernate-eap43-annotations-qa-jvms-dballocator-TMP-oracle11gR2RAC/database/oracle11gR2RAC/eap_version/eap43/jdbc/jdbc3/jdk/java16_default/label/RHEL5_any/tmp/jboss-eap-4.3/jboss-as/server/default/lib/hibernate-entitymanager.jar:/mnt/hudson_workspace/workspace/hibernate-eap43-annotations-qa-jvms-dballocator-TMP-oracle11gR2RAC/database/oracle11gR2RAC/eap_version/eap43/jdbc/jdbc3/jdk/java16_default/label/RHEL5_any/tmp/jboss-eap-4.3/jboss-as/server/default/lib/hibernate-validator.jar:/mnt/hudson_workspace/workspace/hibernate-eap43-annotations-qa-jvms-dballocator-TMP-oracle11gR2RAC/database/oracle11gR2RAC/eap_version/eap43/jdbc/jdbc3/jdk/java16_default/label/RHEL5_any/tmp/jboss-eap-4.3/jboss-as/server/default/lib/hibernate3.jar:/mnt/hudson_workspace/workspace/hibernate-eap43-annotations-qa-jvms-dballocator-TMP-oracle11gR2RAC/database/oracle11gR2RAC/eap_version/eap43/jdbc/jdbc3/jdk/java16_default/label/RHEL5_any/tmp/jboss-eap-4.3/jboss-as/server/default/lib/hsqldb-plugin.jar:/mnt/hudson_workspace/workspace/hibernate-eap43-annotations-qa-jvms-dballocator-TMP-oracle11gR2RAC/database/oracle11gR2RAC/eap_version/eap43/jdbc/jdbc3/jdk/java16_default/label/RHEL5_any/tmp/jboss-eap-4.3/jboss-as/server/default/lib/hsqldb.jar:/mnt/hudson_workspace/workspace/hibernate-eap43-annotations-qa-jvms-dballocator-TMP-oracle11gR2RAC/database/oracle11gR2RAC/eap_version/eap43/jdbc/jdbc3/jdk/java16_default/label/RHEL5_any/tmp/jboss-eap-4.3/jboss-as/server/default/lib/javassist.jar:/mnt/hudson_workspace/workspace/hibernate-eap43-annotations-qa-jvms-dballocator-TMP-oracle11gR2RAC/database/oracle11gR2RAC/eap_version/eap43/jdbc/jdbc3/jdk/java16_default/label/RHEL5_any/tmp/jboss-eap-4.3/jboss-as/server/default/lib/jaxen.jar:/mnt/hudson_workspace/workspace/hibernate-eap43-annotations-qa-jvms-dballocator-TMP-oracle11gR2RAC/database/oracle11gR2RAC/eap_version/eap43/jdbc/jdbc3/jdk/java16_default/label/RHEL5_any/tmp/jboss-eap-4.3/jboss-as/server/default/lib/jboss-cache-jdk50.jar:/mnt/hudson_workspace/workspace/hibernate-eap43-annotations-qa-jvms-dballocator-TMP-oracle11gR2RAC/database/oracle11gR2RAC/eap_version/eap43/jdbc/jdbc3/jdk/java16_default/label/RHEL5_any/tmp/jboss-eap-4.3/jboss-as/server/default/lib/jboss-common-jdbc-wrapper.jar:/mnt/hudson_workspace/workspace/hibernate-eap43-annotations-qa-jvms-dballocator-TMP-oracle11gR2RAC/database/oracle11gR2RAC/eap_version/eap43/jdbc/jdbc3/jdk/java16_default/label/RHEL5_any/tmp/jboss-eap-4.3/jboss-as/server/default/lib/jboss-ejb3x.jar:/mnt/hudson_workspace/workspace/hibernate-eap43-annotations-qa-jvms-dballocator-TMP-oracle11gR2RAC/database/oracle11gR2RAC/eap_version/eap43/jdbc/jdbc3/jdk/java16_default/label/RHEL5_any/tmp/jboss-eap-4.3/jboss-as/server/default/lib/jboss-hibernate.jar:/mnt/hudson_workspace/workspace/hibernate-eap43-annotations-qa-jvms-dballocator-TMP-oracle11gR2RAC/database/oracle11gR2RAC/eap_version/eap43/jdbc/jdbc3/jdk/java16_default/label/RHEL5_any/tmp/jboss-eap-4.3/jboss-as/server/default/lib/jboss-j2ee.jar:/mnt/hudson_workspace/workspace/hibernate-eap43-annotations-qa-jvms-dballocator-TMP-oracle11gR2RAC/database/oracle11gR2RAC/eap_version/eap43/jdbc/jdbc3/jdk/java16_default/label/RHEL5_any/tmp/jboss-eap-4.3/jboss-as/server/default/lib/jboss-jaxrpc.jar:/mnt/hudson_workspace/workspace/hibernate-eap43-annotations-qa-jvms-dballocator-TMP-oracle11gR2RAC/database/oracle11gR2RAC/eap_version/eap43/jdbc/jdbc3/jdk/java16_default/label/RHEL5_any/tmp/jboss-eap-4.3/jboss-as/server/default/lib/jboss-jaxws.jar:/mnt/hudson_workspace/workspace/hibernate-eap43-annotations-qa-jvms-dballocator-TMP-oracle11gR2RAC/database/oracle11gR2RAC/eap_version/eap43/jdbc/jdbc3/jdk/java16_default/label/RHEL5_any/tmp/jboss-eap-4.3/jboss-as/server/default/lib/jboss-jca.jar:/mnt/hudson_workspace/workspace/hibernate-eap43-annotations-qa-jvms-dballocator-TMP-oracle11gR2RAC/database/oracle11gR2RAC/eap_version/eap43/jdbc/jdbc3/jdk/java16_default/label/RHEL5_any/tmp/jboss-eap-4.3/jboss-as/server/default/lib/jboss-jsr77.jar:/mnt/hudson_workspace/workspace/hibernate-eap43-annotations-qa-jvms-dballocator-TMP-oracle11gR2RAC/database/oracle11gR2RAC/eap_version/eap43/jdbc/jdbc3/jdk/java16_default/label/RHEL5_any/tmp/jboss-eap-4.3/jboss-as/server/default/lib/jboss-jsr88.jar:/mnt/hudson_workspace/workspace/hibernate-eap43-annotations-qa-jvms-dballocator-TMP-oracle11gR2RAC/database/oracle11gR2RAC/eap_version/eap43/jdbc/jdbc3/jdk/java16_default/label/RHEL5_any/tmp/jboss-eap-4.3/jboss-as/server/default/lib/jboss-management.jar:/mnt/hudson_workspace/workspace/hibernate-eap43-annotations-qa-jvms-dballocator-TMP-oracle11gR2RAC/database/oracle11gR2RAC/eap_version/eap43/jdbc/jdbc3/jdk/java16_default/label/RHEL5_any/tmp/jboss-eap-4.3/jboss-as/server/default/lib/jboss-messaging-client.jar:/mnt/hudson_workspace/workspace/hibernate-eap43-annotations-qa-jvms-dballocator-TMP-oracle11gR2RAC/database/oracle11gR2RAC/eap_version/eap43/jdbc/jdbc3/jdk/java16_default/label/RHEL5_any/tmp/jboss-eap-4.3/jboss-as/server/default/lib/jboss-messaging.jar:/mnt/hudson_workspace/workspace/hibernate-eap43-annotations-qa-jvms-dballocator-TMP-oracle11gR2RAC/database/oracle11gR2RAC/eap_version/eap43/jdbc/jdbc3/jdk/java16_default/label/RHEL5_any/tmp/jboss-eap-4.3/jboss-as/server/default/lib/jboss-monitoring.jar:/mnt/hudson_workspace/workspace/hibernate-eap43-annotations-qa-jvms-dballocator-TMP-oracle11gR2RAC/database/oracle11gR2RAC/eap_version/eap43/jdbc/jdbc3/jdk/java16_default/label/RHEL5_any/tmp/jboss-eap-4.3/jboss-as/server/default/lib/jboss-remoting-int.jar:/mnt/hudson_workspace/workspace/hibernate-eap43-annotations-qa-jvms-dballocator-TMP-oracle11gR2RAC/database/oracle11gR2RAC/eap_version/eap43/jdbc/jdbc3/jdk/java16_default/label/RHEL5_any/tmp/jboss-eap-4.3/jboss-as/server/default/lib/jboss-remoting.jar:/mnt/hudson_workspace/workspace/hibernate-eap43-annotations-qa-jvms-dballocator-TMP-oracle11gR2RAC/database/oracle11gR2RAC/eap_version/eap43/jdbc/jdbc3/jdk/java16_default/label/RHEL5_any/tmp/jboss-eap-4.3/jboss-as/server/default/lib/jboss-saaj.jar:/mnt/hudson_workspace/workspace/hibernate-eap43-annotations-qa-jvms-dballocator-TMP-oracle11gR2RAC/database/oracle11gR2RAC/eap_version/eap43/jdbc/jdbc3/jdk/java16_default/label/RHEL5_any/tmp/jboss-eap-4.3/jboss-as/server/default/lib/jboss-serialization.jar:/mnt/hudson_workspace/workspace/hibernate-eap43-annotations-qa-jvms-dballocator-TMP-oracle11gR2RAC/database/oracle11gR2RAC/eap_version/eap43/jdbc/jdbc3/jdk/java16_default/label/RHEL5_any/tmp/jboss-eap-4.3/jboss-as/server/default/lib/jboss-srp.jar:/mnt/hudson_workspace/workspace/hibernate-eap43-annotations-qa-jvms-dballocator-TMP-oracle11gR2RAC/database/oracle11gR2RAC/eap_version/eap43/jdbc/jdbc3/jdk/java16_default/label/RHEL5_any/tmp/jboss-eap-4.3/jboss-as/server/default/lib/jboss-transaction.jar:/mnt/hudson_workspace/workspace/hibernate-eap43-annotations-qa-jvms-dballocator-TMP-oracle11gR2RAC/database/oracle11gR2RAC/eap_version/eap43/jdbc/jdbc3/jdk/java16_default/label/RHEL5_any/tmp/jboss-eap-4.3/jboss-as/server/default/lib/jboss-vfs.jar:/mnt/hudson_workspace/workspace/hibernate-eap43-annotations-qa-jvms-dballocator-TMP-oracle11gR2RAC/database/oracle11gR2RAC/eap_version/eap43/jdbc/jdbc3/jdk/java16_default/label/RHEL5_any/tmp/jboss-eap-4.3/jboss-as/server/default/lib/jboss.jar:/mnt/hudson_workspace/workspace/hibernate-eap43-annotations-qa-jvms-dballocator-TMP-oracle11gR2RAC/database/oracle11gR2RAC/eap_version/eap43/jdbc/jdbc3/jdk/java16_default/label/RHEL5_any/tmp/jboss-eap-4.3/jboss-as/server/default/lib/jbossjta-integration.jar:/mnt/hudson_workspace/workspace/hibernate-eap43-annotations-qa-jvms-dballocator-TMP-oracle11gR2RAC/database/oracle11gR2RAC/eap_version/eap43/jdbc/jdbc3/jdk/java16_default/label/RHEL5_any/tmp/jboss-eap-4.3/jboss-as/server/default/lib/jbossjta.jar:/mnt/hudson_workspace/workspace/hibernate-eap43-annotations-qa-jvms-dballocator-TMP-oracle11gR2RAC/database/oracle11gR2RAC/eap_version/eap43/jdbc/jdbc3/jdk/java16_default/label/RHEL5_any/tmp/jboss-eap-4.3/jboss-as/server/default/lib/jbosssx.jar:/mnt/hudson_workspace/workspace/hibernate-eap43-annotations-qa-jvms-dballocator-TMP-oracle11gR2RAC/database/oracle11gR2RAC/eap_version/eap43/jdbc/jdbc3/jdk/java16_default/label/RHEL5_any/tmp/jboss-eap-4.3/jboss-as/server/default/lib/jbossts-common.jar:/mnt/hudson_workspace/workspace/hibernate-eap43-annotations-qa-jvms-dballocator-TMP-oracle11gR2RAC/database/oracle11gR2RAC/eap_version/eap43/jdbc/jdbc3/jdk/java16_default/label/RHEL5_any/tmp/jboss-eap-4.3/jboss-as/server/default/lib/jbossws-common.jar:/mnt/hudson_workspace/workspace/hibernate-eap43-annotations-qa-jvms-dballocator-TMP-oracle11gR2RAC/database/oracle11gR2RAC/eap_version/eap43/jdbc/jdbc3/jdk/java16_default/label/RHEL5_any/tmp/jboss-eap-4.3/jboss-as/server/default/lib/jbossws-framework.jar:/mnt/hudson_workspace/workspace/hibernate-eap43-annotations-qa-jvms-dballocator-TMP-oracle11gR2RAC/database/oracle11gR2RAC/eap_version/eap43/jdbc/jdbc3/jdk/java16_default/label/RHEL5_any/tmp/jboss-eap-4.3/jboss-as/server/default/lib/jbossws-jboss42.jar:/mnt/hudson_workspace/workspace/hibernate-eap43-annotations-qa-jvms-dballocator-TMP-oracle11gR2RAC/database/oracle11gR2RAC/eap_version/eap43/jdbc/jdbc3/jdk/java16_default/label/RHEL5_any/tmp/jboss-eap-4.3/jboss-as/server/default/lib/jbossws-spi.jar:/mnt/hudson_workspace/workspace/hibernate-eap43-annotations-qa-jvms-dballocator-TMP-oracle11gR2RAC/database/oracle11gR2RAC/eap_version/eap43/jdbc/jdbc3/jdk/java16_default/label/RHEL5_any/tmp/jboss-eap-4.3/jboss-as/server/default/lib/jmx-adaptor-plugin.jar:/mnt/hudson_workspace/workspace/hibernate-eap43-annotations-qa-jvms-dballocator-TMP-oracle11gR2RAC/database/oracle11gR2RAC/eap_version/eap43/jdbc/jdbc3/jdk/java16_default/label/RHEL5_any/tmp/jboss-eap-4.3/jboss-as/server/default/lib/jnpserver.jar:/mnt/hudson_workspace/workspace/hibernate-eap43-annotations-qa-jvms-dballocator-TMP-oracle11gR2RAC/database/oracle11gR2RAC/eap_version/eap43/jdbc/jdbc3/jdk/java16_default/label/RHEL5_any/tmp/jboss-eap-4.3/jboss-as/server/default/lib/joesnmp.jar:/mnt/hudson_workspace/workspace/hibernate-eap43-annotations-qa-jvms-dballocator-TMP-oracle11gR2RAC/database/oracle11gR2RAC/eap_version/eap43/jdbc/jdbc3/jdk/java16_default/label/RHEL5_any/tmp/jboss-eap-4.3/jboss-as/server/default/lib/jsp-api.jar:/mnt/hudson_workspace/workspace/hibernate-eap43-annotations-qa-jvms-dballocator-TMP-oracle11gR2RAC/database/oracle11gR2RAC/eap_version/eap43/jdbc/jdbc3/jdk/java16_default/label/RHEL5_any/tmp/jboss-eap-4.3/jboss-as/server/default/lib/log4j-snmp-appender.jar:/mnt/hudson_workspace/workspace/hibernate-eap43-annotations-qa-jvms-dballocator-TMP-oracle11gR2RAC/database/oracle11gR2RAC/eap_version/eap43/jdbc/jdbc3/jdk/java16_default/label/RHEL5_any/tmp/jboss-eap-4.3/jboss-as/server/default/lib/log4j.jar:/mnt/hudson_workspace/workspace/hibernate-eap43-annotations-qa-jvms-dballocator-TMP-oracle11gR2RAC/database/oracle11gR2RAC/eap_version/eap43/jdbc/jdbc3/jdk/java16_default/label/RHEL5_any/tmp/jboss-eap-4.3/jboss-as/server/default/lib/mail-plugin.jar:/mnt/hudson_workspace/workspace/hibernate-eap43-annotations-qa-jvms-dballocator-TMP-oracle11gR2RAC/database/oracle11gR2RAC/eap_version/eap43/jdbc/jdbc3/jdk/java16_default/label/RHEL5_any/tmp/jboss-eap-4.3/jboss-as/server/default/lib/mail.jar:/mnt/hudson_workspace/workspace/hibernate-eap43-annotations-qa-jvms-dballocator-TMP-oracle11gR2RAC/database/oracle11gR2RAC/eap_version/eap43/jdbc/jdbc3/jdk/java16_default/label/RHEL5_any/tmp/jboss-eap-4.3/jboss-as/server/default/lib/properties-plugin.jar:/mnt/hudson_workspace/workspace/hibernate-eap43-annotations-qa-jvms-dballocator-TMP-oracle11gR2RAC/database/oracle11gR2RAC/eap_version/eap43/jdbc/jdbc3/jdk/java16_default/label/RHEL5_any/tmp/jboss-eap-4.3/jboss-as/server/default/lib/quartz-all.jar:/mnt/hudson_workspace/workspace/hibernate-eap43-annotations-qa-jvms-dballocator-TMP-oracle11gR2RAC/database/oracle11gR2RAC/eap_version/eap43/jdbc/jdbc3/jdk/java16_default/label/RHEL5_any/tmp/jboss-eap-4.3/jboss-as/server/default/lib/scheduler-plugin-example.jar:/mnt/hudson_workspace/workspace/hibernate-eap43-annotations-qa-jvms-dballocator-TMP-oracle11gR2RAC/database/oracle11gR2RAC/eap_version/eap43/jdbc/jdbc3/jdk/java16_default/label/RHEL5_any/tmp/jboss-eap-4.3/jboss-as/server/default/lib/scheduler-plugin.jar:/mnt/hudson_workspace/workspace/hibernate-eap43-annotations-qa-jvms-dballocator-TMP-oracle11gR2RAC/database/oracle11gR2RAC/eap_version/eap43/jdbc/jdbc3/jdk/java16_default/label/RHEL5_any/tmp/jboss-eap-4.3/jboss-as/server/default/lib/servlet-api.jar:/mnt/hudson_workspace/workspace/hibernate-eap43-annotations-qa-jvms-dballocator-TMP-oracle11gR2RAC/database/oracle11gR2RAC/eap_version/eap43/jdbc/jdbc3/jdk/java16_default/label/RHEL5_any/tmp/jboss-eap-4.3/jboss-as/server/default/lib/xmlentitymgr.jar:/qa/tools/opt/apache-ant-1.6.5/lib/junit.jar:/qa/tools/opt/apache-ant-1.6.5/lib/ant-launcher.jar:/qa/tools/opt/apache-ant-1.6.5/lib/ant.jar:/qa/tools/opt/apache-ant-1.6.5/lib/ant-junit.jar"></property>
    <property name="ant.library.dir" value="/qa/tools/opt/apache-ant-1.6.5/lib"></property>
    <property name="os.arch" value="amd64"></property>
    <property name="dir.work" value="tmp"></property>
    <property name="db.maxpoolsize" value="50"></property>
    <property name="jdbc" value="jdbc3"></property>
    <property name="sun.java.launcher" value="SUN_STANDARD"></property>
    <property name="env.BUILD_ID" value="2010-11-15_19-17-10"></property>
    <property name="java.vm.specification.vendor" value="Sun Microsystems Inc."></property>
    <property name="file.separator" value="/"></property>
    <property name="dir.cobertura" value="tmp/cobertura"></property>
    <property name="java.runtime.version" value="1.6.0_20-b02"></property>
    <property name="sun.boot.class.path" value="/qa/tools/opt/x86_64/jdk1.6.0_20/jre/lib/resources.jar:/qa/tools/opt/x86_64/jdk1.6.0_20/jre/lib/rt.jar:/qa/tools/opt/x86_64/jdk1.6.0_20/jre/lib/sunrsasign.jar:/qa/tools/opt/x86_64/jdk1.6.0_20/jre/lib/jsse.jar:/qa/tools/opt/x86_64/jdk1.6.0_20/jre/lib/jce.jar:/qa/tools/opt/x86_64/jdk1.6.0_20/jre/lib/charsets.jar:/qa/tools/opt/x86_64/jdk1.6.0_20/jre/classes"></property>
    <property name="dir.lib" value="lib"></property>
    <property name="db.jdbc_url" value="jdbc:oracle:thin:@(DESCRIPTION=(LOAD_BALANCE=on)(ADDRESS=(PROTOCOL=TCP)(HOST=vmg27-vip.mw.lab.eng.bos.redhat.com)(PORT=1521))(ADDRESS=(PROTOCOL=TCP)(HOST=vmg28-vip.mw.lab.eng.bos.redhat.com)(PORT=1521))(CONNECT_DATA=(SERVICE_NAME=qarac.jboss)))"></property>
    <property name="db.password" value="dballo01"></property>
    <property name="env.WORKSPACE" value="/mnt/hudson_workspace/workspace/hibernate-eap43-annotations-qa-jvms-dballocator-TMP-oracle11gR2RAC/database/oracle11gR2RAC/eap_version/eap43/jdbc/jdbc3/jdk/java16_default/label/RHEL5_any"></property>
    <property name="eap_version" value="eap43"></property>
    <property name="env.ANT_HOME" value="/qa/tools/opt/apache-ant-1.6.5"></property>
    <property name="user.country" value="US"></property>
    <property name="env.EXECUTOR_NUMBER" value="0"></property>
    <property name="env.SHELL" value="/bin/bash"></property>
    <property name="dir.bin" value="tmp/bin"></property>
    <property name="java.vendor" value="Sun Microsystems Inc."></property>
    <property name="env.HUDSON_COOKIE" value="39d7712a-4e19-4bd2-8ac2-a24579bdf88d"></property>
    <property name="env.database" value="oracle11gR2RAC"></property>
    <property name="java.specification.version" value="1.6"></property>
    <property name="sun.arch.data.model" value="64"></property>
  </properties>
  <testcase classname="org.hibernate.test.annotations.ConfigurationTest" name="testDeclarativeMix" time="3.585"></testcase>
  <testcase classname="org.hibernate.test.annotations.ConfigurationTest" name="testIgnoringHbm" time="0.857"></testcase>
  <testcase classname="org.hibernate.test.annotations.ConfigurationTest" name="testPrecedenceHbm" time="1.12"></testcase>
  <testcase classname="org.hibernate.test.annotations.ConfigurationTest" name="testPrecedenceAnnotation" time="1.201"></testcase>
  <testcase classname="org.hibernate.test.annotations.ConfigurationTest" name="testDeclarativeAnnWoAnnConfig" time="0.027"></testcase>
  <testcase classname="org.hibernate.test.annotations.ConfigurationTest" name="testHbmWithSubclassExtends" time="1.399"></testcase>
  <testcase classname="org.hibernate.test.annotations.ConfigurationTest" name="testAnnReferencesHbm" time="1.785"></testcase>
  <system-out><![CDATA[19:20:07,501  INFO Version:15 - Hibernate Annotations 3.3.1.GA.CP04
19:20:07,521  INFO Environment:514 - Hibernate 3.2.4.sp1.cp11
19:20:07,526  INFO Environment:532 - loaded properties from resource hibernate.properties: {hibernate.connection.driver_class=oracle.jdbc.driver.OracleDriver, hibernate.cache.provider_class=org.hibernate.cache.HashtableCacheProvider, hibernate.dialect=org.hibernate.dialect.Oracle10gDialect, hibernate.max_fetch_depth=1, hibernate.jdbc.use_streams_for_binary=true , hibernate.format_sql=true, hibernate.query.substitutions=true 1, false 0, yes 'Y', no 'N', hibernate.connection.username=dballo01, hibernate.proxool.pool_alias=pool1, hibernate.cache.region_prefix=hibernate.test, hibernate.connection.url=jdbc:oracle:thin:@(DESCRIPTION=(LOAD_BALANCE=on)(ADDRESS=(PROTOCOL=TCP)(HOST=vmg27-vip.mw.lab.eng.bos.redhat.com)(PORT=1521))(ADDRESS=(PROTOCOL=TCP)(HOST=vmg28-vip.mw.lab.eng.bos.redhat.com)(PORT=1521))(CONNECT_DATA=(SERVICE_NAME=qarac.jboss))), hibernate.connection.password=****, hibernate.bytecode.use_reflection_optimizer=false, hibernate.jdbc.batch_versioned_data=false }
19:20:07,528  INFO Environment:563 - using java.io streams to persist binary types
19:20:07,529  INFO Environment:681 - Bytecode provider name : cglib
19:20:07,537  INFO Environment:598 - using JDK 1.4 java.sql.Timestamp handling
19:20:07,617  INFO Configuration:1432 - configuring from resource: org/hibernate/test/annotations/hibernate.cfg.xml
19:20:07,618  INFO Configuration:1409 - Configuration resource: org/hibernate/test/annotations/hibernate.cfg.xml
19:20:07,697  INFO Configuration:559 - Reading mappings from resource : org/hibernate/test/annotations/Boat.hbm.xml
19:20:07,799  INFO AnnotationConfiguration:169 - Mapping package org.hibernate.test.annotations
19:20:07,851  WARN AnnotationBinder:222 - Package not found or wo package-info.java: org.hibernate.test.annotations
19:20:07,865  INFO Configuration:1547 - Configured SessionFactory: null
19:20:07,969  INFO HbmBinder:300 - Mapping class: org.hibernate.test.annotations.Boat -> BoatInXml
19:20:07,995  INFO AnnotationBinder:418 - Binding entity from annotated class: org.hibernate.test.annotations.Plane
19:20:08,014  INFO QueryBinder:64 - Binding Named query: plane.byId => from Plane where id = :id
19:20:08,049  INFO EntityBinder:424 - Bind entity org.hibernate.test.annotations.Plane on table Plane
19:20:08,130  INFO Version:17 - Hibernate Validator 3.0.0.GA
19:20:08,204  INFO DriverManagerConnectionProvider:41 - Using Hibernate built-in connection pool (not for production use!)
19:20:08,205  INFO DriverManagerConnectionProvider:42 - Hibernate connection pool size: 20
19:20:08,206  INFO DriverManagerConnectionProvider:45 - autocommit mode: false
19:20:08,319  INFO DriverManagerConnectionProvider:80 - using driver: oracle.jdbc.driver.OracleDriver at URL: jdbc:oracle:thin:@(DESCRIPTION=(LOAD_BALANCE=on)(ADDRESS=(PROTOCOL=TCP)(HOST=vmg27-vip.mw.lab.eng.bos.redhat.com)(PORT=1521))(ADDRESS=(PROTOCOL=TCP)(HOST=vmg28-vip.mw.lab.eng.bos.redhat.com)(PORT=1521))(CONNECT_DATA=(SERVICE_NAME=qarac.jboss)))
19:20:08,319  INFO DriverManagerConnectionProvider:86 - connection properties: {user=dballo01, password=****}
19:20:09,283  INFO SettingsFactory:89 - RDBMS: Oracle, version: Oracle Database 11g Enterprise Edition Release 11.2.0.1.0 - 64bit Production
With the Partitioning, Real Application Clusters, Automatic Storage Management, OLAP,
Data Mining and Real Application Testing options
19:20:09,283  INFO SettingsFactory:90 - JDBC driver: Oracle JDBC driver, version: 11.2.0.2.0
19:20:09,302  INFO Dialect:152 - Using dialect: org.hibernate.dialect.Oracle10gDialect
19:20:09,308  INFO TransactionFactoryFactory:31 - Using default transaction strategy (direct JDBC transactions)
19:20:09,310  INFO TransactionManagerLookupFactory:33 - No TransactionManagerLookup configured (in JTA environment, use of read-write or transactional second-level cache is not recommended)
19:20:09,311  INFO SettingsFactory:143 - Automatic flush during beforeCompletion(): disabled
19:20:09,311  INFO SettingsFactory:147 - Automatic session close at end of transaction: disabled
19:20:09,311  INFO SettingsFactory:154 - JDBC batch size: 15
19:20:09,312  INFO SettingsFactory:157 - JDBC batch updates for versioned data: disabled
19:20:09,313  INFO SettingsFactory:162 - Scrollable result sets: enabled
19:20:09,313  INFO SettingsFactory:170 - JDBC3 getGeneratedKeys(): disabled
19:20:09,314  INFO SettingsFactory:178 - Connection release mode: auto
19:20:09,315  INFO SettingsFactory:202 - Maximum outer join fetch depth: 1
19:20:09,315  INFO SettingsFactory:205 - Default batch fetch size: 1
19:20:09,316  INFO SettingsFactory:209 - Generate SQL with comments: disabled
19:20:09,316  INFO SettingsFactory:213 - Order SQL updates by primary key: disabled
19:20:09,316  INFO SettingsFactory:217 - Order SQL inserts for batching: disabled
19:20:09,317  INFO SettingsFactory:391 - Query translator: org.hibernate.hql.ast.ASTQueryTranslatorFactory
19:20:09,319  INFO ASTQueryTranslatorFactory:24 - Using ASTQueryTranslatorFactory
19:20:09,320  INFO SettingsFactory:225 - Query language substitutions: {yes='Y', no='N', false=0, true=1}
19:20:09,320  INFO SettingsFactory:230 - JPA-QL strict compliance: disabled
19:20:09,321  INFO SettingsFactory:235 - Second-level cache: enabled
19:20:09,321  INFO SettingsFactory:239 - Query cache: disabled
19:20:09,322  INFO SettingsFactory:373 - Cache provider: org.hibernate.cache.HashtableCacheProvider
19:20:09,323  INFO SettingsFactory:254 - Optimize cache for minimal puts: disabled
19:20:09,323  INFO SettingsFactory:259 - Cache region prefix: hibernate.test
19:20:09,324  INFO SettingsFactory:263 - Structured second-level cache entries: disabled
19:20:09,328  INFO SettingsFactory:290 - Statistics: disabled
19:20:09,329  INFO SettingsFactory:294 - Deleted entity synthetic identifier rollback: disabled
19:20:09,329  INFO SettingsFactory:309 - Default entity-mode: pojo
19:20:09,330  INFO SettingsFactory:313 - Named query checking : enabled
19:20:09,364  INFO SessionFactoryImpl:161 - building session factory
19:20:09,620  INFO SessionFactoryObjectFactory:82 - Not binding factory to JNDI, no JNDI name configured
19:20:09,630  INFO SchemaExport:154 - Running hbm2ddl schema export
19:20:09,633 DEBUG SchemaExport:170 - import file not found: /import.sql
19:20:09,633  INFO SchemaExport:179 - exporting generated schema to database
19:20:09,700 DEBUG SchemaExport:303 - 
    drop table BoatInXml cascade constraints
19:20:09,772 DEBUG SchemaExport:288 - Unsuccessful: drop table BoatInXml cascade constraints
19:20:09,773 DEBUG SchemaExport:289 - ORA-00942: table or view does not exist

19:20:09,773 DEBUG SchemaExport:303 - 
    drop table Plane cascade constraints
19:20:09,788 DEBUG SchemaExport:288 - Unsuccessful: drop table Plane cascade constraints
19:20:09,788 DEBUG SchemaExport:289 - ORA-00942: table or view does not exist

19:20:09,788 DEBUG SchemaExport:303 - 
    drop sequence hibernate_sequence
19:20:09,796 DEBUG SchemaExport:288 - Unsuccessful: drop sequence hibernate_sequence
19:20:09,797 DEBUG SchemaExport:289 - ORA-02289: sequence does not exist

19:20:09,797 DEBUG SchemaExport:303 - 
    create table BoatInXml (
        id number(10,0) not null,
        boat_size number(10,0),
        primary key (id)
    )
19:20:09,928 DEBUG SchemaExport:303 - 
    create table Plane (
        planetype varchar2(100 char) not null,
        id number(19,0) not null,
        alive number(1,0) not null,
        fld_altitude number(10,0),
        color varchar2(255 char) not null,
        serialnbr varchar2(255 char),
        nbrOfSeats number(10,0) not null,
        primary key (id)
    )
19:20:09,994 DEBUG SchemaExport:303 - 
    create sequence hibernate_sequence
19:20:10,013  INFO SchemaExport:196 - schema export complete
19:20:10,230 DEBUG SQL:424 - 
    select
        boat0_.id as id0_,
        boat0_.boat_size as boat2_0_ 
    from
        BoatInXml boat0_
19:20:10,344 DEBUG SQL:424 - 
    select
        plane0_.id as id1_,
        plane0_.alive as alive1_,
        plane0_.fld_altitude as fld4_1_,
        plane0_.color as color1_,
        plane0_.serialnbr as serialnbr1_,
        plane0_.nbrOfSeats as nbrOfSeats1_ 
    from
        Plane plane0_
19:20:10,365  INFO SessionFactoryImpl:769 - closing
19:20:10,365  INFO DriverManagerConnectionProvider:147 - cleaning up connection pool: jdbc:oracle:thin:@(DESCRIPTION=(LOAD_BALANCE=on)(ADDRESS=(PROTOCOL=TCP)(HOST=vmg27-vip.mw.lab.eng.bos.redhat.com)(PORT=1521))(ADDRESS=(PROTOCOL=TCP)(HOST=vmg28-vip.mw.lab.eng.bos.redhat.com)(PORT=1521))(CONNECT_DATA=(SERVICE_NAME=qarac.jboss)))
19:20:10,374  INFO SchemaExport:154 - Running hbm2ddl schema export
19:20:10,375 DEBUG SchemaExport:170 - import file not found: /import.sql
19:20:10,376  INFO SchemaExport:179 - exporting generated schema to database
19:20:10,514 DEBUG SchemaExport:303 - 
    drop table BoatInXml cascade constraints
19:20:10,756 DEBUG SchemaExport:303 - 
    drop table Plane cascade constraints
19:20:10,925 DEBUG SchemaExport:303 - 
    drop sequence hibernate_sequence
19:20:10,952  INFO SchemaExport:196 - schema export complete
19:20:10,955  INFO Configuration:1432 - configuring from resource: org/hibernate/test/annotations/hibernate.cfg.xml
19:20:10,955  INFO Configuration:1409 - Configuration resource: org/hibernate/test/annotations/hibernate.cfg.xml
19:20:10,961  INFO Configuration:559 - Reading mappings from resource : org/hibernate/test/annotations/Boat.hbm.xml
19:20:11,005  INFO AnnotationConfiguration:169 - Mapping package org.hibernate.test.annotations
19:20:11,006  WARN AnnotationBinder:222 - Package not found or wo package-info.java: org.hibernate.test.annotations
19:20:11,007  INFO Configuration:1547 - Configured SessionFactory: null
19:20:11,010  INFO AnnotationBinder:418 - Binding entity from annotated class: org.hibernate.test.annotations.Plane
19:20:11,011  INFO QueryBinder:64 - Binding Named query: plane.byId => from Plane where id = :id
19:20:11,012  INFO EntityBinder:424 - Bind entity org.hibernate.test.annotations.Plane on table Plane
19:20:11,023  WARN AnnotationConfiguration:551 - Unknown artifact: whatever
19:20:11,026  INFO DriverManagerConnectionProvider:41 - Using Hibernate built-in connection pool (not for production use!)
19:20:11,027  INFO DriverManagerConnectionProvider:42 - Hibernate connection pool size: 20
19:20:11,027  INFO DriverManagerConnectionProvider:45 - autocommit mode: false
19:20:11,028  INFO DriverManagerConnectionProvider:80 - using driver: oracle.jdbc.driver.OracleDriver at URL: jdbc:oracle:thin:@(DESCRIPTION=(LOAD_BALANCE=on)(ADDRESS=(PROTOCOL=TCP)(HOST=vmg27-vip.mw.lab.eng.bos.redhat.com)(PORT=1521))(ADDRESS=(PROTOCOL=TCP)(HOST=vmg28-vip.mw.lab.eng.bos.redhat.com)(PORT=1521))(CONNECT_DATA=(SERVICE_NAME=qarac.jboss)))
19:20:11,028  INFO DriverManagerConnectionProvider:86 - connection properties: {user=dballo01, password=****}
19:20:11,148  INFO SettingsFactory:89 - RDBMS: Oracle, version: Oracle Database 11g Enterprise Edition Release 11.2.0.1.0 - 64bit Production
With the Partitioning, Real Application Clusters, Automatic Storage Management, OLAP,
Data Mining and Real Application Testing options
19:20:11,149  INFO SettingsFactory:90 - JDBC driver: Oracle JDBC driver, version: 11.2.0.2.0
19:20:11,149  INFO Dialect:152 - Using dialect: org.hibernate.dialect.Oracle10gDialect
19:20:11,150  INFO TransactionFactoryFactory:31 - Using default transaction strategy (direct JDBC transactions)
19:20:11,151  INFO TransactionManagerLookupFactory:33 - No TransactionManagerLookup configured (in JTA environment, use of read-write or transactional second-level cache is not recommended)
19:20:11,151  INFO SettingsFactory:143 - Automatic flush during beforeCompletion(): disabled
19:20:11,151  INFO SettingsFactory:147 - Automatic session close at end of transaction: disabled
19:20:11,152  INFO SettingsFactory:154 - JDBC batch size: 15
19:20:11,152  INFO SettingsFactory:157 - JDBC batch updates for versioned data: disabled
19:20:11,152  INFO SettingsFactory:162 - Scrollable result sets: enabled
19:20:11,153  INFO SettingsFactory:170 - JDBC3 getGeneratedKeys(): disabled
19:20:11,153  INFO SettingsFactory:178 - Connection release mode: auto
19:20:11,153  INFO SettingsFactory:202 - Maximum outer join fetch depth: 1
19:20:11,154  INFO SettingsFactory:205 - Default batch fetch size: 1
19:20:11,154  INFO SettingsFactory:209 - Generate SQL with comments: disabled
19:20:11,155  INFO SettingsFactory:213 - Order SQL updates by primary key: disabled
19:20:11,155  INFO SettingsFactory:217 - Order SQL inserts for batching: disabled
19:20:11,155  INFO SettingsFactory:391 - Query translator: org.hibernate.hql.ast.ASTQueryTranslatorFactory
19:20:11,156  INFO ASTQueryTranslatorFactory:24 - Using ASTQueryTranslatorFactory
19:20:11,156  INFO SettingsFactory:225 - Query language substitutions: {yes='Y', no='N', false=0, true=1}
19:20:11,156  INFO SettingsFactory:230 - JPA-QL strict compliance: disabled
19:20:11,157  INFO SettingsFactory:235 - Second-level cache: enabled
19:20:11,157  INFO SettingsFactory:239 - Query cache: disabled
19:20:11,157  INFO SettingsFactory:373 - Cache provider: org.hibernate.cache.HashtableCacheProvider
19:20:11,158  INFO SettingsFactory:254 - Optimize cache for minimal puts: disabled
19:20:11,158  INFO SettingsFactory:259 - Cache region prefix: hibernate.test
19:20:11,158  INFO SettingsFactory:263 - Structured second-level cache entries: disabled
19:20:11,159  INFO SettingsFactory:290 - Statistics: disabled
19:20:11,159  INFO SettingsFactory:294 - Deleted entity synthetic identifier rollback: disabled
19:20:11,159  INFO SettingsFactory:309 - Default entity-mode: pojo
19:20:11,160  INFO SettingsFactory:313 - Named query checking : enabled
19:20:11,166  INFO SessionFactoryImpl:161 - building session factory
19:20:11,172  INFO SessionFactoryObjectFactory:82 - Not binding factory to JNDI, no JNDI name configured
19:20:11,173  WARN AnnotationConfiguration:551 - Unknown artifact: whatever
19:20:11,174  WARN AnnotationConfiguration:551 - Unknown artifact: whatever
19:20:11,176  INFO SchemaExport:154 - Running hbm2ddl schema export
19:20:11,177 DEBUG SchemaExport:170 - import file not found: /import.sql
19:20:11,178  INFO SchemaExport:179 - exporting generated schema to database
19:20:11,179 DEBUG SchemaExport:303 - 
    drop table Plane cascade constraints
19:20:11,220 DEBUG SchemaExport:288 - Unsuccessful: drop table Plane cascade constraints
19:20:11,220 DEBUG SchemaExport:289 - ORA-00942: table or view does not exist

19:20:11,221 DEBUG SchemaExport:303 - 
    drop sequence hibernate_sequence
19:20:11,229 DEBUG SchemaExport:288 - Unsuccessful: drop sequence hibernate_sequence
19:20:11,230 DEBUG SchemaExport:289 - ORA-02289: sequence does not exist

19:20:11,230 DEBUG SchemaExport:303 - 
    create table Plane (
        planetype varchar2(100 char) not null,
        id number(19,0) not null,
        alive number(1,0) not null,
        fld_altitude number(10,0),
        color varchar2(255 char) not null,
        serialnbr varchar2(255 char),
        nbrOfSeats number(10,0) not null,
        primary key (id)
    )
19:20:11,347 DEBUG SchemaExport:303 - 
    create sequence hibernate_sequence
19:20:11,365  INFO SchemaExport:196 - schema export complete
19:20:11,365  WARN AnnotationConfiguration:551 - Unknown artifact: whatever
19:20:11,367  WARN AnnotationConfiguration:551 - Unknown artifact: whatever
19:20:11,379 DEBUG SQL:424 - 
    select
        plane0_.id as id4_,
        plane0_.alive as alive4_,
        plane0_.fld_altitude as fld4_4_,
        plane0_.color as color4_,
        plane0_.serialnbr as serialnbr4_,
        plane0_.nbrOfSeats as nbrOfSeats4_ 
    from
        Plane plane0_
19:20:11,387  INFO SessionFactoryImpl:769 - closing
19:20:11,387  INFO DriverManagerConnectionProvider:147 - cleaning up connection pool: jdbc:oracle:thin:@(DESCRIPTION=(LOAD_BALANCE=on)(ADDRESS=(PROTOCOL=TCP)(HOST=vmg27-vip.mw.lab.eng.bos.redhat.com)(PORT=1521))(ADDRESS=(PROTOCOL=TCP)(HOST=vmg28-vip.mw.lab.eng.bos.redhat.com)(PORT=1521))(CONNECT_DATA=(SERVICE_NAME=qarac.jboss)))
19:20:11,396  INFO SchemaExport:154 - Running hbm2ddl schema export
19:20:11,397 DEBUG SchemaExport:170 - import file not found: /import.sql
19:20:11,397  INFO SchemaExport:179 - exporting generated schema to database
19:20:11,520 DEBUG SchemaExport:303 - 
    drop table Plane cascade constraints
19:20:11,780 DEBUG SchemaExport:303 - 
    drop sequence hibernate_sequence
19:20:11,810  INFO SchemaExport:196 - schema export complete
19:20:11,811  INFO Configuration:1432 - configuring from resource: org/hibernate/test/annotations/hibernate.cfg.xml
19:20:11,812  INFO Configuration:1409 - Configuration resource: org/hibernate/test/annotations/hibernate.cfg.xml
19:20:11,817  INFO Configuration:559 - Reading mappings from resource : org/hibernate/test/annotations/Boat.hbm.xml
19:20:11,843  INFO AnnotationConfiguration:169 - Mapping package org.hibernate.test.annotations
19:20:11,844  WARN AnnotationBinder:222 - Package not found or wo package-info.java: org.hibernate.test.annotations
19:20:11,845  INFO Configuration:1547 - Configured SessionFactory: null
19:20:11,847  INFO HbmBinder:300 - Mapping class: org.hibernate.test.annotations.Boat -> BoatInXml
19:20:11,848  INFO AnnotationBinder:418 - Binding entity from annotated class: org.hibernate.test.annotations.Plane
19:20:11,849  INFO QueryBinder:64 - Binding Named query: plane.byId => from Plane where id = :id
19:20:11,850  INFO EntityBinder:424 - Bind entity org.hibernate.test.annotations.Plane on table Plane
19:20:11,861  INFO DriverManagerConnectionProvider:41 - Using Hibernate built-in connection pool (not for production use!)
19:20:11,862  INFO DriverManagerConnectionProvider:42 - Hibernate connection pool size: 20
19:20:11,862  INFO DriverManagerConnectionProvider:45 - autocommit mode: false
19:20:11,863  INFO DriverManagerConnectionProvider:80 - using driver: oracle.jdbc.driver.OracleDriver at URL: jdbc:oracle:thin:@(DESCRIPTION=(LOAD_BALANCE=on)(ADDRESS=(PROTOCOL=TCP)(HOST=vmg27-vip.mw.lab.eng.bos.redhat.com)(PORT=1521))(ADDRESS=(PROTOCOL=TCP)(HOST=vmg28-vip.mw.lab.eng.bos.redhat.com)(PORT=1521))(CONNECT_DATA=(SERVICE_NAME=qarac.jboss)))
19:20:11,863  INFO DriverManagerConnectionProvider:86 - connection properties: {user=dballo01, password=****}
19:20:11,978  INFO SettingsFactory:89 - RDBMS: Oracle, version: Oracle Database 11g Enterprise Edition Release 11.2.0.1.0 - 64bit Production
With the Partitioning, Real Application Clusters, Automatic Storage Management, OLAP,
Data Mining and Real Application Testing options
19:20:11,978  INFO SettingsFactory:90 - JDBC driver: Oracle JDBC driver, version: 11.2.0.2.0
19:20:11,979  INFO Dialect:152 - Using dialect: org.hibernate.dialect.Oracle10gDialect
19:20:11,980  INFO TransactionFactoryFactory:31 - Using default transaction strategy (direct JDBC transactions)
19:20:11,980  INFO TransactionManagerLookupFactory:33 - No TransactionManagerLookup configured (in JTA environment, use of read-write or transactional second-level cache is not recommended)
19:20:11,981  INFO SettingsFactory:143 - Automatic flush during beforeCompletion(): disabled
19:20:11,981  INFO SettingsFactory:147 - Automatic session close at end of transaction: disabled
19:20:11,981  INFO SettingsFactory:154 - JDBC batch size: 15
19:20:11,982  INFO SettingsFactory:157 - JDBC batch updates for versioned data: disabled
19:20:11,982  INFO SettingsFactory:162 - Scrollable result sets: enabled
19:20:11,982  INFO SettingsFactory:170 - JDBC3 getGeneratedKeys(): disabled
19:20:11,983  INFO SettingsFactory:178 - Connection release mode: auto
19:20:11,983  INFO SettingsFactory:202 - Maximum outer join fetch depth: 1
19:20:11,983  INFO SettingsFactory:205 - Default batch fetch size: 1
19:20:11,984  INFO SettingsFactory:209 - Generate SQL with comments: disabled
19:20:11,984  INFO SettingsFactory:213 - Order SQL updates by primary key: disabled
19:20:11,984  INFO SettingsFactory:217 - Order SQL inserts for batching: disabled
19:20:11,985  INFO SettingsFactory:391 - Query translator: org.hibernate.hql.ast.ASTQueryTranslatorFactory
19:20:11,985  INFO ASTQueryTranslatorFactory:24 - Using ASTQueryTranslatorFactory
19:20:11,985  INFO SettingsFactory:225 - Query language substitutions: {yes='Y', no='N', false=0, true=1}
19:20:11,986  INFO SettingsFactory:230 - JPA-QL strict compliance: disabled
19:20:11,986  INFO SettingsFactory:235 - Second-level cache: enabled
19:20:11,986  INFO SettingsFactory:239 - Query cache: disabled
19:20:11,987  INFO SettingsFactory:373 - Cache provider: org.hibernate.cache.HashtableCacheProvider
19:20:11,987  INFO SettingsFactory:254 - Optimize cache for minimal puts: disabled
19:20:11,987  INFO SettingsFactory:259 - Cache region prefix: hibernate.test
19:20:11,988  INFO SettingsFactory:263 - Structured second-level cache entries: disabled
19:20:11,988  INFO SettingsFactory:290 - Statistics: disabled
19:20:11,988  INFO SettingsFactory:294 - Deleted entity synthetic identifier rollback: disabled
19:20:11,989  INFO SettingsFactory:309 - Default entity-mode: pojo
19:20:11,989  INFO SettingsFactory:313 - Named query checking : enabled
19:20:11,996  INFO SessionFactoryImpl:161 - building session factory
19:20:12,005  INFO SessionFactoryObjectFactory:82 - Not binding factory to JNDI, no JNDI name configured
19:20:12,010  INFO SchemaExport:154 - Running hbm2ddl schema export
19:20:12,011 DEBUG SchemaExport:170 - import file not found: /import.sql
19:20:12,011  INFO SchemaExport:179 - exporting generated schema to database
19:20:12,012 DEBUG SchemaExport:303 - 
    drop table BoatInXml cascade constraints
19:20:12,056 DEBUG SchemaExport:288 - Unsuccessful: drop table BoatInXml cascade constraints
19:20:12,057 DEBUG SchemaExport:289 - ORA-00942: table or view does not exist

19:20:12,057 DEBUG SchemaExport:303 - 
    drop table Plane cascade constraints
19:20:12,072 DEBUG SchemaExport:288 - Unsuccessful: drop table Plane cascade constraints
19:20:12,072 DEBUG SchemaExport:289 - ORA-00942: table or view does not exist

19:20:12,072 DEBUG SchemaExport:303 - 
    drop sequence hibernate_sequence
19:20:12,080 DEBUG SchemaExport:288 - Unsuccessful: drop sequence hibernate_sequence
19:20:12,081 DEBUG SchemaExport:289 - ORA-02289: sequence does not exist

19:20:12,081 DEBUG SchemaExport:303 - 
    create table BoatInXml (
        id number(10,0) not null,
        boat_size number(10,0),
        primary key (id)
    )
19:20:12,194 DEBUG SchemaExport:303 - 
    create table Plane (
        planetype varchar2(100 char) not null,
        id number(19,0) not null,
        alive number(1,0) not null,
        fld_altitude number(10,0),
        color varchar2(255 char) not null,
        serialnbr varchar2(255 char),
        nbrOfSeats number(10,0) not null,
        primary key (id)
    )
19:20:12,287 DEBUG SchemaExport:303 - 
    create sequence hibernate_sequence
19:20:12,305  INFO SchemaExport:196 - schema export complete
19:20:12,317 DEBUG SQL:424 - 
    select
        hibernate_sequence.nextval 
    from
        dual
19:20:12,349 DEBUG SQL:424 - 
    insert 
    into
        BoatInXml
        (boat_size, id) 
    values
        (?, ?)
19:20:12,391 DEBUG SQL:424 - 
    select
        boat0_.id as id6_0_,
        boat0_.boat_size as boat2_6_0_ 
    from
        BoatInXml boat0_ 
    where
        boat0_.id=?
19:20:12,403 DEBUG SQL:424 - 
    delete 
    from
        BoatInXml 
    where
        id=?
19:20:12,412  INFO SessionFactoryImpl:769 - closing
19:20:12,413  INFO DriverManagerConnectionProvider:147 - cleaning up connection pool: jdbc:oracle:thin:@(DESCRIPTION=(LOAD_BALANCE=on)(ADDRESS=(PROTOCOL=TCP)(HOST=vmg27-vip.mw.lab.eng.bos.redhat.com)(PORT=1521))(ADDRESS=(PROTOCOL=TCP)(HOST=vmg28-vip.mw.lab.eng.bos.redhat.com)(PORT=1521))(CONNECT_DATA=(SERVICE_NAME=qarac.jboss)))
19:20:12,420  INFO SchemaExport:154 - Running hbm2ddl schema export
19:20:12,421 DEBUG SchemaExport:170 - import file not found: /import.sql
19:20:12,421  INFO SchemaExport:179 - exporting generated schema to database
19:20:12,552 DEBUG SchemaExport:303 - 
    drop table BoatInXml cascade constraints
19:20:12,747 DEBUG SchemaExport:303 - 
    drop table Plane cascade constraints
19:20:12,909 DEBUG SchemaExport:303 - 
    drop sequence hibernate_sequence
19:20:12,931  INFO SchemaExport:196 - schema export complete
19:20:12,932  INFO Configuration:1432 - configuring from resource: org/hibernate/test/annotations/hibernate.cfg.xml
19:20:12,932  INFO Configuration:1409 - Configuration resource: org/hibernate/test/annotations/hibernate.cfg.xml
19:20:12,938  INFO Configuration:559 - Reading mappings from resource : org/hibernate/test/annotations/Boat.hbm.xml
19:20:12,962  INFO AnnotationConfiguration:169 - Mapping package org.hibernate.test.annotations
19:20:12,963  WARN AnnotationBinder:222 - Package not found or wo package-info.java: org.hibernate.test.annotations
19:20:12,972  INFO Configuration:1547 - Configured SessionFactory: null
19:20:12,975  INFO DriverManagerConnectionProvider:147 - cleaning up connection pool: jdbc:oracle:thin:@(DESCRIPTION=(LOAD_BALANCE=on)(ADDRESS=(PROTOCOL=TCP)(HOST=vmg27-vip.mw.lab.eng.bos.redhat.com)(PORT=1521))(ADDRESS=(PROTOCOL=TCP)(HOST=vmg28-vip.mw.lab.eng.bos.redhat.com)(PORT=1521))(CONNECT_DATA=(SERVICE_NAME=qarac.jboss)))
19:20:12,977  INFO AnnotationBinder:418 - Binding entity from annotated class: org.hibernate.test.annotations.Plane
19:20:12,978  INFO QueryBinder:64 - Binding Named query: plane.byId => from Plane where id = :id
19:20:12,979  INFO EntityBinder:424 - Bind entity org.hibernate.test.annotations.Plane on table Plane
19:20:12,979  WARN DriverManagerConnectionProvider:155 - problem closing pooled connection
java.sql.SQLException: IO Error: Socket closed
	at oracle.jdbc.driver.T4CConnection.logoff(T4CConnection.java:511)
	at oracle.jdbc.driver.PhysicalConnection.close(PhysicalConnection.java:3915)
	at org.hibernate.connection.DriverManagerConnectionProvider.close(DriverManagerConnectionProvider.java:152)
	at org.hibernate.connection.DriverManagerConnectionProvider.finalize(DriverManagerConnectionProvider.java:142)
	at java.lang.ref.Finalizer.invokeFinalizeMethod(Native Method)
	at java.lang.ref.Finalizer.runFinalizer(Finalizer.java:83)
	at java.lang.ref.Finalizer.access$100(Finalizer.java:14)
	at java.lang.ref.Finalizer$FinalizerThread.run(Finalizer.java:160)
Caused by: java.net.SocketException: Socket closed
	at java.net.SocketOutputStream.socketWrite(SocketOutputStream.java:99)
	at java.net.SocketOutputStream.write(SocketOutputStream.java:136)
	at oracle.net.ns.DataPacket.send(DataPacket.java:199)
	at oracle.net.ns.NetOutputStream.flush(NetOutputStream.java:211)
	at oracle.net.ns.NetInputStream.getNextPacket(NetInputStream.java:227)
	at oracle.net.ns.NetInputStream.read(NetInputStream.java:175)
	at oracle.net.ns.NetInputStream.read(NetInputStream.java:100)
	at oracle.net.ns.NetInputStream.read(NetInputStream.java:85)
	at oracle.jdbc.driver.T4CSocketInputStreamWrapper.readNextPacket(T4CSocketInputStreamWrapper.java:123)
	at oracle.jdbc.driver.T4CSocketInputStreamWrapper.read(T4CSocketInputStreamWrapper.java:79)
	at oracle.jdbc.driver.T4CMAREngine.unmarshalUB1(T4CMAREngine.java:1122)
	at oracle.jdbc.driver.T4CMAREngine.unmarshalSB1(T4CMAREngine.java:1099)
	at oracle.jdbc.driver.T4CTTIfun.receive(T4CTTIfun.java:288)
	at oracle.jdbc.driver.T4CTTIfun.doRPC(T4CTTIfun.java:191)
	at oracle.jdbc.driver.T4C7Ocommoncall.doOLOGOFF(T4C7Ocommoncall.java:61)
	at oracle.jdbc.driver.T4CConnection.logoff(T4CConnection.java:498)
	... 7 more
19:20:12,983  INFO DriverManagerConnectionProvider:147 - cleaning up connection pool: jdbc:oracle:thin:@(DESCRIPTION=(LOAD_BALANCE=on)(ADDRESS=(PROTOCOL=TCP)(HOST=vmg27-vip.mw.lab.eng.bos.redhat.com)(PORT=1521))(ADDRESS=(PROTOCOL=TCP)(HOST=vmg28-vip.mw.lab.eng.bos.redhat.com)(PORT=1521))(CONNECT_DATA=(SERVICE_NAME=qarac.jboss)))
19:20:12,983  WARN DriverManagerConnectionProvider:155 - problem closing pooled connection
java.sql.SQLException: IO Error: Socket closed
	at oracle.jdbc.driver.T4CConnection.logoff(T4CConnection.java:511)
	at oracle.jdbc.driver.PhysicalConnection.close(PhysicalConnection.java:3915)
	at org.hibernate.connection.DriverManagerConnectionProvider.close(DriverManagerConnectionProvider.java:152)
	at org.hibernate.connection.DriverManagerConnectionProvider.finalize(DriverManagerConnectionProvider.java:142)
	at java.lang.ref.Finalizer.invokeFinalizeMethod(Native Method)
	at java.lang.ref.Finalizer.runFinalizer(Finalizer.java:83)
	at java.lang.ref.Finalizer.access$100(Finalizer.java:14)
	at java.lang.ref.Finalizer$FinalizerThread.run(Finalizer.java:160)
Caused by: java.net.SocketException: Socket closed
	at java.net.SocketOutputStream.socketWrite(SocketOutputStream.java:99)
	at java.net.SocketOutputStream.write(SocketOutputStream.java:136)
	at oracle.net.ns.DataPacket.send(DataPacket.java:199)
	at oracle.net.ns.NetOutputStream.flush(NetOutputStream.java:211)
	at oracle.net.ns.NetInputStream.getNextPacket(NetInputStream.java:227)
	at oracle.net.ns.NetInputStream.read(NetInputStream.java:175)
	at oracle.net.ns.NetInputStream.read(NetInputStream.java:100)
	at oracle.net.ns.NetInputStream.read(NetInputStream.java:85)
	at oracle.jdbc.driver.T4CSocketInputStreamWrapper.readNextPacket(T4CSocketInputStreamWrapper.java:123)
	at oracle.jdbc.driver.T4CSocketInputStreamWrapper.read(T4CSocketInputStreamWrapper.java:79)
	at oracle.jdbc.driver.T4CMAREngine.unmarshalUB1(T4CMAREngine.java:1122)
	at oracle.jdbc.driver.T4CMAREngine.unmarshalSB1(T4CMAREngine.java:1099)
	at oracle.jdbc.driver.T4CTTIfun.receive(T4CTTIfun.java:288)
	at oracle.jdbc.driver.T4CTTIfun.doRPC(T4CTTIfun.java:191)
	at oracle.jdbc.driver.T4C7Ocommoncall.doOLOGOFF(T4C7Ocommoncall.java:61)
	at oracle.jdbc.driver.T4CConnection.logoff(T4CConnection.java:498)
	... 7 more
19:20:12,984  INFO DriverManagerConnectionProvider:147 - cleaning up connection pool: jdbc:oracle:thin:@(DESCRIPTION=(LOAD_BALANCE=on)(ADDRESS=(PROTOCOL=TCP)(HOST=vmg27-vip.mw.lab.eng.bos.redhat.com)(PORT=1521))(ADDRESS=(PROTOCOL=TCP)(HOST=vmg28-vip.mw.lab.eng.bos.redhat.com)(PORT=1521))(CONNECT_DATA=(SERVICE_NAME=qarac.jboss)))
19:20:12,984  WARN DriverManagerConnectionProvider:155 - problem closing pooled connection
java.sql.SQLException: IO Error: Socket closed
	at oracle.jdbc.driver.T4CConnection.logoff(T4CConnection.java:511)
	at oracle.jdbc.driver.PhysicalConnection.close(PhysicalConnection.java:3915)
	at org.hibernate.connection.DriverManagerConnectionProvider.close(DriverManagerConnectionProvider.java:152)
	at org.hibernate.connection.DriverManagerConnectionProvider.finalize(DriverManagerConnectionProvider.java:142)
	at java.lang.ref.Finalizer.invokeFinalizeMethod(Native Method)
	at java.lang.ref.Finalizer.runFinalizer(Finalizer.java:83)
	at java.lang.ref.Finalizer.access$100(Finalizer.java:14)
	at java.lang.ref.Finalizer$FinalizerThread.run(Finalizer.java:160)
Caused by: java.net.SocketException: Socket closed
	at java.net.SocketOutputStream.socketWrite(SocketOutputStream.java:99)
	at java.net.SocketOutputStream.write(SocketOutputStream.java:136)
	at oracle.net.ns.DataPacket.send(DataPacket.java:199)
	at oracle.net.ns.NetOutputStream.flush(NetOutputStream.java:211)
	at oracle.net.ns.NetInputStream.getNextPacket(NetInputStream.java:227)
	at oracle.net.ns.NetInputStream.read(NetInputStream.java:175)
	at oracle.net.ns.NetInputStream.read(NetInputStream.java:100)
	at oracle.net.ns.NetInputStream.read(NetInputStream.java:85)
	at oracle.jdbc.driver.T4CSocketInputStreamWrapper.readNextPacket(T4CSocketInputStreamWrapper.java:123)
	at oracle.jdbc.driver.T4CSocketInputStreamWrapper.read(T4CSocketInputStreamWrapper.java:79)
	at oracle.jdbc.driver.T4CMAREngine.unmarshalUB1(T4CMAREngine.java:1122)
	at oracle.jdbc.driver.T4CMAREngine.unmarshalSB1(T4CMAREngine.java:1099)
	at oracle.jdbc.driver.T4CTTIfun.receive(T4CTTIfun.java:288)
	at oracle.jdbc.driver.T4CTTIfun.doRPC(T4CTTIfun.java:191)
	at oracle.jdbc.driver.T4C7Ocommoncall.doOLOGOFF(T4C7Ocommoncall.java:61)
	at oracle.jdbc.driver.T4CConnection.logoff(T4CConnection.java:498)
	... 7 more
19:20:12,986  INFO AnnotationBinder:418 - Binding entity from annotated class: org.hibernate.test.annotations.Boat
19:20:12,987  INFO EntityBinder:424 - Bind entity org.hibernate.test.annotations.Boat on table Boat
19:20:12,994  INFO DriverManagerConnectionProvider:41 - Using Hibernate built-in connection pool (not for production use!)
19:20:12,994  INFO DriverManagerConnectionProvider:42 - Hibernate connection pool size: 20
19:20:12,995  INFO DriverManagerConnectionProvider:45 - autocommit mode: false
19:20:12,995  INFO DriverManagerConnectionProvider:80 - using driver: oracle.jdbc.driver.OracleDriver at URL: jdbc:oracle:thin:@(DESCRIPTION=(LOAD_BALANCE=on)(ADDRESS=(PROTOCOL=TCP)(HOST=vmg27-vip.mw.lab.eng.bos.redhat.com)(PORT=1521))(ADDRESS=(PROTOCOL=TCP)(HOST=vmg28-vip.mw.lab.eng.bos.redhat.com)(PORT=1521))(CONNECT_DATA=(SERVICE_NAME=qarac.jboss)))
19:20:12,995  INFO DriverManagerConnectionProvider:86 - connection properties: {user=dballo01, password=****}
19:20:13,132  INFO SettingsFactory:89 - RDBMS: Oracle, version: Oracle Database 11g Enterprise Edition Release 11.2.0.1.0 - 64bit Production
With the Partitioning, Real Application Clusters, Automatic Storage Management, OLAP,
Data Mining and Real Application Testing options
19:20:13,133  INFO SettingsFactory:90 - JDBC driver: Oracle JDBC driver, version: 11.2.0.2.0
19:20:13,133  INFO Dialect:152 - Using dialect: org.hibernate.dialect.Oracle10gDialect
19:20:13,134  INFO TransactionFactoryFactory:31 - Using default transaction strategy (direct JDBC transactions)
19:20:13,134  INFO TransactionManagerLookupFactory:33 - No TransactionManagerLookup configured (in JTA environment, use of read-write or transactional second-level cache is not recommended)
19:20:13,135  INFO SettingsFactory:143 - Automatic flush during beforeCompletion(): disabled
19:20:13,135  INFO SettingsFactory:147 - Automatic session close at end of transaction: disabled
19:20:13,135  INFO SettingsFactory:154 - JDBC batch size: 15
19:20:13,135  INFO SettingsFactory:157 - JDBC batch updates for versioned data: disabled
19:20:13,135  INFO SettingsFactory:162 - Scrollable result sets: enabled
19:20:13,136  INFO SettingsFactory:170 - JDBC3 getGeneratedKeys(): disabled
19:20:13,136  INFO SettingsFactory:178 - Connection release mode: auto
19:20:13,136  INFO SettingsFactory:202 - Maximum outer join fetch depth: 1
19:20:13,136  INFO SettingsFactory:205 - Default batch fetch size: 1
19:20:13,136  INFO SettingsFactory:209 - Generate SQL with comments: disabled
19:20:13,137  INFO SettingsFactory:213 - Order SQL updates by primary key: disabled
19:20:13,137  INFO SettingsFactory:217 - Order SQL inserts for batching: disabled
19:20:13,137  INFO SettingsFactory:391 - Query translator: org.hibernate.hql.ast.ASTQueryTranslatorFactory
19:20:13,137  INFO ASTQueryTranslatorFactory:24 - Using ASTQueryTranslatorFactory
19:20:13,138  INFO SettingsFactory:225 - Query language substitutions: {yes='Y', no='N', false=0, true=1}
19:20:13,138  INFO SettingsFactory:230 - JPA-QL strict compliance: disabled
19:20:13,138  INFO SettingsFactory:235 - Second-level cache: enabled
19:20:13,138  INFO SettingsFactory:239 - Query cache: disabled
19:20:13,138  INFO SettingsFactory:373 - Cache provider: org.hibernate.cache.HashtableCacheProvider
19:20:13,139  INFO SettingsFactory:254 - Optimize cache for minimal puts: disabled
19:20:13,139  INFO SettingsFactory:259 - Cache region prefix: hibernate.test
19:20:13,139  INFO SettingsFactory:263 - Structured second-level cache entries: disabled
19:20:13,139  INFO SettingsFactory:290 - Statistics: disabled
19:20:13,140  INFO SettingsFactory:294 - Deleted entity synthetic identifier rollback: disabled
19:20:13,140  INFO SettingsFactory:309 - Default entity-mode: pojo
19:20:13,140  INFO SettingsFactory:313 - Named query checking : enabled
19:20:13,147  INFO SessionFactoryImpl:161 - building session factory
19:20:13,155  INFO SessionFactoryObjectFactory:82 - Not binding factory to JNDI, no JNDI name configured
19:20:13,160  INFO SchemaExport:154 - Running hbm2ddl schema export
19:20:13,160 DEBUG SchemaExport:170 - import file not found: /import.sql
19:20:13,161  INFO SchemaExport:179 - exporting generated schema to database
19:20:13,162 DEBUG SchemaExport:303 - 
    drop table Boat cascade constraints
19:20:13,207 DEBUG SchemaExport:288 - Unsuccessful: drop table Boat cascade constraints
19:20:13,207 DEBUG SchemaExport:289 - ORA-00942: table or view does not exist

19:20:13,207 DEBUG SchemaExport:303 - 
    drop table Plane cascade constraints
19:20:13,223 DEBUG SchemaExport:288 - Unsuccessful: drop table Plane cascade constraints
19:20:13,223 DEBUG SchemaExport:289 - ORA-00942: table or view does not exist

19:20:13,224 DEBUG SchemaExport:303 - 
    drop sequence hibernate_sequence
19:20:13,232 DEBUG SchemaExport:288 - Unsuccessful: drop sequence hibernate_sequence
19:20:13,232 DEBUG SchemaExport:289 - ORA-02289: sequence does not exist

19:20:13,232 DEBUG SchemaExport:303 - 
    create table Boat (
        id number(10,0) not null,
        boat_size number(10,0),
        weight number(10,0) not null,
        primary key (id)
    )
19:20:13,337 DEBUG SchemaExport:303 - 
    create table Plane (
        planetype varchar2(100 char) not null,
        id number(19,0) not null,
        alive number(1,0) not null,
        fld_altitude number(10,0),
        color varchar2(255 char) not null,
        serialnbr varchar2(255 char),
        nbrOfSeats number(10,0) not null,
        primary key (id)
    )
19:20:13,431 DEBUG SchemaExport:303 - 
    create sequence hibernate_sequence
19:20:13,454  INFO SchemaExport:196 - schema export complete
19:20:13,462 DEBUG SQL:424 - 
    select
        hibernate_sequence.nextval 
    from
        dual
19:20:13,475 DEBUG SQL:424 - 
    insert 
    into
        Boat
        (boat_size, weight, id) 
    values
        (?, ?, ?)
19:20:13,513 DEBUG SQL:424 - 
    select
        boat0_.id as id11_0_,
        boat0_.boat_size as boat2_11_0_,
        boat0_.weight as weight11_0_ 
    from
        Boat boat0_ 
    where
        boat0_.id=?
19:20:13,519 DEBUG SQL:424 - 
    delete 
    from
        Boat 
    where
        id=?
19:20:13,530  INFO SessionFactoryImpl:769 - closing
19:20:13,530  INFO DriverManagerConnectionProvider:147 - cleaning up connection pool: jdbc:oracle:thin:@(DESCRIPTION=(LOAD_BALANCE=on)(ADDRESS=(PROTOCOL=TCP)(HOST=vmg27-vip.mw.lab.eng.bos.redhat.com)(PORT=1521))(ADDRESS=(PROTOCOL=TCP)(HOST=vmg28-vip.mw.lab.eng.bos.redhat.com)(PORT=1521))(CONNECT_DATA=(SERVICE_NAME=qarac.jboss)))
19:20:13,539  INFO SchemaExport:154 - Running hbm2ddl schema export
19:20:13,540 DEBUG SchemaExport:170 - import file not found: /import.sql
19:20:13,540  INFO SchemaExport:179 - exporting generated schema to database
19:20:13,668 DEBUG SchemaExport:303 - 
    drop table Boat cascade constraints
19:20:13,898 DEBUG SchemaExport:303 - 
    drop table Plane cascade constraints
19:20:14,106 DEBUG SchemaExport:303 - 
    drop sequence hibernate_sequence
19:20:14,133  INFO SchemaExport:196 - schema export complete
19:20:14,134  INFO Configuration:1432 - configuring from resource: org/hibernate/test/annotations/hibernate.cfg.xml
19:20:14,134  INFO Configuration:1409 - Configuration resource: org/hibernate/test/annotations/hibernate.cfg.xml
19:20:14,139  INFO Configuration:559 - Reading mappings from resource : org/hibernate/test/annotations/Boat.hbm.xml
19:20:14,160  INFO HbmBinder:300 - Mapping class: org.hibernate.test.annotations.Boat -> BoatInXml
19:20:14,161  INFO Configuration:1432 - configuring from resource: org/hibernate/test/annotations/hibernate.cfg.xml
19:20:14,161  INFO Configuration:1409 - Configuration resource: org/hibernate/test/annotations/hibernate.cfg.xml
19:20:14,165  INFO Configuration:559 - Reading mappings from resource : org/hibernate/test/annotations/Boat.hbm.xml
19:20:14,187  INFO AnnotationConfiguration:169 - Mapping package org.hibernate.test.annotations
19:20:14,188  WARN AnnotationBinder:222 - Package not found or wo package-info.java: org.hibernate.test.annotations
19:20:14,188  INFO Configuration:1547 - Configured SessionFactory: null
19:20:14,189  INFO Configuration:591 - Reading mappings from resource: org/hibernate/test/annotations/Ferry.hbm.xml
19:20:14,190  INFO Configuration:536 - Reading mappings from resource: org/hibernate/test/annotations/Ferry.hbm.xml
19:20:14,211  INFO HbmBinder:300 - Mapping class: org.hibernate.test.annotations.Boat -> BoatInXml
19:20:14,214  INFO HbmBinder:876 - Mapping joined-subclass: org.hibernate.test.annotations.Ferry -> FerryJoined
19:20:14,217  INFO AnnotationBinder:418 - Binding entity from annotated class: org.hibernate.test.annotations.Plane
19:20:14,218  INFO QueryBinder:64 - Binding Named query: plane.byId => from Plane where id = :id
19:20:14,219  INFO EntityBinder:424 - Bind entity org.hibernate.test.annotations.Plane on table Plane
19:20:14,229  INFO DriverManagerConnectionProvider:41 - Using Hibernate built-in connection pool (not for production use!)
19:20:14,229  INFO DriverManagerConnectionProvider:42 - Hibernate connection pool size: 20
19:20:14,229  INFO DriverManagerConnectionProvider:45 - autocommit mode: false
19:20:14,230  INFO DriverManagerConnectionProvider:80 - using driver: oracle.jdbc.driver.OracleDriver at URL: jdbc:oracle:thin:@(DESCRIPTION=(LOAD_BALANCE=on)(ADDRESS=(PROTOCOL=TCP)(HOST=vmg27-vip.mw.lab.eng.bos.redhat.com)(PORT=1521))(ADDRESS=(PROTOCOL=TCP)(HOST=vmg28-vip.mw.lab.eng.bos.redhat.com)(PORT=1521))(CONNECT_DATA=(SERVICE_NAME=qarac.jboss)))
19:20:14,230  INFO DriverManagerConnectionProvider:86 - connection properties: {user=dballo01, password=****}
19:20:14,355  INFO SettingsFactory:89 - RDBMS: Oracle, version: Oracle Database 11g Enterprise Edition Release 11.2.0.1.0 - 64bit Production
With the Partitioning, Real Application Clusters, Automatic Storage Management, OLAP,
Data Mining and Real Application Testing options
19:20:14,355  INFO SettingsFactory:90 - JDBC driver: Oracle JDBC driver, version: 11.2.0.2.0
19:20:14,355  INFO Dialect:152 - Using dialect: org.hibernate.dialect.Oracle10gDialect
19:20:14,356  INFO TransactionFactoryFactory:31 - Using default transaction strategy (direct JDBC transactions)
19:20:14,356  INFO TransactionManagerLookupFactory:33 - No TransactionManagerLookup configured (in JTA environment, use of read-write or transactional second-level cache is not recommended)
19:20:14,357  INFO SettingsFactory:143 - Automatic flush during beforeCompletion(): disabled
19:20:14,357  INFO SettingsFactory:147 - Automatic session close at end of transaction: disabled
19:20:14,357  INFO SettingsFactory:154 - JDBC batch size: 15
19:20:14,357  INFO SettingsFactory:157 - JDBC batch updates for versioned data: disabled
19:20:14,357  INFO SettingsFactory:162 - Scrollable result sets: enabled
19:20:14,358  INFO SettingsFactory:170 - JDBC3 getGeneratedKeys(): disabled
19:20:14,358  INFO SettingsFactory:178 - Connection release mode: auto
19:20:14,358  INFO SettingsFactory:202 - Maximum outer join fetch depth: 1
19:20:14,358  INFO SettingsFactory:205 - Default batch fetch size: 1
19:20:14,358  INFO SettingsFactory:209 - Generate SQL with comments: disabled
19:20:14,359  INFO SettingsFactory:213 - Order SQL updates by primary key: disabled
19:20:14,359  INFO SettingsFactory:217 - Order SQL inserts for batching: disabled
19:20:14,359  INFO SettingsFactory:391 - Query translator: org.hibernate.hql.ast.ASTQueryTranslatorFactory
19:20:14,359  INFO ASTQueryTranslatorFactory:24 - Using ASTQueryTranslatorFactory
19:20:14,360  INFO SettingsFactory:225 - Query language substitutions: {yes='Y', no='N', false=0, true=1}
19:20:14,360  INFO SettingsFactory:230 - JPA-QL strict compliance: disabled
19:20:14,360  INFO SettingsFactory:235 - Second-level cache: enabled
19:20:14,360  INFO SettingsFactory:239 - Query cache: disabled
19:20:14,360  INFO SettingsFactory:373 - Cache provider: org.hibernate.cache.HashtableCacheProvider
19:20:14,361  INFO SettingsFactory:254 - Optimize cache for minimal puts: disabled
19:20:14,361  INFO SettingsFactory:259 - Cache region prefix: hibernate.test
19:20:14,361  INFO SettingsFactory:263 - Structured second-level cache entries: disabled
19:20:14,361  INFO SettingsFactory:290 - Statistics: disabled
19:20:14,361  INFO SettingsFactory:294 - Deleted entity synthetic identifier rollback: disabled
19:20:14,362  INFO SettingsFactory:309 - Default entity-mode: pojo
19:20:14,362  INFO SettingsFactory:313 - Named query checking : enabled
19:20:14,370  INFO SessionFactoryImpl:161 - building session factory
19:20:14,389  INFO SessionFactoryObjectFactory:82 - Not binding factory to JNDI, no JNDI name configured
19:20:14,396  INFO SchemaExport:154 - Running hbm2ddl schema export
19:20:14,397 DEBUG SchemaExport:170 - import file not found: /import.sql
19:20:14,397  INFO SchemaExport:179 - exporting generated schema to database
19:20:14,398 DEBUG SchemaExport:303 - 
    drop table BoatInXml cascade constraints
19:20:14,445 DEBUG SchemaExport:288 - Unsuccessful: drop table BoatInXml cascade constraints
19:20:14,446 DEBUG SchemaExport:289 - ORA-00942: table or view does not exist

19:20:14,446 DEBUG SchemaExport:303 - 
    drop table FerryJoined cascade constraints
19:20:14,461 DEBUG SchemaExport:288 - Unsuccessful: drop table FerryJoined cascade constraints
19:20:14,461 DEBUG SchemaExport:289 - ORA-00942: table or view does not exist

19:20:14,462 DEBUG SchemaExport:303 - 
    drop table Plane cascade constraints
19:20:14,507 DEBUG SchemaExport:288 - Unsuccessful: drop table Plane cascade constraints
19:20:14,507 DEBUG SchemaExport:289 - ORA-00942: table or view does not exist

19:20:14,507 DEBUG SchemaExport:303 - 
    drop sequence hibernate_sequence
19:20:14,516 DEBUG SchemaExport:288 - Unsuccessful: drop sequence hibernate_sequence
19:20:14,517 DEBUG SchemaExport:289 - ORA-02289: sequence does not exist

19:20:14,517 DEBUG SchemaExport:303 - 
    create table BoatInXml (
        id number(10,0) not null,
        boat_size number(10,0),
        primary key (id)
    )
19:20:14,632 DEBUG SchemaExport:303 - 
    create table FerryJoined (
        id number(10,0) not null,
        sea varchar2(255 char),
        primary key (id)
    )
19:20:14,685 DEBUG SchemaExport:303 - 
    create table Plane (
        planetype varchar2(100 char) not null,
        id number(19,0) not null,
        alive number(1,0) not null,
        fld_altitude number(10,0),
        color varchar2(255 char) not null,
        serialnbr varchar2(255 char),
        nbrOfSeats number(10,0) not null,
        primary key (id)
    )
19:20:14,754 DEBUG SchemaExport:303 - 
    alter table FerryJoined 
        add constraint FKE5A820E31B10B53B 
        foreign key (id) 
        references BoatInXml
19:20:14,818 DEBUG SchemaExport:303 - 
    create sequence hibernate_sequence
19:20:14,843  INFO SchemaExport:196 - schema export complete
19:20:14,856 DEBUG SQL:424 - 
    select
        ferry0_.id as id15_,
        ferry0_1_.boat_size as boat2_15_,
        ferry0_.sea as sea16_ 
    from
        FerryJoined ferry0_ 
    inner join
        BoatInXml ferry0_1_ 
            on ferry0_.id=ferry0_1_.id
19:20:14,879 DEBUG SQL:424 - 
    select
        plane0_.id as id17_,
        plane0_.alive as alive17_,
        plane0_.fld_altitude as fld4_17_,
        plane0_.color as color17_,
        plane0_.serialnbr as serialnbr17_,
        plane0_.nbrOfSeats as nbrOfSeats17_ 
    from
        Plane plane0_
19:20:14,889  INFO SessionFactoryImpl:769 - closing
19:20:14,889  INFO DriverManagerConnectionProvider:147 - cleaning up connection pool: jdbc:oracle:thin:@(DESCRIPTION=(LOAD_BALANCE=on)(ADDRESS=(PROTOCOL=TCP)(HOST=vmg27-vip.mw.lab.eng.bos.redhat.com)(PORT=1521))(ADDRESS=(PROTOCOL=TCP)(HOST=vmg28-vip.mw.lab.eng.bos.redhat.com)(PORT=1521))(CONNECT_DATA=(SERVICE_NAME=qarac.jboss)))
19:20:14,895  INFO SchemaExport:154 - Running hbm2ddl schema export
19:20:14,896 DEBUG SchemaExport:170 - import file not found: /import.sql
19:20:14,896  INFO SchemaExport:179 - exporting generated schema to database
19:20:15,018 DEBUG SchemaExport:303 - 
    drop table BoatInXml cascade constraints
19:20:15,221 DEBUG SchemaExport:303 - 
    drop table FerryJoined cascade constraints
19:20:15,335 DEBUG SchemaExport:303 - 
    drop table Plane cascade constraints
19:20:15,537 DEBUG SchemaExport:303 - 
    drop sequence hibernate_sequence
19:20:15,560  INFO SchemaExport:196 - schema export complete
19:20:15,560  INFO Configuration:1432 - configuring from resource: org/hibernate/test/annotations/hibernate.cfg.xml
19:20:15,561  INFO Configuration:1409 - Configuration resource: org/hibernate/test/annotations/hibernate.cfg.xml
19:20:15,566  INFO Configuration:559 - Reading mappings from resource : org/hibernate/test/annotations/Boat.hbm.xml
19:20:15,587  INFO AnnotationConfiguration:169 - Mapping package org.hibernate.test.annotations
19:20:15,588  WARN AnnotationBinder:222 - Package not found or wo package-info.java: org.hibernate.test.annotations
19:20:15,589  INFO Configuration:1547 - Configured SessionFactory: null
19:20:15,591  INFO HbmBinder:300 - Mapping class: org.hibernate.test.annotations.Boat -> BoatInXml
19:20:15,592  INFO AnnotationBinder:418 - Binding entity from annotated class: org.hibernate.test.annotations.Plane
19:20:15,593  INFO QueryBinder:64 - Binding Named query: plane.byId => from Plane where id = :id
19:20:15,594  INFO EntityBinder:424 - Bind entity org.hibernate.test.annotations.Plane on table Plane
19:20:15,599  INFO AnnotationBinder:418 - Binding entity from annotated class: org.hibernate.test.annotations.Port
19:20:15,600  INFO EntityBinder:424 - Bind entity org.hibernate.test.annotations.Port on table Port
19:20:15,652  INFO DriverManagerConnectionProvider:41 - Using Hibernate built-in connection pool (not for production use!)
19:20:15,653  INFO DriverManagerConnectionProvider:42 - Hibernate connection pool size: 20
19:20:15,653  INFO DriverManagerConnectionProvider:45 - autocommit mode: false
19:20:15,653  INFO DriverManagerConnectionProvider:80 - using driver: oracle.jdbc.driver.OracleDriver at URL: jdbc:oracle:thin:@(DESCRIPTION=(LOAD_BALANCE=on)(ADDRESS=(PROTOCOL=TCP)(HOST=vmg27-vip.mw.lab.eng.bos.redhat.com)(PORT=1521))(ADDRESS=(PROTOCOL=TCP)(HOST=vmg28-vip.mw.lab.eng.bos.redhat.com)(PORT=1521))(CONNECT_DATA=(SERVICE_NAME=qarac.jboss)))
19:20:15,653  INFO DriverManagerConnectionProvider:86 - connection properties: {user=dballo01, password=****}
19:20:15,769  INFO SettingsFactory:89 - RDBMS: Oracle, version: Oracle Database 11g Enterprise Edition Release 11.2.0.1.0 - 64bit Production
With the Partitioning, Real Application Clusters, Automatic Storage Management, OLAP,
Data Mining and Real Application Testing options
19:20:15,769  INFO SettingsFactory:90 - JDBC driver: Oracle JDBC driver, version: 11.2.0.2.0
19:20:15,769  INFO Dialect:152 - Using dialect: org.hibernate.dialect.Oracle10gDialect
19:20:15,770  INFO TransactionFactoryFactory:31 - Using default transaction strategy (direct JDBC transactions)
19:20:15,770  INFO TransactionManagerLookupFactory:33 - No TransactionManagerLookup configured (in JTA environment, use of read-write or transactional second-level cache is not recommended)
19:20:15,770  INFO SettingsFactory:143 - Automatic flush during beforeCompletion(): disabled
19:20:15,771  INFO SettingsFactory:147 - Automatic session close at end of transaction: disabled
19:20:15,771  INFO SettingsFactory:154 - JDBC batch size: 15
19:20:15,771  INFO SettingsFactory:157 - JDBC batch updates for versioned data: disabled
19:20:15,771  INFO SettingsFactory:162 - Scrollable result sets: enabled
19:20:15,771  INFO SettingsFactory:170 - JDBC3 getGeneratedKeys(): disabled
19:20:15,772  INFO SettingsFactory:178 - Connection release mode: auto
19:20:15,772  INFO SettingsFactory:202 - Maximum outer join fetch depth: 1
19:20:15,772  INFO SettingsFactory:205 - Default batch fetch size: 1
19:20:15,772  INFO SettingsFactory:209 - Generate SQL with comments: disabled
19:20:15,772  INFO SettingsFactory:213 - Order SQL updates by primary key: disabled
19:20:15,773  INFO SettingsFactory:217 - Order SQL inserts for batching: disabled
19:20:15,773  INFO SettingsFactory:391 - Query translator: org.hibernate.hql.ast.ASTQueryTranslatorFactory
19:20:15,773  INFO ASTQueryTranslatorFactory:24 - Using ASTQueryTranslatorFactory
19:20:15,773  INFO SettingsFactory:225 - Query language substitutions: {yes='Y', no='N', false=0, true=1}
19:20:15,774  INFO SettingsFactory:230 - JPA-QL strict compliance: disabled
19:20:15,774  INFO SettingsFactory:235 - Second-level cache: enabled
19:20:15,774  INFO SettingsFactory:239 - Query cache: disabled
19:20:15,774  INFO SettingsFactory:373 - Cache provider: org.hibernate.cache.HashtableCacheProvider
19:20:15,774  INFO SettingsFactory:254 - Optimize cache for minimal puts: disabled
19:20:15,775  INFO SettingsFactory:259 - Cache region prefix: hibernate.test
19:20:15,775  INFO SettingsFactory:263 - Structured second-level cache entries: disabled
19:20:15,775  INFO SettingsFactory:290 - Statistics: disabled
19:20:15,775  INFO SettingsFactory:294 - Deleted entity synthetic identifier rollback: disabled
19:20:15,776  INFO SettingsFactory:309 - Default entity-mode: pojo
19:20:15,776  INFO SettingsFactory:313 - Named query checking : enabled
19:20:15,783  INFO SessionFactoryImpl:161 - building session factory
19:20:15,816  INFO SessionFactoryObjectFactory:82 - Not binding factory to JNDI, no JNDI name configured
19:20:15,822  INFO SchemaExport:154 - Running hbm2ddl schema export
19:20:15,823 DEBUG SchemaExport:170 - import file not found: /import.sql
19:20:15,823  INFO SchemaExport:179 - exporting generated schema to database
19:20:15,824 DEBUG SchemaExport:303 - 
    drop table BoatInXml cascade constraints
19:20:15,869 DEBUG SchemaExport:288 - Unsuccessful: drop table BoatInXml cascade constraints
19:20:15,869 DEBUG SchemaExport:289 - ORA-00942: table or view does not exist

19:20:15,869 DEBUG SchemaExport:303 - 
    drop table Plane cascade constraints
19:20:15,885 DEBUG SchemaExport:288 - Unsuccessful: drop table Plane cascade constraints
19:20:15,885 DEBUG SchemaExport:289 - ORA-00942: table or view does not exist

19:20:15,885 DEBUG SchemaExport:303 - 
    drop table Port cascade constraints
19:20:15,900 DEBUG SchemaExport:288 - Unsuccessful: drop table Port cascade constraints
19:20:15,900 DEBUG SchemaExport:289 - ORA-00942: table or view does not exist

19:20:15,900 DEBUG SchemaExport:303 - 
    drop table Port_BoatInXml cascade constraints
19:20:15,917 DEBUG SchemaExport:288 - Unsuccessful: drop table Port_BoatInXml cascade constraints
19:20:15,918 DEBUG SchemaExport:289 - ORA-00942: table or view does not exist

19:20:15,918 DEBUG SchemaExport:303 - 
    drop sequence hibernate_sequence
19:20:15,928 DEBUG SchemaExport:288 - Unsuccessful: drop sequence hibernate_sequence
19:20:15,928 DEBUG SchemaExport:289 - ORA-02289: sequence does not exist

19:20:15,928 DEBUG SchemaExport:303 - 
    create table BoatInXml (
        id number(10,0) not null,
        boat_size number(10,0),
        primary key (id)
    )
19:20:16,040 DEBUG SchemaExport:303 - 
    create table Plane (
        planetype varchar2(100 char) not null,
        id number(19,0) not null,
        alive number(1,0) not null,
        fld_altitude number(10,0),
        color varchar2(255 char) not null,
        serialnbr varchar2(255 char),
        nbrOfSeats number(10,0) not null,
        primary key (id)
    )
19:20:16,115 DEBUG SchemaExport:303 - 
    create table Port (
        id number(19,0) not null,
        primary key (id)
    )
19:20:16,206 DEBUG SchemaExport:303 - 
    create table Port_BoatInXml (
        Port_id number(19,0) not null,
        boats_id number(10,0) not null,
        primary key (Port_id, boats_id),
        unique (boats_id)
    )
19:20:16,310 DEBUG SchemaExport:303 - 
    alter table Port_BoatInXml 
        add constraint FKA5CA2D147B35F9C7 
        foreign key (boats_id) 
        references BoatInXml
19:20:16,365 DEBUG SchemaExport:303 - 
    alter table Port_BoatInXml 
        add constraint FKA5CA2D143B784FA 
        foreign key (Port_id) 
        references Port
19:20:16,432 DEBUG SchemaExport:303 - 
    create sequence hibernate_sequence
19:20:16,460  INFO SchemaExport:196 - schema export complete
19:20:16,473 DEBUG SQL:424 - 
    select
        boat0_.id as id21_,
        boat0_.boat_size as boat2_21_ 
    from
        BoatInXml boat0_
19:20:16,480 DEBUG SQL:424 - 
    select
        port0_.id as id23_ 
    from
        Port port0_
19:20:16,497  INFO SessionFactoryImpl:769 - closing
19:20:16,497  INFO DriverManagerConnectionProvider:147 - cleaning up connection pool: jdbc:oracle:thin:@(DESCRIPTION=(LOAD_BALANCE=on)(ADDRESS=(PROTOCOL=TCP)(HOST=vmg27-vip.mw.lab.eng.bos.redhat.com)(PORT=1521))(ADDRESS=(PROTOCOL=TCP)(HOST=vmg28-vip.mw.lab.eng.bos.redhat.com)(PORT=1521))(CONNECT_DATA=(SERVICE_NAME=qarac.jboss)))
19:20:16,511  INFO SchemaExport:154 - Running hbm2ddl schema export
19:20:16,512 DEBUG SchemaExport:170 - import file not found: /import.sql
19:20:16,512  INFO SchemaExport:179 - exporting generated schema to database
19:20:16,640 DEBUG SchemaExport:303 - 
    drop table BoatInXml cascade constraints
19:20:16,853 DEBUG SchemaExport:303 - 
    drop table Plane cascade constraints
19:20:17,050 DEBUG SchemaExport:303 - 
    drop table Port cascade constraints
19:20:17,164 DEBUG SchemaExport:303 - 
    drop table Port_BoatInXml cascade constraints
19:20:17,322 DEBUG SchemaExport:303 - 
    drop sequence hibernate_sequence
19:20:17,344  INFO SchemaExport:196 - schema export complete
]]></system-out>
  <system-err><![CDATA[]]></system-err>
</testsuite>
