<?xml version="1.0" encoding="UTF-8" ?>
<testsuite errors="0" failures="0" hostname="mm18-3.mm.atl2.redhat.com" name="org.hibernate.test.annotations.onetoone.OneToOneErrorTest" tests="1" time="0.012" timestamp="2010-11-16T01:36:41">
  <properties>
    <property name="file.encoding.pkg" value="sun.io"></property>
    <property name="dir.coberturainstrumented" value="tmp/cobertura/instrumented"></property>
    <property name="uuid" value="67423412-8c1d-4ad2-9dc9-c19abf54fa1d"></property>
    <property name="java.home" value="/qa/tools/opt/x86_64/jdk1.6.0_20/jre"></property>
    <property name="dballoc.db_type" value="clustered"></property>
    <property name="java.endorsed.dirs" value="/qa/tools/opt/x86_64/jdk1.6.0_20/jre/lib/endorsed"></property>
    <property name="env.MCAST_ADDR" value="227.43.88.228"></property>
    <property name="env.LOGNAME" value="hudson"></property>
    <property name="env.HUDSON_HOME" value="/home/hudson/hudson_workspace"></property>
    <property name="dir.findbugshome" value="lib/findbugs-1.3.9"></property>
    <property name="sun.os.patch.level" value="unknown"></property>
    <property name="java.vendor.url" value="http://java.sun.com/"></property>
    <property name="env.NODE_NAME" value="dsp-mm18-3-rhel5_x86_64"></property>
    <property name="env.G_BROKEN_FILENAMES" value="1"></property>
    <property name="java.version" value="1.6.0_20"></property>
    <property name="env.MAVEN_OPTS" value="-Xmx700m "></property>
    <property name="java.vendor.url.bug" value="http://java.sun.com/cgi-bin/bugreport.cgi"></property>
    <property name="env.SSH_CLIENT" value="10.16.88.204 34525 22"></property>
    <property name="env.JAVA_FOR_SLAVE" value="/qa/tools/opt/amd64/jdk1.6.0_20"></property>
    <property name="env.jdbc" value="jdbc3"></property>
    <property name="user.name" value="hudson"></property>
    <property name="env.LANG" value="en_US.UTF-8"></property>
    <property name="env.CVS_RSH" value="ssh"></property>
    <property name="sun.io.unicode.encoding" value="UnicodeLittle"></property>
    <property name="sun.jnu.encoding" value="UTF-8"></property>
    <property name="java.runtime.name" value="Java(TM) SE Runtime Environment"></property>
    <property name="eap.version" value="4.3.9"></property>
    <property name="env.SSH_CONNECTION" value="10.16.88.204 34525 10.16.88.228 22"></property>
    <property name="eap.package.file" value="/home/hudson/static_build_env/eap/jboss-eap-noauth-4.3.0.GA_CP09.CR2.zip"></property>
    <property name="dir.testsrc" value="src/test"></property>
    <property name="db.jdbc_class" value="oracle.jdbc.driver.OracleDriver"></property>
    <property name="java.specification.name" value="Java Platform API Specification"></property>
    <property name="user.timezone" value=""></property>
    <property name="env.LESSOPEN" value="|/usr/bin/lesspipe.sh %s"></property>
    <property name="path.separator" value=":"></property>
    <property name="file.encoding" value="UTF-8"></property>
    <property name="env.HOME" value="/home/hudson"></property>
    <property name="ant.file" value="/mnt/hudson_workspace/workspace/hibernate-eap43-annotations-qa-jvms-dballocator-TMP-oracle11gR2RAC/database/oracle11gR2RAC/eap_version/eap43/jdbc/jdbc3/jdk/java16_default/label/RHEL5_any/build.xml"></property>
    <property name="env.BUILD_TAG" value="hudson-database=oracle11gR2RAC,eap_version=eap43,jdbc=jdbc3,jdk=java16_default,label=RHEL5_any-1"></property>
    <property name="db.username" value="dballo01"></property>
    <property name="env.HOSTNAME" value="mm18-3"></property>
    <property name="dir.drivers" value="/qa/services/http/jdbc-drivers-products/EAP/4.3.9/oracle11gR2RAC/jdbc3"></property>
    <property name="java.io.tmpdir" value="/tmp"></property>
    <property name="user.language" value="en"></property>
    <property name="line.separator" value="
"></property>
    <property name="eap.lib" value="tmp/jboss-eap-4.3/jboss-as/server/default/lib"></property>
    <property name="env.ANT_OPTS" value="-Xmx700m "></property>
    <property name="dir.output" value="tmp/output"></property>
    <property name="env.eap_version" value="eap43"></property>
    <property name="env.HISTSIZE" value="1000"></property>
    <property name="jdbc.storage" value="/qa/services/http/jdbc-drivers-products/EAP"></property>
    <property name="env.JOB_NAME" value="hibernate-eap43-annotations-qa-jvms-dballocator-TMP-oracle11gR2RAC/database=oracle11gR2RAC,eap_version=eap43,jdbc=jdbc3,jdk=java16_default,label=RHEL5_any"></property>
    <property name="java.vm.info" value="mixed mode"></property>
    <property name="java.vm.specification.name" value="Java Virtual Machine Specification"></property>
    <property name="ant.file.null" value="/mnt/hudson_workspace/workspace/hibernate-eap43-annotations-qa-jvms-dballocator-TMP-oracle11gR2RAC/database/oracle11gR2RAC/eap_version/eap43/jdbc/jdbc3/jdk/java16_default/label/RHEL5_any/build.xml"></property>
    <property name="env.jdk" value="java16_default"></property>
    <property name="env.BUILD_URL" value="http://hudson.qa.jboss.com/hudson/job/hibernate-eap43-annotations-qa-jvms-dballocator-TMP-oracle11gR2RAC/./database=oracle11gR2RAC,eap_version=eap43,jdbc=jdbc3,jdk=java16_default,label=RHEL5_any/1/"></property>
    <property name="env.M2_HOME" value="/qa/tools/opt/maven-2.0.10"></property>
    <property name="db.name" value="qarac.jboss"></property>
    <property name="env.label" value="RHEL5_any"></property>
    <property name="svn.annotations.tests" value="http://anonsvn.jboss.org/repos/hibernate/annotations/tags/3_3_1_GA_CP04/src/test/"></property>
    <property name="java.awt.printerjob" value="sun.print.PSPrinterJob"></property>
    <property name="db.minpoolsize" value="10"></property>
    <property name="env.HUDSON_CONFIG_DIR" value="/home/hudson/config_repository"></property>
    <property name="ant.version" value="Apache Ant version 1.6.5 compiled on June 2 2005"></property>
    <property name="env.MAX_JAVA_MEM" value="-Xmx700m"></property>
    <property name="env.BUILD_NUMBER" value="1"></property>
    <property name="os.name" value="Linux"></property>
    <property name="java.specification.vendor" value="Sun Microsystems Inc."></property>
    <property name="java.vm.name" value="Java HotSpot(TM) 64-Bit Server VM"></property>
    <property name="env.SOURCE_REPO" value="/qa/tools/src"></property>
    <property name="env.JOB_URL" value="http://hudson.qa.jboss.com/hudson/job/hibernate-eap43-annotations-qa-jvms-dballocator-TMP-oracle11gR2RAC/./database=oracle11gR2RAC,eap_version=eap43,jdbc=jdbc3,jdk=java16_default,label=RHEL5_any/"></property>
    <property name="java.library.path" value="/qa/tools/opt/x86_64/jdk1.6.0_20/jre/lib/amd64/server:/qa/tools/opt/x86_64/jdk1.6.0_20/jre/lib/amd64:/qa/tools/opt/x86_64/jdk1.6.0_20/jre/../lib/amd64:/usr/java/packages/lib/amd64:/usr/lib64:/lib64:/lib:/usr/lib"></property>
    <property name="env.PATH" value="/qa/tools/opt/amd64/jdk1.6.0_20/bin:/qa/tools/opt/apache-ant-1.6.5/bin:/qa/tools/opt/maven-2.0.10/bin:/qa/tools/opt/amd64/jdk1.5.0_last/bin:/usr/xpg4/bin:/usr/kerberos/bin:/usr/xpg4/bin:/usr/local/bin:/bin:/usr/bin:/opt/maven/bin:/opt/subversion/bin:/opt/maven/bin:/opt/subversion/bin:/home/hudson/bin:/qa/tools/opt/x86_64/git-1.6.5/bin"></property>
    <property name="env.JAVA16" value="jdk1.6.0_20"></property>
    <property name="env.HUDSON_URL" value="http://hudson.qa.jboss.com/hudson/"></property>
    <property name="env.JAVA15" value="jdk1.5.0_last"></property>
    <property name="ant.java.version" value="1.5"></property>
    <property name="basedir" value="/mnt/hudson_workspace/workspace/hibernate-eap43-annotations-qa-jvms-dballocator-TMP-oracle11gR2RAC/database/oracle11gR2RAC/eap_version/eap43/jdbc/jdbc3/jdk/java16_default/label/RHEL5_any"></property>
    <property name="java.class.version" value="50.0"></property>
    <property name="env.SHLVL" value="2"></property>
    <property name="env.LD_LIBRARY_PATH" value="/qa/tools/opt/x86_64/jdk1.6.0_20/jre/lib/amd64/server:/qa/tools/opt/x86_64/jdk1.6.0_20/jre/lib/amd64:/qa/tools/opt/x86_64/jdk1.6.0_20/jre/../lib/amd64"></property>
    <property name="ant.home" value="/qa/tools/opt/apache-ant-1.6.5"></property>
    <property name="env.PSEP" value=":"></property>
    <property name="env.MCAST_PORT" value="45916"></property>
    <property name="dir.src" value="src/java"></property>
    <property name="net.sourceforge.cobertura.datafile" value="/mnt/hudson_workspace/workspace/hibernate-eap43-annotations-qa-jvms-dballocator-TMP-oracle11gR2RAC/database/oracle11gR2RAC/eap_version/eap43/jdbc/jdbc3/jdk/java16_default/label/RHEL5_any/tmp/cobertura/cobertura.ser"></property>
    <property name="dir.findbugs" value="tmp/findbugs"></property>
    <property name="db.primary_label" value="oracle11gR2RAC"></property>
    <property name="env.HUDSON_STATIC_ENV" value="/home/hudson/static_build_env"></property>
    <property name="sun.boot.library.path" value="/qa/tools/opt/x86_64/jdk1.6.0_20/jre/lib/amd64"></property>
    <property name="sun.management.compiler" value="HotSpot 64-Bit Server Compiler"></property>
    <property name="java.awt.graphicsenv" value="sun.awt.X11GraphicsEnvironment"></property>
    <property name="env.MYTESTIP_2" value="10.16.94.243"></property>
    <property name="env.MYTESTIP_1" value="10.16.94.242"></property>
    <property name="env.USER" value="hudson"></property>
    <property name="env.SEP" value="/"></property>
    <property name="java.vm.specification.version" value="1.0"></property>
    <property name="env.NLSPATH" value="/usr/dt/lib/nls/msg/%L/%N.cat"></property>
    <property name="sun.cpu.isalist" value=""></property>
    <property name="dir.config" value="dballocator/jdbc3"></property>
    <property name="java.ext.dirs" value="/qa/tools/opt/x86_64/jdk1.6.0_20/jre/lib/ext:/usr/java/packages/lib/ext"></property>
    <property name="os.version" value="2.6.18-164.2.1.el5"></property>
    <property name="database" value="oracle11gR2RAC"></property>
    <property name="user.home" value="/home/hudson"></property>
    <property name="java.vm.vendor" value="Sun Microsystems Inc."></property>
    <property name="env.NATIVE_TOOLS" value="/qa/tools/opt/amd64"></property>
    <property name="env.COMMON_TOOLS" value="/qa/tools/opt"></property>
    <property name="env.JAVA_HOME" value="/qa/tools/opt/amd64/jdk1.6.0_20"></property>
    <property name="env.INPUTRC" value="/etc/inputrc"></property>
    <property name="user.dir" value="/mnt/hudson_workspace/workspace/hibernate-eap43-annotations-qa-jvms-dballocator-TMP-oracle11gR2RAC/database/oracle11gR2RAC/eap_version/eap43/jdbc/jdbc3/jdk/java16_default/label/RHEL5_any"></property>
    <property name="env.XFILESEARCHPATH" value="/usr/dt/app-defaults/%L/Dt"></property>
    <property name="env.MAIL" value="/var/spool/mail/hudson"></property>
    <property name="env.PWD" value="/mnt/hudson_workspace/workspace/hibernate-eap43-annotations-qa-jvms-dballocator-TMP-oracle11gR2RAC/database/oracle11gR2RAC/eap_version/eap43/jdbc/jdbc3/jdk/java16_default/label/RHEL5_any"></property>
    <property name="sun.cpu.endian" value="little"></property>
    <property name="dir.resources" value="resources"></property>
    <property name="env.MYTESTIPS" value="10.16.94.242 10.16.94.243"></property>
    <property name="java.vm.version" value="16.3-b01"></property>
    <property name="java.class.path" value="/mnt/hudson_workspace/workspace/hibernate-eap43-annotations-qa-jvms-dballocator-TMP-oracle11gR2RAC/database/oracle11gR2RAC/eap_version/eap43/jdbc/jdbc3/jdk/java16_default/label/RHEL5_any/tmp/bin:/mnt/hudson_workspace/workspace/hibernate-eap43-annotations-qa-jvms-dballocator-TMP-oracle11gR2RAC/database/oracle11gR2RAC/eap_version/eap43/jdbc/jdbc3/jdk/java16_default/label/RHEL5_any/tmp/cobertura/instrumented/hibernate-annotations.jar:/mnt/hudson_workspace/workspace/hibernate-eap43-annotations-qa-jvms-dballocator-TMP-oracle11gR2RAC/database/oracle11gR2RAC/eap_version/eap43/jdbc/jdbc3/jdk/java16_default/label/RHEL5_any/lib/ant-junit.jar:/mnt/hudson_workspace/workspace/hibernate-eap43-annotations-qa-jvms-dballocator-TMP-oracle11gR2RAC/database/oracle11gR2RAC/eap_version/eap43/jdbc/jdbc3/jdk/java16_default/label/RHEL5_any/lib/cobertura.jar:/mnt/hudson_workspace/workspace/hibernate-eap43-annotations-qa-jvms-dballocator-TMP-oracle11gR2RAC/database/oracle11gR2RAC/eap_version/eap43/jdbc/jdbc3/jdk/java16_default/label/RHEL5_any/lib/junit.jar:/mnt/hudson_workspace/workspace/hibernate-eap43-annotations-qa-jvms-dballocator-TMP-oracle11gR2RAC/database/oracle11gR2RAC/eap_version/eap43/jdbc/jdbc3/jdk/java16_default/label/RHEL5_any/lib/lucene-core-2.0.0.jar:/qa/services/http/jdbc-drivers-products/EAP/4.3.9/oracle11gR2RAC/jdbc3/ojdbc5.jar:/mnt/hudson_workspace/workspace/hibernate-eap43-annotations-qa-jvms-dballocator-TMP-oracle11gR2RAC/database/oracle11gR2RAC/eap_version/eap43/jdbc/jdbc3/jdk/java16_default/label/RHEL5_any/tmp/jboss-eap-4.3/jboss-as/server/default/lib/activation.jar:/mnt/hudson_workspace/workspace/hibernate-eap43-annotations-qa-jvms-dballocator-TMP-oracle11gR2RAC/database/oracle11gR2RAC/eap_version/eap43/jdbc/jdbc3/jdk/java16_default/label/RHEL5_any/tmp/jboss-eap-4.3/jboss-as/server/default/lib/antlr.jar:/mnt/hudson_workspace/workspace/hibernate-eap43-annotations-qa-jvms-dballocator-TMP-oracle11gR2RAC/database/oracle11gR2RAC/eap_version/eap43/jdbc/jdbc3/jdk/java16_default/label/RHEL5_any/tmp/jboss-eap-4.3/jboss-as/server/default/lib/asm-attrs.jar:/mnt/hudson_workspace/workspace/hibernate-eap43-annotations-qa-jvms-dballocator-TMP-oracle11gR2RAC/database/oracle11gR2RAC/eap_version/eap43/jdbc/jdbc3/jdk/java16_default/label/RHEL5_any/tmp/jboss-eap-4.3/jboss-as/server/default/lib/asm.jar:/mnt/hudson_workspace/workspace/hibernate-eap43-annotations-qa-jvms-dballocator-TMP-oracle11gR2RAC/database/oracle11gR2RAC/eap_version/eap43/jdbc/jdbc3/jdk/java16_default/label/RHEL5_any/tmp/jboss-eap-4.3/jboss-as/server/default/lib/autonumber-plugin.jar:/mnt/hudson_workspace/workspace/hibernate-eap43-annotations-qa-jvms-dballocator-TMP-oracle11gR2RAC/database/oracle11gR2RAC/eap_version/eap43/jdbc/jdbc3/jdk/java16_default/label/RHEL5_any/tmp/jboss-eap-4.3/jboss-as/server/default/lib/bcel.jar:/mnt/hudson_workspace/workspace/hibernate-eap43-annotations-qa-jvms-dballocator-TMP-oracle11gR2RAC/database/oracle11gR2RAC/eap_version/eap43/jdbc/jdbc3/jdk/java16_default/label/RHEL5_any/tmp/jboss-eap-4.3/jboss-as/server/default/lib/bindingservice-plugin.jar:/mnt/hudson_workspace/workspace/hibernate-eap43-annotations-qa-jvms-dballocator-TMP-oracle11gR2RAC/database/oracle11gR2RAC/eap_version/eap43/jdbc/jdbc3/jdk/java16_default/label/RHEL5_any/tmp/jboss-eap-4.3/jboss-as/server/default/lib/bsf.jar:/mnt/hudson_workspace/workspace/hibernate-eap43-annotations-qa-jvms-dballocator-TMP-oracle11gR2RAC/database/oracle11gR2RAC/eap_version/eap43/jdbc/jdbc3/jdk/java16_default/label/RHEL5_any/tmp/jboss-eap-4.3/jboss-as/server/default/lib/bsh-deployer.jar:/mnt/hudson_workspace/workspace/hibernate-eap43-annotations-qa-jvms-dballocator-TMP-oracle11gR2RAC/database/oracle11gR2RAC/eap_version/eap43/jdbc/jdbc3/jdk/java16_default/label/RHEL5_any/tmp/jboss-eap-4.3/jboss-as/server/default/lib/bsh.jar:/mnt/hudson_workspace/workspace/hibernate-eap43-annotations-qa-jvms-dballocator-TMP-oracle11gR2RAC/database/oracle11gR2RAC/eap_version/eap43/jdbc/jdbc3/jdk/java16_default/label/RHEL5_any/tmp/jboss-eap-4.3/jboss-as/server/default/lib/cglib.jar:/mnt/hudson_workspace/workspace/hibernate-eap43-annotations-qa-jvms-dballocator-TMP-oracle11gR2RAC/database/oracle11gR2RAC/eap_version/eap43/jdbc/jdbc3/jdk/java16_default/label/RHEL5_any/tmp/jboss-eap-4.3/jboss-as/server/default/lib/commons-codec.jar:/mnt/hudson_workspace/workspace/hibernate-eap43-annotations-qa-jvms-dballocator-TMP-oracle11gR2RAC/database/oracle11gR2RAC/eap_version/eap43/jdbc/jdbc3/jdk/java16_default/label/RHEL5_any/tmp/jboss-eap-4.3/jboss-as/server/default/lib/commons-collections.jar:/mnt/hudson_workspace/workspace/hibernate-eap43-annotations-qa-jvms-dballocator-TMP-oracle11gR2RAC/database/oracle11gR2RAC/eap_version/eap43/jdbc/jdbc3/jdk/java16_default/label/RHEL5_any/tmp/jboss-eap-4.3/jboss-as/server/default/lib/commons-httpclient.jar:/mnt/hudson_workspace/workspace/hibernate-eap43-annotations-qa-jvms-dballocator-TMP-oracle11gR2RAC/database/oracle11gR2RAC/eap_version/eap43/jdbc/jdbc3/jdk/java16_default/label/RHEL5_any/tmp/jboss-eap-4.3/jboss-as/server/default/lib/commons-logging.jar:/mnt/hudson_workspace/workspace/hibernate-eap43-annotations-qa-jvms-dballocator-TMP-oracle11gR2RAC/database/oracle11gR2RAC/eap_version/eap43/jdbc/jdbc3/jdk/java16_default/label/RHEL5_any/tmp/jboss-eap-4.3/jboss-as/server/default/lib/dom4j.jar:/mnt/hudson_workspace/workspace/hibernate-eap43-annotations-qa-jvms-dballocator-TMP-oracle11gR2RAC/database/oracle11gR2RAC/eap_version/eap43/jdbc/jdbc3/jdk/java16_default/label/RHEL5_any/tmp/jboss-eap-4.3/jboss-as/server/default/lib/ejb3-persistence.jar:/mnt/hudson_workspace/workspace/hibernate-eap43-annotations-qa-jvms-dballocator-TMP-oracle11gR2RAC/database/oracle11gR2RAC/eap_version/eap43/jdbc/jdbc3/jdk/java16_default/label/RHEL5_any/tmp/jboss-eap-4.3/jboss-as/server/default/lib/el-api.jar:/mnt/hudson_workspace/workspace/hibernate-eap43-annotations-qa-jvms-dballocator-TMP-oracle11gR2RAC/database/oracle11gR2RAC/eap_version/eap43/jdbc/jdbc3/jdk/java16_default/label/RHEL5_any/tmp/jboss-eap-4.3/jboss-as/server/default/lib/hibernate-annotations.jar:/mnt/hudson_workspace/workspace/hibernate-eap43-annotations-qa-jvms-dballocator-TMP-oracle11gR2RAC/database/oracle11gR2RAC/eap_version/eap43/jdbc/jdbc3/jdk/java16_default/label/RHEL5_any/tmp/jboss-eap-4.3/jboss-as/server/default/lib/hibernate-commons-annotations.jar:/mnt/hudson_workspace/workspace/hibernate-eap43-annotations-qa-jvms-dballocator-TMP-oracle11gR2RAC/database/oracle11gR2RAC/eap_version/eap43/jdbc/jdbc3/jdk/java16_default/label/RHEL5_any/tmp/jboss-eap-4.3/jboss-as/server/default/lib/hibernate-entitymanager.jar:/mnt/hudson_workspace/workspace/hibernate-eap43-annotations-qa-jvms-dballocator-TMP-oracle11gR2RAC/database/oracle11gR2RAC/eap_version/eap43/jdbc/jdbc3/jdk/java16_default/label/RHEL5_any/tmp/jboss-eap-4.3/jboss-as/server/default/lib/hibernate-validator.jar:/mnt/hudson_workspace/workspace/hibernate-eap43-annotations-qa-jvms-dballocator-TMP-oracle11gR2RAC/database/oracle11gR2RAC/eap_version/eap43/jdbc/jdbc3/jdk/java16_default/label/RHEL5_any/tmp/jboss-eap-4.3/jboss-as/server/default/lib/hibernate3.jar:/mnt/hudson_workspace/workspace/hibernate-eap43-annotations-qa-jvms-dballocator-TMP-oracle11gR2RAC/database/oracle11gR2RAC/eap_version/eap43/jdbc/jdbc3/jdk/java16_default/label/RHEL5_any/tmp/jboss-eap-4.3/jboss-as/server/default/lib/hsqldb-plugin.jar:/mnt/hudson_workspace/workspace/hibernate-eap43-annotations-qa-jvms-dballocator-TMP-oracle11gR2RAC/database/oracle11gR2RAC/eap_version/eap43/jdbc/jdbc3/jdk/java16_default/label/RHEL5_any/tmp/jboss-eap-4.3/jboss-as/server/default/lib/hsqldb.jar:/mnt/hudson_workspace/workspace/hibernate-eap43-annotations-qa-jvms-dballocator-TMP-oracle11gR2RAC/database/oracle11gR2RAC/eap_version/eap43/jdbc/jdbc3/jdk/java16_default/label/RHEL5_any/tmp/jboss-eap-4.3/jboss-as/server/default/lib/javassist.jar:/mnt/hudson_workspace/workspace/hibernate-eap43-annotations-qa-jvms-dballocator-TMP-oracle11gR2RAC/database/oracle11gR2RAC/eap_version/eap43/jdbc/jdbc3/jdk/java16_default/label/RHEL5_any/tmp/jboss-eap-4.3/jboss-as/server/default/lib/jaxen.jar:/mnt/hudson_workspace/workspace/hibernate-eap43-annotations-qa-jvms-dballocator-TMP-oracle11gR2RAC/database/oracle11gR2RAC/eap_version/eap43/jdbc/jdbc3/jdk/java16_default/label/RHEL5_any/tmp/jboss-eap-4.3/jboss-as/server/default/lib/jboss-cache-jdk50.jar:/mnt/hudson_workspace/workspace/hibernate-eap43-annotations-qa-jvms-dballocator-TMP-oracle11gR2RAC/database/oracle11gR2RAC/eap_version/eap43/jdbc/jdbc3/jdk/java16_default/label/RHEL5_any/tmp/jboss-eap-4.3/jboss-as/server/default/lib/jboss-common-jdbc-wrapper.jar:/mnt/hudson_workspace/workspace/hibernate-eap43-annotations-qa-jvms-dballocator-TMP-oracle11gR2RAC/database/oracle11gR2RAC/eap_version/eap43/jdbc/jdbc3/jdk/java16_default/label/RHEL5_any/tmp/jboss-eap-4.3/jboss-as/server/default/lib/jboss-ejb3x.jar:/mnt/hudson_workspace/workspace/hibernate-eap43-annotations-qa-jvms-dballocator-TMP-oracle11gR2RAC/database/oracle11gR2RAC/eap_version/eap43/jdbc/jdbc3/jdk/java16_default/label/RHEL5_any/tmp/jboss-eap-4.3/jboss-as/server/default/lib/jboss-hibernate.jar:/mnt/hudson_workspace/workspace/hibernate-eap43-annotations-qa-jvms-dballocator-TMP-oracle11gR2RAC/database/oracle11gR2RAC/eap_version/eap43/jdbc/jdbc3/jdk/java16_default/label/RHEL5_any/tmp/jboss-eap-4.3/jboss-as/server/default/lib/jboss-j2ee.jar:/mnt/hudson_workspace/workspace/hibernate-eap43-annotations-qa-jvms-dballocator-TMP-oracle11gR2RAC/database/oracle11gR2RAC/eap_version/eap43/jdbc/jdbc3/jdk/java16_default/label/RHEL5_any/tmp/jboss-eap-4.3/jboss-as/server/default/lib/jboss-jaxrpc.jar:/mnt/hudson_workspace/workspace/hibernate-eap43-annotations-qa-jvms-dballocator-TMP-oracle11gR2RAC/database/oracle11gR2RAC/eap_version/eap43/jdbc/jdbc3/jdk/java16_default/label/RHEL5_any/tmp/jboss-eap-4.3/jboss-as/server/default/lib/jboss-jaxws.jar:/mnt/hudson_workspace/workspace/hibernate-eap43-annotations-qa-jvms-dballocator-TMP-oracle11gR2RAC/database/oracle11gR2RAC/eap_version/eap43/jdbc/jdbc3/jdk/java16_default/label/RHEL5_any/tmp/jboss-eap-4.3/jboss-as/server/default/lib/jboss-jca.jar:/mnt/hudson_workspace/workspace/hibernate-eap43-annotations-qa-jvms-dballocator-TMP-oracle11gR2RAC/database/oracle11gR2RAC/eap_version/eap43/jdbc/jdbc3/jdk/java16_default/label/RHEL5_any/tmp/jboss-eap-4.3/jboss-as/server/default/lib/jboss-jsr77.jar:/mnt/hudson_workspace/workspace/hibernate-eap43-annotations-qa-jvms-dballocator-TMP-oracle11gR2RAC/database/oracle11gR2RAC/eap_version/eap43/jdbc/jdbc3/jdk/java16_default/label/RHEL5_any/tmp/jboss-eap-4.3/jboss-as/server/default/lib/jboss-jsr88.jar:/mnt/hudson_workspace/workspace/hibernate-eap43-annotations-qa-jvms-dballocator-TMP-oracle11gR2RAC/database/oracle11gR2RAC/eap_version/eap43/jdbc/jdbc3/jdk/java16_default/label/RHEL5_any/tmp/jboss-eap-4.3/jboss-as/server/default/lib/jboss-management.jar:/mnt/hudson_workspace/workspace/hibernate-eap43-annotations-qa-jvms-dballocator-TMP-oracle11gR2RAC/database/oracle11gR2RAC/eap_version/eap43/jdbc/jdbc3/jdk/java16_default/label/RHEL5_any/tmp/jboss-eap-4.3/jboss-as/server/default/lib/jboss-messaging-client.jar:/mnt/hudson_workspace/workspace/hibernate-eap43-annotations-qa-jvms-dballocator-TMP-oracle11gR2RAC/database/oracle11gR2RAC/eap_version/eap43/jdbc/jdbc3/jdk/java16_default/label/RHEL5_any/tmp/jboss-eap-4.3/jboss-as/server/default/lib/jboss-messaging.jar:/mnt/hudson_workspace/workspace/hibernate-eap43-annotations-qa-jvms-dballocator-TMP-oracle11gR2RAC/database/oracle11gR2RAC/eap_version/eap43/jdbc/jdbc3/jdk/java16_default/label/RHEL5_any/tmp/jboss-eap-4.3/jboss-as/server/default/lib/jboss-monitoring.jar:/mnt/hudson_workspace/workspace/hibernate-eap43-annotations-qa-jvms-dballocator-TMP-oracle11gR2RAC/database/oracle11gR2RAC/eap_version/eap43/jdbc/jdbc3/jdk/java16_default/label/RHEL5_any/tmp/jboss-eap-4.3/jboss-as/server/default/lib/jboss-remoting-int.jar:/mnt/hudson_workspace/workspace/hibernate-eap43-annotations-qa-jvms-dballocator-TMP-oracle11gR2RAC/database/oracle11gR2RAC/eap_version/eap43/jdbc/jdbc3/jdk/java16_default/label/RHEL5_any/tmp/jboss-eap-4.3/jboss-as/server/default/lib/jboss-remoting.jar:/mnt/hudson_workspace/workspace/hibernate-eap43-annotations-qa-jvms-dballocator-TMP-oracle11gR2RAC/database/oracle11gR2RAC/eap_version/eap43/jdbc/jdbc3/jdk/java16_default/label/RHEL5_any/tmp/jboss-eap-4.3/jboss-as/server/default/lib/jboss-saaj.jar:/mnt/hudson_workspace/workspace/hibernate-eap43-annotations-qa-jvms-dballocator-TMP-oracle11gR2RAC/database/oracle11gR2RAC/eap_version/eap43/jdbc/jdbc3/jdk/java16_default/label/RHEL5_any/tmp/jboss-eap-4.3/jboss-as/server/default/lib/jboss-serialization.jar:/mnt/hudson_workspace/workspace/hibernate-eap43-annotations-qa-jvms-dballocator-TMP-oracle11gR2RAC/database/oracle11gR2RAC/eap_version/eap43/jdbc/jdbc3/jdk/java16_default/label/RHEL5_any/tmp/jboss-eap-4.3/jboss-as/server/default/lib/jboss-srp.jar:/mnt/hudson_workspace/workspace/hibernate-eap43-annotations-qa-jvms-dballocator-TMP-oracle11gR2RAC/database/oracle11gR2RAC/eap_version/eap43/jdbc/jdbc3/jdk/java16_default/label/RHEL5_any/tmp/jboss-eap-4.3/jboss-as/server/default/lib/jboss-transaction.jar:/mnt/hudson_workspace/workspace/hibernate-eap43-annotations-qa-jvms-dballocator-TMP-oracle11gR2RAC/database/oracle11gR2RAC/eap_version/eap43/jdbc/jdbc3/jdk/java16_default/label/RHEL5_any/tmp/jboss-eap-4.3/jboss-as/server/default/lib/jboss-vfs.jar:/mnt/hudson_workspace/workspace/hibernate-eap43-annotations-qa-jvms-dballocator-TMP-oracle11gR2RAC/database/oracle11gR2RAC/eap_version/eap43/jdbc/jdbc3/jdk/java16_default/label/RHEL5_any/tmp/jboss-eap-4.3/jboss-as/server/default/lib/jboss.jar:/mnt/hudson_workspace/workspace/hibernate-eap43-annotations-qa-jvms-dballocator-TMP-oracle11gR2RAC/database/oracle11gR2RAC/eap_version/eap43/jdbc/jdbc3/jdk/java16_default/label/RHEL5_any/tmp/jboss-eap-4.3/jboss-as/server/default/lib/jbossjta-integration.jar:/mnt/hudson_workspace/workspace/hibernate-eap43-annotations-qa-jvms-dballocator-TMP-oracle11gR2RAC/database/oracle11gR2RAC/eap_version/eap43/jdbc/jdbc3/jdk/java16_default/label/RHEL5_any/tmp/jboss-eap-4.3/jboss-as/server/default/lib/jbossjta.jar:/mnt/hudson_workspace/workspace/hibernate-eap43-annotations-qa-jvms-dballocator-TMP-oracle11gR2RAC/database/oracle11gR2RAC/eap_version/eap43/jdbc/jdbc3/jdk/java16_default/label/RHEL5_any/tmp/jboss-eap-4.3/jboss-as/server/default/lib/jbosssx.jar:/mnt/hudson_workspace/workspace/hibernate-eap43-annotations-qa-jvms-dballocator-TMP-oracle11gR2RAC/database/oracle11gR2RAC/eap_version/eap43/jdbc/jdbc3/jdk/java16_default/label/RHEL5_any/tmp/jboss-eap-4.3/jboss-as/server/default/lib/jbossts-common.jar:/mnt/hudson_workspace/workspace/hibernate-eap43-annotations-qa-jvms-dballocator-TMP-oracle11gR2RAC/database/oracle11gR2RAC/eap_version/eap43/jdbc/jdbc3/jdk/java16_default/label/RHEL5_any/tmp/jboss-eap-4.3/jboss-as/server/default/lib/jbossws-common.jar:/mnt/hudson_workspace/workspace/hibernate-eap43-annotations-qa-jvms-dballocator-TMP-oracle11gR2RAC/database/oracle11gR2RAC/eap_version/eap43/jdbc/jdbc3/jdk/java16_default/label/RHEL5_any/tmp/jboss-eap-4.3/jboss-as/server/default/lib/jbossws-framework.jar:/mnt/hudson_workspace/workspace/hibernate-eap43-annotations-qa-jvms-dballocator-TMP-oracle11gR2RAC/database/oracle11gR2RAC/eap_version/eap43/jdbc/jdbc3/jdk/java16_default/label/RHEL5_any/tmp/jboss-eap-4.3/jboss-as/server/default/lib/jbossws-jboss42.jar:/mnt/hudson_workspace/workspace/hibernate-eap43-annotations-qa-jvms-dballocator-TMP-oracle11gR2RAC/database/oracle11gR2RAC/eap_version/eap43/jdbc/jdbc3/jdk/java16_default/label/RHEL5_any/tmp/jboss-eap-4.3/jboss-as/server/default/lib/jbossws-spi.jar:/mnt/hudson_workspace/workspace/hibernate-eap43-annotations-qa-jvms-dballocator-TMP-oracle11gR2RAC/database/oracle11gR2RAC/eap_version/eap43/jdbc/jdbc3/jdk/java16_default/label/RHEL5_any/tmp/jboss-eap-4.3/jboss-as/server/default/lib/jmx-adaptor-plugin.jar:/mnt/hudson_workspace/workspace/hibernate-eap43-annotations-qa-jvms-dballocator-TMP-oracle11gR2RAC/database/oracle11gR2RAC/eap_version/eap43/jdbc/jdbc3/jdk/java16_default/label/RHEL5_any/tmp/jboss-eap-4.3/jboss-as/server/default/lib/jnpserver.jar:/mnt/hudson_workspace/workspace/hibernate-eap43-annotations-qa-jvms-dballocator-TMP-oracle11gR2RAC/database/oracle11gR2RAC/eap_version/eap43/jdbc/jdbc3/jdk/java16_default/label/RHEL5_any/tmp/jboss-eap-4.3/jboss-as/server/default/lib/joesnmp.jar:/mnt/hudson_workspace/workspace/hibernate-eap43-annotations-qa-jvms-dballocator-TMP-oracle11gR2RAC/database/oracle11gR2RAC/eap_version/eap43/jdbc/jdbc3/jdk/java16_default/label/RHEL5_any/tmp/jboss-eap-4.3/jboss-as/server/default/lib/jsp-api.jar:/mnt/hudson_workspace/workspace/hibernate-eap43-annotations-qa-jvms-dballocator-TMP-oracle11gR2RAC/database/oracle11gR2RAC/eap_version/eap43/jdbc/jdbc3/jdk/java16_default/label/RHEL5_any/tmp/jboss-eap-4.3/jboss-as/server/default/lib/log4j-snmp-appender.jar:/mnt/hudson_workspace/workspace/hibernate-eap43-annotations-qa-jvms-dballocator-TMP-oracle11gR2RAC/database/oracle11gR2RAC/eap_version/eap43/jdbc/jdbc3/jdk/java16_default/label/RHEL5_any/tmp/jboss-eap-4.3/jboss-as/server/default/lib/log4j.jar:/mnt/hudson_workspace/workspace/hibernate-eap43-annotations-qa-jvms-dballocator-TMP-oracle11gR2RAC/database/oracle11gR2RAC/eap_version/eap43/jdbc/jdbc3/jdk/java16_default/label/RHEL5_any/tmp/jboss-eap-4.3/jboss-as/server/default/lib/mail-plugin.jar:/mnt/hudson_workspace/workspace/hibernate-eap43-annotations-qa-jvms-dballocator-TMP-oracle11gR2RAC/database/oracle11gR2RAC/eap_version/eap43/jdbc/jdbc3/jdk/java16_default/label/RHEL5_any/tmp/jboss-eap-4.3/jboss-as/server/default/lib/mail.jar:/mnt/hudson_workspace/workspace/hibernate-eap43-annotations-qa-jvms-dballocator-TMP-oracle11gR2RAC/database/oracle11gR2RAC/eap_version/eap43/jdbc/jdbc3/jdk/java16_default/label/RHEL5_any/tmp/jboss-eap-4.3/jboss-as/server/default/lib/properties-plugin.jar:/mnt/hudson_workspace/workspace/hibernate-eap43-annotations-qa-jvms-dballocator-TMP-oracle11gR2RAC/database/oracle11gR2RAC/eap_version/eap43/jdbc/jdbc3/jdk/java16_default/label/RHEL5_any/tmp/jboss-eap-4.3/jboss-as/server/default/lib/quartz-all.jar:/mnt/hudson_workspace/workspace/hibernate-eap43-annotations-qa-jvms-dballocator-TMP-oracle11gR2RAC/database/oracle11gR2RAC/eap_version/eap43/jdbc/jdbc3/jdk/java16_default/label/RHEL5_any/tmp/jboss-eap-4.3/jboss-as/server/default/lib/scheduler-plugin-example.jar:/mnt/hudson_workspace/workspace/hibernate-eap43-annotations-qa-jvms-dballocator-TMP-oracle11gR2RAC/database/oracle11gR2RAC/eap_version/eap43/jdbc/jdbc3/jdk/java16_default/label/RHEL5_any/tmp/jboss-eap-4.3/jboss-as/server/default/lib/scheduler-plugin.jar:/mnt/hudson_workspace/workspace/hibernate-eap43-annotations-qa-jvms-dballocator-TMP-oracle11gR2RAC/database/oracle11gR2RAC/eap_version/eap43/jdbc/jdbc3/jdk/java16_default/label/RHEL5_any/tmp/jboss-eap-4.3/jboss-as/server/default/lib/servlet-api.jar:/mnt/hudson_workspace/workspace/hibernate-eap43-annotations-qa-jvms-dballocator-TMP-oracle11gR2RAC/database/oracle11gR2RAC/eap_version/eap43/jdbc/jdbc3/jdk/java16_default/label/RHEL5_any/tmp/jboss-eap-4.3/jboss-as/server/default/lib/xmlentitymgr.jar:/qa/tools/opt/apache-ant-1.6.5/lib/junit.jar:/qa/tools/opt/apache-ant-1.6.5/lib/ant-launcher.jar:/qa/tools/opt/apache-ant-1.6.5/lib/ant.jar:/qa/tools/opt/apache-ant-1.6.5/lib/ant-junit.jar"></property>
    <property name="ant.library.dir" value="/qa/tools/opt/apache-ant-1.6.5/lib"></property>
    <property name="os.arch" value="amd64"></property>
    <property name="dir.work" value="tmp"></property>
    <property name="db.maxpoolsize" value="50"></property>
    <property name="jdbc" value="jdbc3"></property>
    <property name="sun.java.launcher" value="SUN_STANDARD"></property>
    <property name="env.BUILD_ID" value="2010-11-15_19-17-10"></property>
    <property name="java.vm.specification.vendor" value="Sun Microsystems Inc."></property>
    <property name="file.separator" value="/"></property>
    <property name="dir.cobertura" value="tmp/cobertura"></property>
    <property name="java.runtime.version" value="1.6.0_20-b02"></property>
    <property name="sun.boot.class.path" value="/qa/tools/opt/x86_64/jdk1.6.0_20/jre/lib/resources.jar:/qa/tools/opt/x86_64/jdk1.6.0_20/jre/lib/rt.jar:/qa/tools/opt/x86_64/jdk1.6.0_20/jre/lib/sunrsasign.jar:/qa/tools/opt/x86_64/jdk1.6.0_20/jre/lib/jsse.jar:/qa/tools/opt/x86_64/jdk1.6.0_20/jre/lib/jce.jar:/qa/tools/opt/x86_64/jdk1.6.0_20/jre/lib/charsets.jar:/qa/tools/opt/x86_64/jdk1.6.0_20/jre/classes"></property>
    <property name="dir.lib" value="lib"></property>
    <property name="db.jdbc_url" value="jdbc:oracle:thin:@(DESCRIPTION=(LOAD_BALANCE=on)(ADDRESS=(PROTOCOL=TCP)(HOST=vmg27-vip.mw.lab.eng.bos.redhat.com)(PORT=1521))(ADDRESS=(PROTOCOL=TCP)(HOST=vmg28-vip.mw.lab.eng.bos.redhat.com)(PORT=1521))(CONNECT_DATA=(SERVICE_NAME=qarac.jboss)))"></property>
    <property name="db.password" value="dballo01"></property>
    <property name="env.WORKSPACE" value="/mnt/hudson_workspace/workspace/hibernate-eap43-annotations-qa-jvms-dballocator-TMP-oracle11gR2RAC/database/oracle11gR2RAC/eap_version/eap43/jdbc/jdbc3/jdk/java16_default/label/RHEL5_any"></property>
    <property name="eap_version" value="eap43"></property>
    <property name="env.ANT_HOME" value="/qa/tools/opt/apache-ant-1.6.5"></property>
    <property name="user.country" value="US"></property>
    <property name="env.EXECUTOR_NUMBER" value="0"></property>
    <property name="env.SHELL" value="/bin/bash"></property>
    <property name="dir.bin" value="tmp/bin"></property>
    <property name="java.vendor" value="Sun Microsystems Inc."></property>
    <property name="env.HUDSON_COOKIE" value="39d7712a-4e19-4bd2-8ac2-a24579bdf88d"></property>
    <property name="env.database" value="oracle11gR2RAC"></property>
    <property name="java.specification.version" value="1.6"></property>
    <property name="sun.arch.data.model" value="64"></property>
  </properties>
  <testcase classname="org.hibernate.test.annotations.onetoone.OneToOneErrorTest" name="testWrongOneToOne" time="0.0080"></testcase>
  <system-out><![CDATA[]]></system-out>
  <system-err><![CDATA[]]></system-err>
</testsuite>
