<?xml version="1.0" encoding="UTF-8" ?>
<testsuite errors="0" failures="0" hostname="soa6.qa.atl2.redhat.com" name="org.hibernate.test.annotations.indexcoll.IndexedCollectionTest" tests="14" time="101.672" timestamp="2010-11-16T21:48:48">
  <properties>
    <property name="file.encoding.pkg" value="sun.io"></property>
    <property name="dir.coberturainstrumented" value="tmp/cobertura/instrumented"></property>
    <property name="uuid" value="2e30cc10-b284-426a-93c7-79bd2b9e9b15"></property>
    <property name="java.home" value="/qa/tools/opt/x86_64/jdk1.6.0_20/jre"></property>
    <property name="dballoc.db_type" value="clustered"></property>
    <property name="java.endorsed.dirs" value="/qa/tools/opt/x86_64/jdk1.6.0_20/jre/lib/endorsed"></property>
    <property name="env.MCAST_ADDR" value="227.43.88.202"></property>
    <property name="env.LOGNAME" value="hudson"></property>
    <property name="env.HUDSON_HOME" value="/home/hudson/hudson_workspace"></property>
    <property name="dir.findbugshome" value="lib/findbugs-1.3.9"></property>
    <property name="sun.os.patch.level" value="unknown"></property>
    <property name="java.vendor.url" value="http://java.sun.com/"></property>
    <property name="env.NODE_NAME" value="soa6-rhel5-x86_64"></property>
    <property name="env.G_BROKEN_FILENAMES" value="1"></property>
    <property name="java.version" value="1.6.0_20"></property>
    <property name="env.MAVEN_OPTS" value="-Xmx700m "></property>
    <property name="java.vendor.url.bug" value="http://java.sun.com/cgi-bin/bugreport.cgi"></property>
    <property name="env.SSH_CLIENT" value="10.16.88.204 60285 22"></property>
    <property name="env.JAVA_FOR_SLAVE" value="/qa/tools/opt/amd64/jdk1.6.0_20"></property>
    <property name="env.jdbc" value="jdbc3"></property>
    <property name="user.name" value="hudson"></property>
    <property name="env.LANG" value="en_US.UTF-8"></property>
    <property name="env.CVS_RSH" value="ssh"></property>
    <property name="sun.io.unicode.encoding" value="UnicodeLittle"></property>
    <property name="sun.jnu.encoding" value="UTF-8"></property>
    <property name="java.runtime.name" value="Java(TM) SE Runtime Environment"></property>
    <property name="eap.version" value="4.3.9"></property>
    <property name="env.SSH_CONNECTION" value="10.16.88.204 60285 10.16.88.202 22"></property>
    <property name="eap.package.file" value="/home/hudson/static_build_env/eap/jboss-eap-noauth-4.3.0.GA_CP09.CR2.zip"></property>
    <property name="dir.testsrc" value="src/test"></property>
    <property name="db.jdbc_class" value="oracle.jdbc.driver.OracleDriver"></property>
    <property name="java.specification.name" value="Java Platform API Specification"></property>
    <property name="user.timezone" value=""></property>
    <property name="env.LESSOPEN" value="|/usr/bin/lesspipe.sh %s"></property>
    <property name="path.separator" value=":"></property>
    <property name="file.encoding" value="UTF-8"></property>
    <property name="env.HOME" value="/home/hudson"></property>
    <property name="ant.file" value="/qa/hudson_ws/workspace/hibernate-eap43-annotations-qa-jvms-dballocator-TMP-oracle11gR2RAC/database/oracle11gR2RAC/eap_version/eap43/jdbc/jdbc3/jdk/java16_default/label/RHEL5_any/build.xml"></property>
    <property name="env.BUILD_TAG" value="hudson-database=oracle11gR2RAC,eap_version=eap43,jdbc=jdbc3,jdk=java16_default,label=RHEL5_any-3"></property>
    <property name="db.username" value="dballo01"></property>
    <property name="env.HOSTNAME" value="soa6"></property>
    <property name="dir.drivers" value="/qa/services/http/jdbc-drivers-products/EAP/4.3.9/oracle11gR2RAC/jdbc3"></property>
    <property name="java.io.tmpdir" value="/tmp"></property>
    <property name="user.language" value="en"></property>
    <property name="line.separator" value="
"></property>
    <property name="eap.lib" value="tmp/jboss-eap-4.3/jboss-as/server/default/lib"></property>
    <property name="env.ANT_OPTS" value="-Xmx700m "></property>
    <property name="dir.output" value="tmp/output"></property>
    <property name="env.eap_version" value="eap43"></property>
    <property name="env.HISTSIZE" value="1000"></property>
    <property name="jdbc.storage" value="/qa/services/http/jdbc-drivers-products/EAP"></property>
    <property name="env.JOB_NAME" value="hibernate-eap43-annotations-qa-jvms-dballocator-TMP-oracle11gR2RAC/database=oracle11gR2RAC,eap_version=eap43,jdbc=jdbc3,jdk=java16_default,label=RHEL5_any"></property>
    <property name="java.vm.info" value="mixed mode"></property>
    <property name="java.vm.specification.name" value="Java Virtual Machine Specification"></property>
    <property name="ant.file.null" value="/qa/hudson_ws/workspace/hibernate-eap43-annotations-qa-jvms-dballocator-TMP-oracle11gR2RAC/database/oracle11gR2RAC/eap_version/eap43/jdbc/jdbc3/jdk/java16_default/label/RHEL5_any/build.xml"></property>
    <property name="env.jdk" value="java16_default"></property>
    <property name="env.BUILD_URL" value="http://hudson.qa.jboss.com/hudson/job/hibernate-eap43-annotations-qa-jvms-dballocator-TMP-oracle11gR2RAC/./database=oracle11gR2RAC,eap_version=eap43,jdbc=jdbc3,jdk=java16_default,label=RHEL5_any/3/"></property>
    <property name="env.M2_HOME" value="/qa/tools/opt/maven-2.0.10"></property>
    <property name="db.name" value="qarac.jboss"></property>
    <property name="env.label" value="RHEL5_any"></property>
    <property name="svn.annotations.tests" value="http://anonsvn.jboss.org/repos/hibernate/annotations/tags/3_3_1_GA_CP04/src/test/"></property>
    <property name="java.awt.printerjob" value="sun.print.PSPrinterJob"></property>
    <property name="db.minpoolsize" value="10"></property>
    <property name="env.HUDSON_CONFIG_DIR" value="/home/hudson/config_repository"></property>
    <property name="ant.version" value="Apache Ant version 1.6.5 compiled on June 2 2005"></property>
    <property name="env.MAX_JAVA_MEM" value="-Xmx700m"></property>
    <property name="env.BUILD_NUMBER" value="3"></property>
    <property name="os.name" value="Linux"></property>
    <property name="java.specification.vendor" value="Sun Microsystems Inc."></property>
    <property name="java.vm.name" value="Java HotSpot(TM) 64-Bit Server VM"></property>
    <property name="env.SOURCE_REPO" value="/qa/tools/src"></property>
    <property name="env.JOB_URL" value="http://hudson.qa.jboss.com/hudson/job/hibernate-eap43-annotations-qa-jvms-dballocator-TMP-oracle11gR2RAC/./database=oracle11gR2RAC,eap_version=eap43,jdbc=jdbc3,jdk=java16_default,label=RHEL5_any/"></property>
    <property name="java.library.path" value="/qa/tools/opt/x86_64/jdk1.6.0_20/jre/lib/amd64/server:/qa/tools/opt/x86_64/jdk1.6.0_20/jre/lib/amd64:/qa/tools/opt/x86_64/jdk1.6.0_20/jre/../lib/amd64:/usr/java/packages/lib/amd64:/usr/lib64:/lib64:/lib:/usr/lib"></property>
    <property name="env.PATH" value="/qa/tools/opt/amd64/jdk1.6.0_20/bin:/qa/tools/opt/apache-ant-1.6.5/bin:/qa/tools/opt/maven-2.0.10/bin:/qa/tools/opt/amd64/jdk1.5.0_last/bin:/usr/xpg4/bin:/usr/kerberos/bin:/usr/xpg4/bin:/usr/local/bin:/bin:/usr/bin:/opt/maven/bin:/opt/subversion/bin:/opt/maven/bin:/opt/subversion/bin:/home/hudson/bin:/qa/tools/opt/x86_64/git-1.6.5/bin"></property>
    <property name="env.JAVA16" value="jdk1.6.0_20"></property>
    <property name="env.HUDSON_URL" value="http://hudson.qa.jboss.com/hudson/"></property>
    <property name="env.JAVA15" value="jdk1.5.0_last"></property>
    <property name="ant.java.version" value="1.5"></property>
    <property name="basedir" value="/qa/hudson_ws/workspace/hibernate-eap43-annotations-qa-jvms-dballocator-TMP-oracle11gR2RAC/database/oracle11gR2RAC/eap_version/eap43/jdbc/jdbc3/jdk/java16_default/label/RHEL5_any"></property>
    <property name="java.class.version" value="50.0"></property>
    <property name="env.SHLVL" value="2"></property>
    <property name="env.LD_LIBRARY_PATH" value="/qa/tools/opt/x86_64/jdk1.6.0_20/jre/lib/amd64/server:/qa/tools/opt/x86_64/jdk1.6.0_20/jre/lib/amd64:/qa/tools/opt/x86_64/jdk1.6.0_20/jre/../lib/amd64"></property>
    <property name="ant.home" value="/qa/tools/opt/apache-ant-1.6.5"></property>
    <property name="env.PSEP" value=":"></property>
    <property name="env.MCAST_PORT" value="45890"></property>
    <property name="dir.src" value="src/java"></property>
    <property name="net.sourceforge.cobertura.datafile" value="/qa/hudson_ws/workspace/hibernate-eap43-annotations-qa-jvms-dballocator-TMP-oracle11gR2RAC/database/oracle11gR2RAC/eap_version/eap43/jdbc/jdbc3/jdk/java16_default/label/RHEL5_any/tmp/cobertura/cobertura.ser"></property>
    <property name="dir.findbugs" value="tmp/findbugs"></property>
    <property name="db.primary_label" value="oracle11gR2RAC"></property>
    <property name="env.HUDSON_STATIC_ENV" value="/home/hudson/static_build_env"></property>
    <property name="sun.boot.library.path" value="/qa/tools/opt/x86_64/jdk1.6.0_20/jre/lib/amd64"></property>
    <property name="sun.management.compiler" value="HotSpot 64-Bit Server Compiler"></property>
    <property name="java.awt.graphicsenv" value="sun.awt.X11GraphicsEnvironment"></property>
    <property name="env.MYTESTIP_2" value="10.16.94.43"></property>
    <property name="env.MYTESTIP_1" value="10.16.94.42"></property>
    <property name="env.USER" value="hudson"></property>
    <property name="env.SEP" value="/"></property>
    <property name="java.vm.specification.version" value="1.0"></property>
    <property name="env.NLSPATH" value="/usr/dt/lib/nls/msg/%L/%N.cat"></property>
    <property name="sun.cpu.isalist" value=""></property>
    <property name="dir.config" value="dballocator/jdbc3"></property>
    <property name="java.ext.dirs" value="/qa/tools/opt/x86_64/jdk1.6.0_20/jre/lib/ext:/usr/java/packages/lib/ext"></property>
    <property name="os.version" value="2.6.18-128.4.1.el5"></property>
    <property name="database" value="oracle11gR2RAC"></property>
    <property name="user.home" value="/home/hudson"></property>
    <property name="java.vm.vendor" value="Sun Microsystems Inc."></property>
    <property name="env.NATIVE_TOOLS" value="/qa/tools/opt/amd64"></property>
    <property name="env.COMMON_TOOLS" value="/qa/tools/opt"></property>
    <property name="env.JAVA_HOME" value="/qa/tools/opt/amd64/jdk1.6.0_20"></property>
    <property name="env.INPUTRC" value="/etc/inputrc"></property>
    <property name="user.dir" value="/qa/hudson_ws/workspace/hibernate-eap43-annotations-qa-jvms-dballocator-TMP-oracle11gR2RAC/database/oracle11gR2RAC/eap_version/eap43/jdbc/jdbc3/jdk/java16_default/label/RHEL5_any"></property>
    <property name="env.XFILESEARCHPATH" value="/usr/dt/app-defaults/%L/Dt"></property>
    <property name="env.MAIL" value="/var/spool/mail/hudson"></property>
    <property name="env.PWD" value="/qa/hudson_ws/workspace/hibernate-eap43-annotations-qa-jvms-dballocator-TMP-oracle11gR2RAC/database/oracle11gR2RAC/eap_version/eap43/jdbc/jdbc3/jdk/java16_default/label/RHEL5_any"></property>
    <property name="sun.cpu.endian" value="little"></property>
    <property name="dir.resources" value="resources"></property>
    <property name="env.MYTESTIPS" value="10.16.94.42 10.16.94.43"></property>
    <property name="java.vm.version" value="16.3-b01"></property>
    <property name="java.class.path" value="/qa/hudson_ws/workspace/hibernate-eap43-annotations-qa-jvms-dballocator-TMP-oracle11gR2RAC/database/oracle11gR2RAC/eap_version/eap43/jdbc/jdbc3/jdk/java16_default/label/RHEL5_any/tmp/bin:/qa/hudson_ws/workspace/hibernate-eap43-annotations-qa-jvms-dballocator-TMP-oracle11gR2RAC/database/oracle11gR2RAC/eap_version/eap43/jdbc/jdbc3/jdk/java16_default/label/RHEL5_any/tmp/cobertura/instrumented/hibernate-annotations.jar:/qa/hudson_ws/workspace/hibernate-eap43-annotations-qa-jvms-dballocator-TMP-oracle11gR2RAC/database/oracle11gR2RAC/eap_version/eap43/jdbc/jdbc3/jdk/java16_default/label/RHEL5_any/lib/ant-junit.jar:/qa/hudson_ws/workspace/hibernate-eap43-annotations-qa-jvms-dballocator-TMP-oracle11gR2RAC/database/oracle11gR2RAC/eap_version/eap43/jdbc/jdbc3/jdk/java16_default/label/RHEL5_any/lib/cobertura.jar:/qa/hudson_ws/workspace/hibernate-eap43-annotations-qa-jvms-dballocator-TMP-oracle11gR2RAC/database/oracle11gR2RAC/eap_version/eap43/jdbc/jdbc3/jdk/java16_default/label/RHEL5_any/lib/junit.jar:/qa/hudson_ws/workspace/hibernate-eap43-annotations-qa-jvms-dballocator-TMP-oracle11gR2RAC/database/oracle11gR2RAC/eap_version/eap43/jdbc/jdbc3/jdk/java16_default/label/RHEL5_any/lib/lucene-core-2.0.0.jar:/qa/services/http/jdbc-drivers-products/EAP/4.3.9/oracle11gR2RAC/jdbc3/ojdbc5.jar:/qa/hudson_ws/workspace/hibernate-eap43-annotations-qa-jvms-dballocator-TMP-oracle11gR2RAC/database/oracle11gR2RAC/eap_version/eap43/jdbc/jdbc3/jdk/java16_default/label/RHEL5_any/tmp/jboss-eap-4.3/jboss-as/server/default/lib/activation.jar:/qa/hudson_ws/workspace/hibernate-eap43-annotations-qa-jvms-dballocator-TMP-oracle11gR2RAC/database/oracle11gR2RAC/eap_version/eap43/jdbc/jdbc3/jdk/java16_default/label/RHEL5_any/tmp/jboss-eap-4.3/jboss-as/server/default/lib/antlr.jar:/qa/hudson_ws/workspace/hibernate-eap43-annotations-qa-jvms-dballocator-TMP-oracle11gR2RAC/database/oracle11gR2RAC/eap_version/eap43/jdbc/jdbc3/jdk/java16_default/label/RHEL5_any/tmp/jboss-eap-4.3/jboss-as/server/default/lib/asm-attrs.jar:/qa/hudson_ws/workspace/hibernate-eap43-annotations-qa-jvms-dballocator-TMP-oracle11gR2RAC/database/oracle11gR2RAC/eap_version/eap43/jdbc/jdbc3/jdk/java16_default/label/RHEL5_any/tmp/jboss-eap-4.3/jboss-as/server/default/lib/asm.jar:/qa/hudson_ws/workspace/hibernate-eap43-annotations-qa-jvms-dballocator-TMP-oracle11gR2RAC/database/oracle11gR2RAC/eap_version/eap43/jdbc/jdbc3/jdk/java16_default/label/RHEL5_any/tmp/jboss-eap-4.3/jboss-as/server/default/lib/autonumber-plugin.jar:/qa/hudson_ws/workspace/hibernate-eap43-annotations-qa-jvms-dballocator-TMP-oracle11gR2RAC/database/oracle11gR2RAC/eap_version/eap43/jdbc/jdbc3/jdk/java16_default/label/RHEL5_any/tmp/jboss-eap-4.3/jboss-as/server/default/lib/bcel.jar:/qa/hudson_ws/workspace/hibernate-eap43-annotations-qa-jvms-dballocator-TMP-oracle11gR2RAC/database/oracle11gR2RAC/eap_version/eap43/jdbc/jdbc3/jdk/java16_default/label/RHEL5_any/tmp/jboss-eap-4.3/jboss-as/server/default/lib/bindingservice-plugin.jar:/qa/hudson_ws/workspace/hibernate-eap43-annotations-qa-jvms-dballocator-TMP-oracle11gR2RAC/database/oracle11gR2RAC/eap_version/eap43/jdbc/jdbc3/jdk/java16_default/label/RHEL5_any/tmp/jboss-eap-4.3/jboss-as/server/default/lib/bsf.jar:/qa/hudson_ws/workspace/hibernate-eap43-annotations-qa-jvms-dballocator-TMP-oracle11gR2RAC/database/oracle11gR2RAC/eap_version/eap43/jdbc/jdbc3/jdk/java16_default/label/RHEL5_any/tmp/jboss-eap-4.3/jboss-as/server/default/lib/bsh-deployer.jar:/qa/hudson_ws/workspace/hibernate-eap43-annotations-qa-jvms-dballocator-TMP-oracle11gR2RAC/database/oracle11gR2RAC/eap_version/eap43/jdbc/jdbc3/jdk/java16_default/label/RHEL5_any/tmp/jboss-eap-4.3/jboss-as/server/default/lib/bsh.jar:/qa/hudson_ws/workspace/hibernate-eap43-annotations-qa-jvms-dballocator-TMP-oracle11gR2RAC/database/oracle11gR2RAC/eap_version/eap43/jdbc/jdbc3/jdk/java16_default/label/RHEL5_any/tmp/jboss-eap-4.3/jboss-as/server/default/lib/cglib.jar:/qa/hudson_ws/workspace/hibernate-eap43-annotations-qa-jvms-dballocator-TMP-oracle11gR2RAC/database/oracle11gR2RAC/eap_version/eap43/jdbc/jdbc3/jdk/java16_default/label/RHEL5_any/tmp/jboss-eap-4.3/jboss-as/server/default/lib/commons-codec.jar:/qa/hudson_ws/workspace/hibernate-eap43-annotations-qa-jvms-dballocator-TMP-oracle11gR2RAC/database/oracle11gR2RAC/eap_version/eap43/jdbc/jdbc3/jdk/java16_default/label/RHEL5_any/tmp/jboss-eap-4.3/jboss-as/server/default/lib/commons-collections.jar:/qa/hudson_ws/workspace/hibernate-eap43-annotations-qa-jvms-dballocator-TMP-oracle11gR2RAC/database/oracle11gR2RAC/eap_version/eap43/jdbc/jdbc3/jdk/java16_default/label/RHEL5_any/tmp/jboss-eap-4.3/jboss-as/server/default/lib/commons-httpclient.jar:/qa/hudson_ws/workspace/hibernate-eap43-annotations-qa-jvms-dballocator-TMP-oracle11gR2RAC/database/oracle11gR2RAC/eap_version/eap43/jdbc/jdbc3/jdk/java16_default/label/RHEL5_any/tmp/jboss-eap-4.3/jboss-as/server/default/lib/commons-logging.jar:/qa/hudson_ws/workspace/hibernate-eap43-annotations-qa-jvms-dballocator-TMP-oracle11gR2RAC/database/oracle11gR2RAC/eap_version/eap43/jdbc/jdbc3/jdk/java16_default/label/RHEL5_any/tmp/jboss-eap-4.3/jboss-as/server/default/lib/dom4j.jar:/qa/hudson_ws/workspace/hibernate-eap43-annotations-qa-jvms-dballocator-TMP-oracle11gR2RAC/database/oracle11gR2RAC/eap_version/eap43/jdbc/jdbc3/jdk/java16_default/label/RHEL5_any/tmp/jboss-eap-4.3/jboss-as/server/default/lib/ejb3-persistence.jar:/qa/hudson_ws/workspace/hibernate-eap43-annotations-qa-jvms-dballocator-TMP-oracle11gR2RAC/database/oracle11gR2RAC/eap_version/eap43/jdbc/jdbc3/jdk/java16_default/label/RHEL5_any/tmp/jboss-eap-4.3/jboss-as/server/default/lib/el-api.jar:/qa/hudson_ws/workspace/hibernate-eap43-annotations-qa-jvms-dballocator-TMP-oracle11gR2RAC/database/oracle11gR2RAC/eap_version/eap43/jdbc/jdbc3/jdk/java16_default/label/RHEL5_any/tmp/jboss-eap-4.3/jboss-as/server/default/lib/hibernate-annotations.jar:/qa/hudson_ws/workspace/hibernate-eap43-annotations-qa-jvms-dballocator-TMP-oracle11gR2RAC/database/oracle11gR2RAC/eap_version/eap43/jdbc/jdbc3/jdk/java16_default/label/RHEL5_any/tmp/jboss-eap-4.3/jboss-as/server/default/lib/hibernate-commons-annotations.jar:/qa/hudson_ws/workspace/hibernate-eap43-annotations-qa-jvms-dballocator-TMP-oracle11gR2RAC/database/oracle11gR2RAC/eap_version/eap43/jdbc/jdbc3/jdk/java16_default/label/RHEL5_any/tmp/jboss-eap-4.3/jboss-as/server/default/lib/hibernate-entitymanager.jar:/qa/hudson_ws/workspace/hibernate-eap43-annotations-qa-jvms-dballocator-TMP-oracle11gR2RAC/database/oracle11gR2RAC/eap_version/eap43/jdbc/jdbc3/jdk/java16_default/label/RHEL5_any/tmp/jboss-eap-4.3/jboss-as/server/default/lib/hibernate-validator.jar:/qa/hudson_ws/workspace/hibernate-eap43-annotations-qa-jvms-dballocator-TMP-oracle11gR2RAC/database/oracle11gR2RAC/eap_version/eap43/jdbc/jdbc3/jdk/java16_default/label/RHEL5_any/tmp/jboss-eap-4.3/jboss-as/server/default/lib/hibernate3.jar:/qa/hudson_ws/workspace/hibernate-eap43-annotations-qa-jvms-dballocator-TMP-oracle11gR2RAC/database/oracle11gR2RAC/eap_version/eap43/jdbc/jdbc3/jdk/java16_default/label/RHEL5_any/tmp/jboss-eap-4.3/jboss-as/server/default/lib/hsqldb-plugin.jar:/qa/hudson_ws/workspace/hibernate-eap43-annotations-qa-jvms-dballocator-TMP-oracle11gR2RAC/database/oracle11gR2RAC/eap_version/eap43/jdbc/jdbc3/jdk/java16_default/label/RHEL5_any/tmp/jboss-eap-4.3/jboss-as/server/default/lib/hsqldb.jar:/qa/hudson_ws/workspace/hibernate-eap43-annotations-qa-jvms-dballocator-TMP-oracle11gR2RAC/database/oracle11gR2RAC/eap_version/eap43/jdbc/jdbc3/jdk/java16_default/label/RHEL5_any/tmp/jboss-eap-4.3/jboss-as/server/default/lib/javassist.jar:/qa/hudson_ws/workspace/hibernate-eap43-annotations-qa-jvms-dballocator-TMP-oracle11gR2RAC/database/oracle11gR2RAC/eap_version/eap43/jdbc/jdbc3/jdk/java16_default/label/RHEL5_any/tmp/jboss-eap-4.3/jboss-as/server/default/lib/jaxen.jar:/qa/hudson_ws/workspace/hibernate-eap43-annotations-qa-jvms-dballocator-TMP-oracle11gR2RAC/database/oracle11gR2RAC/eap_version/eap43/jdbc/jdbc3/jdk/java16_default/label/RHEL5_any/tmp/jboss-eap-4.3/jboss-as/server/default/lib/jboss-cache-jdk50.jar:/qa/hudson_ws/workspace/hibernate-eap43-annotations-qa-jvms-dballocator-TMP-oracle11gR2RAC/database/oracle11gR2RAC/eap_version/eap43/jdbc/jdbc3/jdk/java16_default/label/RHEL5_any/tmp/jboss-eap-4.3/jboss-as/server/default/lib/jboss-common-jdbc-wrapper.jar:/qa/hudson_ws/workspace/hibernate-eap43-annotations-qa-jvms-dballocator-TMP-oracle11gR2RAC/database/oracle11gR2RAC/eap_version/eap43/jdbc/jdbc3/jdk/java16_default/label/RHEL5_any/tmp/jboss-eap-4.3/jboss-as/server/default/lib/jboss-ejb3x.jar:/qa/hudson_ws/workspace/hibernate-eap43-annotations-qa-jvms-dballocator-TMP-oracle11gR2RAC/database/oracle11gR2RAC/eap_version/eap43/jdbc/jdbc3/jdk/java16_default/label/RHEL5_any/tmp/jboss-eap-4.3/jboss-as/server/default/lib/jboss-hibernate.jar:/qa/hudson_ws/workspace/hibernate-eap43-annotations-qa-jvms-dballocator-TMP-oracle11gR2RAC/database/oracle11gR2RAC/eap_version/eap43/jdbc/jdbc3/jdk/java16_default/label/RHEL5_any/tmp/jboss-eap-4.3/jboss-as/server/default/lib/jboss-j2ee.jar:/qa/hudson_ws/workspace/hibernate-eap43-annotations-qa-jvms-dballocator-TMP-oracle11gR2RAC/database/oracle11gR2RAC/eap_version/eap43/jdbc/jdbc3/jdk/java16_default/label/RHEL5_any/tmp/jboss-eap-4.3/jboss-as/server/default/lib/jboss-jaxrpc.jar:/qa/hudson_ws/workspace/hibernate-eap43-annotations-qa-jvms-dballocator-TMP-oracle11gR2RAC/database/oracle11gR2RAC/eap_version/eap43/jdbc/jdbc3/jdk/java16_default/label/RHEL5_any/tmp/jboss-eap-4.3/jboss-as/server/default/lib/jboss-jaxws.jar:/qa/hudson_ws/workspace/hibernate-eap43-annotations-qa-jvms-dballocator-TMP-oracle11gR2RAC/database/oracle11gR2RAC/eap_version/eap43/jdbc/jdbc3/jdk/java16_default/label/RHEL5_any/tmp/jboss-eap-4.3/jboss-as/server/default/lib/jboss-jca.jar:/qa/hudson_ws/workspace/hibernate-eap43-annotations-qa-jvms-dballocator-TMP-oracle11gR2RAC/database/oracle11gR2RAC/eap_version/eap43/jdbc/jdbc3/jdk/java16_default/label/RHEL5_any/tmp/jboss-eap-4.3/jboss-as/server/default/lib/jboss-jsr77.jar:/qa/hudson_ws/workspace/hibernate-eap43-annotations-qa-jvms-dballocator-TMP-oracle11gR2RAC/database/oracle11gR2RAC/eap_version/eap43/jdbc/jdbc3/jdk/java16_default/label/RHEL5_any/tmp/jboss-eap-4.3/jboss-as/server/default/lib/jboss-jsr88.jar:/qa/hudson_ws/workspace/hibernate-eap43-annotations-qa-jvms-dballocator-TMP-oracle11gR2RAC/database/oracle11gR2RAC/eap_version/eap43/jdbc/jdbc3/jdk/java16_default/label/RHEL5_any/tmp/jboss-eap-4.3/jboss-as/server/default/lib/jboss-management.jar:/qa/hudson_ws/workspace/hibernate-eap43-annotations-qa-jvms-dballocator-TMP-oracle11gR2RAC/database/oracle11gR2RAC/eap_version/eap43/jdbc/jdbc3/jdk/java16_default/label/RHEL5_any/tmp/jboss-eap-4.3/jboss-as/server/default/lib/jboss-messaging-client.jar:/qa/hudson_ws/workspace/hibernate-eap43-annotations-qa-jvms-dballocator-TMP-oracle11gR2RAC/database/oracle11gR2RAC/eap_version/eap43/jdbc/jdbc3/jdk/java16_default/label/RHEL5_any/tmp/jboss-eap-4.3/jboss-as/server/default/lib/jboss-messaging.jar:/qa/hudson_ws/workspace/hibernate-eap43-annotations-qa-jvms-dballocator-TMP-oracle11gR2RAC/database/oracle11gR2RAC/eap_version/eap43/jdbc/jdbc3/jdk/java16_default/label/RHEL5_any/tmp/jboss-eap-4.3/jboss-as/server/default/lib/jboss-monitoring.jar:/qa/hudson_ws/workspace/hibernate-eap43-annotations-qa-jvms-dballocator-TMP-oracle11gR2RAC/database/oracle11gR2RAC/eap_version/eap43/jdbc/jdbc3/jdk/java16_default/label/RHEL5_any/tmp/jboss-eap-4.3/jboss-as/server/default/lib/jboss-remoting-int.jar:/qa/hudson_ws/workspace/hibernate-eap43-annotations-qa-jvms-dballocator-TMP-oracle11gR2RAC/database/oracle11gR2RAC/eap_version/eap43/jdbc/jdbc3/jdk/java16_default/label/RHEL5_any/tmp/jboss-eap-4.3/jboss-as/server/default/lib/jboss-remoting.jar:/qa/hudson_ws/workspace/hibernate-eap43-annotations-qa-jvms-dballocator-TMP-oracle11gR2RAC/database/oracle11gR2RAC/eap_version/eap43/jdbc/jdbc3/jdk/java16_default/label/RHEL5_any/tmp/jboss-eap-4.3/jboss-as/server/default/lib/jboss-saaj.jar:/qa/hudson_ws/workspace/hibernate-eap43-annotations-qa-jvms-dballocator-TMP-oracle11gR2RAC/database/oracle11gR2RAC/eap_version/eap43/jdbc/jdbc3/jdk/java16_default/label/RHEL5_any/tmp/jboss-eap-4.3/jboss-as/server/default/lib/jboss-serialization.jar:/qa/hudson_ws/workspace/hibernate-eap43-annotations-qa-jvms-dballocator-TMP-oracle11gR2RAC/database/oracle11gR2RAC/eap_version/eap43/jdbc/jdbc3/jdk/java16_default/label/RHEL5_any/tmp/jboss-eap-4.3/jboss-as/server/default/lib/jboss-srp.jar:/qa/hudson_ws/workspace/hibernate-eap43-annotations-qa-jvms-dballocator-TMP-oracle11gR2RAC/database/oracle11gR2RAC/eap_version/eap43/jdbc/jdbc3/jdk/java16_default/label/RHEL5_any/tmp/jboss-eap-4.3/jboss-as/server/default/lib/jboss-transaction.jar:/qa/hudson_ws/workspace/hibernate-eap43-annotations-qa-jvms-dballocator-TMP-oracle11gR2RAC/database/oracle11gR2RAC/eap_version/eap43/jdbc/jdbc3/jdk/java16_default/label/RHEL5_any/tmp/jboss-eap-4.3/jboss-as/server/default/lib/jboss-vfs.jar:/qa/hudson_ws/workspace/hibernate-eap43-annotations-qa-jvms-dballocator-TMP-oracle11gR2RAC/database/oracle11gR2RAC/eap_version/eap43/jdbc/jdbc3/jdk/java16_default/label/RHEL5_any/tmp/jboss-eap-4.3/jboss-as/server/default/lib/jboss.jar:/qa/hudson_ws/workspace/hibernate-eap43-annotations-qa-jvms-dballocator-TMP-oracle11gR2RAC/database/oracle11gR2RAC/eap_version/eap43/jdbc/jdbc3/jdk/java16_default/label/RHEL5_any/tmp/jboss-eap-4.3/jboss-as/server/default/lib/jbossjta-integration.jar:/qa/hudson_ws/workspace/hibernate-eap43-annotations-qa-jvms-dballocator-TMP-oracle11gR2RAC/database/oracle11gR2RAC/eap_version/eap43/jdbc/jdbc3/jdk/java16_default/label/RHEL5_any/tmp/jboss-eap-4.3/jboss-as/server/default/lib/jbossjta.jar:/qa/hudson_ws/workspace/hibernate-eap43-annotations-qa-jvms-dballocator-TMP-oracle11gR2RAC/database/oracle11gR2RAC/eap_version/eap43/jdbc/jdbc3/jdk/java16_default/label/RHEL5_any/tmp/jboss-eap-4.3/jboss-as/server/default/lib/jbosssx.jar:/qa/hudson_ws/workspace/hibernate-eap43-annotations-qa-jvms-dballocator-TMP-oracle11gR2RAC/database/oracle11gR2RAC/eap_version/eap43/jdbc/jdbc3/jdk/java16_default/label/RHEL5_any/tmp/jboss-eap-4.3/jboss-as/server/default/lib/jbossts-common.jar:/qa/hudson_ws/workspace/hibernate-eap43-annotations-qa-jvms-dballocator-TMP-oracle11gR2RAC/database/oracle11gR2RAC/eap_version/eap43/jdbc/jdbc3/jdk/java16_default/label/RHEL5_any/tmp/jboss-eap-4.3/jboss-as/server/default/lib/jbossws-common.jar:/qa/hudson_ws/workspace/hibernate-eap43-annotations-qa-jvms-dballocator-TMP-oracle11gR2RAC/database/oracle11gR2RAC/eap_version/eap43/jdbc/jdbc3/jdk/java16_default/label/RHEL5_any/tmp/jboss-eap-4.3/jboss-as/server/default/lib/jbossws-framework.jar:/qa/hudson_ws/workspace/hibernate-eap43-annotations-qa-jvms-dballocator-TMP-oracle11gR2RAC/database/oracle11gR2RAC/eap_version/eap43/jdbc/jdbc3/jdk/java16_default/label/RHEL5_any/tmp/jboss-eap-4.3/jboss-as/server/default/lib/jbossws-jboss42.jar:/qa/hudson_ws/workspace/hibernate-eap43-annotations-qa-jvms-dballocator-TMP-oracle11gR2RAC/database/oracle11gR2RAC/eap_version/eap43/jdbc/jdbc3/jdk/java16_default/label/RHEL5_any/tmp/jboss-eap-4.3/jboss-as/server/default/lib/jbossws-spi.jar:/qa/hudson_ws/workspace/hibernate-eap43-annotations-qa-jvms-dballocator-TMP-oracle11gR2RAC/database/oracle11gR2RAC/eap_version/eap43/jdbc/jdbc3/jdk/java16_default/label/RHEL5_any/tmp/jboss-eap-4.3/jboss-as/server/default/lib/jmx-adaptor-plugin.jar:/qa/hudson_ws/workspace/hibernate-eap43-annotations-qa-jvms-dballocator-TMP-oracle11gR2RAC/database/oracle11gR2RAC/eap_version/eap43/jdbc/jdbc3/jdk/java16_default/label/RHEL5_any/tmp/jboss-eap-4.3/jboss-as/server/default/lib/jnpserver.jar:/qa/hudson_ws/workspace/hibernate-eap43-annotations-qa-jvms-dballocator-TMP-oracle11gR2RAC/database/oracle11gR2RAC/eap_version/eap43/jdbc/jdbc3/jdk/java16_default/label/RHEL5_any/tmp/jboss-eap-4.3/jboss-as/server/default/lib/joesnmp.jar:/qa/hudson_ws/workspace/hibernate-eap43-annotations-qa-jvms-dballocator-TMP-oracle11gR2RAC/database/oracle11gR2RAC/eap_version/eap43/jdbc/jdbc3/jdk/java16_default/label/RHEL5_any/tmp/jboss-eap-4.3/jboss-as/server/default/lib/jsp-api.jar:/qa/hudson_ws/workspace/hibernate-eap43-annotations-qa-jvms-dballocator-TMP-oracle11gR2RAC/database/oracle11gR2RAC/eap_version/eap43/jdbc/jdbc3/jdk/java16_default/label/RHEL5_any/tmp/jboss-eap-4.3/jboss-as/server/default/lib/log4j-snmp-appender.jar:/qa/hudson_ws/workspace/hibernate-eap43-annotations-qa-jvms-dballocator-TMP-oracle11gR2RAC/database/oracle11gR2RAC/eap_version/eap43/jdbc/jdbc3/jdk/java16_default/label/RHEL5_any/tmp/jboss-eap-4.3/jboss-as/server/default/lib/log4j.jar:/qa/hudson_ws/workspace/hibernate-eap43-annotations-qa-jvms-dballocator-TMP-oracle11gR2RAC/database/oracle11gR2RAC/eap_version/eap43/jdbc/jdbc3/jdk/java16_default/label/RHEL5_any/tmp/jboss-eap-4.3/jboss-as/server/default/lib/mail-plugin.jar:/qa/hudson_ws/workspace/hibernate-eap43-annotations-qa-jvms-dballocator-TMP-oracle11gR2RAC/database/oracle11gR2RAC/eap_version/eap43/jdbc/jdbc3/jdk/java16_default/label/RHEL5_any/tmp/jboss-eap-4.3/jboss-as/server/default/lib/mail.jar:/qa/hudson_ws/workspace/hibernate-eap43-annotations-qa-jvms-dballocator-TMP-oracle11gR2RAC/database/oracle11gR2RAC/eap_version/eap43/jdbc/jdbc3/jdk/java16_default/label/RHEL5_any/tmp/jboss-eap-4.3/jboss-as/server/default/lib/properties-plugin.jar:/qa/hudson_ws/workspace/hibernate-eap43-annotations-qa-jvms-dballocator-TMP-oracle11gR2RAC/database/oracle11gR2RAC/eap_version/eap43/jdbc/jdbc3/jdk/java16_default/label/RHEL5_any/tmp/jboss-eap-4.3/jboss-as/server/default/lib/quartz-all.jar:/qa/hudson_ws/workspace/hibernate-eap43-annotations-qa-jvms-dballocator-TMP-oracle11gR2RAC/database/oracle11gR2RAC/eap_version/eap43/jdbc/jdbc3/jdk/java16_default/label/RHEL5_any/tmp/jboss-eap-4.3/jboss-as/server/default/lib/scheduler-plugin-example.jar:/qa/hudson_ws/workspace/hibernate-eap43-annotations-qa-jvms-dballocator-TMP-oracle11gR2RAC/database/oracle11gR2RAC/eap_version/eap43/jdbc/jdbc3/jdk/java16_default/label/RHEL5_any/tmp/jboss-eap-4.3/jboss-as/server/default/lib/scheduler-plugin.jar:/qa/hudson_ws/workspace/hibernate-eap43-annotations-qa-jvms-dballocator-TMP-oracle11gR2RAC/database/oracle11gR2RAC/eap_version/eap43/jdbc/jdbc3/jdk/java16_default/label/RHEL5_any/tmp/jboss-eap-4.3/jboss-as/server/default/lib/servlet-api.jar:/qa/hudson_ws/workspace/hibernate-eap43-annotations-qa-jvms-dballocator-TMP-oracle11gR2RAC/database/oracle11gR2RAC/eap_version/eap43/jdbc/jdbc3/jdk/java16_default/label/RHEL5_any/tmp/jboss-eap-4.3/jboss-as/server/default/lib/xmlentitymgr.jar:/qa/tools/opt/apache-ant-1.6.5/lib/junit.jar:/qa/tools/opt/apache-ant-1.6.5/lib/ant-launcher.jar:/qa/tools/opt/apache-ant-1.6.5/lib/ant.jar:/qa/tools/opt/apache-ant-1.6.5/lib/ant-junit.jar"></property>
    <property name="ant.library.dir" value="/qa/tools/opt/apache-ant-1.6.5/lib"></property>
    <property name="os.arch" value="amd64"></property>
    <property name="dir.work" value="tmp"></property>
    <property name="db.maxpoolsize" value="50"></property>
    <property name="jdbc" value="jdbc3"></property>
    <property name="sun.java.launcher" value="SUN_STANDARD"></property>
    <property name="env.BUILD_ID" value="2010-11-16_15-22-42"></property>
    <property name="java.vm.specification.vendor" value="Sun Microsystems Inc."></property>
    <property name="file.separator" value="/"></property>
    <property name="dir.cobertura" value="tmp/cobertura"></property>
    <property name="java.runtime.version" value="1.6.0_20-b02"></property>
    <property name="sun.boot.class.path" value="/qa/tools/opt/x86_64/jdk1.6.0_20/jre/lib/resources.jar:/qa/tools/opt/x86_64/jdk1.6.0_20/jre/lib/rt.jar:/qa/tools/opt/x86_64/jdk1.6.0_20/jre/lib/sunrsasign.jar:/qa/tools/opt/x86_64/jdk1.6.0_20/jre/lib/jsse.jar:/qa/tools/opt/x86_64/jdk1.6.0_20/jre/lib/jce.jar:/qa/tools/opt/x86_64/jdk1.6.0_20/jre/lib/charsets.jar:/qa/tools/opt/x86_64/jdk1.6.0_20/jre/classes"></property>
    <property name="dir.lib" value="lib"></property>
    <property name="db.jdbc_url" value="jdbc:oracle:thin:@(DESCRIPTION=(LOAD_BALANCE=on)(ADDRESS=(PROTOCOL=TCP)(HOST=vmg27-vip.mw.lab.eng.bos.redhat.com)(PORT=1521))(ADDRESS=(PROTOCOL=TCP)(HOST=vmg28-vip.mw.lab.eng.bos.redhat.com)(PORT=1521))(CONNECT_DATA=(SERVICE_NAME=qarac.jboss)))"></property>
    <property name="db.password" value="dballo01"></property>
    <property name="env.WORKSPACE" value="/qa/hudson_ws/workspace/hibernate-eap43-annotations-qa-jvms-dballocator-TMP-oracle11gR2RAC/database/oracle11gR2RAC/eap_version/eap43/jdbc/jdbc3/jdk/java16_default/label/RHEL5_any"></property>
    <property name="eap_version" value="eap43"></property>
    <property name="env.ANT_HOME" value="/qa/tools/opt/apache-ant-1.6.5"></property>
    <property name="user.country" value="US"></property>
    <property name="env.EXECUTOR_NUMBER" value="0"></property>
    <property name="env.SHELL" value="/bin/bash"></property>
    <property name="dir.bin" value="tmp/bin"></property>
    <property name="java.vendor" value="Sun Microsystems Inc."></property>
    <property name="env.HUDSON_COOKIE" value="35cca589-b939-45d8-9967-3e49680baf4c"></property>
    <property name="env.database" value="oracle11gR2RAC"></property>
    <property name="java.specification.version" value="1.6"></property>
    <property name="sun.arch.data.model" value="64"></property>
  </properties>
  <testcase classname="org.hibernate.test.annotations.indexcoll.IndexedCollectionTest" name="testFkList" time="4.143"></testcase>
  <testcase classname="org.hibernate.test.annotations.indexcoll.IndexedCollectionTest" name="testJoinedTableList" time="5.534"></testcase>
  <testcase classname="org.hibernate.test.annotations.indexcoll.IndexedCollectionTest" name="testMapKey" time="5.739"></testcase>
  <testcase classname="org.hibernate.test.annotations.indexcoll.IndexedCollectionTest" name="testDefaultMapKey" time="13.886"></testcase>
  <testcase classname="org.hibernate.test.annotations.indexcoll.IndexedCollectionTest" name="testMapKeyToEntity" time="5.467"></testcase>
  <testcase classname="org.hibernate.test.annotations.indexcoll.IndexedCollectionTest" name="testComponentSubPropertyMapKey" time="5.863"></testcase>
  <testcase classname="org.hibernate.test.annotations.indexcoll.IndexedCollectionTest" name="testMapKeyOnManyToMany" time="5.66"></testcase>
  <testcase classname="org.hibernate.test.annotations.indexcoll.IndexedCollectionTest" name="testMapKeyOnManyToManyOnId" time="6.143"></testcase>
  <testcase classname="org.hibernate.test.annotations.indexcoll.IndexedCollectionTest" name="testMapKeyAndIdClass" time="5.836"></testcase>
  <testcase classname="org.hibernate.test.annotations.indexcoll.IndexedCollectionTest" name="testRealMap" time="6.395"></testcase>
  <testcase classname="org.hibernate.test.annotations.indexcoll.IndexedCollectionTest" name="testMapKeyEntityEntity" time="6.142"></testcase>
  <testcase classname="org.hibernate.test.annotations.indexcoll.IndexedCollectionTest" name="testEntityKeyElementTarget" time="19.221"></testcase>
  <testcase classname="org.hibernate.test.annotations.indexcoll.IndexedCollectionTest" name="testSortedMap" time="5.926"></testcase>
  <testcase classname="org.hibernate.test.annotations.indexcoll.IndexedCollectionTest" name="testMapKeyLoad" time="5.713"></testcase>
  <system-out><![CDATA[org.hibernate.dialect.Oracle10gDialect
org.hibernate.dialect.Oracle10gDialect

    drop table AddressBook cascade constraints

    drop table AddressEntry cascade constraints

    drop table AlphabeticalDirectory cascade constraints

    drop table Atmosphere cascade constraints

    drop table Atmosphere_Gas cascade constraints

    drop table Composition cascade constraints

    drop table Drawer cascade constraints

    drop table Drawer_Dress cascade constraints

    drop table Dress cascade constraints

    drop table Gas cascade constraints

    drop table GasKey cascade constraints

    drop table Gas_per_key cascade constraints

    drop table News cascade constraints

    drop table Newspaper cascade constraints

    drop table Newspaper_News cascade constraints

    drop table Painter cascade constraints

    drop table Painting cascade constraints

    drop table PressReleaseAgency cascade constraints

    drop table PressReleaseAgency_News cascade constraints

    drop table Software cascade constraints

    drop table Trainee cascade constraints

    drop table Training cascade constraints

    drop table Training_Trainee cascade constraints

    drop table Wardrobe cascade constraints

    drop table tbl_version cascade constraints

    drop sequence hibernate_sequence

    create table AddressBook (
        id number(10,0) not null,
        owner varchar2(255 char),
        primary key (id)
    )

    create table AddressEntry (
        firstname varchar2(255 char) not null,
        lastname varchar2(255 char) not null,
        city varchar2(255 char),
        street varchar2(255 char),
        book_id number(10,0),
        directory_id number(10,0),
        primary key (firstname, lastname)
    )

    create table AlphabeticalDirectory (
        id number(10,0) not null,
        name varchar2(255 char),
        primary key (id)
    )

    create table Atmosphere (
        id number(10,0) not null,
        primary key (id)
    )

    create table Atmosphere_Gas (
        Atmosphere_id number(10,0) not null,
        gases_id number(10,0) not null,
        gas_name varchar2(255 char) not null,
        primary key (Atmosphere_id, gas_name)
    )

    create table Composition (
        atmosphere_id number(10,0) not null,
        composition_rate double precision,
        gas_id number(10,0) not null,
        primary key (atmosphere_id, gas_id)
    )

    create table Drawer (
        id number(19,0) not null,
        wardrobe_id number(19,0) not null,
        drawer_position number(10,0),
        primary key (id)
    )

    create table Drawer_Dress (
        Drawer_id number(19,0) not null,
        dresses_dress_id number(10,0) not null,
        from_bottom_position number(10,0) not null,
        primary key (Drawer_id, from_bottom_position),
        unique (dresses_dress_id)
    )

    create table Dress (
        dress_id number(10,0) not null,
        primary key (dress_id)
    )

    create table Gas (
        id number(10,0) not null,
        name varchar2(255 char),
        primary key (id)
    )

    create table GasKey (
        name varchar2(255 char) not null,
        primary key (name)
    )

    create table Gas_per_key (
        Atmosphere_id number(10,0) not null,
        gasesPerKey_id number(10,0) not null,
        gas_id varchar2(255 char) not null,
        primary key (Atmosphere_id, gas_id)
    )

    create table News (
        news_id number(10,0) not null,
        detail varchar2(255 char),
        title varchar2(255 char),
        primary key (news_id)
    )

    create table Newspaper (
        id number(10,0) not null,
        name varchar2(255 char),
        primary key (id)
    )

    create table Newspaper_News (
        Newspaper_id number(10,0) not null,
        news_news_id number(10,0) not null,
        primary key (Newspaper_id, news_news_id)
    )

    create table Painter (
        id number(10,0) not null,
        primary key (id)
    )

    create table Painting (
        name varchar2(255 char) not null,
        painter varchar2(255 char) not null,
        sizeX number(10,0) not null,
        sizeY number(10,0) not null,
        paintings_id number(10,0),
        primary key (name, painter)
    )

    create table PressReleaseAgency (
        PressReleaseAgency_id number(10,0) not null,
        name varchar2(255 char),
        primary key (PressReleaseAgency_id)
    )

    create table PressReleaseAgency_News (
        PressReleaseAgency_id number(10,0) not null,
        News_id number(10,0) not null,
        primary key (PressReleaseAgency_id, News_id)
    )

    create table Software (
        name varchar2(255 char) not null,
        primary key (name)
    )

    create table Trainee (
        id number(19,0) not null,
        name varchar2(255 char),
        primary key (id)
    )

    create table Training (
        id number(19,0) not null,
        primary key (id)
    )

    create table Training_Trainee (
        Training_id number(19,0) not null,
        trainees_id number(19,0) not null,
        primary key (Training_id, trainees_id)
    )

    create table Wardrobe (
        id number(19,0) not null,
        primary key (id)
    )

    create table tbl_version (
        id number(10,0) not null,
        "code_name" varchar2(255 char),
        version_nbr varchar2(255 char),
        software_name varchar2(255 char),
        primary key (id)
    )

    alter table AddressEntry 
        add constraint FK181B28FEFEC3411E 
        foreign key (book_id) 
        references AddressBook

    alter table AddressEntry 
        add constraint FK181B28FE3F865FB2 
        foreign key (directory_id) 
        references AlphabeticalDirectory

    alter table Atmosphere_Gas 
        add constraint FKB7FE0E3CCA267BDC 
        foreign key (gases_id) 
        references Gas

    alter table Atmosphere_Gas 
        add constraint FKB7FE0E3C3A5A1A8A 
        foreign key (Atmosphere_id) 
        references Atmosphere

    alter table Composition 
        add constraint FK3168B18A3A5A1A8A 
        foreign key (atmosphere_id) 
        references Atmosphere

    alter table Composition 
        add constraint FK3168B18ADE9E750A 
        foreign key (gas_id) 
        references Gas

    alter table Drawer 
        add constraint FK7A7DE5118426204A 
        foreign key (wardrobe_id) 
        references Wardrobe

    alter table Drawer_Dress 
        add constraint FK51811693D0ADA24 
        foreign key (dresses_dress_id) 
        references Dress

    alter table Drawer_Dress 
        add constraint FK5181169FF5ADC2A 
        foreign key (Drawer_id) 
        references Drawer

    alter table Gas_per_key 
        add constraint FKDA159CB77DE1CDBA 
        foreign key (gasesPerKey_id) 
        references Gas

    alter table Gas_per_key 
        add constraint FKDA159CB73A5A1A8A 
        foreign key (Atmosphere_id) 
        references Atmosphere

    alter table Gas_per_key 
        add constraint FKDA159CB7AFCE2117 
        foreign key (gas_id) 
        references GasKey

    alter table Newspaper_News 
        add constraint FK88E5E8F97308A90A 
        foreign key (Newspaper_id) 
        references Newspaper

    alter table Newspaper_News 
        add constraint FK88E5E8F930946B7E 
        foreign key (news_news_id) 
        references News

    alter table Painting 
        add constraint FK3B0BBEE466DC1CA6 
        foreign key (paintings_id) 
        references Painter

    alter table PressReleaseAgency_News 
        add constraint FK2CBA29E96E93BCEA 
        foreign key (News_id) 
        references News

    alter table PressReleaseAgency_News 
        add constraint FK2CBA29E964F7AD2A 
        foreign key (PressReleaseAgency_id) 
        references PressReleaseAgency

    alter table Training_Trainee 
        add constraint FK1FBEAE437EEFA38A 
        foreign key (Training_id) 
        references Training

    alter table Training_Trainee 
        add constraint FK1FBEAE4397BB03A7 
        foreign key (trainees_id) 
        references Trainee

    alter table tbl_version 
        add constraint FK2A21E557B443BDA 
        foreign key (software_name) 
        references Software

    create sequence hibernate_sequence
org.hibernate.dialect.Oracle10gDialect

    drop table AddressBook cascade constraints

    drop table AddressEntry cascade constraints

    drop table AlphabeticalDirectory cascade constraints

    drop table Atmosphere cascade constraints

    drop table Atmosphere_Gas cascade constraints

    drop table Composition cascade constraints

    drop table Drawer cascade constraints

    drop table Drawer_Dress cascade constraints

    drop table Dress cascade constraints

    drop table Gas cascade constraints

    drop table GasKey cascade constraints

    drop table Gas_per_key cascade constraints

    drop table News cascade constraints

    drop table Newspaper cascade constraints

    drop table Newspaper_News cascade constraints

    drop table Painter cascade constraints

    drop table Painting cascade constraints

    drop table PressReleaseAgency cascade constraints

    drop table PressReleaseAgency_News cascade constraints

    drop table Software cascade constraints

    drop table Trainee cascade constraints

    drop table Training cascade constraints

    drop table Training_Trainee cascade constraints

    drop table Wardrobe cascade constraints

    drop table tbl_version cascade constraints

    drop sequence hibernate_sequence

    create table AddressBook (
        id number(10,0) not null,
        owner varchar2(255 char),
        primary key (id)
    )

    create table AddressEntry (
        firstname varchar2(255 char) not null,
        lastname varchar2(255 char) not null,
        city varchar2(255 char),
        street varchar2(255 char),
        book_id number(10,0),
        directory_id number(10,0),
        primary key (firstname, lastname)
    )

    create table AlphabeticalDirectory (
        id number(10,0) not null,
        name varchar2(255 char),
        primary key (id)
    )

    create table Atmosphere (
        id number(10,0) not null,
        primary key (id)
    )

    create table Atmosphere_Gas (
        Atmosphere_id number(10,0) not null,
        gases_id number(10,0) not null,
        gas_name varchar2(255 char) not null,
        primary key (Atmosphere_id, gas_name)
    )

    create table Composition (
        atmosphere_id number(10,0) not null,
        composition_rate double precision,
        gas_id number(10,0) not null,
        primary key (atmosphere_id, gas_id)
    )

    create table Drawer (
        id number(19,0) not null,
        wardrobe_id number(19,0) not null,
        drawer_position number(10,0),
        primary key (id)
    )

    create table Drawer_Dress (
        Drawer_id number(19,0) not null,
        dresses_dress_id number(10,0) not null,
        from_bottom_position number(10,0) not null,
        primary key (Drawer_id, from_bottom_position),
        unique (dresses_dress_id)
    )

    create table Dress (
        dress_id number(10,0) not null,
        primary key (dress_id)
    )

    create table Gas (
        id number(10,0) not null,
        name varchar2(255 char),
        primary key (id)
    )

    create table GasKey (
        name varchar2(255 char) not null,
        primary key (name)
    )

    create table Gas_per_key (
        Atmosphere_id number(10,0) not null,
        gasesPerKey_id number(10,0) not null,
        gas_id varchar2(255 char) not null,
        primary key (Atmosphere_id, gas_id)
    )

    create table News (
        news_id number(10,0) not null,
        detail varchar2(255 char),
        title varchar2(255 char),
        primary key (news_id)
    )

    create table Newspaper (
        id number(10,0) not null,
        name varchar2(255 char),
        primary key (id)
    )

    create table Newspaper_News (
        Newspaper_id number(10,0) not null,
        news_news_id number(10,0) not null,
        primary key (Newspaper_id, news_news_id)
    )

    create table Painter (
        id number(10,0) not null,
        primary key (id)
    )

    create table Painting (
        name varchar2(255 char) not null,
        painter varchar2(255 char) not null,
        sizeX number(10,0) not null,
        sizeY number(10,0) not null,
        paintings_id number(10,0),
        primary key (name, painter)
    )

    create table PressReleaseAgency (
        PressReleaseAgency_id number(10,0) not null,
        name varchar2(255 char),
        primary key (PressReleaseAgency_id)
    )

    create table PressReleaseAgency_News (
        PressReleaseAgency_id number(10,0) not null,
        News_id number(10,0) not null,
        primary key (PressReleaseAgency_id, News_id)
    )

    create table Software (
        name varchar2(255 char) not null,
        primary key (name)
    )

    create table Trainee (
        id number(19,0) not null,
        name varchar2(255 char),
        primary key (id)
    )

    create table Training (
        id number(19,0) not null,
        primary key (id)
    )

    create table Training_Trainee (
        Training_id number(19,0) not null,
        trainees_id number(19,0) not null,
        primary key (Training_id, trainees_id)
    )

    create table Wardrobe (
        id number(19,0) not null,
        primary key (id)
    )

    create table tbl_version (
        id number(10,0) not null,
        "code_name" varchar2(255 char),
        version_nbr varchar2(255 char),
        software_name varchar2(255 char),
        primary key (id)
    )

    alter table AddressEntry 
        add constraint FK181B28FEFEC3411E 
        foreign key (book_id) 
        references AddressBook

    alter table AddressEntry 
        add constraint FK181B28FE3F865FB2 
        foreign key (directory_id) 
        references AlphabeticalDirectory

    alter table Atmosphere_Gas 
        add constraint FKB7FE0E3CCA267BDC 
        foreign key (gases_id) 
        references Gas

    alter table Atmosphere_Gas 
        add constraint FKB7FE0E3C3A5A1A8A 
        foreign key (Atmosphere_id) 
        references Atmosphere

    alter table Composition 
        add constraint FK3168B18A3A5A1A8A 
        foreign key (atmosphere_id) 
        references Atmosphere

    alter table Composition 
        add constraint FK3168B18ADE9E750A 
        foreign key (gas_id) 
        references Gas

    alter table Drawer 
        add constraint FK7A7DE5118426204A 
        foreign key (wardrobe_id) 
        references Wardrobe

    alter table Drawer_Dress 
        add constraint FK51811693D0ADA24 
        foreign key (dresses_dress_id) 
        references Dress

    alter table Drawer_Dress 
        add constraint FK5181169FF5ADC2A 
        foreign key (Drawer_id) 
        references Drawer

    alter table Gas_per_key 
        add constraint FKDA159CB77DE1CDBA 
        foreign key (gasesPerKey_id) 
        references Gas

    alter table Gas_per_key 
        add constraint FKDA159CB73A5A1A8A 
        foreign key (Atmosphere_id) 
        references Atmosphere

    alter table Gas_per_key 
        add constraint FKDA159CB7AFCE2117 
        foreign key (gas_id) 
        references GasKey

    alter table Newspaper_News 
        add constraint FK88E5E8F97308A90A 
        foreign key (Newspaper_id) 
        references Newspaper

    alter table Newspaper_News 
        add constraint FK88E5E8F930946B7E 
        foreign key (news_news_id) 
        references News

    alter table Painting 
        add constraint FK3B0BBEE466DC1CA6 
        foreign key (paintings_id) 
        references Painter

    alter table PressReleaseAgency_News 
        add constraint FK2CBA29E96E93BCEA 
        foreign key (News_id) 
        references News

    alter table PressReleaseAgency_News 
        add constraint FK2CBA29E964F7AD2A 
        foreign key (PressReleaseAgency_id) 
        references PressReleaseAgency

    alter table Training_Trainee 
        add constraint FK1FBEAE437EEFA38A 
        foreign key (Training_id) 
        references Training

    alter table Training_Trainee 
        add constraint FK1FBEAE4397BB03A7 
        foreign key (trainees_id) 
        references Trainee

    alter table tbl_version 
        add constraint FK2A21E557B443BDA 
        foreign key (software_name) 
        references Software

    create sequence hibernate_sequence
org.hibernate.dialect.Oracle10gDialect

    drop table AddressBook cascade constraints

    drop table AddressEntry cascade constraints

    drop table AlphabeticalDirectory cascade constraints

    drop table Atmosphere cascade constraints

    drop table Atmosphere_Gas cascade constraints

    drop table Composition cascade constraints

    drop table Drawer cascade constraints

    drop table Drawer_Dress cascade constraints

    drop table Dress cascade constraints

    drop table Gas cascade constraints

    drop table GasKey cascade constraints

    drop table Gas_per_key cascade constraints

    drop table News cascade constraints

    drop table Newspaper cascade constraints

    drop table Newspaper_News cascade constraints

    drop table Painter cascade constraints

    drop table Painting cascade constraints

    drop table PressReleaseAgency cascade constraints

    drop table PressReleaseAgency_News cascade constraints

    drop table Software cascade constraints

    drop table Trainee cascade constraints

    drop table Training cascade constraints

    drop table Training_Trainee cascade constraints

    drop table Wardrobe cascade constraints

    drop table tbl_version cascade constraints

    drop sequence hibernate_sequence

    create table AddressBook (
        id number(10,0) not null,
        owner varchar2(255 char),
        primary key (id)
    )

    create table AddressEntry (
        firstname varchar2(255 char) not null,
        lastname varchar2(255 char) not null,
        city varchar2(255 char),
        street varchar2(255 char),
        book_id number(10,0),
        directory_id number(10,0),
        primary key (firstname, lastname)
    )

    create table AlphabeticalDirectory (
        id number(10,0) not null,
        name varchar2(255 char),
        primary key (id)
    )

    create table Atmosphere (
        id number(10,0) not null,
        primary key (id)
    )

    create table Atmosphere_Gas (
        Atmosphere_id number(10,0) not null,
        gases_id number(10,0) not null,
        gas_name varchar2(255 char) not null,
        primary key (Atmosphere_id, gas_name)
    )

    create table Composition (
        atmosphere_id number(10,0) not null,
        composition_rate double precision,
        gas_id number(10,0) not null,
        primary key (atmosphere_id, gas_id)
    )

    create table Drawer (
        id number(19,0) not null,
        wardrobe_id number(19,0) not null,
        drawer_position number(10,0),
        primary key (id)
    )

    create table Drawer_Dress (
        Drawer_id number(19,0) not null,
        dresses_dress_id number(10,0) not null,
        from_bottom_position number(10,0) not null,
        primary key (Drawer_id, from_bottom_position),
        unique (dresses_dress_id)
    )

    create table Dress (
        dress_id number(10,0) not null,
        primary key (dress_id)
    )

    create table Gas (
        id number(10,0) not null,
        name varchar2(255 char),
        primary key (id)
    )

    create table GasKey (
        name varchar2(255 char) not null,
        primary key (name)
    )

    create table Gas_per_key (
        Atmosphere_id number(10,0) not null,
        gasesPerKey_id number(10,0) not null,
        gas_id varchar2(255 char) not null,
        primary key (Atmosphere_id, gas_id)
    )

    create table News (
        news_id number(10,0) not null,
        detail varchar2(255 char),
        title varchar2(255 char),
        primary key (news_id)
    )

    create table Newspaper (
        id number(10,0) not null,
        name varchar2(255 char),
        primary key (id)
    )

    create table Newspaper_News (
        Newspaper_id number(10,0) not null,
        news_news_id number(10,0) not null,
        primary key (Newspaper_id, news_news_id)
    )

    create table Painter (
        id number(10,0) not null,
        primary key (id)
    )

    create table Painting (
        name varchar2(255 char) not null,
        painter varchar2(255 char) not null,
        sizeX number(10,0) not null,
        sizeY number(10,0) not null,
        paintings_id number(10,0),
        primary key (name, painter)
    )

    create table PressReleaseAgency (
        PressReleaseAgency_id number(10,0) not null,
        name varchar2(255 char),
        primary key (PressReleaseAgency_id)
    )

    create table PressReleaseAgency_News (
        PressReleaseAgency_id number(10,0) not null,
        News_id number(10,0) not null,
        primary key (PressReleaseAgency_id, News_id)
    )

    create table Software (
        name varchar2(255 char) not null,
        primary key (name)
    )

    create table Trainee (
        id number(19,0) not null,
        name varchar2(255 char),
        primary key (id)
    )

    create table Training (
        id number(19,0) not null,
        primary key (id)
    )

    create table Training_Trainee (
        Training_id number(19,0) not null,
        trainees_id number(19,0) not null,
        primary key (Training_id, trainees_id)
    )

    create table Wardrobe (
        id number(19,0) not null,
        primary key (id)
    )

    create table tbl_version (
        id number(10,0) not null,
        "code_name" varchar2(255 char),
        version_nbr varchar2(255 char),
        software_name varchar2(255 char),
        primary key (id)
    )

    alter table AddressEntry 
        add constraint FK181B28FEFEC3411E 
        foreign key (book_id) 
        references AddressBook

    alter table AddressEntry 
        add constraint FK181B28FE3F865FB2 
        foreign key (directory_id) 
        references AlphabeticalDirectory

    alter table Atmosphere_Gas 
        add constraint FKB7FE0E3CCA267BDC 
        foreign key (gases_id) 
        references Gas

    alter table Atmosphere_Gas 
        add constraint FKB7FE0E3C3A5A1A8A 
        foreign key (Atmosphere_id) 
        references Atmosphere

    alter table Composition 
        add constraint FK3168B18A3A5A1A8A 
        foreign key (atmosphere_id) 
        references Atmosphere

    alter table Composition 
        add constraint FK3168B18ADE9E750A 
        foreign key (gas_id) 
        references Gas

    alter table Drawer 
        add constraint FK7A7DE5118426204A 
        foreign key (wardrobe_id) 
        references Wardrobe

    alter table Drawer_Dress 
        add constraint FK51811693D0ADA24 
        foreign key (dresses_dress_id) 
        references Dress

    alter table Drawer_Dress 
        add constraint FK5181169FF5ADC2A 
        foreign key (Drawer_id) 
        references Drawer

    alter table Gas_per_key 
        add constraint FKDA159CB77DE1CDBA 
        foreign key (gasesPerKey_id) 
        references Gas

    alter table Gas_per_key 
        add constraint FKDA159CB73A5A1A8A 
        foreign key (Atmosphere_id) 
        references Atmosphere

    alter table Gas_per_key 
        add constraint FKDA159CB7AFCE2117 
        foreign key (gas_id) 
        references GasKey

    alter table Newspaper_News 
        add constraint FK88E5E8F97308A90A 
        foreign key (Newspaper_id) 
        references Newspaper

    alter table Newspaper_News 
        add constraint FK88E5E8F930946B7E 
        foreign key (news_news_id) 
        references News

    alter table Painting 
        add constraint FK3B0BBEE466DC1CA6 
        foreign key (paintings_id) 
        references Painter

    alter table PressReleaseAgency_News 
        add constraint FK2CBA29E96E93BCEA 
        foreign key (News_id) 
        references News

    alter table PressReleaseAgency_News 
        add constraint FK2CBA29E964F7AD2A 
        foreign key (PressReleaseAgency_id) 
        references PressReleaseAgency

    alter table Training_Trainee 
        add constraint FK1FBEAE437EEFA38A 
        foreign key (Training_id) 
        references Training

    alter table Training_Trainee 
        add constraint FK1FBEAE4397BB03A7 
        foreign key (trainees_id) 
        references Trainee

    alter table tbl_version 
        add constraint FK2A21E557B443BDA 
        foreign key (software_name) 
        references Software

    create sequence hibernate_sequence
org.hibernate.dialect.Oracle10gDialect

    drop table AddressBook cascade constraints

    drop table AddressEntry cascade constraints

    drop table AlphabeticalDirectory cascade constraints

    drop table Atmosphere cascade constraints

    drop table Atmosphere_Gas cascade constraints

    drop table Composition cascade constraints

    drop table Drawer cascade constraints

    drop table Drawer_Dress cascade constraints

    drop table Dress cascade constraints

    drop table Gas cascade constraints

    drop table GasKey cascade constraints

    drop table Gas_per_key cascade constraints

    drop table News cascade constraints

    drop table Newspaper cascade constraints

    drop table Newspaper_News cascade constraints

    drop table Painter cascade constraints

    drop table Painting cascade constraints

    drop table PressReleaseAgency cascade constraints

    drop table PressReleaseAgency_News cascade constraints

    drop table Software cascade constraints

    drop table Trainee cascade constraints

    drop table Training cascade constraints

    drop table Training_Trainee cascade constraints

    drop table Wardrobe cascade constraints

    drop table tbl_version cascade constraints

    drop sequence hibernate_sequence

    create table AddressBook (
        id number(10,0) not null,
        owner varchar2(255 char),
        primary key (id)
    )

    create table AddressEntry (
        firstname varchar2(255 char) not null,
        lastname varchar2(255 char) not null,
        city varchar2(255 char),
        street varchar2(255 char),
        book_id number(10,0),
        directory_id number(10,0),
        primary key (firstname, lastname)
    )

    create table AlphabeticalDirectory (
        id number(10,0) not null,
        name varchar2(255 char),
        primary key (id)
    )

    create table Atmosphere (
        id number(10,0) not null,
        primary key (id)
    )

    create table Atmosphere_Gas (
        Atmosphere_id number(10,0) not null,
        gases_id number(10,0) not null,
        gas_name varchar2(255 char) not null,
        primary key (Atmosphere_id, gas_name)
    )

    create table Composition (
        atmosphere_id number(10,0) not null,
        composition_rate double precision,
        gas_id number(10,0) not null,
        primary key (atmosphere_id, gas_id)
    )

    create table Drawer (
        id number(19,0) not null,
        wardrobe_id number(19,0) not null,
        drawer_position number(10,0),
        primary key (id)
    )

    create table Drawer_Dress (
        Drawer_id number(19,0) not null,
        dresses_dress_id number(10,0) not null,
        from_bottom_position number(10,0) not null,
        primary key (Drawer_id, from_bottom_position),
        unique (dresses_dress_id)
    )

    create table Dress (
        dress_id number(10,0) not null,
        primary key (dress_id)
    )

    create table Gas (
        id number(10,0) not null,
        name varchar2(255 char),
        primary key (id)
    )

    create table GasKey (
        name varchar2(255 char) not null,
        primary key (name)
    )

    create table Gas_per_key (
        Atmosphere_id number(10,0) not null,
        gasesPerKey_id number(10,0) not null,
        gas_id varchar2(255 char) not null,
        primary key (Atmosphere_id, gas_id)
    )

    create table News (
        news_id number(10,0) not null,
        detail varchar2(255 char),
        title varchar2(255 char),
        primary key (news_id)
    )

    create table Newspaper (
        id number(10,0) not null,
        name varchar2(255 char),
        primary key (id)
    )

    create table Newspaper_News (
        Newspaper_id number(10,0) not null,
        news_news_id number(10,0) not null,
        primary key (Newspaper_id, news_news_id)
    )

    create table Painter (
        id number(10,0) not null,
        primary key (id)
    )

    create table Painting (
        name varchar2(255 char) not null,
        painter varchar2(255 char) not null,
        sizeX number(10,0) not null,
        sizeY number(10,0) not null,
        paintings_id number(10,0),
        primary key (name, painter)
    )

    create table PressReleaseAgency (
        PressReleaseAgency_id number(10,0) not null,
        name varchar2(255 char),
        primary key (PressReleaseAgency_id)
    )

    create table PressReleaseAgency_News (
        PressReleaseAgency_id number(10,0) not null,
        News_id number(10,0) not null,
        primary key (PressReleaseAgency_id, News_id)
    )

    create table Software (
        name varchar2(255 char) not null,
        primary key (name)
    )

    create table Trainee (
        id number(19,0) not null,
        name varchar2(255 char),
        primary key (id)
    )

    create table Training (
        id number(19,0) not null,
        primary key (id)
    )

    create table Training_Trainee (
        Training_id number(19,0) not null,
        trainees_id number(19,0) not null,
        primary key (Training_id, trainees_id)
    )

    create table Wardrobe (
        id number(19,0) not null,
        primary key (id)
    )

    create table tbl_version (
        id number(10,0) not null,
        "code_name" varchar2(255 char),
        version_nbr varchar2(255 char),
        software_name varchar2(255 char),
        primary key (id)
    )

    alter table AddressEntry 
        add constraint FK181B28FEFEC3411E 
        foreign key (book_id) 
        references AddressBook

    alter table AddressEntry 
        add constraint FK181B28FE3F865FB2 
        foreign key (directory_id) 
        references AlphabeticalDirectory

    alter table Atmosphere_Gas 
        add constraint FKB7FE0E3CCA267BDC 
        foreign key (gases_id) 
        references Gas

    alter table Atmosphere_Gas 
        add constraint FKB7FE0E3C3A5A1A8A 
        foreign key (Atmosphere_id) 
        references Atmosphere

    alter table Composition 
        add constraint FK3168B18A3A5A1A8A 
        foreign key (atmosphere_id) 
        references Atmosphere

    alter table Composition 
        add constraint FK3168B18ADE9E750A 
        foreign key (gas_id) 
        references Gas

    alter table Drawer 
        add constraint FK7A7DE5118426204A 
        foreign key (wardrobe_id) 
        references Wardrobe

    alter table Drawer_Dress 
        add constraint FK51811693D0ADA24 
        foreign key (dresses_dress_id) 
        references Dress

    alter table Drawer_Dress 
        add constraint FK5181169FF5ADC2A 
        foreign key (Drawer_id) 
        references Drawer

    alter table Gas_per_key 
        add constraint FKDA159CB77DE1CDBA 
        foreign key (gasesPerKey_id) 
        references Gas

    alter table Gas_per_key 
        add constraint FKDA159CB73A5A1A8A 
        foreign key (Atmosphere_id) 
        references Atmosphere

    alter table Gas_per_key 
        add constraint FKDA159CB7AFCE2117 
        foreign key (gas_id) 
        references GasKey

    alter table Newspaper_News 
        add constraint FK88E5E8F97308A90A 
        foreign key (Newspaper_id) 
        references Newspaper

    alter table Newspaper_News 
        add constraint FK88E5E8F930946B7E 
        foreign key (news_news_id) 
        references News

    alter table Painting 
        add constraint FK3B0BBEE466DC1CA6 
        foreign key (paintings_id) 
        references Painter

    alter table PressReleaseAgency_News 
        add constraint FK2CBA29E96E93BCEA 
        foreign key (News_id) 
        references News

    alter table PressReleaseAgency_News 
        add constraint FK2CBA29E964F7AD2A 
        foreign key (PressReleaseAgency_id) 
        references PressReleaseAgency

    alter table Training_Trainee 
        add constraint FK1FBEAE437EEFA38A 
        foreign key (Training_id) 
        references Training

    alter table Training_Trainee 
        add constraint FK1FBEAE4397BB03A7 
        foreign key (trainees_id) 
        references Trainee

    alter table tbl_version 
        add constraint FK2A21E557B443BDA 
        foreign key (software_name) 
        references Software

    create sequence hibernate_sequence
org.hibernate.dialect.Oracle10gDialect

    drop table AddressBook cascade constraints

    drop table AddressEntry cascade constraints

    drop table AlphabeticalDirectory cascade constraints

    drop table Atmosphere cascade constraints

    drop table Atmosphere_Gas cascade constraints

    drop table Composition cascade constraints

    drop table Drawer cascade constraints

    drop table Drawer_Dress cascade constraints

    drop table Dress cascade constraints

    drop table Gas cascade constraints

    drop table GasKey cascade constraints

    drop table Gas_per_key cascade constraints

    drop table News cascade constraints

    drop table Newspaper cascade constraints

    drop table Newspaper_News cascade constraints

    drop table Painter cascade constraints

    drop table Painting cascade constraints

    drop table PressReleaseAgency cascade constraints

    drop table PressReleaseAgency_News cascade constraints

    drop table Software cascade constraints

    drop table Trainee cascade constraints

    drop table Training cascade constraints

    drop table Training_Trainee cascade constraints

    drop table Wardrobe cascade constraints

    drop table tbl_version cascade constraints

    drop sequence hibernate_sequence

    create table AddressBook (
        id number(10,0) not null,
        owner varchar2(255 char),
        primary key (id)
    )

    create table AddressEntry (
        firstname varchar2(255 char) not null,
        lastname varchar2(255 char) not null,
        city varchar2(255 char),
        street varchar2(255 char),
        book_id number(10,0),
        directory_id number(10,0),
        primary key (firstname, lastname)
    )

    create table AlphabeticalDirectory (
        id number(10,0) not null,
        name varchar2(255 char),
        primary key (id)
    )

    create table Atmosphere (
        id number(10,0) not null,
        primary key (id)
    )

    create table Atmosphere_Gas (
        Atmosphere_id number(10,0) not null,
        gases_id number(10,0) not null,
        gas_name varchar2(255 char) not null,
        primary key (Atmosphere_id, gas_name)
    )

    create table Composition (
        atmosphere_id number(10,0) not null,
        composition_rate double precision,
        gas_id number(10,0) not null,
        primary key (atmosphere_id, gas_id)
    )

    create table Drawer (
        id number(19,0) not null,
        wardrobe_id number(19,0) not null,
        drawer_position number(10,0),
        primary key (id)
    )

    create table Drawer_Dress (
        Drawer_id number(19,0) not null,
        dresses_dress_id number(10,0) not null,
        from_bottom_position number(10,0) not null,
        primary key (Drawer_id, from_bottom_position),
        unique (dresses_dress_id)
    )

    create table Dress (
        dress_id number(10,0) not null,
        primary key (dress_id)
    )

    create table Gas (
        id number(10,0) not null,
        name varchar2(255 char),
        primary key (id)
    )

    create table GasKey (
        name varchar2(255 char) not null,
        primary key (name)
    )

    create table Gas_per_key (
        Atmosphere_id number(10,0) not null,
        gasesPerKey_id number(10,0) not null,
        gas_id varchar2(255 char) not null,
        primary key (Atmosphere_id, gas_id)
    )

    create table News (
        news_id number(10,0) not null,
        detail varchar2(255 char),
        title varchar2(255 char),
        primary key (news_id)
    )

    create table Newspaper (
        id number(10,0) not null,
        name varchar2(255 char),
        primary key (id)
    )

    create table Newspaper_News (
        Newspaper_id number(10,0) not null,
        news_news_id number(10,0) not null,
        primary key (Newspaper_id, news_news_id)
    )

    create table Painter (
        id number(10,0) not null,
        primary key (id)
    )

    create table Painting (
        name varchar2(255 char) not null,
        painter varchar2(255 char) not null,
        sizeX number(10,0) not null,
        sizeY number(10,0) not null,
        paintings_id number(10,0),
        primary key (name, painter)
    )

    create table PressReleaseAgency (
        PressReleaseAgency_id number(10,0) not null,
        name varchar2(255 char),
        primary key (PressReleaseAgency_id)
    )

    create table PressReleaseAgency_News (
        PressReleaseAgency_id number(10,0) not null,
        News_id number(10,0) not null,
        primary key (PressReleaseAgency_id, News_id)
    )

    create table Software (
        name varchar2(255 char) not null,
        primary key (name)
    )

    create table Trainee (
        id number(19,0) not null,
        name varchar2(255 char),
        primary key (id)
    )

    create table Training (
        id number(19,0) not null,
        primary key (id)
    )

    create table Training_Trainee (
        Training_id number(19,0) not null,
        trainees_id number(19,0) not null,
        primary key (Training_id, trainees_id)
    )

    create table Wardrobe (
        id number(19,0) not null,
        primary key (id)
    )

    create table tbl_version (
        id number(10,0) not null,
        "code_name" varchar2(255 char),
        version_nbr varchar2(255 char),
        software_name varchar2(255 char),
        primary key (id)
    )

    alter table AddressEntry 
        add constraint FK181B28FEFEC3411E 
        foreign key (book_id) 
        references AddressBook

    alter table AddressEntry 
        add constraint FK181B28FE3F865FB2 
        foreign key (directory_id) 
        references AlphabeticalDirectory

    alter table Atmosphere_Gas 
        add constraint FKB7FE0E3CCA267BDC 
        foreign key (gases_id) 
        references Gas

    alter table Atmosphere_Gas 
        add constraint FKB7FE0E3C3A5A1A8A 
        foreign key (Atmosphere_id) 
        references Atmosphere

    alter table Composition 
        add constraint FK3168B18A3A5A1A8A 
        foreign key (atmosphere_id) 
        references Atmosphere

    alter table Composition 
        add constraint FK3168B18ADE9E750A 
        foreign key (gas_id) 
        references Gas

    alter table Drawer 
        add constraint FK7A7DE5118426204A 
        foreign key (wardrobe_id) 
        references Wardrobe

    alter table Drawer_Dress 
        add constraint FK51811693D0ADA24 
        foreign key (dresses_dress_id) 
        references Dress

    alter table Drawer_Dress 
        add constraint FK5181169FF5ADC2A 
        foreign key (Drawer_id) 
        references Drawer

    alter table Gas_per_key 
        add constraint FKDA159CB77DE1CDBA 
        foreign key (gasesPerKey_id) 
        references Gas

    alter table Gas_per_key 
        add constraint FKDA159CB73A5A1A8A 
        foreign key (Atmosphere_id) 
        references Atmosphere

    alter table Gas_per_key 
        add constraint FKDA159CB7AFCE2117 
        foreign key (gas_id) 
        references GasKey

    alter table Newspaper_News 
        add constraint FK88E5E8F97308A90A 
        foreign key (Newspaper_id) 
        references Newspaper

    alter table Newspaper_News 
        add constraint FK88E5E8F930946B7E 
        foreign key (news_news_id) 
        references News

    alter table Painting 
        add constraint FK3B0BBEE466DC1CA6 
        foreign key (paintings_id) 
        references Painter

    alter table PressReleaseAgency_News 
        add constraint FK2CBA29E96E93BCEA 
        foreign key (News_id) 
        references News

    alter table PressReleaseAgency_News 
        add constraint FK2CBA29E964F7AD2A 
        foreign key (PressReleaseAgency_id) 
        references PressReleaseAgency

    alter table Training_Trainee 
        add constraint FK1FBEAE437EEFA38A 
        foreign key (Training_id) 
        references Training

    alter table Training_Trainee 
        add constraint FK1FBEAE4397BB03A7 
        foreign key (trainees_id) 
        references Trainee

    alter table tbl_version 
        add constraint FK2A21E557B443BDA 
        foreign key (software_name) 
        references Software

    create sequence hibernate_sequence
org.hibernate.dialect.Oracle10gDialect

    drop table AddressBook cascade constraints

    drop table AddressEntry cascade constraints

    drop table AlphabeticalDirectory cascade constraints

    drop table Atmosphere cascade constraints

    drop table Atmosphere_Gas cascade constraints

    drop table Composition cascade constraints

    drop table Drawer cascade constraints

    drop table Drawer_Dress cascade constraints

    drop table Dress cascade constraints

    drop table Gas cascade constraints

    drop table GasKey cascade constraints

    drop table Gas_per_key cascade constraints

    drop table News cascade constraints

    drop table Newspaper cascade constraints

    drop table Newspaper_News cascade constraints

    drop table Painter cascade constraints

    drop table Painting cascade constraints

    drop table PressReleaseAgency cascade constraints

    drop table PressReleaseAgency_News cascade constraints

    drop table Software cascade constraints

    drop table Trainee cascade constraints

    drop table Training cascade constraints

    drop table Training_Trainee cascade constraints

    drop table Wardrobe cascade constraints

    drop table tbl_version cascade constraints

    drop sequence hibernate_sequence

    create table AddressBook (
        id number(10,0) not null,
        owner varchar2(255 char),
        primary key (id)
    )

    create table AddressEntry (
        firstname varchar2(255 char) not null,
        lastname varchar2(255 char) not null,
        city varchar2(255 char),
        street varchar2(255 char),
        book_id number(10,0),
        directory_id number(10,0),
        primary key (firstname, lastname)
    )

    create table AlphabeticalDirectory (
        id number(10,0) not null,
        name varchar2(255 char),
        primary key (id)
    )

    create table Atmosphere (
        id number(10,0) not null,
        primary key (id)
    )

    create table Atmosphere_Gas (
        Atmosphere_id number(10,0) not null,
        gases_id number(10,0) not null,
        gas_name varchar2(255 char) not null,
        primary key (Atmosphere_id, gas_name)
    )

    create table Composition (
        atmosphere_id number(10,0) not null,
        composition_rate double precision,
        gas_id number(10,0) not null,
        primary key (atmosphere_id, gas_id)
    )

    create table Drawer (
        id number(19,0) not null,
        wardrobe_id number(19,0) not null,
        drawer_position number(10,0),
        primary key (id)
    )

    create table Drawer_Dress (
        Drawer_id number(19,0) not null,
        dresses_dress_id number(10,0) not null,
        from_bottom_position number(10,0) not null,
        primary key (Drawer_id, from_bottom_position),
        unique (dresses_dress_id)
    )

    create table Dress (
        dress_id number(10,0) not null,
        primary key (dress_id)
    )

    create table Gas (
        id number(10,0) not null,
        name varchar2(255 char),
        primary key (id)
    )

    create table GasKey (
        name varchar2(255 char) not null,
        primary key (name)
    )

    create table Gas_per_key (
        Atmosphere_id number(10,0) not null,
        gasesPerKey_id number(10,0) not null,
        gas_id varchar2(255 char) not null,
        primary key (Atmosphere_id, gas_id)
    )

    create table News (
        news_id number(10,0) not null,
        detail varchar2(255 char),
        title varchar2(255 char),
        primary key (news_id)
    )

    create table Newspaper (
        id number(10,0) not null,
        name varchar2(255 char),
        primary key (id)
    )

    create table Newspaper_News (
        Newspaper_id number(10,0) not null,
        news_news_id number(10,0) not null,
        primary key (Newspaper_id, news_news_id)
    )

    create table Painter (
        id number(10,0) not null,
        primary key (id)
    )

    create table Painting (
        name varchar2(255 char) not null,
        painter varchar2(255 char) not null,
        sizeX number(10,0) not null,
        sizeY number(10,0) not null,
        paintings_id number(10,0),
        primary key (name, painter)
    )

    create table PressReleaseAgency (
        PressReleaseAgency_id number(10,0) not null,
        name varchar2(255 char),
        primary key (PressReleaseAgency_id)
    )

    create table PressReleaseAgency_News (
        PressReleaseAgency_id number(10,0) not null,
        News_id number(10,0) not null,
        primary key (PressReleaseAgency_id, News_id)
    )

    create table Software (
        name varchar2(255 char) not null,
        primary key (name)
    )

    create table Trainee (
        id number(19,0) not null,
        name varchar2(255 char),
        primary key (id)
    )

    create table Training (
        id number(19,0) not null,
        primary key (id)
    )

    create table Training_Trainee (
        Training_id number(19,0) not null,
        trainees_id number(19,0) not null,
        primary key (Training_id, trainees_id)
    )

    create table Wardrobe (
        id number(19,0) not null,
        primary key (id)
    )

    create table tbl_version (
        id number(10,0) not null,
        "code_name" varchar2(255 char),
        version_nbr varchar2(255 char),
        software_name varchar2(255 char),
        primary key (id)
    )

    alter table AddressEntry 
        add constraint FK181B28FEFEC3411E 
        foreign key (book_id) 
        references AddressBook

    alter table AddressEntry 
        add constraint FK181B28FE3F865FB2 
        foreign key (directory_id) 
        references AlphabeticalDirectory

    alter table Atmosphere_Gas 
        add constraint FKB7FE0E3CCA267BDC 
        foreign key (gases_id) 
        references Gas

    alter table Atmosphere_Gas 
        add constraint FKB7FE0E3C3A5A1A8A 
        foreign key (Atmosphere_id) 
        references Atmosphere

    alter table Composition 
        add constraint FK3168B18A3A5A1A8A 
        foreign key (atmosphere_id) 
        references Atmosphere

    alter table Composition 
        add constraint FK3168B18ADE9E750A 
        foreign key (gas_id) 
        references Gas

    alter table Drawer 
        add constraint FK7A7DE5118426204A 
        foreign key (wardrobe_id) 
        references Wardrobe

    alter table Drawer_Dress 
        add constraint FK51811693D0ADA24 
        foreign key (dresses_dress_id) 
        references Dress

    alter table Drawer_Dress 
        add constraint FK5181169FF5ADC2A 
        foreign key (Drawer_id) 
        references Drawer

    alter table Gas_per_key 
        add constraint FKDA159CB77DE1CDBA 
        foreign key (gasesPerKey_id) 
        references Gas

    alter table Gas_per_key 
        add constraint FKDA159CB73A5A1A8A 
        foreign key (Atmosphere_id) 
        references Atmosphere

    alter table Gas_per_key 
        add constraint FKDA159CB7AFCE2117 
        foreign key (gas_id) 
        references GasKey

    alter table Newspaper_News 
        add constraint FK88E5E8F97308A90A 
        foreign key (Newspaper_id) 
        references Newspaper

    alter table Newspaper_News 
        add constraint FK88E5E8F930946B7E 
        foreign key (news_news_id) 
        references News

    alter table Painting 
        add constraint FK3B0BBEE466DC1CA6 
        foreign key (paintings_id) 
        references Painter

    alter table PressReleaseAgency_News 
        add constraint FK2CBA29E96E93BCEA 
        foreign key (News_id) 
        references News

    alter table PressReleaseAgency_News 
        add constraint FK2CBA29E964F7AD2A 
        foreign key (PressReleaseAgency_id) 
        references PressReleaseAgency

    alter table Training_Trainee 
        add constraint FK1FBEAE437EEFA38A 
        foreign key (Training_id) 
        references Training

    alter table Training_Trainee 
        add constraint FK1FBEAE4397BB03A7 
        foreign key (trainees_id) 
        references Trainee

    alter table tbl_version 
        add constraint FK2A21E557B443BDA 
        foreign key (software_name) 
        references Software

    create sequence hibernate_sequence
org.hibernate.dialect.Oracle10gDialect

    drop table AddressBook cascade constraints

    drop table AddressEntry cascade constraints

    drop table AlphabeticalDirectory cascade constraints

    drop table Atmosphere cascade constraints

    drop table Atmosphere_Gas cascade constraints

    drop table Composition cascade constraints

    drop table Drawer cascade constraints

    drop table Drawer_Dress cascade constraints

    drop table Dress cascade constraints

    drop table Gas cascade constraints

    drop table GasKey cascade constraints

    drop table Gas_per_key cascade constraints

    drop table News cascade constraints

    drop table Newspaper cascade constraints

    drop table Newspaper_News cascade constraints

    drop table Painter cascade constraints

    drop table Painting cascade constraints

    drop table PressReleaseAgency cascade constraints

    drop table PressReleaseAgency_News cascade constraints

    drop table Software cascade constraints

    drop table Trainee cascade constraints

    drop table Training cascade constraints

    drop table Training_Trainee cascade constraints

    drop table Wardrobe cascade constraints

    drop table tbl_version cascade constraints

    drop sequence hibernate_sequence

    create table AddressBook (
        id number(10,0) not null,
        owner varchar2(255 char),
        primary key (id)
    )

    create table AddressEntry (
        firstname varchar2(255 char) not null,
        lastname varchar2(255 char) not null,
        city varchar2(255 char),
        street varchar2(255 char),
        book_id number(10,0),
        directory_id number(10,0),
        primary key (firstname, lastname)
    )

    create table AlphabeticalDirectory (
        id number(10,0) not null,
        name varchar2(255 char),
        primary key (id)
    )

    create table Atmosphere (
        id number(10,0) not null,
        primary key (id)
    )

    create table Atmosphere_Gas (
        Atmosphere_id number(10,0) not null,
        gases_id number(10,0) not null,
        gas_name varchar2(255 char) not null,
        primary key (Atmosphere_id, gas_name)
    )

    create table Composition (
        atmosphere_id number(10,0) not null,
        composition_rate double precision,
        gas_id number(10,0) not null,
        primary key (atmosphere_id, gas_id)
    )

    create table Drawer (
        id number(19,0) not null,
        wardrobe_id number(19,0) not null,
        drawer_position number(10,0),
        primary key (id)
    )

    create table Drawer_Dress (
        Drawer_id number(19,0) not null,
        dresses_dress_id number(10,0) not null,
        from_bottom_position number(10,0) not null,
        primary key (Drawer_id, from_bottom_position),
        unique (dresses_dress_id)
    )

    create table Dress (
        dress_id number(10,0) not null,
        primary key (dress_id)
    )

    create table Gas (
        id number(10,0) not null,
        name varchar2(255 char),
        primary key (id)
    )

    create table GasKey (
        name varchar2(255 char) not null,
        primary key (name)
    )

    create table Gas_per_key (
        Atmosphere_id number(10,0) not null,
        gasesPerKey_id number(10,0) not null,
        gas_id varchar2(255 char) not null,
        primary key (Atmosphere_id, gas_id)
    )

    create table News (
        news_id number(10,0) not null,
        detail varchar2(255 char),
        title varchar2(255 char),
        primary key (news_id)
    )

    create table Newspaper (
        id number(10,0) not null,
        name varchar2(255 char),
        primary key (id)
    )

    create table Newspaper_News (
        Newspaper_id number(10,0) not null,
        news_news_id number(10,0) not null,
        primary key (Newspaper_id, news_news_id)
    )

    create table Painter (
        id number(10,0) not null,
        primary key (id)
    )

    create table Painting (
        name varchar2(255 char) not null,
        painter varchar2(255 char) not null,
        sizeX number(10,0) not null,
        sizeY number(10,0) not null,
        paintings_id number(10,0),
        primary key (name, painter)
    )

    create table PressReleaseAgency (
        PressReleaseAgency_id number(10,0) not null,
        name varchar2(255 char),
        primary key (PressReleaseAgency_id)
    )

    create table PressReleaseAgency_News (
        PressReleaseAgency_id number(10,0) not null,
        News_id number(10,0) not null,
        primary key (PressReleaseAgency_id, News_id)
    )

    create table Software (
        name varchar2(255 char) not null,
        primary key (name)
    )

    create table Trainee (
        id number(19,0) not null,
        name varchar2(255 char),
        primary key (id)
    )

    create table Training (
        id number(19,0) not null,
        primary key (id)
    )

    create table Training_Trainee (
        Training_id number(19,0) not null,
        trainees_id number(19,0) not null,
        primary key (Training_id, trainees_id)
    )

    create table Wardrobe (
        id number(19,0) not null,
        primary key (id)
    )

    create table tbl_version (
        id number(10,0) not null,
        "code_name" varchar2(255 char),
        version_nbr varchar2(255 char),
        software_name varchar2(255 char),
        primary key (id)
    )

    alter table AddressEntry 
        add constraint FK181B28FEFEC3411E 
        foreign key (book_id) 
        references AddressBook

    alter table AddressEntry 
        add constraint FK181B28FE3F865FB2 
        foreign key (directory_id) 
        references AlphabeticalDirectory

    alter table Atmosphere_Gas 
        add constraint FKB7FE0E3CCA267BDC 
        foreign key (gases_id) 
        references Gas

    alter table Atmosphere_Gas 
        add constraint FKB7FE0E3C3A5A1A8A 
        foreign key (Atmosphere_id) 
        references Atmosphere

    alter table Composition 
        add constraint FK3168B18A3A5A1A8A 
        foreign key (atmosphere_id) 
        references Atmosphere

    alter table Composition 
        add constraint FK3168B18ADE9E750A 
        foreign key (gas_id) 
        references Gas

    alter table Drawer 
        add constraint FK7A7DE5118426204A 
        foreign key (wardrobe_id) 
        references Wardrobe

    alter table Drawer_Dress 
        add constraint FK51811693D0ADA24 
        foreign key (dresses_dress_id) 
        references Dress

    alter table Drawer_Dress 
        add constraint FK5181169FF5ADC2A 
        foreign key (Drawer_id) 
        references Drawer

    alter table Gas_per_key 
        add constraint FKDA159CB77DE1CDBA 
        foreign key (gasesPerKey_id) 
        references Gas

    alter table Gas_per_key 
        add constraint FKDA159CB73A5A1A8A 
        foreign key (Atmosphere_id) 
        references Atmosphere

    alter table Gas_per_key 
        add constraint FKDA159CB7AFCE2117 
        foreign key (gas_id) 
        references GasKey

    alter table Newspaper_News 
        add constraint FK88E5E8F97308A90A 
        foreign key (Newspaper_id) 
        references Newspaper

    alter table Newspaper_News 
        add constraint FK88E5E8F930946B7E 
        foreign key (news_news_id) 
        references News

    alter table Painting 
        add constraint FK3B0BBEE466DC1CA6 
        foreign key (paintings_id) 
        references Painter

    alter table PressReleaseAgency_News 
        add constraint FK2CBA29E96E93BCEA 
        foreign key (News_id) 
        references News

    alter table PressReleaseAgency_News 
        add constraint FK2CBA29E964F7AD2A 
        foreign key (PressReleaseAgency_id) 
        references PressReleaseAgency

    alter table Training_Trainee 
        add constraint FK1FBEAE437EEFA38A 
        foreign key (Training_id) 
        references Training

    alter table Training_Trainee 
        add constraint FK1FBEAE4397BB03A7 
        foreign key (trainees_id) 
        references Trainee

    alter table tbl_version 
        add constraint FK2A21E557B443BDA 
        foreign key (software_name) 
        references Software

    create sequence hibernate_sequence
org.hibernate.dialect.Oracle10gDialect

    drop table AddressBook cascade constraints

    drop table AddressEntry cascade constraints

    drop table AlphabeticalDirectory cascade constraints

    drop table Atmosphere cascade constraints

    drop table Atmosphere_Gas cascade constraints

    drop table Composition cascade constraints

    drop table Drawer cascade constraints

    drop table Drawer_Dress cascade constraints

    drop table Dress cascade constraints

    drop table Gas cascade constraints

    drop table GasKey cascade constraints

    drop table Gas_per_key cascade constraints

    drop table News cascade constraints

    drop table Newspaper cascade constraints

    drop table Newspaper_News cascade constraints

    drop table Painter cascade constraints

    drop table Painting cascade constraints

    drop table PressReleaseAgency cascade constraints

    drop table PressReleaseAgency_News cascade constraints

    drop table Software cascade constraints

    drop table Trainee cascade constraints

    drop table Training cascade constraints

    drop table Training_Trainee cascade constraints

    drop table Wardrobe cascade constraints

    drop table tbl_version cascade constraints

    drop sequence hibernate_sequence

    create table AddressBook (
        id number(10,0) not null,
        owner varchar2(255 char),
        primary key (id)
    )

    create table AddressEntry (
        firstname varchar2(255 char) not null,
        lastname varchar2(255 char) not null,
        city varchar2(255 char),
        street varchar2(255 char),
        book_id number(10,0),
        directory_id number(10,0),
        primary key (firstname, lastname)
    )

    create table AlphabeticalDirectory (
        id number(10,0) not null,
        name varchar2(255 char),
        primary key (id)
    )

    create table Atmosphere (
        id number(10,0) not null,
        primary key (id)
    )

    create table Atmosphere_Gas (
        Atmosphere_id number(10,0) not null,
        gases_id number(10,0) not null,
        gas_name varchar2(255 char) not null,
        primary key (Atmosphere_id, gas_name)
    )

    create table Composition (
        atmosphere_id number(10,0) not null,
        composition_rate double precision,
        gas_id number(10,0) not null,
        primary key (atmosphere_id, gas_id)
    )

    create table Drawer (
        id number(19,0) not null,
        wardrobe_id number(19,0) not null,
        drawer_position number(10,0),
        primary key (id)
    )

    create table Drawer_Dress (
        Drawer_id number(19,0) not null,
        dresses_dress_id number(10,0) not null,
        from_bottom_position number(10,0) not null,
        primary key (Drawer_id, from_bottom_position),
        unique (dresses_dress_id)
    )

    create table Dress (
        dress_id number(10,0) not null,
        primary key (dress_id)
    )

    create table Gas (
        id number(10,0) not null,
        name varchar2(255 char),
        primary key (id)
    )

    create table GasKey (
        name varchar2(255 char) not null,
        primary key (name)
    )

    create table Gas_per_key (
        Atmosphere_id number(10,0) not null,
        gasesPerKey_id number(10,0) not null,
        gas_id varchar2(255 char) not null,
        primary key (Atmosphere_id, gas_id)
    )

    create table News (
        news_id number(10,0) not null,
        detail varchar2(255 char),
        title varchar2(255 char),
        primary key (news_id)
    )

    create table Newspaper (
        id number(10,0) not null,
        name varchar2(255 char),
        primary key (id)
    )

    create table Newspaper_News (
        Newspaper_id number(10,0) not null,
        news_news_id number(10,0) not null,
        primary key (Newspaper_id, news_news_id)
    )

    create table Painter (
        id number(10,0) not null,
        primary key (id)
    )

    create table Painting (
        name varchar2(255 char) not null,
        painter varchar2(255 char) not null,
        sizeX number(10,0) not null,
        sizeY number(10,0) not null,
        paintings_id number(10,0),
        primary key (name, painter)
    )

    create table PressReleaseAgency (
        PressReleaseAgency_id number(10,0) not null,
        name varchar2(255 char),
        primary key (PressReleaseAgency_id)
    )

    create table PressReleaseAgency_News (
        PressReleaseAgency_id number(10,0) not null,
        News_id number(10,0) not null,
        primary key (PressReleaseAgency_id, News_id)
    )

    create table Software (
        name varchar2(255 char) not null,
        primary key (name)
    )

    create table Trainee (
        id number(19,0) not null,
        name varchar2(255 char),
        primary key (id)
    )

    create table Training (
        id number(19,0) not null,
        primary key (id)
    )

    create table Training_Trainee (
        Training_id number(19,0) not null,
        trainees_id number(19,0) not null,
        primary key (Training_id, trainees_id)
    )

    create table Wardrobe (
        id number(19,0) not null,
        primary key (id)
    )

    create table tbl_version (
        id number(10,0) not null,
        "code_name" varchar2(255 char),
        version_nbr varchar2(255 char),
        software_name varchar2(255 char),
        primary key (id)
    )

    alter table AddressEntry 
        add constraint FK181B28FEFEC3411E 
        foreign key (book_id) 
        references AddressBook

    alter table AddressEntry 
        add constraint FK181B28FE3F865FB2 
        foreign key (directory_id) 
        references AlphabeticalDirectory

    alter table Atmosphere_Gas 
        add constraint FKB7FE0E3CCA267BDC 
        foreign key (gases_id) 
        references Gas

    alter table Atmosphere_Gas 
        add constraint FKB7FE0E3C3A5A1A8A 
        foreign key (Atmosphere_id) 
        references Atmosphere

    alter table Composition 
        add constraint FK3168B18A3A5A1A8A 
        foreign key (atmosphere_id) 
        references Atmosphere

    alter table Composition 
        add constraint FK3168B18ADE9E750A 
        foreign key (gas_id) 
        references Gas

    alter table Drawer 
        add constraint FK7A7DE5118426204A 
        foreign key (wardrobe_id) 
        references Wardrobe

    alter table Drawer_Dress 
        add constraint FK51811693D0ADA24 
        foreign key (dresses_dress_id) 
        references Dress

    alter table Drawer_Dress 
        add constraint FK5181169FF5ADC2A 
        foreign key (Drawer_id) 
        references Drawer

    alter table Gas_per_key 
        add constraint FKDA159CB77DE1CDBA 
        foreign key (gasesPerKey_id) 
        references Gas

    alter table Gas_per_key 
        add constraint FKDA159CB73A5A1A8A 
        foreign key (Atmosphere_id) 
        references Atmosphere

    alter table Gas_per_key 
        add constraint FKDA159CB7AFCE2117 
        foreign key (gas_id) 
        references GasKey

    alter table Newspaper_News 
        add constraint FK88E5E8F97308A90A 
        foreign key (Newspaper_id) 
        references Newspaper

    alter table Newspaper_News 
        add constraint FK88E5E8F930946B7E 
        foreign key (news_news_id) 
        references News

    alter table Painting 
        add constraint FK3B0BBEE466DC1CA6 
        foreign key (paintings_id) 
        references Painter

    alter table PressReleaseAgency_News 
        add constraint FK2CBA29E96E93BCEA 
        foreign key (News_id) 
        references News

    alter table PressReleaseAgency_News 
        add constraint FK2CBA29E964F7AD2A 
        foreign key (PressReleaseAgency_id) 
        references PressReleaseAgency

    alter table Training_Trainee 
        add constraint FK1FBEAE437EEFA38A 
        foreign key (Training_id) 
        references Training

    alter table Training_Trainee 
        add constraint FK1FBEAE4397BB03A7 
        foreign key (trainees_id) 
        references Trainee

    alter table tbl_version 
        add constraint FK2A21E557B443BDA 
        foreign key (software_name) 
        references Software

    create sequence hibernate_sequence
org.hibernate.dialect.Oracle10gDialect

    drop table AddressBook cascade constraints

    drop table AddressEntry cascade constraints

    drop table AlphabeticalDirectory cascade constraints

    drop table Atmosphere cascade constraints

    drop table Atmosphere_Gas cascade constraints

    drop table Composition cascade constraints

    drop table Drawer cascade constraints

    drop table Drawer_Dress cascade constraints

    drop table Dress cascade constraints

    drop table Gas cascade constraints

    drop table GasKey cascade constraints

    drop table Gas_per_key cascade constraints

    drop table News cascade constraints

    drop table Newspaper cascade constraints

    drop table Newspaper_News cascade constraints

    drop table Painter cascade constraints

    drop table Painting cascade constraints

    drop table PressReleaseAgency cascade constraints

    drop table PressReleaseAgency_News cascade constraints

    drop table Software cascade constraints

    drop table Trainee cascade constraints

    drop table Training cascade constraints

    drop table Training_Trainee cascade constraints

    drop table Wardrobe cascade constraints

    drop table tbl_version cascade constraints

    drop sequence hibernate_sequence

    create table AddressBook (
        id number(10,0) not null,
        owner varchar2(255 char),
        primary key (id)
    )

    create table AddressEntry (
        firstname varchar2(255 char) not null,
        lastname varchar2(255 char) not null,
        city varchar2(255 char),
        street varchar2(255 char),
        book_id number(10,0),
        directory_id number(10,0),
        primary key (firstname, lastname)
    )

    create table AlphabeticalDirectory (
        id number(10,0) not null,
        name varchar2(255 char),
        primary key (id)
    )

    create table Atmosphere (
        id number(10,0) not null,
        primary key (id)
    )

    create table Atmosphere_Gas (
        Atmosphere_id number(10,0) not null,
        gases_id number(10,0) not null,
        gas_name varchar2(255 char) not null,
        primary key (Atmosphere_id, gas_name)
    )

    create table Composition (
        atmosphere_id number(10,0) not null,
        composition_rate double precision,
        gas_id number(10,0) not null,
        primary key (atmosphere_id, gas_id)
    )

    create table Drawer (
        id number(19,0) not null,
        wardrobe_id number(19,0) not null,
        drawer_position number(10,0),
        primary key (id)
    )

    create table Drawer_Dress (
        Drawer_id number(19,0) not null,
        dresses_dress_id number(10,0) not null,
        from_bottom_position number(10,0) not null,
        primary key (Drawer_id, from_bottom_position),
        unique (dresses_dress_id)
    )

    create table Dress (
        dress_id number(10,0) not null,
        primary key (dress_id)
    )

    create table Gas (
        id number(10,0) not null,
        name varchar2(255 char),
        primary key (id)
    )

    create table GasKey (
        name varchar2(255 char) not null,
        primary key (name)
    )

    create table Gas_per_key (
        Atmosphere_id number(10,0) not null,
        gasesPerKey_id number(10,0) not null,
        gas_id varchar2(255 char) not null,
        primary key (Atmosphere_id, gas_id)
    )

    create table News (
        news_id number(10,0) not null,
        detail varchar2(255 char),
        title varchar2(255 char),
        primary key (news_id)
    )

    create table Newspaper (
        id number(10,0) not null,
        name varchar2(255 char),
        primary key (id)
    )

    create table Newspaper_News (
        Newspaper_id number(10,0) not null,
        news_news_id number(10,0) not null,
        primary key (Newspaper_id, news_news_id)
    )

    create table Painter (
        id number(10,0) not null,
        primary key (id)
    )

    create table Painting (
        name varchar2(255 char) not null,
        painter varchar2(255 char) not null,
        sizeX number(10,0) not null,
        sizeY number(10,0) not null,
        paintings_id number(10,0),
        primary key (name, painter)
    )

    create table PressReleaseAgency (
        PressReleaseAgency_id number(10,0) not null,
        name varchar2(255 char),
        primary key (PressReleaseAgency_id)
    )

    create table PressReleaseAgency_News (
        PressReleaseAgency_id number(10,0) not null,
        News_id number(10,0) not null,
        primary key (PressReleaseAgency_id, News_id)
    )

    create table Software (
        name varchar2(255 char) not null,
        primary key (name)
    )

    create table Trainee (
        id number(19,0) not null,
        name varchar2(255 char),
        primary key (id)
    )

    create table Training (
        id number(19,0) not null,
        primary key (id)
    )

    create table Training_Trainee (
        Training_id number(19,0) not null,
        trainees_id number(19,0) not null,
        primary key (Training_id, trainees_id)
    )

    create table Wardrobe (
        id number(19,0) not null,
        primary key (id)
    )

    create table tbl_version (
        id number(10,0) not null,
        "code_name" varchar2(255 char),
        version_nbr varchar2(255 char),
        software_name varchar2(255 char),
        primary key (id)
    )

    alter table AddressEntry 
        add constraint FK181B28FEFEC3411E 
        foreign key (book_id) 
        references AddressBook

    alter table AddressEntry 
        add constraint FK181B28FE3F865FB2 
        foreign key (directory_id) 
        references AlphabeticalDirectory

    alter table Atmosphere_Gas 
        add constraint FKB7FE0E3CCA267BDC 
        foreign key (gases_id) 
        references Gas

    alter table Atmosphere_Gas 
        add constraint FKB7FE0E3C3A5A1A8A 
        foreign key (Atmosphere_id) 
        references Atmosphere

    alter table Composition 
        add constraint FK3168B18A3A5A1A8A 
        foreign key (atmosphere_id) 
        references Atmosphere

    alter table Composition 
        add constraint FK3168B18ADE9E750A 
        foreign key (gas_id) 
        references Gas

    alter table Drawer 
        add constraint FK7A7DE5118426204A 
        foreign key (wardrobe_id) 
        references Wardrobe

    alter table Drawer_Dress 
        add constraint FK51811693D0ADA24 
        foreign key (dresses_dress_id) 
        references Dress

    alter table Drawer_Dress 
        add constraint FK5181169FF5ADC2A 
        foreign key (Drawer_id) 
        references Drawer

    alter table Gas_per_key 
        add constraint FKDA159CB77DE1CDBA 
        foreign key (gasesPerKey_id) 
        references Gas

    alter table Gas_per_key 
        add constraint FKDA159CB73A5A1A8A 
        foreign key (Atmosphere_id) 
        references Atmosphere

    alter table Gas_per_key 
        add constraint FKDA159CB7AFCE2117 
        foreign key (gas_id) 
        references GasKey

    alter table Newspaper_News 
        add constraint FK88E5E8F97308A90A 
        foreign key (Newspaper_id) 
        references Newspaper

    alter table Newspaper_News 
        add constraint FK88E5E8F930946B7E 
        foreign key (news_news_id) 
        references News

    alter table Painting 
        add constraint FK3B0BBEE466DC1CA6 
        foreign key (paintings_id) 
        references Painter

    alter table PressReleaseAgency_News 
        add constraint FK2CBA29E96E93BCEA 
        foreign key (News_id) 
        references News

    alter table PressReleaseAgency_News 
        add constraint FK2CBA29E964F7AD2A 
        foreign key (PressReleaseAgency_id) 
        references PressReleaseAgency

    alter table Training_Trainee 
        add constraint FK1FBEAE437EEFA38A 
        foreign key (Training_id) 
        references Training

    alter table Training_Trainee 
        add constraint FK1FBEAE4397BB03A7 
        foreign key (trainees_id) 
        references Trainee

    alter table tbl_version 
        add constraint FK2A21E557B443BDA 
        foreign key (software_name) 
        references Software

    create sequence hibernate_sequence
org.hibernate.dialect.Oracle10gDialect

    drop table AddressBook cascade constraints

    drop table AddressEntry cascade constraints

    drop table AlphabeticalDirectory cascade constraints

    drop table Atmosphere cascade constraints

    drop table Atmosphere_Gas cascade constraints

    drop table Composition cascade constraints

    drop table Drawer cascade constraints

    drop table Drawer_Dress cascade constraints

    drop table Dress cascade constraints

    drop table Gas cascade constraints

    drop table GasKey cascade constraints

    drop table Gas_per_key cascade constraints

    drop table News cascade constraints

    drop table Newspaper cascade constraints

    drop table Newspaper_News cascade constraints

    drop table Painter cascade constraints

    drop table Painting cascade constraints

    drop table PressReleaseAgency cascade constraints

    drop table PressReleaseAgency_News cascade constraints

    drop table Software cascade constraints

    drop table Trainee cascade constraints

    drop table Training cascade constraints

    drop table Training_Trainee cascade constraints

    drop table Wardrobe cascade constraints

    drop table tbl_version cascade constraints

    drop sequence hibernate_sequence

    create table AddressBook (
        id number(10,0) not null,
        owner varchar2(255 char),
        primary key (id)
    )

    create table AddressEntry (
        firstname varchar2(255 char) not null,
        lastname varchar2(255 char) not null,
        city varchar2(255 char),
        street varchar2(255 char),
        book_id number(10,0),
        directory_id number(10,0),
        primary key (firstname, lastname)
    )

    create table AlphabeticalDirectory (
        id number(10,0) not null,
        name varchar2(255 char),
        primary key (id)
    )

    create table Atmosphere (
        id number(10,0) not null,
        primary key (id)
    )

    create table Atmosphere_Gas (
        Atmosphere_id number(10,0) not null,
        gases_id number(10,0) not null,
        gas_name varchar2(255 char) not null,
        primary key (Atmosphere_id, gas_name)
    )

    create table Composition (
        atmosphere_id number(10,0) not null,
        composition_rate double precision,
        gas_id number(10,0) not null,
        primary key (atmosphere_id, gas_id)
    )

    create table Drawer (
        id number(19,0) not null,
        wardrobe_id number(19,0) not null,
        drawer_position number(10,0),
        primary key (id)
    )

    create table Drawer_Dress (
        Drawer_id number(19,0) not null,
        dresses_dress_id number(10,0) not null,
        from_bottom_position number(10,0) not null,
        primary key (Drawer_id, from_bottom_position),
        unique (dresses_dress_id)
    )

    create table Dress (
        dress_id number(10,0) not null,
        primary key (dress_id)
    )

    create table Gas (
        id number(10,0) not null,
        name varchar2(255 char),
        primary key (id)
    )

    create table GasKey (
        name varchar2(255 char) not null,
        primary key (name)
    )

    create table Gas_per_key (
        Atmosphere_id number(10,0) not null,
        gasesPerKey_id number(10,0) not null,
        gas_id varchar2(255 char) not null,
        primary key (Atmosphere_id, gas_id)
    )

    create table News (
        news_id number(10,0) not null,
        detail varchar2(255 char),
        title varchar2(255 char),
        primary key (news_id)
    )

    create table Newspaper (
        id number(10,0) not null,
        name varchar2(255 char),
        primary key (id)
    )

    create table Newspaper_News (
        Newspaper_id number(10,0) not null,
        news_news_id number(10,0) not null,
        primary key (Newspaper_id, news_news_id)
    )

    create table Painter (
        id number(10,0) not null,
        primary key (id)
    )

    create table Painting (
        name varchar2(255 char) not null,
        painter varchar2(255 char) not null,
        sizeX number(10,0) not null,
        sizeY number(10,0) not null,
        paintings_id number(10,0),
        primary key (name, painter)
    )

    create table PressReleaseAgency (
        PressReleaseAgency_id number(10,0) not null,
        name varchar2(255 char),
        primary key (PressReleaseAgency_id)
    )

    create table PressReleaseAgency_News (
        PressReleaseAgency_id number(10,0) not null,
        News_id number(10,0) not null,
        primary key (PressReleaseAgency_id, News_id)
    )

    create table Software (
        name varchar2(255 char) not null,
        primary key (name)
    )

    create table Trainee (
        id number(19,0) not null,
        name varchar2(255 char),
        primary key (id)
    )

    create table Training (
        id number(19,0) not null,
        primary key (id)
    )

    create table Training_Trainee (
        Training_id number(19,0) not null,
        trainees_id number(19,0) not null,
        primary key (Training_id, trainees_id)
    )

    create table Wardrobe (
        id number(19,0) not null,
        primary key (id)
    )

    create table tbl_version (
        id number(10,0) not null,
        "code_name" varchar2(255 char),
        version_nbr varchar2(255 char),
        software_name varchar2(255 char),
        primary key (id)
    )

    alter table AddressEntry 
        add constraint FK181B28FEFEC3411E 
        foreign key (book_id) 
        references AddressBook

    alter table AddressEntry 
        add constraint FK181B28FE3F865FB2 
        foreign key (directory_id) 
        references AlphabeticalDirectory

    alter table Atmosphere_Gas 
        add constraint FKB7FE0E3CCA267BDC 
        foreign key (gases_id) 
        references Gas

    alter table Atmosphere_Gas 
        add constraint FKB7FE0E3C3A5A1A8A 
        foreign key (Atmosphere_id) 
        references Atmosphere

    alter table Composition 
        add constraint FK3168B18A3A5A1A8A 
        foreign key (atmosphere_id) 
        references Atmosphere

    alter table Composition 
        add constraint FK3168B18ADE9E750A 
        foreign key (gas_id) 
        references Gas

    alter table Drawer 
        add constraint FK7A7DE5118426204A 
        foreign key (wardrobe_id) 
        references Wardrobe

    alter table Drawer_Dress 
        add constraint FK51811693D0ADA24 
        foreign key (dresses_dress_id) 
        references Dress

    alter table Drawer_Dress 
        add constraint FK5181169FF5ADC2A 
        foreign key (Drawer_id) 
        references Drawer

    alter table Gas_per_key 
        add constraint FKDA159CB77DE1CDBA 
        foreign key (gasesPerKey_id) 
        references Gas

    alter table Gas_per_key 
        add constraint FKDA159CB73A5A1A8A 
        foreign key (Atmosphere_id) 
        references Atmosphere

    alter table Gas_per_key 
        add constraint FKDA159CB7AFCE2117 
        foreign key (gas_id) 
        references GasKey

    alter table Newspaper_News 
        add constraint FK88E5E8F97308A90A 
        foreign key (Newspaper_id) 
        references Newspaper

    alter table Newspaper_News 
        add constraint FK88E5E8F930946B7E 
        foreign key (news_news_id) 
        references News

    alter table Painting 
        add constraint FK3B0BBEE466DC1CA6 
        foreign key (paintings_id) 
        references Painter

    alter table PressReleaseAgency_News 
        add constraint FK2CBA29E96E93BCEA 
        foreign key (News_id) 
        references News

    alter table PressReleaseAgency_News 
        add constraint FK2CBA29E964F7AD2A 
        foreign key (PressReleaseAgency_id) 
        references PressReleaseAgency

    alter table Training_Trainee 
        add constraint FK1FBEAE437EEFA38A 
        foreign key (Training_id) 
        references Training

    alter table Training_Trainee 
        add constraint FK1FBEAE4397BB03A7 
        foreign key (trainees_id) 
        references Trainee

    alter table tbl_version 
        add constraint FK2A21E557B443BDA 
        foreign key (software_name) 
        references Software

    create sequence hibernate_sequence
org.hibernate.dialect.Oracle10gDialect

    drop table AddressBook cascade constraints

    drop table AddressEntry cascade constraints

    drop table AlphabeticalDirectory cascade constraints

    drop table Atmosphere cascade constraints

    drop table Atmosphere_Gas cascade constraints

    drop table Composition cascade constraints

    drop table Drawer cascade constraints

    drop table Drawer_Dress cascade constraints

    drop table Dress cascade constraints

    drop table Gas cascade constraints

    drop table GasKey cascade constraints

    drop table Gas_per_key cascade constraints

    drop table News cascade constraints

    drop table Newspaper cascade constraints

    drop table Newspaper_News cascade constraints

    drop table Painter cascade constraints

    drop table Painting cascade constraints

    drop table PressReleaseAgency cascade constraints

    drop table PressReleaseAgency_News cascade constraints

    drop table Software cascade constraints

    drop table Trainee cascade constraints

    drop table Training cascade constraints

    drop table Training_Trainee cascade constraints

    drop table Wardrobe cascade constraints

    drop table tbl_version cascade constraints

    drop sequence hibernate_sequence

    create table AddressBook (
        id number(10,0) not null,
        owner varchar2(255 char),
        primary key (id)
    )

    create table AddressEntry (
        firstname varchar2(255 char) not null,
        lastname varchar2(255 char) not null,
        city varchar2(255 char),
        street varchar2(255 char),
        book_id number(10,0),
        directory_id number(10,0),
        primary key (firstname, lastname)
    )

    create table AlphabeticalDirectory (
        id number(10,0) not null,
        name varchar2(255 char),
        primary key (id)
    )

    create table Atmosphere (
        id number(10,0) not null,
        primary key (id)
    )

    create table Atmosphere_Gas (
        Atmosphere_id number(10,0) not null,
        gases_id number(10,0) not null,
        gas_name varchar2(255 char) not null,
        primary key (Atmosphere_id, gas_name)
    )

    create table Composition (
        atmosphere_id number(10,0) not null,
        composition_rate double precision,
        gas_id number(10,0) not null,
        primary key (atmosphere_id, gas_id)
    )

    create table Drawer (
        id number(19,0) not null,
        wardrobe_id number(19,0) not null,
        drawer_position number(10,0),
        primary key (id)
    )

    create table Drawer_Dress (
        Drawer_id number(19,0) not null,
        dresses_dress_id number(10,0) not null,
        from_bottom_position number(10,0) not null,
        primary key (Drawer_id, from_bottom_position),
        unique (dresses_dress_id)
    )

    create table Dress (
        dress_id number(10,0) not null,
        primary key (dress_id)
    )

    create table Gas (
        id number(10,0) not null,
        name varchar2(255 char),
        primary key (id)
    )

    create table GasKey (
        name varchar2(255 char) not null,
        primary key (name)
    )

    create table Gas_per_key (
        Atmosphere_id number(10,0) not null,
        gasesPerKey_id number(10,0) not null,
        gas_id varchar2(255 char) not null,
        primary key (Atmosphere_id, gas_id)
    )

    create table News (
        news_id number(10,0) not null,
        detail varchar2(255 char),
        title varchar2(255 char),
        primary key (news_id)
    )

    create table Newspaper (
        id number(10,0) not null,
        name varchar2(255 char),
        primary key (id)
    )

    create table Newspaper_News (
        Newspaper_id number(10,0) not null,
        news_news_id number(10,0) not null,
        primary key (Newspaper_id, news_news_id)
    )

    create table Painter (
        id number(10,0) not null,
        primary key (id)
    )

    create table Painting (
        name varchar2(255 char) not null,
        painter varchar2(255 char) not null,
        sizeX number(10,0) not null,
        sizeY number(10,0) not null,
        paintings_id number(10,0),
        primary key (name, painter)
    )

    create table PressReleaseAgency (
        PressReleaseAgency_id number(10,0) not null,
        name varchar2(255 char),
        primary key (PressReleaseAgency_id)
    )

    create table PressReleaseAgency_News (
        PressReleaseAgency_id number(10,0) not null,
        News_id number(10,0) not null,
        primary key (PressReleaseAgency_id, News_id)
    )

    create table Software (
        name varchar2(255 char) not null,
        primary key (name)
    )

    create table Trainee (
        id number(19,0) not null,
        name varchar2(255 char),
        primary key (id)
    )

    create table Training (
        id number(19,0) not null,
        primary key (id)
    )

    create table Training_Trainee (
        Training_id number(19,0) not null,
        trainees_id number(19,0) not null,
        primary key (Training_id, trainees_id)
    )

    create table Wardrobe (
        id number(19,0) not null,
        primary key (id)
    )

    create table tbl_version (
        id number(10,0) not null,
        "code_name" varchar2(255 char),
        version_nbr varchar2(255 char),
        software_name varchar2(255 char),
        primary key (id)
    )

    alter table AddressEntry 
        add constraint FK181B28FEFEC3411E 
        foreign key (book_id) 
        references AddressBook

    alter table AddressEntry 
        add constraint FK181B28FE3F865FB2 
        foreign key (directory_id) 
        references AlphabeticalDirectory

    alter table Atmosphere_Gas 
        add constraint FKB7FE0E3CCA267BDC 
        foreign key (gases_id) 
        references Gas

    alter table Atmosphere_Gas 
        add constraint FKB7FE0E3C3A5A1A8A 
        foreign key (Atmosphere_id) 
        references Atmosphere

    alter table Composition 
        add constraint FK3168B18A3A5A1A8A 
        foreign key (atmosphere_id) 
        references Atmosphere

    alter table Composition 
        add constraint FK3168B18ADE9E750A 
        foreign key (gas_id) 
        references Gas

    alter table Drawer 
        add constraint FK7A7DE5118426204A 
        foreign key (wardrobe_id) 
        references Wardrobe

    alter table Drawer_Dress 
        add constraint FK51811693D0ADA24 
        foreign key (dresses_dress_id) 
        references Dress

    alter table Drawer_Dress 
        add constraint FK5181169FF5ADC2A 
        foreign key (Drawer_id) 
        references Drawer

    alter table Gas_per_key 
        add constraint FKDA159CB77DE1CDBA 
        foreign key (gasesPerKey_id) 
        references Gas

    alter table Gas_per_key 
        add constraint FKDA159CB73A5A1A8A 
        foreign key (Atmosphere_id) 
        references Atmosphere

    alter table Gas_per_key 
        add constraint FKDA159CB7AFCE2117 
        foreign key (gas_id) 
        references GasKey

    alter table Newspaper_News 
        add constraint FK88E5E8F97308A90A 
        foreign key (Newspaper_id) 
        references Newspaper

    alter table Newspaper_News 
        add constraint FK88E5E8F930946B7E 
        foreign key (news_news_id) 
        references News

    alter table Painting 
        add constraint FK3B0BBEE466DC1CA6 
        foreign key (paintings_id) 
        references Painter

    alter table PressReleaseAgency_News 
        add constraint FK2CBA29E96E93BCEA 
        foreign key (News_id) 
        references News

    alter table PressReleaseAgency_News 
        add constraint FK2CBA29E964F7AD2A 
        foreign key (PressReleaseAgency_id) 
        references PressReleaseAgency

    alter table Training_Trainee 
        add constraint FK1FBEAE437EEFA38A 
        foreign key (Training_id) 
        references Training

    alter table Training_Trainee 
        add constraint FK1FBEAE4397BB03A7 
        foreign key (trainees_id) 
        references Trainee

    alter table tbl_version 
        add constraint FK2A21E557B443BDA 
        foreign key (software_name) 
        references Software

    create sequence hibernate_sequence
org.hibernate.dialect.Oracle10gDialect

    drop table AddressBook cascade constraints

    drop table AddressEntry cascade constraints

    drop table AlphabeticalDirectory cascade constraints

    drop table Atmosphere cascade constraints

    drop table Atmosphere_Gas cascade constraints

    drop table Composition cascade constraints

    drop table Drawer cascade constraints

    drop table Drawer_Dress cascade constraints

    drop table Dress cascade constraints

    drop table Gas cascade constraints

    drop table GasKey cascade constraints

    drop table Gas_per_key cascade constraints

    drop table News cascade constraints

    drop table Newspaper cascade constraints

    drop table Newspaper_News cascade constraints

    drop table Painter cascade constraints

    drop table Painting cascade constraints

    drop table PressReleaseAgency cascade constraints

    drop table PressReleaseAgency_News cascade constraints

    drop table Software cascade constraints

    drop table Trainee cascade constraints

    drop table Training cascade constraints

    drop table Training_Trainee cascade constraints

    drop table Wardrobe cascade constraints

    drop table tbl_version cascade constraints

    drop sequence hibernate_sequence

    create table AddressBook (
        id number(10,0) not null,
        owner varchar2(255 char),
        primary key (id)
    )

    create table AddressEntry (
        firstname varchar2(255 char) not null,
        lastname varchar2(255 char) not null,
        city varchar2(255 char),
        street varchar2(255 char),
        book_id number(10,0),
        directory_id number(10,0),
        primary key (firstname, lastname)
    )

    create table AlphabeticalDirectory (
        id number(10,0) not null,
        name varchar2(255 char),
        primary key (id)
    )

    create table Atmosphere (
        id number(10,0) not null,
        primary key (id)
    )

    create table Atmosphere_Gas (
        Atmosphere_id number(10,0) not null,
        gases_id number(10,0) not null,
        gas_name varchar2(255 char) not null,
        primary key (Atmosphere_id, gas_name)
    )

    create table Composition (
        atmosphere_id number(10,0) not null,
        composition_rate double precision,
        gas_id number(10,0) not null,
        primary key (atmosphere_id, gas_id)
    )

    create table Drawer (
        id number(19,0) not null,
        wardrobe_id number(19,0) not null,
        drawer_position number(10,0),
        primary key (id)
    )

    create table Drawer_Dress (
        Drawer_id number(19,0) not null,
        dresses_dress_id number(10,0) not null,
        from_bottom_position number(10,0) not null,
        primary key (Drawer_id, from_bottom_position),
        unique (dresses_dress_id)
    )

    create table Dress (
        dress_id number(10,0) not null,
        primary key (dress_id)
    )

    create table Gas (
        id number(10,0) not null,
        name varchar2(255 char),
        primary key (id)
    )

    create table GasKey (
        name varchar2(255 char) not null,
        primary key (name)
    )

    create table Gas_per_key (
        Atmosphere_id number(10,0) not null,
        gasesPerKey_id number(10,0) not null,
        gas_id varchar2(255 char) not null,
        primary key (Atmosphere_id, gas_id)
    )

    create table News (
        news_id number(10,0) not null,
        detail varchar2(255 char),
        title varchar2(255 char),
        primary key (news_id)
    )

    create table Newspaper (
        id number(10,0) not null,
        name varchar2(255 char),
        primary key (id)
    )

    create table Newspaper_News (
        Newspaper_id number(10,0) not null,
        news_news_id number(10,0) not null,
        primary key (Newspaper_id, news_news_id)
    )

    create table Painter (
        id number(10,0) not null,
        primary key (id)
    )

    create table Painting (
        name varchar2(255 char) not null,
        painter varchar2(255 char) not null,
        sizeX number(10,0) not null,
        sizeY number(10,0) not null,
        paintings_id number(10,0),
        primary key (name, painter)
    )

    create table PressReleaseAgency (
        PressReleaseAgency_id number(10,0) not null,
        name varchar2(255 char),
        primary key (PressReleaseAgency_id)
    )

    create table PressReleaseAgency_News (
        PressReleaseAgency_id number(10,0) not null,
        News_id number(10,0) not null,
        primary key (PressReleaseAgency_id, News_id)
    )

    create table Software (
        name varchar2(255 char) not null,
        primary key (name)
    )

    create table Trainee (
        id number(19,0) not null,
        name varchar2(255 char),
        primary key (id)
    )

    create table Training (
        id number(19,0) not null,
        primary key (id)
    )

    create table Training_Trainee (
        Training_id number(19,0) not null,
        trainees_id number(19,0) not null,
        primary key (Training_id, trainees_id)
    )

    create table Wardrobe (
        id number(19,0) not null,
        primary key (id)
    )

    create table tbl_version (
        id number(10,0) not null,
        "code_name" varchar2(255 char),
        version_nbr varchar2(255 char),
        software_name varchar2(255 char),
        primary key (id)
    )

    alter table AddressEntry 
        add constraint FK181B28FEFEC3411E 
        foreign key (book_id) 
        references AddressBook

    alter table AddressEntry 
        add constraint FK181B28FE3F865FB2 
        foreign key (directory_id) 
        references AlphabeticalDirectory

    alter table Atmosphere_Gas 
        add constraint FKB7FE0E3CCA267BDC 
        foreign key (gases_id) 
        references Gas

    alter table Atmosphere_Gas 
        add constraint FKB7FE0E3C3A5A1A8A 
        foreign key (Atmosphere_id) 
        references Atmosphere

    alter table Composition 
        add constraint FK3168B18A3A5A1A8A 
        foreign key (atmosphere_id) 
        references Atmosphere

    alter table Composition 
        add constraint FK3168B18ADE9E750A 
        foreign key (gas_id) 
        references Gas

    alter table Drawer 
        add constraint FK7A7DE5118426204A 
        foreign key (wardrobe_id) 
        references Wardrobe

    alter table Drawer_Dress 
        add constraint FK51811693D0ADA24 
        foreign key (dresses_dress_id) 
        references Dress

    alter table Drawer_Dress 
        add constraint FK5181169FF5ADC2A 
        foreign key (Drawer_id) 
        references Drawer

    alter table Gas_per_key 
        add constraint FKDA159CB77DE1CDBA 
        foreign key (gasesPerKey_id) 
        references Gas

    alter table Gas_per_key 
        add constraint FKDA159CB73A5A1A8A 
        foreign key (Atmosphere_id) 
        references Atmosphere

    alter table Gas_per_key 
        add constraint FKDA159CB7AFCE2117 
        foreign key (gas_id) 
        references GasKey

    alter table Newspaper_News 
        add constraint FK88E5E8F97308A90A 
        foreign key (Newspaper_id) 
        references Newspaper

    alter table Newspaper_News 
        add constraint FK88E5E8F930946B7E 
        foreign key (news_news_id) 
        references News

    alter table Painting 
        add constraint FK3B0BBEE466DC1CA6 
        foreign key (paintings_id) 
        references Painter

    alter table PressReleaseAgency_News 
        add constraint FK2CBA29E96E93BCEA 
        foreign key (News_id) 
        references News

    alter table PressReleaseAgency_News 
        add constraint FK2CBA29E964F7AD2A 
        foreign key (PressReleaseAgency_id) 
        references PressReleaseAgency

    alter table Training_Trainee 
        add constraint FK1FBEAE437EEFA38A 
        foreign key (Training_id) 
        references Training

    alter table Training_Trainee 
        add constraint FK1FBEAE4397BB03A7 
        foreign key (trainees_id) 
        references Trainee

    alter table tbl_version 
        add constraint FK2A21E557B443BDA 
        foreign key (software_name) 
        references Software

    create sequence hibernate_sequence
org.hibernate.dialect.Oracle10gDialect

    drop table AddressBook cascade constraints

    drop table AddressEntry cascade constraints

    drop table AlphabeticalDirectory cascade constraints

    drop table Atmosphere cascade constraints

    drop table Atmosphere_Gas cascade constraints

    drop table Composition cascade constraints

    drop table Drawer cascade constraints

    drop table Drawer_Dress cascade constraints

    drop table Dress cascade constraints

    drop table Gas cascade constraints

    drop table GasKey cascade constraints

    drop table Gas_per_key cascade constraints

    drop table News cascade constraints

    drop table Newspaper cascade constraints

    drop table Newspaper_News cascade constraints

    drop table Painter cascade constraints

    drop table Painting cascade constraints

    drop table PressReleaseAgency cascade constraints

    drop table PressReleaseAgency_News cascade constraints

    drop table Software cascade constraints

    drop table Trainee cascade constraints

    drop table Training cascade constraints

    drop table Training_Trainee cascade constraints

    drop table Wardrobe cascade constraints

    drop table tbl_version cascade constraints

    drop sequence hibernate_sequence

    create table AddressBook (
        id number(10,0) not null,
        owner varchar2(255 char),
        primary key (id)
    )

    create table AddressEntry (
        firstname varchar2(255 char) not null,
        lastname varchar2(255 char) not null,
        city varchar2(255 char),
        street varchar2(255 char),
        book_id number(10,0),
        directory_id number(10,0),
        primary key (firstname, lastname)
    )

    create table AlphabeticalDirectory (
        id number(10,0) not null,
        name varchar2(255 char),
        primary key (id)
    )

    create table Atmosphere (
        id number(10,0) not null,
        primary key (id)
    )

    create table Atmosphere_Gas (
        Atmosphere_id number(10,0) not null,
        gases_id number(10,0) not null,
        gas_name varchar2(255 char) not null,
        primary key (Atmosphere_id, gas_name)
    )

    create table Composition (
        atmosphere_id number(10,0) not null,
        composition_rate double precision,
        gas_id number(10,0) not null,
        primary key (atmosphere_id, gas_id)
    )

    create table Drawer (
        id number(19,0) not null,
        wardrobe_id number(19,0) not null,
        drawer_position number(10,0),
        primary key (id)
    )

    create table Drawer_Dress (
        Drawer_id number(19,0) not null,
        dresses_dress_id number(10,0) not null,
        from_bottom_position number(10,0) not null,
        primary key (Drawer_id, from_bottom_position),
        unique (dresses_dress_id)
    )

    create table Dress (
        dress_id number(10,0) not null,
        primary key (dress_id)
    )

    create table Gas (
        id number(10,0) not null,
        name varchar2(255 char),
        primary key (id)
    )

    create table GasKey (
        name varchar2(255 char) not null,
        primary key (name)
    )

    create table Gas_per_key (
        Atmosphere_id number(10,0) not null,
        gasesPerKey_id number(10,0) not null,
        gas_id varchar2(255 char) not null,
        primary key (Atmosphere_id, gas_id)
    )

    create table News (
        news_id number(10,0) not null,
        detail varchar2(255 char),
        title varchar2(255 char),
        primary key (news_id)
    )

    create table Newspaper (
        id number(10,0) not null,
        name varchar2(255 char),
        primary key (id)
    )

    create table Newspaper_News (
        Newspaper_id number(10,0) not null,
        news_news_id number(10,0) not null,
        primary key (Newspaper_id, news_news_id)
    )

    create table Painter (
        id number(10,0) not null,
        primary key (id)
    )

    create table Painting (
        name varchar2(255 char) not null,
        painter varchar2(255 char) not null,
        sizeX number(10,0) not null,
        sizeY number(10,0) not null,
        paintings_id number(10,0),
        primary key (name, painter)
    )

    create table PressReleaseAgency (
        PressReleaseAgency_id number(10,0) not null,
        name varchar2(255 char),
        primary key (PressReleaseAgency_id)
    )

    create table PressReleaseAgency_News (
        PressReleaseAgency_id number(10,0) not null,
        News_id number(10,0) not null,
        primary key (PressReleaseAgency_id, News_id)
    )

    create table Software (
        name varchar2(255 char) not null,
        primary key (name)
    )

    create table Trainee (
        id number(19,0) not null,
        name varchar2(255 char),
        primary key (id)
    )

    create table Training (
        id number(19,0) not null,
        primary key (id)
    )

    create table Training_Trainee (
        Training_id number(19,0) not null,
        trainees_id number(19,0) not null,
        primary key (Training_id, trainees_id)
    )

    create table Wardrobe (
        id number(19,0) not null,
        primary key (id)
    )

    create table tbl_version (
        id number(10,0) not null,
        "code_name" varchar2(255 char),
        version_nbr varchar2(255 char),
        software_name varchar2(255 char),
        primary key (id)
    )

    alter table AddressEntry 
        add constraint FK181B28FEFEC3411E 
        foreign key (book_id) 
        references AddressBook

    alter table AddressEntry 
        add constraint FK181B28FE3F865FB2 
        foreign key (directory_id) 
        references AlphabeticalDirectory

    alter table Atmosphere_Gas 
        add constraint FKB7FE0E3CCA267BDC 
        foreign key (gases_id) 
        references Gas

    alter table Atmosphere_Gas 
        add constraint FKB7FE0E3C3A5A1A8A 
        foreign key (Atmosphere_id) 
        references Atmosphere

    alter table Composition 
        add constraint FK3168B18A3A5A1A8A 
        foreign key (atmosphere_id) 
        references Atmosphere

    alter table Composition 
        add constraint FK3168B18ADE9E750A 
        foreign key (gas_id) 
        references Gas

    alter table Drawer 
        add constraint FK7A7DE5118426204A 
        foreign key (wardrobe_id) 
        references Wardrobe

    alter table Drawer_Dress 
        add constraint FK51811693D0ADA24 
        foreign key (dresses_dress_id) 
        references Dress

    alter table Drawer_Dress 
        add constraint FK5181169FF5ADC2A 
        foreign key (Drawer_id) 
        references Drawer

    alter table Gas_per_key 
        add constraint FKDA159CB77DE1CDBA 
        foreign key (gasesPerKey_id) 
        references Gas

    alter table Gas_per_key 
        add constraint FKDA159CB73A5A1A8A 
        foreign key (Atmosphere_id) 
        references Atmosphere

    alter table Gas_per_key 
        add constraint FKDA159CB7AFCE2117 
        foreign key (gas_id) 
        references GasKey

    alter table Newspaper_News 
        add constraint FK88E5E8F97308A90A 
        foreign key (Newspaper_id) 
        references Newspaper

    alter table Newspaper_News 
        add constraint FK88E5E8F930946B7E 
        foreign key (news_news_id) 
        references News

    alter table Painting 
        add constraint FK3B0BBEE466DC1CA6 
        foreign key (paintings_id) 
        references Painter

    alter table PressReleaseAgency_News 
        add constraint FK2CBA29E96E93BCEA 
        foreign key (News_id) 
        references News

    alter table PressReleaseAgency_News 
        add constraint FK2CBA29E964F7AD2A 
        foreign key (PressReleaseAgency_id) 
        references PressReleaseAgency

    alter table Training_Trainee 
        add constraint FK1FBEAE437EEFA38A 
        foreign key (Training_id) 
        references Training

    alter table Training_Trainee 
        add constraint FK1FBEAE4397BB03A7 
        foreign key (trainees_id) 
        references Trainee

    alter table tbl_version 
        add constraint FK2A21E557B443BDA 
        foreign key (software_name) 
        references Software

    create sequence hibernate_sequence
]]></system-out>
  <system-err><![CDATA[]]></system-err>
</testsuite>
