<?xml version="1.0" encoding="UTF-8" ?>
<testsuite errors="0" failures="0" hostname="soa6.qa.atl2.redhat.com" name="org.hibernate.test.annotations.ConfigurationTest" tests="7" time="10.615" timestamp="2010-11-16T21:27:35">
  <properties>
    <property name="file.encoding.pkg" value="sun.io"></property>
    <property name="dir.coberturainstrumented" value="tmp/cobertura/instrumented"></property>
    <property name="uuid" value="2e30cc10-b284-426a-93c7-79bd2b9e9b15"></property>
    <property name="java.home" value="/qa/tools/opt/x86_64/jdk1.6.0_20/jre"></property>
    <property name="dballoc.db_type" value="clustered"></property>
    <property name="java.endorsed.dirs" value="/qa/tools/opt/x86_64/jdk1.6.0_20/jre/lib/endorsed"></property>
    <property name="env.MCAST_ADDR" value="227.43.88.202"></property>
    <property name="env.LOGNAME" value="hudson"></property>
    <property name="env.HUDSON_HOME" value="/home/hudson/hudson_workspace"></property>
    <property name="dir.findbugshome" value="lib/findbugs-1.3.9"></property>
    <property name="sun.os.patch.level" value="unknown"></property>
    <property name="java.vendor.url" value="http://java.sun.com/"></property>
    <property name="env.NODE_NAME" value="soa6-rhel5-x86_64"></property>
    <property name="env.G_BROKEN_FILENAMES" value="1"></property>
    <property name="java.version" value="1.6.0_20"></property>
    <property name="env.MAVEN_OPTS" value="-Xmx700m "></property>
    <property name="java.vendor.url.bug" value="http://java.sun.com/cgi-bin/bugreport.cgi"></property>
    <property name="env.SSH_CLIENT" value="10.16.88.204 60285 22"></property>
    <property name="env.JAVA_FOR_SLAVE" value="/qa/tools/opt/amd64/jdk1.6.0_20"></property>
    <property name="env.jdbc" value="jdbc3"></property>
    <property name="user.name" value="hudson"></property>
    <property name="env.LANG" value="en_US.UTF-8"></property>
    <property name="env.CVS_RSH" value="ssh"></property>
    <property name="sun.io.unicode.encoding" value="UnicodeLittle"></property>
    <property name="sun.jnu.encoding" value="UTF-8"></property>
    <property name="java.runtime.name" value="Java(TM) SE Runtime Environment"></property>
    <property name="eap.version" value="4.3.9"></property>
    <property name="env.SSH_CONNECTION" value="10.16.88.204 60285 10.16.88.202 22"></property>
    <property name="eap.package.file" value="/home/hudson/static_build_env/eap/jboss-eap-noauth-4.3.0.GA_CP09.CR2.zip"></property>
    <property name="dir.testsrc" value="src/test"></property>
    <property name="db.jdbc_class" value="oracle.jdbc.driver.OracleDriver"></property>
    <property name="java.specification.name" value="Java Platform API Specification"></property>
    <property name="user.timezone" value=""></property>
    <property name="env.LESSOPEN" value="|/usr/bin/lesspipe.sh %s"></property>
    <property name="path.separator" value=":"></property>
    <property name="file.encoding" value="UTF-8"></property>
    <property name="env.HOME" value="/home/hudson"></property>
    <property name="ant.file" value="/qa/hudson_ws/workspace/hibernate-eap43-annotations-qa-jvms-dballocator-TMP-oracle11gR2RAC/database/oracle11gR2RAC/eap_version/eap43/jdbc/jdbc3/jdk/java16_default/label/RHEL5_any/build.xml"></property>
    <property name="env.BUILD_TAG" value="hudson-database=oracle11gR2RAC,eap_version=eap43,jdbc=jdbc3,jdk=java16_default,label=RHEL5_any-3"></property>
    <property name="db.username" value="dballo01"></property>
    <property name="env.HOSTNAME" value="soa6"></property>
    <property name="dir.drivers" value="/qa/services/http/jdbc-drivers-products/EAP/4.3.9/oracle11gR2RAC/jdbc3"></property>
    <property name="java.io.tmpdir" value="/tmp"></property>
    <property name="user.language" value="en"></property>
    <property name="line.separator" value="
"></property>
    <property name="eap.lib" value="tmp/jboss-eap-4.3/jboss-as/server/default/lib"></property>
    <property name="env.ANT_OPTS" value="-Xmx700m "></property>
    <property name="dir.output" value="tmp/output"></property>
    <property name="env.eap_version" value="eap43"></property>
    <property name="env.HISTSIZE" value="1000"></property>
    <property name="jdbc.storage" value="/qa/services/http/jdbc-drivers-products/EAP"></property>
    <property name="env.JOB_NAME" value="hibernate-eap43-annotations-qa-jvms-dballocator-TMP-oracle11gR2RAC/database=oracle11gR2RAC,eap_version=eap43,jdbc=jdbc3,jdk=java16_default,label=RHEL5_any"></property>
    <property name="java.vm.info" value="mixed mode"></property>
    <property name="java.vm.specification.name" value="Java Virtual Machine Specification"></property>
    <property name="ant.file.null" value="/qa/hudson_ws/workspace/hibernate-eap43-annotations-qa-jvms-dballocator-TMP-oracle11gR2RAC/database/oracle11gR2RAC/eap_version/eap43/jdbc/jdbc3/jdk/java16_default/label/RHEL5_any/build.xml"></property>
    <property name="env.jdk" value="java16_default"></property>
    <property name="env.BUILD_URL" value="http://hudson.qa.jboss.com/hudson/job/hibernate-eap43-annotations-qa-jvms-dballocator-TMP-oracle11gR2RAC/./database=oracle11gR2RAC,eap_version=eap43,jdbc=jdbc3,jdk=java16_default,label=RHEL5_any/3/"></property>
    <property name="env.M2_HOME" value="/qa/tools/opt/maven-2.0.10"></property>
    <property name="db.name" value="qarac.jboss"></property>
    <property name="env.label" value="RHEL5_any"></property>
    <property name="svn.annotations.tests" value="http://anonsvn.jboss.org/repos/hibernate/annotations/tags/3_3_1_GA_CP04/src/test/"></property>
    <property name="java.awt.printerjob" value="sun.print.PSPrinterJob"></property>
    <property name="db.minpoolsize" value="10"></property>
    <property name="env.HUDSON_CONFIG_DIR" value="/home/hudson/config_repository"></property>
    <property name="ant.version" value="Apache Ant version 1.6.5 compiled on June 2 2005"></property>
    <property name="env.MAX_JAVA_MEM" value="-Xmx700m"></property>
    <property name="env.BUILD_NUMBER" value="3"></property>
    <property name="os.name" value="Linux"></property>
    <property name="java.specification.vendor" value="Sun Microsystems Inc."></property>
    <property name="java.vm.name" value="Java HotSpot(TM) 64-Bit Server VM"></property>
    <property name="env.SOURCE_REPO" value="/qa/tools/src"></property>
    <property name="env.JOB_URL" value="http://hudson.qa.jboss.com/hudson/job/hibernate-eap43-annotations-qa-jvms-dballocator-TMP-oracle11gR2RAC/./database=oracle11gR2RAC,eap_version=eap43,jdbc=jdbc3,jdk=java16_default,label=RHEL5_any/"></property>
    <property name="java.library.path" value="/qa/tools/opt/x86_64/jdk1.6.0_20/jre/lib/amd64/server:/qa/tools/opt/x86_64/jdk1.6.0_20/jre/lib/amd64:/qa/tools/opt/x86_64/jdk1.6.0_20/jre/../lib/amd64:/usr/java/packages/lib/amd64:/usr/lib64:/lib64:/lib:/usr/lib"></property>
    <property name="env.PATH" value="/qa/tools/opt/amd64/jdk1.6.0_20/bin:/qa/tools/opt/apache-ant-1.6.5/bin:/qa/tools/opt/maven-2.0.10/bin:/qa/tools/opt/amd64/jdk1.5.0_last/bin:/usr/xpg4/bin:/usr/kerberos/bin:/usr/xpg4/bin:/usr/local/bin:/bin:/usr/bin:/opt/maven/bin:/opt/subversion/bin:/opt/maven/bin:/opt/subversion/bin:/home/hudson/bin:/qa/tools/opt/x86_64/git-1.6.5/bin"></property>
    <property name="env.JAVA16" value="jdk1.6.0_20"></property>
    <property name="env.HUDSON_URL" value="http://hudson.qa.jboss.com/hudson/"></property>
    <property name="env.JAVA15" value="jdk1.5.0_last"></property>
    <property name="ant.java.version" value="1.5"></property>
    <property name="basedir" value="/qa/hudson_ws/workspace/hibernate-eap43-annotations-qa-jvms-dballocator-TMP-oracle11gR2RAC/database/oracle11gR2RAC/eap_version/eap43/jdbc/jdbc3/jdk/java16_default/label/RHEL5_any"></property>
    <property name="java.class.version" value="50.0"></property>
    <property name="env.SHLVL" value="2"></property>
    <property name="env.LD_LIBRARY_PATH" value="/qa/tools/opt/x86_64/jdk1.6.0_20/jre/lib/amd64/server:/qa/tools/opt/x86_64/jdk1.6.0_20/jre/lib/amd64:/qa/tools/opt/x86_64/jdk1.6.0_20/jre/../lib/amd64"></property>
    <property name="ant.home" value="/qa/tools/opt/apache-ant-1.6.5"></property>
    <property name="env.PSEP" value=":"></property>
    <property name="env.MCAST_PORT" value="45890"></property>
    <property name="dir.src" value="src/java"></property>
    <property name="net.sourceforge.cobertura.datafile" value="/qa/hudson_ws/workspace/hibernate-eap43-annotations-qa-jvms-dballocator-TMP-oracle11gR2RAC/database/oracle11gR2RAC/eap_version/eap43/jdbc/jdbc3/jdk/java16_default/label/RHEL5_any/tmp/cobertura/cobertura.ser"></property>
    <property name="dir.findbugs" value="tmp/findbugs"></property>
    <property name="db.primary_label" value="oracle11gR2RAC"></property>
    <property name="env.HUDSON_STATIC_ENV" value="/home/hudson/static_build_env"></property>
    <property name="sun.boot.library.path" value="/qa/tools/opt/x86_64/jdk1.6.0_20/jre/lib/amd64"></property>
    <property name="sun.management.compiler" value="HotSpot 64-Bit Server Compiler"></property>
    <property name="java.awt.graphicsenv" value="sun.awt.X11GraphicsEnvironment"></property>
    <property name="env.MYTESTIP_2" value="10.16.94.43"></property>
    <property name="env.MYTESTIP_1" value="10.16.94.42"></property>
    <property name="env.USER" value="hudson"></property>
    <property name="env.SEP" value="/"></property>
    <property name="java.vm.specification.version" value="1.0"></property>
    <property name="env.NLSPATH" value="/usr/dt/lib/nls/msg/%L/%N.cat"></property>
    <property name="sun.cpu.isalist" value=""></property>
    <property name="dir.config" value="dballocator/jdbc3"></property>
    <property name="java.ext.dirs" value="/qa/tools/opt/x86_64/jdk1.6.0_20/jre/lib/ext:/usr/java/packages/lib/ext"></property>
    <property name="os.version" value="2.6.18-128.4.1.el5"></property>
    <property name="database" value="oracle11gR2RAC"></property>
    <property name="user.home" value="/home/hudson"></property>
    <property name="java.vm.vendor" value="Sun Microsystems Inc."></property>
    <property name="env.NATIVE_TOOLS" value="/qa/tools/opt/amd64"></property>
    <property name="env.COMMON_TOOLS" value="/qa/tools/opt"></property>
    <property name="env.JAVA_HOME" value="/qa/tools/opt/amd64/jdk1.6.0_20"></property>
    <property name="env.INPUTRC" value="/etc/inputrc"></property>
    <property name="user.dir" value="/qa/hudson_ws/workspace/hibernate-eap43-annotations-qa-jvms-dballocator-TMP-oracle11gR2RAC/database/oracle11gR2RAC/eap_version/eap43/jdbc/jdbc3/jdk/java16_default/label/RHEL5_any"></property>
    <property name="env.XFILESEARCHPATH" value="/usr/dt/app-defaults/%L/Dt"></property>
    <property name="env.MAIL" value="/var/spool/mail/hudson"></property>
    <property name="env.PWD" value="/qa/hudson_ws/workspace/hibernate-eap43-annotations-qa-jvms-dballocator-TMP-oracle11gR2RAC/database/oracle11gR2RAC/eap_version/eap43/jdbc/jdbc3/jdk/java16_default/label/RHEL5_any"></property>
    <property name="sun.cpu.endian" value="little"></property>
    <property name="dir.resources" value="resources"></property>
    <property name="env.MYTESTIPS" value="10.16.94.42 10.16.94.43"></property>
    <property name="java.vm.version" value="16.3-b01"></property>
    <property name="java.class.path" value="/qa/hudson_ws/workspace/hibernate-eap43-annotations-qa-jvms-dballocator-TMP-oracle11gR2RAC/database/oracle11gR2RAC/eap_version/eap43/jdbc/jdbc3/jdk/java16_default/label/RHEL5_any/tmp/bin:/qa/hudson_ws/workspace/hibernate-eap43-annotations-qa-jvms-dballocator-TMP-oracle11gR2RAC/database/oracle11gR2RAC/eap_version/eap43/jdbc/jdbc3/jdk/java16_default/label/RHEL5_any/tmp/cobertura/instrumented/hibernate-annotations.jar:/qa/hudson_ws/workspace/hibernate-eap43-annotations-qa-jvms-dballocator-TMP-oracle11gR2RAC/database/oracle11gR2RAC/eap_version/eap43/jdbc/jdbc3/jdk/java16_default/label/RHEL5_any/lib/ant-junit.jar:/qa/hudson_ws/workspace/hibernate-eap43-annotations-qa-jvms-dballocator-TMP-oracle11gR2RAC/database/oracle11gR2RAC/eap_version/eap43/jdbc/jdbc3/jdk/java16_default/label/RHEL5_any/lib/cobertura.jar:/qa/hudson_ws/workspace/hibernate-eap43-annotations-qa-jvms-dballocator-TMP-oracle11gR2RAC/database/oracle11gR2RAC/eap_version/eap43/jdbc/jdbc3/jdk/java16_default/label/RHEL5_any/lib/junit.jar:/qa/hudson_ws/workspace/hibernate-eap43-annotations-qa-jvms-dballocator-TMP-oracle11gR2RAC/database/oracle11gR2RAC/eap_version/eap43/jdbc/jdbc3/jdk/java16_default/label/RHEL5_any/lib/lucene-core-2.0.0.jar:/qa/services/http/jdbc-drivers-products/EAP/4.3.9/oracle11gR2RAC/jdbc3/ojdbc5.jar:/qa/hudson_ws/workspace/hibernate-eap43-annotations-qa-jvms-dballocator-TMP-oracle11gR2RAC/database/oracle11gR2RAC/eap_version/eap43/jdbc/jdbc3/jdk/java16_default/label/RHEL5_any/tmp/jboss-eap-4.3/jboss-as/server/default/lib/activation.jar:/qa/hudson_ws/workspace/hibernate-eap43-annotations-qa-jvms-dballocator-TMP-oracle11gR2RAC/database/oracle11gR2RAC/eap_version/eap43/jdbc/jdbc3/jdk/java16_default/label/RHEL5_any/tmp/jboss-eap-4.3/jboss-as/server/default/lib/antlr.jar:/qa/hudson_ws/workspace/hibernate-eap43-annotations-qa-jvms-dballocator-TMP-oracle11gR2RAC/database/oracle11gR2RAC/eap_version/eap43/jdbc/jdbc3/jdk/java16_default/label/RHEL5_any/tmp/jboss-eap-4.3/jboss-as/server/default/lib/asm-attrs.jar:/qa/hudson_ws/workspace/hibernate-eap43-annotations-qa-jvms-dballocator-TMP-oracle11gR2RAC/database/oracle11gR2RAC/eap_version/eap43/jdbc/jdbc3/jdk/java16_default/label/RHEL5_any/tmp/jboss-eap-4.3/jboss-as/server/default/lib/asm.jar:/qa/hudson_ws/workspace/hibernate-eap43-annotations-qa-jvms-dballocator-TMP-oracle11gR2RAC/database/oracle11gR2RAC/eap_version/eap43/jdbc/jdbc3/jdk/java16_default/label/RHEL5_any/tmp/jboss-eap-4.3/jboss-as/server/default/lib/autonumber-plugin.jar:/qa/hudson_ws/workspace/hibernate-eap43-annotations-qa-jvms-dballocator-TMP-oracle11gR2RAC/database/oracle11gR2RAC/eap_version/eap43/jdbc/jdbc3/jdk/java16_default/label/RHEL5_any/tmp/jboss-eap-4.3/jboss-as/server/default/lib/bcel.jar:/qa/hudson_ws/workspace/hibernate-eap43-annotations-qa-jvms-dballocator-TMP-oracle11gR2RAC/database/oracle11gR2RAC/eap_version/eap43/jdbc/jdbc3/jdk/java16_default/label/RHEL5_any/tmp/jboss-eap-4.3/jboss-as/server/default/lib/bindingservice-plugin.jar:/qa/hudson_ws/workspace/hibernate-eap43-annotations-qa-jvms-dballocator-TMP-oracle11gR2RAC/database/oracle11gR2RAC/eap_version/eap43/jdbc/jdbc3/jdk/java16_default/label/RHEL5_any/tmp/jboss-eap-4.3/jboss-as/server/default/lib/bsf.jar:/qa/hudson_ws/workspace/hibernate-eap43-annotations-qa-jvms-dballocator-TMP-oracle11gR2RAC/database/oracle11gR2RAC/eap_version/eap43/jdbc/jdbc3/jdk/java16_default/label/RHEL5_any/tmp/jboss-eap-4.3/jboss-as/server/default/lib/bsh-deployer.jar:/qa/hudson_ws/workspace/hibernate-eap43-annotations-qa-jvms-dballocator-TMP-oracle11gR2RAC/database/oracle11gR2RAC/eap_version/eap43/jdbc/jdbc3/jdk/java16_default/label/RHEL5_any/tmp/jboss-eap-4.3/jboss-as/server/default/lib/bsh.jar:/qa/hudson_ws/workspace/hibernate-eap43-annotations-qa-jvms-dballocator-TMP-oracle11gR2RAC/database/oracle11gR2RAC/eap_version/eap43/jdbc/jdbc3/jdk/java16_default/label/RHEL5_any/tmp/jboss-eap-4.3/jboss-as/server/default/lib/cglib.jar:/qa/hudson_ws/workspace/hibernate-eap43-annotations-qa-jvms-dballocator-TMP-oracle11gR2RAC/database/oracle11gR2RAC/eap_version/eap43/jdbc/jdbc3/jdk/java16_default/label/RHEL5_any/tmp/jboss-eap-4.3/jboss-as/server/default/lib/commons-codec.jar:/qa/hudson_ws/workspace/hibernate-eap43-annotations-qa-jvms-dballocator-TMP-oracle11gR2RAC/database/oracle11gR2RAC/eap_version/eap43/jdbc/jdbc3/jdk/java16_default/label/RHEL5_any/tmp/jboss-eap-4.3/jboss-as/server/default/lib/commons-collections.jar:/qa/hudson_ws/workspace/hibernate-eap43-annotations-qa-jvms-dballocator-TMP-oracle11gR2RAC/database/oracle11gR2RAC/eap_version/eap43/jdbc/jdbc3/jdk/java16_default/label/RHEL5_any/tmp/jboss-eap-4.3/jboss-as/server/default/lib/commons-httpclient.jar:/qa/hudson_ws/workspace/hibernate-eap43-annotations-qa-jvms-dballocator-TMP-oracle11gR2RAC/database/oracle11gR2RAC/eap_version/eap43/jdbc/jdbc3/jdk/java16_default/label/RHEL5_any/tmp/jboss-eap-4.3/jboss-as/server/default/lib/commons-logging.jar:/qa/hudson_ws/workspace/hibernate-eap43-annotations-qa-jvms-dballocator-TMP-oracle11gR2RAC/database/oracle11gR2RAC/eap_version/eap43/jdbc/jdbc3/jdk/java16_default/label/RHEL5_any/tmp/jboss-eap-4.3/jboss-as/server/default/lib/dom4j.jar:/qa/hudson_ws/workspace/hibernate-eap43-annotations-qa-jvms-dballocator-TMP-oracle11gR2RAC/database/oracle11gR2RAC/eap_version/eap43/jdbc/jdbc3/jdk/java16_default/label/RHEL5_any/tmp/jboss-eap-4.3/jboss-as/server/default/lib/ejb3-persistence.jar:/qa/hudson_ws/workspace/hibernate-eap43-annotations-qa-jvms-dballocator-TMP-oracle11gR2RAC/database/oracle11gR2RAC/eap_version/eap43/jdbc/jdbc3/jdk/java16_default/label/RHEL5_any/tmp/jboss-eap-4.3/jboss-as/server/default/lib/el-api.jar:/qa/hudson_ws/workspace/hibernate-eap43-annotations-qa-jvms-dballocator-TMP-oracle11gR2RAC/database/oracle11gR2RAC/eap_version/eap43/jdbc/jdbc3/jdk/java16_default/label/RHEL5_any/tmp/jboss-eap-4.3/jboss-as/server/default/lib/hibernate-annotations.jar:/qa/hudson_ws/workspace/hibernate-eap43-annotations-qa-jvms-dballocator-TMP-oracle11gR2RAC/database/oracle11gR2RAC/eap_version/eap43/jdbc/jdbc3/jdk/java16_default/label/RHEL5_any/tmp/jboss-eap-4.3/jboss-as/server/default/lib/hibernate-commons-annotations.jar:/qa/hudson_ws/workspace/hibernate-eap43-annotations-qa-jvms-dballocator-TMP-oracle11gR2RAC/database/oracle11gR2RAC/eap_version/eap43/jdbc/jdbc3/jdk/java16_default/label/RHEL5_any/tmp/jboss-eap-4.3/jboss-as/server/default/lib/hibernate-entitymanager.jar:/qa/hudson_ws/workspace/hibernate-eap43-annotations-qa-jvms-dballocator-TMP-oracle11gR2RAC/database/oracle11gR2RAC/eap_version/eap43/jdbc/jdbc3/jdk/java16_default/label/RHEL5_any/tmp/jboss-eap-4.3/jboss-as/server/default/lib/hibernate-validator.jar:/qa/hudson_ws/workspace/hibernate-eap43-annotations-qa-jvms-dballocator-TMP-oracle11gR2RAC/database/oracle11gR2RAC/eap_version/eap43/jdbc/jdbc3/jdk/java16_default/label/RHEL5_any/tmp/jboss-eap-4.3/jboss-as/server/default/lib/hibernate3.jar:/qa/hudson_ws/workspace/hibernate-eap43-annotations-qa-jvms-dballocator-TMP-oracle11gR2RAC/database/oracle11gR2RAC/eap_version/eap43/jdbc/jdbc3/jdk/java16_default/label/RHEL5_any/tmp/jboss-eap-4.3/jboss-as/server/default/lib/hsqldb-plugin.jar:/qa/hudson_ws/workspace/hibernate-eap43-annotations-qa-jvms-dballocator-TMP-oracle11gR2RAC/database/oracle11gR2RAC/eap_version/eap43/jdbc/jdbc3/jdk/java16_default/label/RHEL5_any/tmp/jboss-eap-4.3/jboss-as/server/default/lib/hsqldb.jar:/qa/hudson_ws/workspace/hibernate-eap43-annotations-qa-jvms-dballocator-TMP-oracle11gR2RAC/database/oracle11gR2RAC/eap_version/eap43/jdbc/jdbc3/jdk/java16_default/label/RHEL5_any/tmp/jboss-eap-4.3/jboss-as/server/default/lib/javassist.jar:/qa/hudson_ws/workspace/hibernate-eap43-annotations-qa-jvms-dballocator-TMP-oracle11gR2RAC/database/oracle11gR2RAC/eap_version/eap43/jdbc/jdbc3/jdk/java16_default/label/RHEL5_any/tmp/jboss-eap-4.3/jboss-as/server/default/lib/jaxen.jar:/qa/hudson_ws/workspace/hibernate-eap43-annotations-qa-jvms-dballocator-TMP-oracle11gR2RAC/database/oracle11gR2RAC/eap_version/eap43/jdbc/jdbc3/jdk/java16_default/label/RHEL5_any/tmp/jboss-eap-4.3/jboss-as/server/default/lib/jboss-cache-jdk50.jar:/qa/hudson_ws/workspace/hibernate-eap43-annotations-qa-jvms-dballocator-TMP-oracle11gR2RAC/database/oracle11gR2RAC/eap_version/eap43/jdbc/jdbc3/jdk/java16_default/label/RHEL5_any/tmp/jboss-eap-4.3/jboss-as/server/default/lib/jboss-common-jdbc-wrapper.jar:/qa/hudson_ws/workspace/hibernate-eap43-annotations-qa-jvms-dballocator-TMP-oracle11gR2RAC/database/oracle11gR2RAC/eap_version/eap43/jdbc/jdbc3/jdk/java16_default/label/RHEL5_any/tmp/jboss-eap-4.3/jboss-as/server/default/lib/jboss-ejb3x.jar:/qa/hudson_ws/workspace/hibernate-eap43-annotations-qa-jvms-dballocator-TMP-oracle11gR2RAC/database/oracle11gR2RAC/eap_version/eap43/jdbc/jdbc3/jdk/java16_default/label/RHEL5_any/tmp/jboss-eap-4.3/jboss-as/server/default/lib/jboss-hibernate.jar:/qa/hudson_ws/workspace/hibernate-eap43-annotations-qa-jvms-dballocator-TMP-oracle11gR2RAC/database/oracle11gR2RAC/eap_version/eap43/jdbc/jdbc3/jdk/java16_default/label/RHEL5_any/tmp/jboss-eap-4.3/jboss-as/server/default/lib/jboss-j2ee.jar:/qa/hudson_ws/workspace/hibernate-eap43-annotations-qa-jvms-dballocator-TMP-oracle11gR2RAC/database/oracle11gR2RAC/eap_version/eap43/jdbc/jdbc3/jdk/java16_default/label/RHEL5_any/tmp/jboss-eap-4.3/jboss-as/server/default/lib/jboss-jaxrpc.jar:/qa/hudson_ws/workspace/hibernate-eap43-annotations-qa-jvms-dballocator-TMP-oracle11gR2RAC/database/oracle11gR2RAC/eap_version/eap43/jdbc/jdbc3/jdk/java16_default/label/RHEL5_any/tmp/jboss-eap-4.3/jboss-as/server/default/lib/jboss-jaxws.jar:/qa/hudson_ws/workspace/hibernate-eap43-annotations-qa-jvms-dballocator-TMP-oracle11gR2RAC/database/oracle11gR2RAC/eap_version/eap43/jdbc/jdbc3/jdk/java16_default/label/RHEL5_any/tmp/jboss-eap-4.3/jboss-as/server/default/lib/jboss-jca.jar:/qa/hudson_ws/workspace/hibernate-eap43-annotations-qa-jvms-dballocator-TMP-oracle11gR2RAC/database/oracle11gR2RAC/eap_version/eap43/jdbc/jdbc3/jdk/java16_default/label/RHEL5_any/tmp/jboss-eap-4.3/jboss-as/server/default/lib/jboss-jsr77.jar:/qa/hudson_ws/workspace/hibernate-eap43-annotations-qa-jvms-dballocator-TMP-oracle11gR2RAC/database/oracle11gR2RAC/eap_version/eap43/jdbc/jdbc3/jdk/java16_default/label/RHEL5_any/tmp/jboss-eap-4.3/jboss-as/server/default/lib/jboss-jsr88.jar:/qa/hudson_ws/workspace/hibernate-eap43-annotations-qa-jvms-dballocator-TMP-oracle11gR2RAC/database/oracle11gR2RAC/eap_version/eap43/jdbc/jdbc3/jdk/java16_default/label/RHEL5_any/tmp/jboss-eap-4.3/jboss-as/server/default/lib/jboss-management.jar:/qa/hudson_ws/workspace/hibernate-eap43-annotations-qa-jvms-dballocator-TMP-oracle11gR2RAC/database/oracle11gR2RAC/eap_version/eap43/jdbc/jdbc3/jdk/java16_default/label/RHEL5_any/tmp/jboss-eap-4.3/jboss-as/server/default/lib/jboss-messaging-client.jar:/qa/hudson_ws/workspace/hibernate-eap43-annotations-qa-jvms-dballocator-TMP-oracle11gR2RAC/database/oracle11gR2RAC/eap_version/eap43/jdbc/jdbc3/jdk/java16_default/label/RHEL5_any/tmp/jboss-eap-4.3/jboss-as/server/default/lib/jboss-messaging.jar:/qa/hudson_ws/workspace/hibernate-eap43-annotations-qa-jvms-dballocator-TMP-oracle11gR2RAC/database/oracle11gR2RAC/eap_version/eap43/jdbc/jdbc3/jdk/java16_default/label/RHEL5_any/tmp/jboss-eap-4.3/jboss-as/server/default/lib/jboss-monitoring.jar:/qa/hudson_ws/workspace/hibernate-eap43-annotations-qa-jvms-dballocator-TMP-oracle11gR2RAC/database/oracle11gR2RAC/eap_version/eap43/jdbc/jdbc3/jdk/java16_default/label/RHEL5_any/tmp/jboss-eap-4.3/jboss-as/server/default/lib/jboss-remoting-int.jar:/qa/hudson_ws/workspace/hibernate-eap43-annotations-qa-jvms-dballocator-TMP-oracle11gR2RAC/database/oracle11gR2RAC/eap_version/eap43/jdbc/jdbc3/jdk/java16_default/label/RHEL5_any/tmp/jboss-eap-4.3/jboss-as/server/default/lib/jboss-remoting.jar:/qa/hudson_ws/workspace/hibernate-eap43-annotations-qa-jvms-dballocator-TMP-oracle11gR2RAC/database/oracle11gR2RAC/eap_version/eap43/jdbc/jdbc3/jdk/java16_default/label/RHEL5_any/tmp/jboss-eap-4.3/jboss-as/server/default/lib/jboss-saaj.jar:/qa/hudson_ws/workspace/hibernate-eap43-annotations-qa-jvms-dballocator-TMP-oracle11gR2RAC/database/oracle11gR2RAC/eap_version/eap43/jdbc/jdbc3/jdk/java16_default/label/RHEL5_any/tmp/jboss-eap-4.3/jboss-as/server/default/lib/jboss-serialization.jar:/qa/hudson_ws/workspace/hibernate-eap43-annotations-qa-jvms-dballocator-TMP-oracle11gR2RAC/database/oracle11gR2RAC/eap_version/eap43/jdbc/jdbc3/jdk/java16_default/label/RHEL5_any/tmp/jboss-eap-4.3/jboss-as/server/default/lib/jboss-srp.jar:/qa/hudson_ws/workspace/hibernate-eap43-annotations-qa-jvms-dballocator-TMP-oracle11gR2RAC/database/oracle11gR2RAC/eap_version/eap43/jdbc/jdbc3/jdk/java16_default/label/RHEL5_any/tmp/jboss-eap-4.3/jboss-as/server/default/lib/jboss-transaction.jar:/qa/hudson_ws/workspace/hibernate-eap43-annotations-qa-jvms-dballocator-TMP-oracle11gR2RAC/database/oracle11gR2RAC/eap_version/eap43/jdbc/jdbc3/jdk/java16_default/label/RHEL5_any/tmp/jboss-eap-4.3/jboss-as/server/default/lib/jboss-vfs.jar:/qa/hudson_ws/workspace/hibernate-eap43-annotations-qa-jvms-dballocator-TMP-oracle11gR2RAC/database/oracle11gR2RAC/eap_version/eap43/jdbc/jdbc3/jdk/java16_default/label/RHEL5_any/tmp/jboss-eap-4.3/jboss-as/server/default/lib/jboss.jar:/qa/hudson_ws/workspace/hibernate-eap43-annotations-qa-jvms-dballocator-TMP-oracle11gR2RAC/database/oracle11gR2RAC/eap_version/eap43/jdbc/jdbc3/jdk/java16_default/label/RHEL5_any/tmp/jboss-eap-4.3/jboss-as/server/default/lib/jbossjta-integration.jar:/qa/hudson_ws/workspace/hibernate-eap43-annotations-qa-jvms-dballocator-TMP-oracle11gR2RAC/database/oracle11gR2RAC/eap_version/eap43/jdbc/jdbc3/jdk/java16_default/label/RHEL5_any/tmp/jboss-eap-4.3/jboss-as/server/default/lib/jbossjta.jar:/qa/hudson_ws/workspace/hibernate-eap43-annotations-qa-jvms-dballocator-TMP-oracle11gR2RAC/database/oracle11gR2RAC/eap_version/eap43/jdbc/jdbc3/jdk/java16_default/label/RHEL5_any/tmp/jboss-eap-4.3/jboss-as/server/default/lib/jbosssx.jar:/qa/hudson_ws/workspace/hibernate-eap43-annotations-qa-jvms-dballocator-TMP-oracle11gR2RAC/database/oracle11gR2RAC/eap_version/eap43/jdbc/jdbc3/jdk/java16_default/label/RHEL5_any/tmp/jboss-eap-4.3/jboss-as/server/default/lib/jbossts-common.jar:/qa/hudson_ws/workspace/hibernate-eap43-annotations-qa-jvms-dballocator-TMP-oracle11gR2RAC/database/oracle11gR2RAC/eap_version/eap43/jdbc/jdbc3/jdk/java16_default/label/RHEL5_any/tmp/jboss-eap-4.3/jboss-as/server/default/lib/jbossws-common.jar:/qa/hudson_ws/workspace/hibernate-eap43-annotations-qa-jvms-dballocator-TMP-oracle11gR2RAC/database/oracle11gR2RAC/eap_version/eap43/jdbc/jdbc3/jdk/java16_default/label/RHEL5_any/tmp/jboss-eap-4.3/jboss-as/server/default/lib/jbossws-framework.jar:/qa/hudson_ws/workspace/hibernate-eap43-annotations-qa-jvms-dballocator-TMP-oracle11gR2RAC/database/oracle11gR2RAC/eap_version/eap43/jdbc/jdbc3/jdk/java16_default/label/RHEL5_any/tmp/jboss-eap-4.3/jboss-as/server/default/lib/jbossws-jboss42.jar:/qa/hudson_ws/workspace/hibernate-eap43-annotations-qa-jvms-dballocator-TMP-oracle11gR2RAC/database/oracle11gR2RAC/eap_version/eap43/jdbc/jdbc3/jdk/java16_default/label/RHEL5_any/tmp/jboss-eap-4.3/jboss-as/server/default/lib/jbossws-spi.jar:/qa/hudson_ws/workspace/hibernate-eap43-annotations-qa-jvms-dballocator-TMP-oracle11gR2RAC/database/oracle11gR2RAC/eap_version/eap43/jdbc/jdbc3/jdk/java16_default/label/RHEL5_any/tmp/jboss-eap-4.3/jboss-as/server/default/lib/jmx-adaptor-plugin.jar:/qa/hudson_ws/workspace/hibernate-eap43-annotations-qa-jvms-dballocator-TMP-oracle11gR2RAC/database/oracle11gR2RAC/eap_version/eap43/jdbc/jdbc3/jdk/java16_default/label/RHEL5_any/tmp/jboss-eap-4.3/jboss-as/server/default/lib/jnpserver.jar:/qa/hudson_ws/workspace/hibernate-eap43-annotations-qa-jvms-dballocator-TMP-oracle11gR2RAC/database/oracle11gR2RAC/eap_version/eap43/jdbc/jdbc3/jdk/java16_default/label/RHEL5_any/tmp/jboss-eap-4.3/jboss-as/server/default/lib/joesnmp.jar:/qa/hudson_ws/workspace/hibernate-eap43-annotations-qa-jvms-dballocator-TMP-oracle11gR2RAC/database/oracle11gR2RAC/eap_version/eap43/jdbc/jdbc3/jdk/java16_default/label/RHEL5_any/tmp/jboss-eap-4.3/jboss-as/server/default/lib/jsp-api.jar:/qa/hudson_ws/workspace/hibernate-eap43-annotations-qa-jvms-dballocator-TMP-oracle11gR2RAC/database/oracle11gR2RAC/eap_version/eap43/jdbc/jdbc3/jdk/java16_default/label/RHEL5_any/tmp/jboss-eap-4.3/jboss-as/server/default/lib/log4j-snmp-appender.jar:/qa/hudson_ws/workspace/hibernate-eap43-annotations-qa-jvms-dballocator-TMP-oracle11gR2RAC/database/oracle11gR2RAC/eap_version/eap43/jdbc/jdbc3/jdk/java16_default/label/RHEL5_any/tmp/jboss-eap-4.3/jboss-as/server/default/lib/log4j.jar:/qa/hudson_ws/workspace/hibernate-eap43-annotations-qa-jvms-dballocator-TMP-oracle11gR2RAC/database/oracle11gR2RAC/eap_version/eap43/jdbc/jdbc3/jdk/java16_default/label/RHEL5_any/tmp/jboss-eap-4.3/jboss-as/server/default/lib/mail-plugin.jar:/qa/hudson_ws/workspace/hibernate-eap43-annotations-qa-jvms-dballocator-TMP-oracle11gR2RAC/database/oracle11gR2RAC/eap_version/eap43/jdbc/jdbc3/jdk/java16_default/label/RHEL5_any/tmp/jboss-eap-4.3/jboss-as/server/default/lib/mail.jar:/qa/hudson_ws/workspace/hibernate-eap43-annotations-qa-jvms-dballocator-TMP-oracle11gR2RAC/database/oracle11gR2RAC/eap_version/eap43/jdbc/jdbc3/jdk/java16_default/label/RHEL5_any/tmp/jboss-eap-4.3/jboss-as/server/default/lib/properties-plugin.jar:/qa/hudson_ws/workspace/hibernate-eap43-annotations-qa-jvms-dballocator-TMP-oracle11gR2RAC/database/oracle11gR2RAC/eap_version/eap43/jdbc/jdbc3/jdk/java16_default/label/RHEL5_any/tmp/jboss-eap-4.3/jboss-as/server/default/lib/quartz-all.jar:/qa/hudson_ws/workspace/hibernate-eap43-annotations-qa-jvms-dballocator-TMP-oracle11gR2RAC/database/oracle11gR2RAC/eap_version/eap43/jdbc/jdbc3/jdk/java16_default/label/RHEL5_any/tmp/jboss-eap-4.3/jboss-as/server/default/lib/scheduler-plugin-example.jar:/qa/hudson_ws/workspace/hibernate-eap43-annotations-qa-jvms-dballocator-TMP-oracle11gR2RAC/database/oracle11gR2RAC/eap_version/eap43/jdbc/jdbc3/jdk/java16_default/label/RHEL5_any/tmp/jboss-eap-4.3/jboss-as/server/default/lib/scheduler-plugin.jar:/qa/hudson_ws/workspace/hibernate-eap43-annotations-qa-jvms-dballocator-TMP-oracle11gR2RAC/database/oracle11gR2RAC/eap_version/eap43/jdbc/jdbc3/jdk/java16_default/label/RHEL5_any/tmp/jboss-eap-4.3/jboss-as/server/default/lib/servlet-api.jar:/qa/hudson_ws/workspace/hibernate-eap43-annotations-qa-jvms-dballocator-TMP-oracle11gR2RAC/database/oracle11gR2RAC/eap_version/eap43/jdbc/jdbc3/jdk/java16_default/label/RHEL5_any/tmp/jboss-eap-4.3/jboss-as/server/default/lib/xmlentitymgr.jar:/qa/tools/opt/apache-ant-1.6.5/lib/junit.jar:/qa/tools/opt/apache-ant-1.6.5/lib/ant-launcher.jar:/qa/tools/opt/apache-ant-1.6.5/lib/ant.jar:/qa/tools/opt/apache-ant-1.6.5/lib/ant-junit.jar"></property>
    <property name="ant.library.dir" value="/qa/tools/opt/apache-ant-1.6.5/lib"></property>
    <property name="os.arch" value="amd64"></property>
    <property name="dir.work" value="tmp"></property>
    <property name="db.maxpoolsize" value="50"></property>
    <property name="jdbc" value="jdbc3"></property>
    <property name="sun.java.launcher" value="SUN_STANDARD"></property>
    <property name="env.BUILD_ID" value="2010-11-16_15-22-42"></property>
    <property name="java.vm.specification.vendor" value="Sun Microsystems Inc."></property>
    <property name="file.separator" value="/"></property>
    <property name="dir.cobertura" value="tmp/cobertura"></property>
    <property name="java.runtime.version" value="1.6.0_20-b02"></property>
    <property name="sun.boot.class.path" value="/qa/tools/opt/x86_64/jdk1.6.0_20/jre/lib/resources.jar:/qa/tools/opt/x86_64/jdk1.6.0_20/jre/lib/rt.jar:/qa/tools/opt/x86_64/jdk1.6.0_20/jre/lib/sunrsasign.jar:/qa/tools/opt/x86_64/jdk1.6.0_20/jre/lib/jsse.jar:/qa/tools/opt/x86_64/jdk1.6.0_20/jre/lib/jce.jar:/qa/tools/opt/x86_64/jdk1.6.0_20/jre/lib/charsets.jar:/qa/tools/opt/x86_64/jdk1.6.0_20/jre/classes"></property>
    <property name="dir.lib" value="lib"></property>
    <property name="db.jdbc_url" value="jdbc:oracle:thin:@(DESCRIPTION=(LOAD_BALANCE=on)(ADDRESS=(PROTOCOL=TCP)(HOST=vmg27-vip.mw.lab.eng.bos.redhat.com)(PORT=1521))(ADDRESS=(PROTOCOL=TCP)(HOST=vmg28-vip.mw.lab.eng.bos.redhat.com)(PORT=1521))(CONNECT_DATA=(SERVICE_NAME=qarac.jboss)))"></property>
    <property name="db.password" value="dballo01"></property>
    <property name="env.WORKSPACE" value="/qa/hudson_ws/workspace/hibernate-eap43-annotations-qa-jvms-dballocator-TMP-oracle11gR2RAC/database/oracle11gR2RAC/eap_version/eap43/jdbc/jdbc3/jdk/java16_default/label/RHEL5_any"></property>
    <property name="eap_version" value="eap43"></property>
    <property name="env.ANT_HOME" value="/qa/tools/opt/apache-ant-1.6.5"></property>
    <property name="user.country" value="US"></property>
    <property name="env.EXECUTOR_NUMBER" value="0"></property>
    <property name="env.SHELL" value="/bin/bash"></property>
    <property name="dir.bin" value="tmp/bin"></property>
    <property name="java.vendor" value="Sun Microsystems Inc."></property>
    <property name="env.HUDSON_COOKIE" value="35cca589-b939-45d8-9967-3e49680baf4c"></property>
    <property name="env.database" value="oracle11gR2RAC"></property>
    <property name="java.specification.version" value="1.6"></property>
    <property name="sun.arch.data.model" value="64"></property>
  </properties>
  <testcase classname="org.hibernate.test.annotations.ConfigurationTest" name="testDeclarativeMix" time="3.938"></testcase>
  <testcase classname="org.hibernate.test.annotations.ConfigurationTest" name="testIgnoringHbm" time="0.962"></testcase>
  <testcase classname="org.hibernate.test.annotations.ConfigurationTest" name="testPrecedenceHbm" time="1.223"></testcase>
  <testcase classname="org.hibernate.test.annotations.ConfigurationTest" name="testPrecedenceAnnotation" time="1.172"></testcase>
  <testcase classname="org.hibernate.test.annotations.ConfigurationTest" name="testDeclarativeAnnWoAnnConfig" time="0.02"></testcase>
  <testcase classname="org.hibernate.test.annotations.ConfigurationTest" name="testHbmWithSubclassExtends" time="1.342"></testcase>
  <testcase classname="org.hibernate.test.annotations.ConfigurationTest" name="testAnnReferencesHbm" time="1.738"></testcase>
  <system-out><![CDATA[16:27:35,229  INFO Version:15 - Hibernate Annotations 3.3.1.GA.CP04
16:27:35,247  INFO Environment:514 - Hibernate 3.2.4.sp1.cp11
16:27:35,251  INFO Environment:532 - loaded properties from resource hibernate.properties: {hibernate.connection.driver_class=oracle.jdbc.driver.OracleDriver, hibernate.cache.provider_class=org.hibernate.cache.HashtableCacheProvider, hibernate.dialect=org.hibernate.dialect.Oracle10gDialect, hibernate.max_fetch_depth=1, hibernate.jdbc.use_streams_for_binary=true , hibernate.format_sql=true, hibernate.query.substitutions=true 1, false 0, yes 'Y', no 'N', hibernate.connection.username=dballo01, hibernate.proxool.pool_alias=pool1, hibernate.cache.region_prefix=hibernate.test, hibernate.connection.url=jdbc:oracle:thin:@(DESCRIPTION=(LOAD_BALANCE=on)(ADDRESS=(PROTOCOL=TCP)(HOST=vmg27-vip.mw.lab.eng.bos.redhat.com)(PORT=1521))(ADDRESS=(PROTOCOL=TCP)(HOST=vmg28-vip.mw.lab.eng.bos.redhat.com)(PORT=1521))(CONNECT_DATA=(SERVICE_NAME=qarac.jboss))), hibernate.connection.password=****, hibernate.bytecode.use_reflection_optimizer=false, hibernate.jdbc.batch_versioned_data=false }
16:27:35,253  INFO Environment:563 - using java.io streams to persist binary types
16:27:35,254  INFO Environment:681 - Bytecode provider name : cglib
16:27:35,259  INFO Environment:598 - using JDK 1.4 java.sql.Timestamp handling
16:27:35,325  INFO Configuration:1432 - configuring from resource: org/hibernate/test/annotations/hibernate.cfg.xml
16:27:35,326  INFO Configuration:1409 - Configuration resource: org/hibernate/test/annotations/hibernate.cfg.xml
16:27:35,416  INFO Configuration:559 - Reading mappings from resource : org/hibernate/test/annotations/Boat.hbm.xml
16:27:35,586  INFO AnnotationConfiguration:169 - Mapping package org.hibernate.test.annotations
16:27:35,629  WARN AnnotationBinder:222 - Package not found or wo package-info.java: org.hibernate.test.annotations
16:27:35,641  INFO Configuration:1547 - Configured SessionFactory: null
16:27:35,782  INFO HbmBinder:300 - Mapping class: org.hibernate.test.annotations.Boat -> BoatInXml
16:27:35,804  INFO AnnotationBinder:418 - Binding entity from annotated class: org.hibernate.test.annotations.Plane
16:27:35,821  INFO QueryBinder:64 - Binding Named query: plane.byId => from Plane where id = :id
16:27:35,849  INFO EntityBinder:424 - Bind entity org.hibernate.test.annotations.Plane on table Plane
16:27:35,918  INFO Version:17 - Hibernate Validator 3.0.0.GA
16:27:35,981  INFO DriverManagerConnectionProvider:41 - Using Hibernate built-in connection pool (not for production use!)
16:27:35,982  INFO DriverManagerConnectionProvider:42 - Hibernate connection pool size: 20
16:27:35,982  INFO DriverManagerConnectionProvider:45 - autocommit mode: false
16:27:36,224  INFO DriverManagerConnectionProvider:80 - using driver: oracle.jdbc.driver.OracleDriver at URL: jdbc:oracle:thin:@(DESCRIPTION=(LOAD_BALANCE=on)(ADDRESS=(PROTOCOL=TCP)(HOST=vmg27-vip.mw.lab.eng.bos.redhat.com)(PORT=1521))(ADDRESS=(PROTOCOL=TCP)(HOST=vmg28-vip.mw.lab.eng.bos.redhat.com)(PORT=1521))(CONNECT_DATA=(SERVICE_NAME=qarac.jboss)))
16:27:36,225  INFO DriverManagerConnectionProvider:86 - connection properties: {user=dballo01, password=****}
16:27:37,213  INFO SettingsFactory:89 - RDBMS: Oracle, version: Oracle Database 11g Enterprise Edition Release 11.2.0.1.0 - 64bit Production
With the Partitioning, Real Application Clusters, Automatic Storage Management, OLAP,
Data Mining and Real Application Testing options
16:27:37,213  INFO SettingsFactory:90 - JDBC driver: Oracle JDBC driver, version: 11.2.0.2.0
16:27:37,229  INFO Dialect:152 - Using dialect: org.hibernate.dialect.Oracle10gDialect
16:27:37,234  INFO TransactionFactoryFactory:31 - Using default transaction strategy (direct JDBC transactions)
16:27:37,236  INFO TransactionManagerLookupFactory:33 - No TransactionManagerLookup configured (in JTA environment, use of read-write or transactional second-level cache is not recommended)
16:27:37,237  INFO SettingsFactory:143 - Automatic flush during beforeCompletion(): disabled
16:27:37,237  INFO SettingsFactory:147 - Automatic session close at end of transaction: disabled
16:27:37,237  INFO SettingsFactory:154 - JDBC batch size: 15
16:27:37,238  INFO SettingsFactory:157 - JDBC batch updates for versioned data: disabled
16:27:37,239  INFO SettingsFactory:162 - Scrollable result sets: enabled
16:27:37,239  INFO SettingsFactory:170 - JDBC3 getGeneratedKeys(): disabled
16:27:37,239  INFO SettingsFactory:178 - Connection release mode: auto
16:27:37,240  INFO SettingsFactory:202 - Maximum outer join fetch depth: 1
16:27:37,241  INFO SettingsFactory:205 - Default batch fetch size: 1
16:27:37,241  INFO SettingsFactory:209 - Generate SQL with comments: disabled
16:27:37,241  INFO SettingsFactory:213 - Order SQL updates by primary key: disabled
16:27:37,242  INFO SettingsFactory:217 - Order SQL inserts for batching: disabled
16:27:37,242  INFO SettingsFactory:391 - Query translator: org.hibernate.hql.ast.ASTQueryTranslatorFactory
16:27:37,244  INFO ASTQueryTranslatorFactory:24 - Using ASTQueryTranslatorFactory
16:27:37,245  INFO SettingsFactory:225 - Query language substitutions: {yes='Y', no='N', false=0, true=1}
16:27:37,245  INFO SettingsFactory:230 - JPA-QL strict compliance: disabled
16:27:37,245  INFO SettingsFactory:235 - Second-level cache: enabled
16:27:37,245  INFO SettingsFactory:239 - Query cache: disabled
16:27:37,246  INFO SettingsFactory:373 - Cache provider: org.hibernate.cache.HashtableCacheProvider
16:27:37,247  INFO SettingsFactory:254 - Optimize cache for minimal puts: disabled
16:27:37,247  INFO SettingsFactory:259 - Cache region prefix: hibernate.test
16:27:37,248  INFO SettingsFactory:263 - Structured second-level cache entries: disabled
16:27:37,252  INFO SettingsFactory:290 - Statistics: disabled
16:27:37,253  INFO SettingsFactory:294 - Deleted entity synthetic identifier rollback: disabled
16:27:37,253  INFO SettingsFactory:309 - Default entity-mode: pojo
16:27:37,253  INFO SettingsFactory:313 - Named query checking : enabled
16:27:37,302  INFO SessionFactoryImpl:161 - building session factory
16:27:37,507  INFO SessionFactoryObjectFactory:82 - Not binding factory to JNDI, no JNDI name configured
16:27:37,515  INFO SchemaExport:154 - Running hbm2ddl schema export
16:27:37,518 DEBUG SchemaExport:170 - import file not found: /import.sql
16:27:37,518  INFO SchemaExport:179 - exporting generated schema to database
16:27:37,588 DEBUG SchemaExport:303 - 
    drop table BoatInXml cascade constraints
16:27:37,660 DEBUG SchemaExport:288 - Unsuccessful: drop table BoatInXml cascade constraints
16:27:37,661 DEBUG SchemaExport:289 - ORA-00942: table or view does not exist

16:27:37,661 DEBUG SchemaExport:303 - 
    drop table Plane cascade constraints
16:27:37,676 DEBUG SchemaExport:288 - Unsuccessful: drop table Plane cascade constraints
16:27:37,676 DEBUG SchemaExport:289 - ORA-00942: table or view does not exist

16:27:37,677 DEBUG SchemaExport:303 - 
    drop sequence hibernate_sequence
16:27:37,685 DEBUG SchemaExport:288 - Unsuccessful: drop sequence hibernate_sequence
16:27:37,685 DEBUG SchemaExport:289 - ORA-02289: sequence does not exist

16:27:37,685 DEBUG SchemaExport:303 - 
    create table BoatInXml (
        id number(10,0) not null,
        boat_size number(10,0),
        primary key (id)
    )
16:27:37,935 DEBUG SchemaExport:303 - 
    create table Plane (
        planetype varchar2(100 char) not null,
        id number(19,0) not null,
        alive number(1,0) not null,
        fld_altitude number(10,0),
        color varchar2(255 char) not null,
        serialnbr varchar2(255 char),
        nbrOfSeats number(10,0) not null,
        primary key (id)
    )
16:27:38,030 DEBUG SchemaExport:303 - 
    create sequence hibernate_sequence
16:27:38,059  INFO SchemaExport:196 - schema export complete
16:27:38,263 DEBUG SQL:424 - 
    select
        boat0_.id as id0_,
        boat0_.boat_size as boat2_0_ 
    from
        BoatInXml boat0_
16:27:38,366 DEBUG SQL:424 - 
    select
        plane0_.id as id1_,
        plane0_.alive as alive1_,
        plane0_.fld_altitude as fld4_1_,
        plane0_.color as color1_,
        plane0_.serialnbr as serialnbr1_,
        plane0_.nbrOfSeats as nbrOfSeats1_ 
    from
        Plane plane0_
16:27:38,385  INFO SessionFactoryImpl:769 - closing
16:27:38,385  INFO DriverManagerConnectionProvider:147 - cleaning up connection pool: jdbc:oracle:thin:@(DESCRIPTION=(LOAD_BALANCE=on)(ADDRESS=(PROTOCOL=TCP)(HOST=vmg27-vip.mw.lab.eng.bos.redhat.com)(PORT=1521))(ADDRESS=(PROTOCOL=TCP)(HOST=vmg28-vip.mw.lab.eng.bos.redhat.com)(PORT=1521))(CONNECT_DATA=(SERVICE_NAME=qarac.jboss)))
16:27:38,404  INFO SchemaExport:154 - Running hbm2ddl schema export
16:27:38,405 DEBUG SchemaExport:170 - import file not found: /import.sql
16:27:38,405  INFO SchemaExport:179 - exporting generated schema to database
16:27:38,530 DEBUG SchemaExport:303 - 
    drop table BoatInXml cascade constraints
16:27:38,790 DEBUG SchemaExport:303 - 
    drop table Plane cascade constraints
16:27:39,014 DEBUG SchemaExport:303 - 
    drop sequence hibernate_sequence
16:27:39,056  INFO SchemaExport:196 - schema export complete
16:27:39,058  INFO Configuration:1432 - configuring from resource: org/hibernate/test/annotations/hibernate.cfg.xml
16:27:39,059  INFO Configuration:1409 - Configuration resource: org/hibernate/test/annotations/hibernate.cfg.xml
16:27:39,064  INFO Configuration:559 - Reading mappings from resource : org/hibernate/test/annotations/Boat.hbm.xml
16:27:39,095  INFO AnnotationConfiguration:169 - Mapping package org.hibernate.test.annotations
16:27:39,096  WARN AnnotationBinder:222 - Package not found or wo package-info.java: org.hibernate.test.annotations
16:27:39,096  INFO Configuration:1547 - Configured SessionFactory: null
16:27:39,099  INFO AnnotationBinder:418 - Binding entity from annotated class: org.hibernate.test.annotations.Plane
16:27:39,100  INFO QueryBinder:64 - Binding Named query: plane.byId => from Plane where id = :id
16:27:39,101  INFO EntityBinder:424 - Bind entity org.hibernate.test.annotations.Plane on table Plane
16:27:39,110  WARN AnnotationConfiguration:551 - Unknown artifact: whatever
16:27:39,113  INFO DriverManagerConnectionProvider:41 - Using Hibernate built-in connection pool (not for production use!)
16:27:39,113  INFO DriverManagerConnectionProvider:42 - Hibernate connection pool size: 20
16:27:39,114  INFO DriverManagerConnectionProvider:45 - autocommit mode: false
16:27:39,114  INFO DriverManagerConnectionProvider:80 - using driver: oracle.jdbc.driver.OracleDriver at URL: jdbc:oracle:thin:@(DESCRIPTION=(LOAD_BALANCE=on)(ADDRESS=(PROTOCOL=TCP)(HOST=vmg27-vip.mw.lab.eng.bos.redhat.com)(PORT=1521))(ADDRESS=(PROTOCOL=TCP)(HOST=vmg28-vip.mw.lab.eng.bos.redhat.com)(PORT=1521))(CONNECT_DATA=(SERVICE_NAME=qarac.jboss)))
16:27:39,114  INFO DriverManagerConnectionProvider:86 - connection properties: {user=dballo01, password=****}
16:27:39,244  INFO SettingsFactory:89 - RDBMS: Oracle, version: Oracle Database 11g Enterprise Edition Release 11.2.0.1.0 - 64bit Production
With the Partitioning, Real Application Clusters, Automatic Storage Management, OLAP,
Data Mining and Real Application Testing options
16:27:39,244  INFO SettingsFactory:90 - JDBC driver: Oracle JDBC driver, version: 11.2.0.2.0
16:27:39,245  INFO Dialect:152 - Using dialect: org.hibernate.dialect.Oracle10gDialect
16:27:39,245  INFO TransactionFactoryFactory:31 - Using default transaction strategy (direct JDBC transactions)
16:27:39,246  INFO TransactionManagerLookupFactory:33 - No TransactionManagerLookup configured (in JTA environment, use of read-write or transactional second-level cache is not recommended)
16:27:39,246  INFO SettingsFactory:143 - Automatic flush during beforeCompletion(): disabled
16:27:39,246  INFO SettingsFactory:147 - Automatic session close at end of transaction: disabled
16:27:39,247  INFO SettingsFactory:154 - JDBC batch size: 15
16:27:39,247  INFO SettingsFactory:157 - JDBC batch updates for versioned data: disabled
16:27:39,247  INFO SettingsFactory:162 - Scrollable result sets: enabled
16:27:39,247  INFO SettingsFactory:170 - JDBC3 getGeneratedKeys(): disabled
16:27:39,248  INFO SettingsFactory:178 - Connection release mode: auto
16:27:39,248  INFO SettingsFactory:202 - Maximum outer join fetch depth: 1
16:27:39,248  INFO SettingsFactory:205 - Default batch fetch size: 1
16:27:39,248  INFO SettingsFactory:209 - Generate SQL with comments: disabled
16:27:39,249  INFO SettingsFactory:213 - Order SQL updates by primary key: disabled
16:27:39,249  INFO SettingsFactory:217 - Order SQL inserts for batching: disabled
16:27:39,249  INFO SettingsFactory:391 - Query translator: org.hibernate.hql.ast.ASTQueryTranslatorFactory
16:27:39,250  INFO ASTQueryTranslatorFactory:24 - Using ASTQueryTranslatorFactory
16:27:39,250  INFO SettingsFactory:225 - Query language substitutions: {yes='Y', no='N', false=0, true=1}
16:27:39,250  INFO SettingsFactory:230 - JPA-QL strict compliance: disabled
16:27:39,250  INFO SettingsFactory:235 - Second-level cache: enabled
16:27:39,251  INFO SettingsFactory:239 - Query cache: disabled
16:27:39,251  INFO SettingsFactory:373 - Cache provider: org.hibernate.cache.HashtableCacheProvider
16:27:39,251  INFO SettingsFactory:254 - Optimize cache for minimal puts: disabled
16:27:39,252  INFO SettingsFactory:259 - Cache region prefix: hibernate.test
16:27:39,252  INFO SettingsFactory:263 - Structured second-level cache entries: disabled
16:27:39,252  INFO SettingsFactory:290 - Statistics: disabled
16:27:39,252  INFO SettingsFactory:294 - Deleted entity synthetic identifier rollback: disabled
16:27:39,253  INFO SettingsFactory:309 - Default entity-mode: pojo
16:27:39,253  INFO SettingsFactory:313 - Named query checking : enabled
16:27:39,258  INFO SessionFactoryImpl:161 - building session factory
16:27:39,262  INFO SessionFactoryObjectFactory:82 - Not binding factory to JNDI, no JNDI name configured
16:27:39,263  WARN AnnotationConfiguration:551 - Unknown artifact: whatever
16:27:39,264  WARN AnnotationConfiguration:551 - Unknown artifact: whatever
16:27:39,266  INFO SchemaExport:154 - Running hbm2ddl schema export
16:27:39,267 DEBUG SchemaExport:170 - import file not found: /import.sql
16:27:39,267  INFO SchemaExport:179 - exporting generated schema to database
16:27:39,268 DEBUG SchemaExport:303 - 
    drop table Plane cascade constraints
16:27:39,317 DEBUG SchemaExport:288 - Unsuccessful: drop table Plane cascade constraints
16:27:39,317 DEBUG SchemaExport:289 - ORA-00942: table or view does not exist

16:27:39,317 DEBUG SchemaExport:303 - 
    drop sequence hibernate_sequence
16:27:39,326 DEBUG SchemaExport:288 - Unsuccessful: drop sequence hibernate_sequence
16:27:39,327 DEBUG SchemaExport:289 - ORA-02289: sequence does not exist

16:27:39,327 DEBUG SchemaExport:303 - 
    create table Plane (
        planetype varchar2(100 char) not null,
        id number(19,0) not null,
        alive number(1,0) not null,
        fld_altitude number(10,0),
        color varchar2(255 char) not null,
        serialnbr varchar2(255 char),
        nbrOfSeats number(10,0) not null,
        primary key (id)
    )
16:27:39,493 DEBUG SchemaExport:303 - 
    create sequence hibernate_sequence
16:27:39,516  INFO SchemaExport:196 - schema export complete
16:27:39,517  WARN AnnotationConfiguration:551 - Unknown artifact: whatever
16:27:39,518  WARN AnnotationConfiguration:551 - Unknown artifact: whatever
16:27:39,528 DEBUG SQL:424 - 
    select
        plane0_.id as id4_,
        plane0_.alive as alive4_,
        plane0_.fld_altitude as fld4_4_,
        plane0_.color as color4_,
        plane0_.serialnbr as serialnbr4_,
        plane0_.nbrOfSeats as nbrOfSeats4_ 
    from
        Plane plane0_
16:27:39,539  INFO SessionFactoryImpl:769 - closing
16:27:39,540  INFO DriverManagerConnectionProvider:147 - cleaning up connection pool: jdbc:oracle:thin:@(DESCRIPTION=(LOAD_BALANCE=on)(ADDRESS=(PROTOCOL=TCP)(HOST=vmg27-vip.mw.lab.eng.bos.redhat.com)(PORT=1521))(ADDRESS=(PROTOCOL=TCP)(HOST=vmg28-vip.mw.lab.eng.bos.redhat.com)(PORT=1521))(CONNECT_DATA=(SERVICE_NAME=qarac.jboss)))
16:27:39,547  INFO SchemaExport:154 - Running hbm2ddl schema export
16:27:39,547 DEBUG SchemaExport:170 - import file not found: /import.sql
16:27:39,548  INFO SchemaExport:179 - exporting generated schema to database
16:27:39,688 DEBUG SchemaExport:303 - 
    drop table Plane cascade constraints
16:27:39,991 DEBUG SchemaExport:303 - 
    drop sequence hibernate_sequence
16:27:40,020  INFO SchemaExport:196 - schema export complete
16:27:40,020  INFO Configuration:1432 - configuring from resource: org/hibernate/test/annotations/hibernate.cfg.xml
16:27:40,021  INFO Configuration:1409 - Configuration resource: org/hibernate/test/annotations/hibernate.cfg.xml
16:27:40,025  INFO Configuration:559 - Reading mappings from resource : org/hibernate/test/annotations/Boat.hbm.xml
16:27:40,040  INFO DriverManagerConnectionProvider:147 - cleaning up connection pool: jdbc:oracle:thin:@(DESCRIPTION=(LOAD_BALANCE=on)(ADDRESS=(PROTOCOL=TCP)(HOST=vmg27-vip.mw.lab.eng.bos.redhat.com)(PORT=1521))(ADDRESS=(PROTOCOL=TCP)(HOST=vmg28-vip.mw.lab.eng.bos.redhat.com)(PORT=1521))(CONNECT_DATA=(SERVICE_NAME=qarac.jboss)))
16:27:40,043  WARN DriverManagerConnectionProvider:155 - problem closing pooled connection
java.sql.SQLException: IO Error: Socket closed
	at oracle.jdbc.driver.T4CConnection.logoff(T4CConnection.java:511)
	at oracle.jdbc.driver.PhysicalConnection.close(PhysicalConnection.java:3915)
	at org.hibernate.connection.DriverManagerConnectionProvider.close(DriverManagerConnectionProvider.java:152)
	at org.hibernate.connection.DriverManagerConnectionProvider.finalize(DriverManagerConnectionProvider.java:142)
	at java.lang.ref.Finalizer.invokeFinalizeMethod(Native Method)
	at java.lang.ref.Finalizer.runFinalizer(Finalizer.java:83)
	at java.lang.ref.Finalizer.access$100(Finalizer.java:14)
	at java.lang.ref.Finalizer$FinalizerThread.run(Finalizer.java:160)
Caused by: java.net.SocketException: Socket closed
	at java.net.SocketOutputStream.socketWrite(SocketOutputStream.java:99)
	at java.net.SocketOutputStream.write(SocketOutputStream.java:136)
	at oracle.net.ns.DataPacket.send(DataPacket.java:199)
	at oracle.net.ns.NetOutputStream.flush(NetOutputStream.java:211)
	at oracle.net.ns.NetInputStream.getNextPacket(NetInputStream.java:227)
	at oracle.net.ns.NetInputStream.read(NetInputStream.java:175)
	at oracle.net.ns.NetInputStream.read(NetInputStream.java:100)
	at oracle.net.ns.NetInputStream.read(NetInputStream.java:85)
	at oracle.jdbc.driver.T4CSocketInputStreamWrapper.readNextPacket(T4CSocketInputStreamWrapper.java:123)
	at oracle.jdbc.driver.T4CSocketInputStreamWrapper.read(T4CSocketInputStreamWrapper.java:79)
	at oracle.jdbc.driver.T4CMAREngine.unmarshalUB1(T4CMAREngine.java:1122)
	at oracle.jdbc.driver.T4CMAREngine.unmarshalSB1(T4CMAREngine.java:1099)
	at oracle.jdbc.driver.T4CTTIfun.receive(T4CTTIfun.java:288)
	at oracle.jdbc.driver.T4CTTIfun.doRPC(T4CTTIfun.java:191)
	at oracle.jdbc.driver.T4C7Ocommoncall.doOLOGOFF(T4C7Ocommoncall.java:61)
	at oracle.jdbc.driver.T4CConnection.logoff(T4CConnection.java:498)
	... 7 more
16:27:40,045  INFO DriverManagerConnectionProvider:147 - cleaning up connection pool: jdbc:oracle:thin:@(DESCRIPTION=(LOAD_BALANCE=on)(ADDRESS=(PROTOCOL=TCP)(HOST=vmg27-vip.mw.lab.eng.bos.redhat.com)(PORT=1521))(ADDRESS=(PROTOCOL=TCP)(HOST=vmg28-vip.mw.lab.eng.bos.redhat.com)(PORT=1521))(CONNECT_DATA=(SERVICE_NAME=qarac.jboss)))
16:27:40,045  WARN DriverManagerConnectionProvider:155 - problem closing pooled connection
java.sql.SQLException: IO Error: Socket closed
	at oracle.jdbc.driver.T4CConnection.logoff(T4CConnection.java:511)
	at oracle.jdbc.driver.PhysicalConnection.close(PhysicalConnection.java:3915)
	at org.hibernate.connection.DriverManagerConnectionProvider.close(DriverManagerConnectionProvider.java:152)
	at org.hibernate.connection.DriverManagerConnectionProvider.finalize(DriverManagerConnectionProvider.java:142)
	at java.lang.ref.Finalizer.invokeFinalizeMethod(Native Method)
	at java.lang.ref.Finalizer.runFinalizer(Finalizer.java:83)
	at java.lang.ref.Finalizer.access$100(Finalizer.java:14)
	at java.lang.ref.Finalizer$FinalizerThread.run(Finalizer.java:160)
Caused by: java.net.SocketException: Socket closed
	at java.net.SocketOutputStream.socketWrite(SocketOutputStream.java:99)
	at java.net.SocketOutputStream.write(SocketOutputStream.java:136)
	at oracle.net.ns.DataPacket.send(DataPacket.java:199)
	at oracle.net.ns.NetOutputStream.flush(NetOutputStream.java:211)
	at oracle.net.ns.NetInputStream.getNextPacket(NetInputStream.java:227)
	at oracle.net.ns.NetInputStream.read(NetInputStream.java:175)
	at oracle.net.ns.NetInputStream.read(NetInputStream.java:100)
	at oracle.net.ns.NetInputStream.read(NetInputStream.java:85)
	at oracle.jdbc.driver.T4CSocketInputStreamWrapper.readNextPacket(T4CSocketInputStreamWrapper.java:123)
	at oracle.jdbc.driver.T4CSocketInputStreamWrapper.read(T4CSocketInputStreamWrapper.java:79)
	at oracle.jdbc.driver.T4CMAREngine.unmarshalUB1(T4CMAREngine.java:1122)
	at oracle.jdbc.driver.T4CMAREngine.unmarshalSB1(T4CMAREngine.java:1099)
	at oracle.jdbc.driver.T4CTTIfun.receive(T4CTTIfun.java:288)
	at oracle.jdbc.driver.T4CTTIfun.doRPC(T4CTTIfun.java:191)
	at oracle.jdbc.driver.T4C7Ocommoncall.doOLOGOFF(T4C7Ocommoncall.java:61)
	at oracle.jdbc.driver.T4CConnection.logoff(T4CConnection.java:498)
	... 7 more
16:27:40,060  INFO AnnotationConfiguration:169 - Mapping package org.hibernate.test.annotations
16:27:40,061  WARN AnnotationBinder:222 - Package not found or wo package-info.java: org.hibernate.test.annotations
16:27:40,062  INFO Configuration:1547 - Configured SessionFactory: null
16:27:40,063  INFO HbmBinder:300 - Mapping class: org.hibernate.test.annotations.Boat -> BoatInXml
16:27:40,065  INFO AnnotationBinder:418 - Binding entity from annotated class: org.hibernate.test.annotations.Plane
16:27:40,065  INFO QueryBinder:64 - Binding Named query: plane.byId => from Plane where id = :id
16:27:40,066  INFO EntityBinder:424 - Bind entity org.hibernate.test.annotations.Plane on table Plane
16:27:40,075  INFO DriverManagerConnectionProvider:41 - Using Hibernate built-in connection pool (not for production use!)
16:27:40,076  INFO DriverManagerConnectionProvider:42 - Hibernate connection pool size: 20
16:27:40,076  INFO DriverManagerConnectionProvider:45 - autocommit mode: false
16:27:40,076  INFO DriverManagerConnectionProvider:80 - using driver: oracle.jdbc.driver.OracleDriver at URL: jdbc:oracle:thin:@(DESCRIPTION=(LOAD_BALANCE=on)(ADDRESS=(PROTOCOL=TCP)(HOST=vmg27-vip.mw.lab.eng.bos.redhat.com)(PORT=1521))(ADDRESS=(PROTOCOL=TCP)(HOST=vmg28-vip.mw.lab.eng.bos.redhat.com)(PORT=1521))(CONNECT_DATA=(SERVICE_NAME=qarac.jboss)))
16:27:40,077  INFO DriverManagerConnectionProvider:86 - connection properties: {user=dballo01, password=****}
16:27:40,216  INFO SettingsFactory:89 - RDBMS: Oracle, version: Oracle Database 11g Enterprise Edition Release 11.2.0.1.0 - 64bit Production
With the Partitioning, Real Application Clusters, Automatic Storage Management, OLAP,
Data Mining and Real Application Testing options
16:27:40,216  INFO SettingsFactory:90 - JDBC driver: Oracle JDBC driver, version: 11.2.0.2.0
16:27:40,216  INFO Dialect:152 - Using dialect: org.hibernate.dialect.Oracle10gDialect
16:27:40,217  INFO TransactionFactoryFactory:31 - Using default transaction strategy (direct JDBC transactions)
16:27:40,218  INFO TransactionManagerLookupFactory:33 - No TransactionManagerLookup configured (in JTA environment, use of read-write or transactional second-level cache is not recommended)
16:27:40,218  INFO SettingsFactory:143 - Automatic flush during beforeCompletion(): disabled
16:27:40,218  INFO SettingsFactory:147 - Automatic session close at end of transaction: disabled
16:27:40,218  INFO SettingsFactory:154 - JDBC batch size: 15
16:27:40,218  INFO SettingsFactory:157 - JDBC batch updates for versioned data: disabled
16:27:40,219  INFO SettingsFactory:162 - Scrollable result sets: enabled
16:27:40,219  INFO SettingsFactory:170 - JDBC3 getGeneratedKeys(): disabled
16:27:40,219  INFO SettingsFactory:178 - Connection release mode: auto
16:27:40,219  INFO SettingsFactory:202 - Maximum outer join fetch depth: 1
16:27:40,220  INFO SettingsFactory:205 - Default batch fetch size: 1
16:27:40,220  INFO SettingsFactory:209 - Generate SQL with comments: disabled
16:27:40,220  INFO SettingsFactory:213 - Order SQL updates by primary key: disabled
16:27:40,220  INFO SettingsFactory:217 - Order SQL inserts for batching: disabled
16:27:40,221  INFO SettingsFactory:391 - Query translator: org.hibernate.hql.ast.ASTQueryTranslatorFactory
16:27:40,221  INFO ASTQueryTranslatorFactory:24 - Using ASTQueryTranslatorFactory
16:27:40,221  INFO SettingsFactory:225 - Query language substitutions: {yes='Y', no='N', false=0, true=1}
16:27:40,221  INFO SettingsFactory:230 - JPA-QL strict compliance: disabled
16:27:40,222  INFO SettingsFactory:235 - Second-level cache: enabled
16:27:40,222  INFO SettingsFactory:239 - Query cache: disabled
16:27:40,222  INFO SettingsFactory:373 - Cache provider: org.hibernate.cache.HashtableCacheProvider
16:27:40,222  INFO SettingsFactory:254 - Optimize cache for minimal puts: disabled
16:27:40,223  INFO SettingsFactory:259 - Cache region prefix: hibernate.test
16:27:40,223  INFO SettingsFactory:263 - Structured second-level cache entries: disabled
16:27:40,223  INFO SettingsFactory:290 - Statistics: disabled
16:27:40,223  INFO SettingsFactory:294 - Deleted entity synthetic identifier rollback: disabled
16:27:40,224  INFO SettingsFactory:309 - Default entity-mode: pojo
16:27:40,224  INFO SettingsFactory:313 - Named query checking : enabled
16:27:40,229  INFO SessionFactoryImpl:161 - building session factory
16:27:40,236  INFO SessionFactoryObjectFactory:82 - Not binding factory to JNDI, no JNDI name configured
16:27:40,239  INFO SchemaExport:154 - Running hbm2ddl schema export
16:27:40,240 DEBUG SchemaExport:170 - import file not found: /import.sql
16:27:40,241  INFO SchemaExport:179 - exporting generated schema to database
16:27:40,242 DEBUG SchemaExport:303 - 
    drop table BoatInXml cascade constraints
16:27:40,270 DEBUG SchemaExport:288 - Unsuccessful: drop table BoatInXml cascade constraints
16:27:40,271 DEBUG SchemaExport:289 - ORA-00942: table or view does not exist

16:27:40,271 DEBUG SchemaExport:303 - 
    drop table Plane cascade constraints
16:27:40,286 DEBUG SchemaExport:288 - Unsuccessful: drop table Plane cascade constraints
16:27:40,286 DEBUG SchemaExport:289 - ORA-00942: table or view does not exist

16:27:40,286 DEBUG SchemaExport:303 - 
    drop sequence hibernate_sequence
16:27:40,295 DEBUG SchemaExport:288 - Unsuccessful: drop sequence hibernate_sequence
16:27:40,295 DEBUG SchemaExport:289 - ORA-02289: sequence does not exist

16:27:40,296 DEBUG SchemaExport:303 - 
    create table BoatInXml (
        id number(10,0) not null,
        boat_size number(10,0),
        primary key (id)
    )
16:27:40,393 DEBUG SchemaExport:303 - 
    create table Plane (
        planetype varchar2(100 char) not null,
        id number(19,0) not null,
        alive number(1,0) not null,
        fld_altitude number(10,0),
        color varchar2(255 char) not null,
        serialnbr varchar2(255 char),
        nbrOfSeats number(10,0) not null,
        primary key (id)
    )
16:27:40,510 DEBUG SchemaExport:303 - 
    create sequence hibernate_sequence
16:27:40,536  INFO SchemaExport:196 - schema export complete
16:27:40,547 DEBUG SQL:424 - 
    select
        hibernate_sequence.nextval 
    from
        dual
16:27:40,573 DEBUG SQL:424 - 
    insert 
    into
        BoatInXml
        (boat_size, id) 
    values
        (?, ?)
16:27:40,635 DEBUG SQL:424 - 
    select
        boat0_.id as id6_0_,
        boat0_.boat_size as boat2_6_0_ 
    from
        BoatInXml boat0_ 
    where
        boat0_.id=?
16:27:40,646 DEBUG SQL:424 - 
    delete 
    from
        BoatInXml 
    where
        id=?
16:27:40,659  INFO SessionFactoryImpl:769 - closing
16:27:40,659  INFO DriverManagerConnectionProvider:147 - cleaning up connection pool: jdbc:oracle:thin:@(DESCRIPTION=(LOAD_BALANCE=on)(ADDRESS=(PROTOCOL=TCP)(HOST=vmg27-vip.mw.lab.eng.bos.redhat.com)(PORT=1521))(ADDRESS=(PROTOCOL=TCP)(HOST=vmg28-vip.mw.lab.eng.bos.redhat.com)(PORT=1521))(CONNECT_DATA=(SERVICE_NAME=qarac.jboss)))
16:27:40,676  INFO SchemaExport:154 - Running hbm2ddl schema export
16:27:40,677 DEBUG SchemaExport:170 - import file not found: /import.sql
16:27:40,677  INFO SchemaExport:179 - exporting generated schema to database
16:27:40,815 DEBUG SchemaExport:303 - 
    drop table BoatInXml cascade constraints
16:27:41,026 DEBUG SchemaExport:303 - 
    drop table Plane cascade constraints
16:27:41,216 DEBUG SchemaExport:303 - 
    drop sequence hibernate_sequence
16:27:41,242  INFO SchemaExport:196 - schema export complete
16:27:41,243  INFO Configuration:1432 - configuring from resource: org/hibernate/test/annotations/hibernate.cfg.xml
16:27:41,244  INFO Configuration:1409 - Configuration resource: org/hibernate/test/annotations/hibernate.cfg.xml
16:27:41,248  INFO Configuration:559 - Reading mappings from resource : org/hibernate/test/annotations/Boat.hbm.xml
16:27:41,266  INFO AnnotationConfiguration:169 - Mapping package org.hibernate.test.annotations
16:27:41,267  WARN AnnotationBinder:222 - Package not found or wo package-info.java: org.hibernate.test.annotations
16:27:41,267  INFO Configuration:1547 - Configured SessionFactory: null
16:27:41,269  INFO AnnotationBinder:418 - Binding entity from annotated class: org.hibernate.test.annotations.Plane
16:27:41,270  INFO QueryBinder:64 - Binding Named query: plane.byId => from Plane where id = :id
16:27:41,270  INFO EntityBinder:424 - Bind entity org.hibernate.test.annotations.Plane on table Plane
16:27:41,275  INFO AnnotationBinder:418 - Binding entity from annotated class: org.hibernate.test.annotations.Boat
16:27:41,276  INFO EntityBinder:424 - Bind entity org.hibernate.test.annotations.Boat on table Boat
16:27:41,281  INFO DriverManagerConnectionProvider:41 - Using Hibernate built-in connection pool (not for production use!)
16:27:41,281  INFO DriverManagerConnectionProvider:42 - Hibernate connection pool size: 20
16:27:41,282  INFO DriverManagerConnectionProvider:45 - autocommit mode: false
16:27:41,282  INFO DriverManagerConnectionProvider:80 - using driver: oracle.jdbc.driver.OracleDriver at URL: jdbc:oracle:thin:@(DESCRIPTION=(LOAD_BALANCE=on)(ADDRESS=(PROTOCOL=TCP)(HOST=vmg27-vip.mw.lab.eng.bos.redhat.com)(PORT=1521))(ADDRESS=(PROTOCOL=TCP)(HOST=vmg28-vip.mw.lab.eng.bos.redhat.com)(PORT=1521))(CONNECT_DATA=(SERVICE_NAME=qarac.jboss)))
16:27:41,282  INFO DriverManagerConnectionProvider:86 - connection properties: {user=dballo01, password=****}
16:27:41,406  INFO SettingsFactory:89 - RDBMS: Oracle, version: Oracle Database 11g Enterprise Edition Release 11.2.0.1.0 - 64bit Production
With the Partitioning, Real Application Clusters, Automatic Storage Management, OLAP,
Data Mining and Real Application Testing options
16:27:41,407  INFO SettingsFactory:90 - JDBC driver: Oracle JDBC driver, version: 11.2.0.2.0
16:27:41,407  INFO Dialect:152 - Using dialect: org.hibernate.dialect.Oracle10gDialect
16:27:41,408  INFO TransactionFactoryFactory:31 - Using default transaction strategy (direct JDBC transactions)
16:27:41,408  INFO TransactionManagerLookupFactory:33 - No TransactionManagerLookup configured (in JTA environment, use of read-write or transactional second-level cache is not recommended)
16:27:41,408  INFO SettingsFactory:143 - Automatic flush during beforeCompletion(): disabled
16:27:41,408  INFO SettingsFactory:147 - Automatic session close at end of transaction: disabled
16:27:41,408  INFO SettingsFactory:154 - JDBC batch size: 15
16:27:41,409  INFO SettingsFactory:157 - JDBC batch updates for versioned data: disabled
16:27:41,409  INFO SettingsFactory:162 - Scrollable result sets: enabled
16:27:41,409  INFO SettingsFactory:170 - JDBC3 getGeneratedKeys(): disabled
16:27:41,409  INFO SettingsFactory:178 - Connection release mode: auto
16:27:41,409  INFO SettingsFactory:202 - Maximum outer join fetch depth: 1
16:27:41,409  INFO SettingsFactory:205 - Default batch fetch size: 1
16:27:41,410  INFO SettingsFactory:209 - Generate SQL with comments: disabled
16:27:41,410  INFO SettingsFactory:213 - Order SQL updates by primary key: disabled
16:27:41,410  INFO SettingsFactory:217 - Order SQL inserts for batching: disabled
16:27:41,410  INFO SettingsFactory:391 - Query translator: org.hibernate.hql.ast.ASTQueryTranslatorFactory
16:27:41,410  INFO ASTQueryTranslatorFactory:24 - Using ASTQueryTranslatorFactory
16:27:41,411  INFO SettingsFactory:225 - Query language substitutions: {yes='Y', no='N', false=0, true=1}
16:27:41,411  INFO SettingsFactory:230 - JPA-QL strict compliance: disabled
16:27:41,411  INFO SettingsFactory:235 - Second-level cache: enabled
16:27:41,411  INFO SettingsFactory:239 - Query cache: disabled
16:27:41,411  INFO SettingsFactory:373 - Cache provider: org.hibernate.cache.HashtableCacheProvider
16:27:41,411  INFO SettingsFactory:254 - Optimize cache for minimal puts: disabled
16:27:41,411  INFO SettingsFactory:259 - Cache region prefix: hibernate.test
16:27:41,412  INFO SettingsFactory:263 - Structured second-level cache entries: disabled
16:27:41,412  INFO SettingsFactory:290 - Statistics: disabled
16:27:41,412  INFO SettingsFactory:294 - Deleted entity synthetic identifier rollback: disabled
16:27:41,412  INFO SettingsFactory:309 - Default entity-mode: pojo
16:27:41,412  INFO SettingsFactory:313 - Named query checking : enabled
16:27:41,418  INFO SessionFactoryImpl:161 - building session factory
16:27:41,424  INFO SessionFactoryObjectFactory:82 - Not binding factory to JNDI, no JNDI name configured
16:27:41,428  INFO SchemaExport:154 - Running hbm2ddl schema export
16:27:41,428 DEBUG SchemaExport:170 - import file not found: /import.sql
16:27:41,429  INFO SchemaExport:179 - exporting generated schema to database
16:27:41,430 DEBUG SchemaExport:303 - 
    drop table Boat cascade constraints
16:27:41,475 DEBUG SchemaExport:288 - Unsuccessful: drop table Boat cascade constraints
16:27:41,475 DEBUG SchemaExport:289 - ORA-00942: table or view does not exist

16:27:41,475 DEBUG SchemaExport:303 - 
    drop table Plane cascade constraints
16:27:41,490 DEBUG SchemaExport:288 - Unsuccessful: drop table Plane cascade constraints
16:27:41,490 DEBUG SchemaExport:289 - ORA-00942: table or view does not exist

16:27:41,490 DEBUG SchemaExport:303 - 
    drop sequence hibernate_sequence
16:27:41,498 DEBUG SchemaExport:288 - Unsuccessful: drop sequence hibernate_sequence
16:27:41,498 DEBUG SchemaExport:289 - ORA-02289: sequence does not exist

16:27:41,498 DEBUG SchemaExport:303 - 
    create table Boat (
        id number(10,0) not null,
        boat_size number(10,0),
        weight number(10,0) not null,
        primary key (id)
    )
16:27:41,645 DEBUG SchemaExport:303 - 
    create table Plane (
        planetype varchar2(100 char) not null,
        id number(19,0) not null,
        alive number(1,0) not null,
        fld_altitude number(10,0),
        color varchar2(255 char) not null,
        serialnbr varchar2(255 char),
        nbrOfSeats number(10,0) not null,
        primary key (id)
    )
16:27:41,732 DEBUG SchemaExport:303 - 
    create sequence hibernate_sequence
16:27:41,756  INFO SchemaExport:196 - schema export complete
16:27:41,763 DEBUG SQL:424 - 
    select
        hibernate_sequence.nextval 
    from
        dual
16:27:41,775 DEBUG SQL:424 - 
    insert 
    into
        Boat
        (boat_size, weight, id) 
    values
        (?, ?, ?)
16:27:41,825 DEBUG SQL:424 - 
    select
        boat0_.id as id11_0_,
        boat0_.boat_size as boat2_11_0_,
        boat0_.weight as weight11_0_ 
    from
        Boat boat0_ 
    where
        boat0_.id=?
16:27:41,832 DEBUG SQL:424 - 
    delete 
    from
        Boat 
    where
        id=?
16:27:41,839  INFO SessionFactoryImpl:769 - closing
16:27:41,839  INFO DriverManagerConnectionProvider:147 - cleaning up connection pool: jdbc:oracle:thin:@(DESCRIPTION=(LOAD_BALANCE=on)(ADDRESS=(PROTOCOL=TCP)(HOST=vmg27-vip.mw.lab.eng.bos.redhat.com)(PORT=1521))(ADDRESS=(PROTOCOL=TCP)(HOST=vmg28-vip.mw.lab.eng.bos.redhat.com)(PORT=1521))(CONNECT_DATA=(SERVICE_NAME=qarac.jboss)))
16:27:41,846  INFO SchemaExport:154 - Running hbm2ddl schema export
16:27:41,847 DEBUG SchemaExport:170 - import file not found: /import.sql
16:27:41,847  INFO SchemaExport:179 - exporting generated schema to database
16:27:41,951 DEBUG SchemaExport:303 - 
    drop table Boat cascade constraints
16:27:42,195 DEBUG SchemaExport:303 - 
    drop table Plane cascade constraints
16:27:42,384 DEBUG SchemaExport:303 - 
    drop sequence hibernate_sequence
16:27:42,414  INFO SchemaExport:196 - schema export complete
16:27:42,415  INFO Configuration:1432 - configuring from resource: org/hibernate/test/annotations/hibernate.cfg.xml
16:27:42,415  INFO Configuration:1409 - Configuration resource: org/hibernate/test/annotations/hibernate.cfg.xml
16:27:42,419  INFO Configuration:559 - Reading mappings from resource : org/hibernate/test/annotations/Boat.hbm.xml
16:27:42,435  INFO HbmBinder:300 - Mapping class: org.hibernate.test.annotations.Boat -> BoatInXml
16:27:42,436  INFO Configuration:1432 - configuring from resource: org/hibernate/test/annotations/hibernate.cfg.xml
16:27:42,436  INFO Configuration:1409 - Configuration resource: org/hibernate/test/annotations/hibernate.cfg.xml
16:27:42,440  INFO Configuration:559 - Reading mappings from resource : org/hibernate/test/annotations/Boat.hbm.xml
16:27:42,456  INFO AnnotationConfiguration:169 - Mapping package org.hibernate.test.annotations
16:27:42,457  WARN AnnotationBinder:222 - Package not found or wo package-info.java: org.hibernate.test.annotations
16:27:42,457  INFO Configuration:1547 - Configured SessionFactory: null
16:27:42,458  INFO Configuration:591 - Reading mappings from resource: org/hibernate/test/annotations/Ferry.hbm.xml
16:27:42,458  INFO Configuration:536 - Reading mappings from resource: org/hibernate/test/annotations/Ferry.hbm.xml
16:27:42,474  INFO HbmBinder:300 - Mapping class: org.hibernate.test.annotations.Boat -> BoatInXml
16:27:42,477  INFO HbmBinder:876 - Mapping joined-subclass: org.hibernate.test.annotations.Ferry -> FerryJoined
16:27:42,480  INFO AnnotationBinder:418 - Binding entity from annotated class: org.hibernate.test.annotations.Plane
16:27:42,481  INFO QueryBinder:64 - Binding Named query: plane.byId => from Plane where id = :id
16:27:42,481  INFO EntityBinder:424 - Bind entity org.hibernate.test.annotations.Plane on table Plane
16:27:42,489  INFO DriverManagerConnectionProvider:41 - Using Hibernate built-in connection pool (not for production use!)
16:27:42,489  INFO DriverManagerConnectionProvider:42 - Hibernate connection pool size: 20
16:27:42,489  INFO DriverManagerConnectionProvider:45 - autocommit mode: false
16:27:42,490  INFO DriverManagerConnectionProvider:80 - using driver: oracle.jdbc.driver.OracleDriver at URL: jdbc:oracle:thin:@(DESCRIPTION=(LOAD_BALANCE=on)(ADDRESS=(PROTOCOL=TCP)(HOST=vmg27-vip.mw.lab.eng.bos.redhat.com)(PORT=1521))(ADDRESS=(PROTOCOL=TCP)(HOST=vmg28-vip.mw.lab.eng.bos.redhat.com)(PORT=1521))(CONNECT_DATA=(SERVICE_NAME=qarac.jboss)))
16:27:42,490  INFO DriverManagerConnectionProvider:86 - connection properties: {user=dballo01, password=****}
16:27:42,600  INFO SettingsFactory:89 - RDBMS: Oracle, version: Oracle Database 11g Enterprise Edition Release 11.2.0.1.0 - 64bit Production
With the Partitioning, Real Application Clusters, Automatic Storage Management, OLAP,
Data Mining and Real Application Testing options
16:27:42,600  INFO SettingsFactory:90 - JDBC driver: Oracle JDBC driver, version: 11.2.0.2.0
16:27:42,601  INFO Dialect:152 - Using dialect: org.hibernate.dialect.Oracle10gDialect
16:27:42,601  INFO TransactionFactoryFactory:31 - Using default transaction strategy (direct JDBC transactions)
16:27:42,601  INFO TransactionManagerLookupFactory:33 - No TransactionManagerLookup configured (in JTA environment, use of read-write or transactional second-level cache is not recommended)
16:27:42,602  INFO SettingsFactory:143 - Automatic flush during beforeCompletion(): disabled
16:27:42,602  INFO SettingsFactory:147 - Automatic session close at end of transaction: disabled
16:27:42,602  INFO SettingsFactory:154 - JDBC batch size: 15
16:27:42,602  INFO SettingsFactory:157 - JDBC batch updates for versioned data: disabled
16:27:42,602  INFO SettingsFactory:162 - Scrollable result sets: enabled
16:27:42,602  INFO SettingsFactory:170 - JDBC3 getGeneratedKeys(): disabled
16:27:42,603  INFO SettingsFactory:178 - Connection release mode: auto
16:27:42,603  INFO SettingsFactory:202 - Maximum outer join fetch depth: 1
16:27:42,603  INFO SettingsFactory:205 - Default batch fetch size: 1
16:27:42,603  INFO SettingsFactory:209 - Generate SQL with comments: disabled
16:27:42,603  INFO SettingsFactory:213 - Order SQL updates by primary key: disabled
16:27:42,603  INFO SettingsFactory:217 - Order SQL inserts for batching: disabled
16:27:42,603  INFO SettingsFactory:391 - Query translator: org.hibernate.hql.ast.ASTQueryTranslatorFactory
16:27:42,604  INFO ASTQueryTranslatorFactory:24 - Using ASTQueryTranslatorFactory
16:27:42,604  INFO SettingsFactory:225 - Query language substitutions: {yes='Y', no='N', false=0, true=1}
16:27:42,604  INFO SettingsFactory:230 - JPA-QL strict compliance: disabled
16:27:42,604  INFO SettingsFactory:235 - Second-level cache: enabled
16:27:42,604  INFO SettingsFactory:239 - Query cache: disabled
16:27:42,604  INFO SettingsFactory:373 - Cache provider: org.hibernate.cache.HashtableCacheProvider
16:27:42,604  INFO SettingsFactory:254 - Optimize cache for minimal puts: disabled
16:27:42,605  INFO SettingsFactory:259 - Cache region prefix: hibernate.test
16:27:42,605  INFO SettingsFactory:263 - Structured second-level cache entries: disabled
16:27:42,605  INFO SettingsFactory:290 - Statistics: disabled
16:27:42,605  INFO SettingsFactory:294 - Deleted entity synthetic identifier rollback: disabled
16:27:42,605  INFO SettingsFactory:309 - Default entity-mode: pojo
16:27:42,605  INFO SettingsFactory:313 - Named query checking : enabled
16:27:42,611  INFO SessionFactoryImpl:161 - building session factory
16:27:42,626  INFO SessionFactoryObjectFactory:82 - Not binding factory to JNDI, no JNDI name configured
16:27:42,632  INFO SchemaExport:154 - Running hbm2ddl schema export
16:27:42,632 DEBUG SchemaExport:170 - import file not found: /import.sql
16:27:42,632  INFO SchemaExport:179 - exporting generated schema to database
16:27:42,634 DEBUG SchemaExport:303 - 
    drop table BoatInXml cascade constraints
16:27:42,677 DEBUG SchemaExport:288 - Unsuccessful: drop table BoatInXml cascade constraints
16:27:42,677 DEBUG SchemaExport:289 - ORA-00942: table or view does not exist

16:27:42,677 DEBUG SchemaExport:303 - 
    drop table FerryJoined cascade constraints
16:27:42,693 DEBUG SchemaExport:288 - Unsuccessful: drop table FerryJoined cascade constraints
16:27:42,693 DEBUG SchemaExport:289 - ORA-00942: table or view does not exist

16:27:42,693 DEBUG SchemaExport:303 - 
    drop table Plane cascade constraints
16:27:42,707 DEBUG SchemaExport:288 - Unsuccessful: drop table Plane cascade constraints
16:27:42,707 DEBUG SchemaExport:289 - ORA-00942: table or view does not exist

16:27:42,707 DEBUG SchemaExport:303 - 
    drop sequence hibernate_sequence
16:27:42,716 DEBUG SchemaExport:288 - Unsuccessful: drop sequence hibernate_sequence
16:27:42,716 DEBUG SchemaExport:289 - ORA-02289: sequence does not exist

16:27:42,716 DEBUG SchemaExport:303 - 
    create table BoatInXml (
        id number(10,0) not null,
        boat_size number(10,0),
        primary key (id)
    )
16:27:42,808 DEBUG SchemaExport:303 - 
    create table FerryJoined (
        id number(10,0) not null,
        sea varchar2(255 char),
        primary key (id)
    )
16:27:42,888 DEBUG SchemaExport:303 - 
    create table Plane (
        planetype varchar2(100 char) not null,
        id number(19,0) not null,
        alive number(1,0) not null,
        fld_altitude number(10,0),
        color varchar2(255 char) not null,
        serialnbr varchar2(255 char),
        nbrOfSeats number(10,0) not null,
        primary key (id)
    )
16:27:42,967 DEBUG SchemaExport:303 - 
    alter table FerryJoined 
        add constraint FKE5A820E31B10B53B 
        foreign key (id) 
        references BoatInXml
16:27:43,031 DEBUG SchemaExport:303 - 
    create sequence hibernate_sequence
16:27:43,049  INFO SchemaExport:196 - schema export complete
16:27:43,060 DEBUG SQL:424 - 
    select
        ferry0_.id as id15_,
        ferry0_1_.boat_size as boat2_15_,
        ferry0_.sea as sea16_ 
    from
        FerryJoined ferry0_ 
    inner join
        BoatInXml ferry0_1_ 
            on ferry0_.id=ferry0_1_.id
16:27:43,085 DEBUG SQL:424 - 
    select
        plane0_.id as id17_,
        plane0_.alive as alive17_,
        plane0_.fld_altitude as fld4_17_,
        plane0_.color as color17_,
        plane0_.serialnbr as serialnbr17_,
        plane0_.nbrOfSeats as nbrOfSeats17_ 
    from
        Plane plane0_
16:27:43,095  INFO SessionFactoryImpl:769 - closing
16:27:43,095  INFO DriverManagerConnectionProvider:147 - cleaning up connection pool: jdbc:oracle:thin:@(DESCRIPTION=(LOAD_BALANCE=on)(ADDRESS=(PROTOCOL=TCP)(HOST=vmg27-vip.mw.lab.eng.bos.redhat.com)(PORT=1521))(ADDRESS=(PROTOCOL=TCP)(HOST=vmg28-vip.mw.lab.eng.bos.redhat.com)(PORT=1521))(CONNECT_DATA=(SERVICE_NAME=qarac.jboss)))
16:27:43,102  INFO SchemaExport:154 - Running hbm2ddl schema export
16:27:43,103 DEBUG SchemaExport:170 - import file not found: /import.sql
16:27:43,103  INFO SchemaExport:179 - exporting generated schema to database
16:27:43,223 DEBUG SchemaExport:303 - 
    drop table BoatInXml cascade constraints
16:27:43,427 DEBUG SchemaExport:303 - 
    drop table FerryJoined cascade constraints
16:27:43,560 DEBUG SchemaExport:303 - 
    drop table Plane cascade constraints
16:27:43,748 DEBUG SchemaExport:303 - 
    drop sequence hibernate_sequence
16:27:43,777  INFO SchemaExport:196 - schema export complete
16:27:43,777  INFO Configuration:1432 - configuring from resource: org/hibernate/test/annotations/hibernate.cfg.xml
16:27:43,777  INFO Configuration:1409 - Configuration resource: org/hibernate/test/annotations/hibernate.cfg.xml
16:27:43,782  INFO Configuration:559 - Reading mappings from resource : org/hibernate/test/annotations/Boat.hbm.xml
16:27:43,798  INFO AnnotationConfiguration:169 - Mapping package org.hibernate.test.annotations
16:27:43,799  WARN AnnotationBinder:222 - Package not found or wo package-info.java: org.hibernate.test.annotations
16:27:43,799  INFO Configuration:1547 - Configured SessionFactory: null
16:27:43,801  INFO HbmBinder:300 - Mapping class: org.hibernate.test.annotations.Boat -> BoatInXml
16:27:43,802  INFO AnnotationBinder:418 - Binding entity from annotated class: org.hibernate.test.annotations.Plane
16:27:43,802  INFO QueryBinder:64 - Binding Named query: plane.byId => from Plane where id = :id
16:27:43,803  INFO EntityBinder:424 - Bind entity org.hibernate.test.annotations.Plane on table Plane
16:27:43,808  INFO AnnotationBinder:418 - Binding entity from annotated class: org.hibernate.test.annotations.Port
16:27:43,808  INFO EntityBinder:424 - Bind entity org.hibernate.test.annotations.Port on table Port
16:27:43,836  INFO DriverManagerConnectionProvider:147 - cleaning up connection pool: jdbc:oracle:thin:@(DESCRIPTION=(LOAD_BALANCE=on)(ADDRESS=(PROTOCOL=TCP)(HOST=vmg27-vip.mw.lab.eng.bos.redhat.com)(PORT=1521))(ADDRESS=(PROTOCOL=TCP)(HOST=vmg28-vip.mw.lab.eng.bos.redhat.com)(PORT=1521))(CONNECT_DATA=(SERVICE_NAME=qarac.jboss)))
16:27:43,847  INFO DriverManagerConnectionProvider:147 - cleaning up connection pool: jdbc:oracle:thin:@(DESCRIPTION=(LOAD_BALANCE=on)(ADDRESS=(PROTOCOL=TCP)(HOST=vmg27-vip.mw.lab.eng.bos.redhat.com)(PORT=1521))(ADDRESS=(PROTOCOL=TCP)(HOST=vmg28-vip.mw.lab.eng.bos.redhat.com)(PORT=1521))(CONNECT_DATA=(SERVICE_NAME=qarac.jboss)))
16:27:43,848  WARN DriverManagerConnectionProvider:155 - problem closing pooled connection
java.sql.SQLException: IO Error: Socket closed
	at oracle.jdbc.driver.T4CConnection.logoff(T4CConnection.java:511)
	at oracle.jdbc.driver.PhysicalConnection.close(PhysicalConnection.java:3915)
	at org.hibernate.connection.DriverManagerConnectionProvider.close(DriverManagerConnectionProvider.java:152)
	at org.hibernate.connection.DriverManagerConnectionProvider.finalize(DriverManagerConnectionProvider.java:142)
	at java.lang.ref.Finalizer.invokeFinalizeMethod(Native Method)
	at java.lang.ref.Finalizer.runFinalizer(Finalizer.java:83)
	at java.lang.ref.Finalizer.access$100(Finalizer.java:14)
	at java.lang.ref.Finalizer$FinalizerThread.run(Finalizer.java:160)
Caused by: java.net.SocketException: Socket closed
	at java.net.SocketOutputStream.socketWrite(SocketOutputStream.java:99)
	at java.net.SocketOutputStream.write(SocketOutputStream.java:136)
	at oracle.net.ns.DataPacket.send(DataPacket.java:199)
	at oracle.net.ns.NetOutputStream.flush(NetOutputStream.java:211)
	at oracle.net.ns.NetInputStream.getNextPacket(NetInputStream.java:227)
	at oracle.net.ns.NetInputStream.read(NetInputStream.java:175)
	at oracle.net.ns.NetInputStream.read(NetInputStream.java:100)
	at oracle.net.ns.NetInputStream.read(NetInputStream.java:85)
	at oracle.jdbc.driver.T4CSocketInputStreamWrapper.readNextPacket(T4CSocketInputStreamWrapper.java:123)
	at oracle.jdbc.driver.T4CSocketInputStreamWrapper.read(T4CSocketInputStreamWrapper.java:79)
	at oracle.jdbc.driver.T4CMAREngine.unmarshalUB1(T4CMAREngine.java:1122)
	at oracle.jdbc.driver.T4CMAREngine.unmarshalSB1(T4CMAREngine.java:1099)
	at oracle.jdbc.driver.T4CTTIfun.receive(T4CTTIfun.java:288)
	at oracle.jdbc.driver.T4CTTIfun.doRPC(T4CTTIfun.java:191)
	at oracle.jdbc.driver.T4C7Ocommoncall.doOLOGOFF(T4C7Ocommoncall.java:61)
	at oracle.jdbc.driver.T4CConnection.logoff(T4CConnection.java:498)
	... 7 more
16:27:43,849  INFO DriverManagerConnectionProvider:147 - cleaning up connection pool: jdbc:oracle:thin:@(DESCRIPTION=(LOAD_BALANCE=on)(ADDRESS=(PROTOCOL=TCP)(HOST=vmg27-vip.mw.lab.eng.bos.redhat.com)(PORT=1521))(ADDRESS=(PROTOCOL=TCP)(HOST=vmg28-vip.mw.lab.eng.bos.redhat.com)(PORT=1521))(CONNECT_DATA=(SERVICE_NAME=qarac.jboss)))
16:27:43,850  WARN DriverManagerConnectionProvider:155 - problem closing pooled connection
java.sql.SQLException: IO Error: Socket closed
	at oracle.jdbc.driver.T4CConnection.logoff(T4CConnection.java:511)
	at oracle.jdbc.driver.PhysicalConnection.close(PhysicalConnection.java:3915)
	at org.hibernate.connection.DriverManagerConnectionProvider.close(DriverManagerConnectionProvider.java:152)
	at org.hibernate.connection.DriverManagerConnectionProvider.finalize(DriverManagerConnectionProvider.java:142)
	at java.lang.ref.Finalizer.invokeFinalizeMethod(Native Method)
	at java.lang.ref.Finalizer.runFinalizer(Finalizer.java:83)
	at java.lang.ref.Finalizer.access$100(Finalizer.java:14)
	at java.lang.ref.Finalizer$FinalizerThread.run(Finalizer.java:160)
Caused by: java.net.SocketException: Socket closed
	at java.net.SocketOutputStream.socketWrite(SocketOutputStream.java:99)
	at java.net.SocketOutputStream.write(SocketOutputStream.java:136)
	at oracle.net.ns.DataPacket.send(DataPacket.java:199)
	at oracle.net.ns.NetOutputStream.flush(NetOutputStream.java:211)
	at oracle.net.ns.NetInputStream.getNextPacket(NetInputStream.java:227)
	at oracle.net.ns.NetInputStream.read(NetInputStream.java:175)
	at oracle.net.ns.NetInputStream.read(NetInputStream.java:100)
	at oracle.net.ns.NetInputStream.read(NetInputStream.java:85)
	at oracle.jdbc.driver.T4CSocketInputStreamWrapper.readNextPacket(T4CSocketInputStreamWrapper.java:123)
	at oracle.jdbc.driver.T4CSocketInputStreamWrapper.read(T4CSocketInputStreamWrapper.java:79)
	at oracle.jdbc.driver.T4CMAREngine.unmarshalUB1(T4CMAREngine.java:1122)
	at oracle.jdbc.driver.T4CMAREngine.unmarshalSB1(T4CMAREngine.java:1099)
	at oracle.jdbc.driver.T4CTTIfun.receive(T4CTTIfun.java:288)
	at oracle.jdbc.driver.T4CTTIfun.doRPC(T4CTTIfun.java:191)
	at oracle.jdbc.driver.T4C7Ocommoncall.doOLOGOFF(T4C7Ocommoncall.java:61)
	at oracle.jdbc.driver.T4CConnection.logoff(T4CConnection.java:498)
	... 7 more
16:27:43,865  INFO DriverManagerConnectionProvider:41 - Using Hibernate built-in connection pool (not for production use!)
16:27:43,866  INFO DriverManagerConnectionProvider:42 - Hibernate connection pool size: 20
16:27:43,866  INFO DriverManagerConnectionProvider:45 - autocommit mode: false
16:27:43,866  INFO DriverManagerConnectionProvider:80 - using driver: oracle.jdbc.driver.OracleDriver at URL: jdbc:oracle:thin:@(DESCRIPTION=(LOAD_BALANCE=on)(ADDRESS=(PROTOCOL=TCP)(HOST=vmg27-vip.mw.lab.eng.bos.redhat.com)(PORT=1521))(ADDRESS=(PROTOCOL=TCP)(HOST=vmg28-vip.mw.lab.eng.bos.redhat.com)(PORT=1521))(CONNECT_DATA=(SERVICE_NAME=qarac.jboss)))
16:27:43,866  INFO DriverManagerConnectionProvider:86 - connection properties: {user=dballo01, password=****}
16:27:44,038  INFO SettingsFactory:89 - RDBMS: Oracle, version: Oracle Database 11g Enterprise Edition Release 11.2.0.1.0 - 64bit Production
With the Partitioning, Real Application Clusters, Automatic Storage Management, OLAP,
Data Mining and Real Application Testing options
16:27:44,039  INFO SettingsFactory:90 - JDBC driver: Oracle JDBC driver, version: 11.2.0.2.0
16:27:44,039  INFO Dialect:152 - Using dialect: org.hibernate.dialect.Oracle10gDialect
16:27:44,039  INFO TransactionFactoryFactory:31 - Using default transaction strategy (direct JDBC transactions)
16:27:44,040  INFO TransactionManagerLookupFactory:33 - No TransactionManagerLookup configured (in JTA environment, use of read-write or transactional second-level cache is not recommended)
16:27:44,040  INFO SettingsFactory:143 - Automatic flush during beforeCompletion(): disabled
16:27:44,040  INFO SettingsFactory:147 - Automatic session close at end of transaction: disabled
16:27:44,040  INFO SettingsFactory:154 - JDBC batch size: 15
16:27:44,040  INFO SettingsFactory:157 - JDBC batch updates for versioned data: disabled
16:27:44,040  INFO SettingsFactory:162 - Scrollable result sets: enabled
16:27:44,040  INFO SettingsFactory:170 - JDBC3 getGeneratedKeys(): disabled
16:27:44,040  INFO SettingsFactory:178 - Connection release mode: auto
16:27:44,041  INFO SettingsFactory:202 - Maximum outer join fetch depth: 1
16:27:44,041  INFO SettingsFactory:205 - Default batch fetch size: 1
16:27:44,041  INFO SettingsFactory:209 - Generate SQL with comments: disabled
16:27:44,041  INFO SettingsFactory:213 - Order SQL updates by primary key: disabled
16:27:44,041  INFO SettingsFactory:217 - Order SQL inserts for batching: disabled
16:27:44,041  INFO SettingsFactory:391 - Query translator: org.hibernate.hql.ast.ASTQueryTranslatorFactory
16:27:44,041  INFO ASTQueryTranslatorFactory:24 - Using ASTQueryTranslatorFactory
16:27:44,042  INFO SettingsFactory:225 - Query language substitutions: {yes='Y', no='N', false=0, true=1}
16:27:44,042  INFO SettingsFactory:230 - JPA-QL strict compliance: disabled
16:27:44,042  INFO SettingsFactory:235 - Second-level cache: enabled
16:27:44,042  INFO SettingsFactory:239 - Query cache: disabled
16:27:44,042  INFO SettingsFactory:373 - Cache provider: org.hibernate.cache.HashtableCacheProvider
16:27:44,042  INFO SettingsFactory:254 - Optimize cache for minimal puts: disabled
16:27:44,042  INFO SettingsFactory:259 - Cache region prefix: hibernate.test
16:27:44,043  INFO SettingsFactory:263 - Structured second-level cache entries: disabled
16:27:44,043  INFO SettingsFactory:290 - Statistics: disabled
16:27:44,043  INFO SettingsFactory:294 - Deleted entity synthetic identifier rollback: disabled
16:27:44,043  INFO SettingsFactory:309 - Default entity-mode: pojo
16:27:44,043  INFO SettingsFactory:313 - Named query checking : enabled
16:27:44,049  INFO SessionFactoryImpl:161 - building session factory
16:27:44,075  INFO SessionFactoryObjectFactory:82 - Not binding factory to JNDI, no JNDI name configured
16:27:44,080  INFO SchemaExport:154 - Running hbm2ddl schema export
16:27:44,081 DEBUG SchemaExport:170 - import file not found: /import.sql
16:27:44,081  INFO SchemaExport:179 - exporting generated schema to database
16:27:44,082 DEBUG SchemaExport:303 - 
    drop table BoatInXml cascade constraints
16:27:44,164 DEBUG SchemaExport:288 - Unsuccessful: drop table BoatInXml cascade constraints
16:27:44,165 DEBUG SchemaExport:289 - ORA-00942: table or view does not exist

16:27:44,165 DEBUG SchemaExport:303 - 
    drop table Plane cascade constraints
16:27:44,189 DEBUG SchemaExport:288 - Unsuccessful: drop table Plane cascade constraints
16:27:44,189 DEBUG SchemaExport:289 - ORA-00942: table or view does not exist

16:27:44,189 DEBUG SchemaExport:303 - 
    drop table Port cascade constraints
16:27:44,207 DEBUG SchemaExport:288 - Unsuccessful: drop table Port cascade constraints
16:27:44,207 DEBUG SchemaExport:289 - ORA-00942: table or view does not exist

16:27:44,207 DEBUG SchemaExport:303 - 
    drop table Port_BoatInXml cascade constraints
16:27:44,221 DEBUG SchemaExport:288 - Unsuccessful: drop table Port_BoatInXml cascade constraints
16:27:44,221 DEBUG SchemaExport:289 - ORA-00942: table or view does not exist

16:27:44,222 DEBUG SchemaExport:303 - 
    drop sequence hibernate_sequence
16:27:44,229 DEBUG SchemaExport:288 - Unsuccessful: drop sequence hibernate_sequence
16:27:44,230 DEBUG SchemaExport:289 - ORA-02289: sequence does not exist

16:27:44,230 DEBUG SchemaExport:303 - 
    create table BoatInXml (
        id number(10,0) not null,
        boat_size number(10,0),
        primary key (id)
    )
16:27:44,351 DEBUG SchemaExport:303 - 
    create table Plane (
        planetype varchar2(100 char) not null,
        id number(19,0) not null,
        alive number(1,0) not null,
        fld_altitude number(10,0),
        color varchar2(255 char) not null,
        serialnbr varchar2(255 char),
        nbrOfSeats number(10,0) not null,
        primary key (id)
    )
16:27:44,422 DEBUG SchemaExport:303 - 
    create table Port (
        id number(19,0) not null,
        primary key (id)
    )
16:27:44,482 DEBUG SchemaExport:303 - 
    create table Port_BoatInXml (
        Port_id number(19,0) not null,
        boats_id number(10,0) not null,
        primary key (Port_id, boats_id),
        unique (boats_id)
    )
16:27:44,550 DEBUG SchemaExport:303 - 
    alter table Port_BoatInXml 
        add constraint FKA5CA2D147B35F9C7 
        foreign key (boats_id) 
        references BoatInXml
16:27:44,602 DEBUG SchemaExport:303 - 
    alter table Port_BoatInXml 
        add constraint FKA5CA2D143B784FA 
        foreign key (Port_id) 
        references Port
16:27:44,657 DEBUG SchemaExport:303 - 
    create sequence hibernate_sequence
16:27:44,674  INFO SchemaExport:196 - schema export complete
16:27:44,684 DEBUG SQL:424 - 
    select
        boat0_.id as id21_,
        boat0_.boat_size as boat2_21_ 
    from
        BoatInXml boat0_
16:27:44,691 DEBUG SQL:424 - 
    select
        port0_.id as id23_ 
    from
        Port port0_
16:27:44,696  INFO SessionFactoryImpl:769 - closing
16:27:44,696  INFO DriverManagerConnectionProvider:147 - cleaning up connection pool: jdbc:oracle:thin:@(DESCRIPTION=(LOAD_BALANCE=on)(ADDRESS=(PROTOCOL=TCP)(HOST=vmg27-vip.mw.lab.eng.bos.redhat.com)(PORT=1521))(ADDRESS=(PROTOCOL=TCP)(HOST=vmg28-vip.mw.lab.eng.bos.redhat.com)(PORT=1521))(CONNECT_DATA=(SERVICE_NAME=qarac.jboss)))
16:27:44,703  INFO SchemaExport:154 - Running hbm2ddl schema export
16:27:44,703 DEBUG SchemaExport:170 - import file not found: /import.sql
16:27:44,703  INFO SchemaExport:179 - exporting generated schema to database
16:27:44,821 DEBUG SchemaExport:303 - 
    drop table BoatInXml cascade constraints
16:27:45,030 DEBUG SchemaExport:303 - 
    drop table Plane cascade constraints
16:27:45,216 DEBUG SchemaExport:303 - 
    drop table Port cascade constraints
16:27:45,333 DEBUG SchemaExport:303 - 
    drop table Port_BoatInXml cascade constraints
16:27:45,490 DEBUG SchemaExport:303 - 
    drop sequence hibernate_sequence
16:27:45,515  INFO SchemaExport:196 - schema export complete
]]></system-out>
  <system-err><![CDATA[]]></system-err>
</testsuite>
