<?xml version="1.0" encoding="UTF-8" ?>
<testsuite errors="0" failures="0" hostname="mm18-3.mm.atl2.redhat.com" name="org.hibernate.test.annotations.ConfigurationTest" tests="7" time="33.563" timestamp="2010-11-16T04:57:46">
  <properties>
    <property name="file.encoding.pkg" value="sun.io"></property>
    <property name="dir.coberturainstrumented" value="tmp/cobertura/instrumented"></property>
    <property name="uuid" value="baf27741-ef89-408d-aa58-965b9dd563fa"></property>
    <property name="java.home" value="/qa/tools/opt/x86_64/jdk1.6.0_20/jre"></property>
    <property name="dballoc.db_type" value="clustered"></property>
    <property name="java.endorsed.dirs" value="/qa/tools/opt/x86_64/jdk1.6.0_20/jre/lib/endorsed"></property>
    <property name="env.MCAST_ADDR" value="227.43.88.228"></property>
    <property name="env.LOGNAME" value="hudson"></property>
    <property name="env.HUDSON_HOME" value="/home/hudson/hudson_workspace"></property>
    <property name="dir.findbugshome" value="lib/findbugs-1.3.9"></property>
    <property name="sun.os.patch.level" value="unknown"></property>
    <property name="java.vendor.url" value="http://java.sun.com/"></property>
    <property name="env.NODE_NAME" value="dsp-mm18-3-rhel5_x86_64"></property>
    <property name="env.G_BROKEN_FILENAMES" value="1"></property>
    <property name="java.version" value="1.6.0_20"></property>
    <property name="env.MAVEN_OPTS" value="-Xmx700m "></property>
    <property name="java.vendor.url.bug" value="http://java.sun.com/cgi-bin/bugreport.cgi"></property>
    <property name="env.SSH_CLIENT" value="10.16.88.204 34525 22"></property>
    <property name="env.JAVA_FOR_SLAVE" value="/qa/tools/opt/amd64/jdk1.6.0_20"></property>
    <property name="env.jdbc" value="jdbc3"></property>
    <property name="user.name" value="hudson"></property>
    <property name="env.LANG" value="en_US.UTF-8"></property>
    <property name="env.CVS_RSH" value="ssh"></property>
    <property name="sun.io.unicode.encoding" value="UnicodeLittle"></property>
    <property name="sun.jnu.encoding" value="UTF-8"></property>
    <property name="java.runtime.name" value="Java(TM) SE Runtime Environment"></property>
    <property name="eap.version" value="4.3.9"></property>
    <property name="env.SSH_CONNECTION" value="10.16.88.204 34525 10.16.88.228 22"></property>
    <property name="eap.package.file" value="/home/hudson/static_build_env/eap/jboss-eap-noauth-4.3.0.GA_CP09.CR2.zip"></property>
    <property name="dir.testsrc" value="src/test"></property>
    <property name="db.jdbc_class" value="oracle.jdbc.driver.OracleDriver"></property>
    <property name="java.specification.name" value="Java Platform API Specification"></property>
    <property name="user.timezone" value=""></property>
    <property name="env.LESSOPEN" value="|/usr/bin/lesspipe.sh %s"></property>
    <property name="path.separator" value=":"></property>
    <property name="file.encoding" value="UTF-8"></property>
    <property name="env.HOME" value="/home/hudson"></property>
    <property name="ant.file" value="/mnt/hudson_workspace/workspace/hibernate-eap43-annotations-qa-jvms-dballocator-TMP-oracle11gR2RAC/database/oracle11gR2RAC/eap_version/eap43/jdbc/jdbc3/jdk/java16_default/label/RHEL5_any/build.xml"></property>
    <property name="env.BUILD_TAG" value="hudson-database=oracle11gR2RAC,eap_version=eap43,jdbc=jdbc3,jdk=java16_default,label=RHEL5_any-2"></property>
    <property name="db.username" value="dballo01"></property>
    <property name="env.HOSTNAME" value="mm18-3"></property>
    <property name="dir.drivers" value="/qa/services/http/jdbc-drivers-products/EAP/4.3.9/oracle11gR2RAC/jdbc3"></property>
    <property name="java.io.tmpdir" value="/tmp"></property>
    <property name="user.language" value="en"></property>
    <property name="line.separator" value="
"></property>
    <property name="eap.lib" value="tmp/jboss-eap-4.3/jboss-as/server/default/lib"></property>
    <property name="env.ANT_OPTS" value="-Xmx700m "></property>
    <property name="dir.output" value="tmp/output"></property>
    <property name="env.eap_version" value="eap43"></property>
    <property name="env.HISTSIZE" value="1000"></property>
    <property name="jdbc.storage" value="/qa/services/http/jdbc-drivers-products/EAP"></property>
    <property name="env.JOB_NAME" value="hibernate-eap43-annotations-qa-jvms-dballocator-TMP-oracle11gR2RAC/database=oracle11gR2RAC,eap_version=eap43,jdbc=jdbc3,jdk=java16_default,label=RHEL5_any"></property>
    <property name="java.vm.info" value="mixed mode"></property>
    <property name="java.vm.specification.name" value="Java Virtual Machine Specification"></property>
    <property name="ant.file.null" value="/mnt/hudson_workspace/workspace/hibernate-eap43-annotations-qa-jvms-dballocator-TMP-oracle11gR2RAC/database/oracle11gR2RAC/eap_version/eap43/jdbc/jdbc3/jdk/java16_default/label/RHEL5_any/build.xml"></property>
    <property name="env.jdk" value="java16_default"></property>
    <property name="env.BUILD_URL" value="http://hudson.qa.jboss.com/hudson/job/hibernate-eap43-annotations-qa-jvms-dballocator-TMP-oracle11gR2RAC/./database=oracle11gR2RAC,eap_version=eap43,jdbc=jdbc3,jdk=java16_default,label=RHEL5_any/2/"></property>
    <property name="env.M2_HOME" value="/qa/tools/opt/maven-2.0.10"></property>
    <property name="db.name" value="qarac.jboss"></property>
    <property name="env.label" value="RHEL5_any"></property>
    <property name="svn.annotations.tests" value="http://anonsvn.jboss.org/repos/hibernate/annotations/tags/3_3_1_GA_CP04/src/test/"></property>
    <property name="java.awt.printerjob" value="sun.print.PSPrinterJob"></property>
    <property name="db.minpoolsize" value="10"></property>
    <property name="env.HUDSON_CONFIG_DIR" value="/home/hudson/config_repository"></property>
    <property name="ant.version" value="Apache Ant version 1.6.5 compiled on June 2 2005"></property>
    <property name="env.MAX_JAVA_MEM" value="-Xmx700m"></property>
    <property name="env.BUILD_NUMBER" value="2"></property>
    <property name="os.name" value="Linux"></property>
    <property name="java.specification.vendor" value="Sun Microsystems Inc."></property>
    <property name="java.vm.name" value="Java HotSpot(TM) 64-Bit Server VM"></property>
    <property name="env.SOURCE_REPO" value="/qa/tools/src"></property>
    <property name="env.JOB_URL" value="http://hudson.qa.jboss.com/hudson/job/hibernate-eap43-annotations-qa-jvms-dballocator-TMP-oracle11gR2RAC/./database=oracle11gR2RAC,eap_version=eap43,jdbc=jdbc3,jdk=java16_default,label=RHEL5_any/"></property>
    <property name="java.library.path" value="/qa/tools/opt/x86_64/jdk1.6.0_20/jre/lib/amd64/server:/qa/tools/opt/x86_64/jdk1.6.0_20/jre/lib/amd64:/qa/tools/opt/x86_64/jdk1.6.0_20/jre/../lib/amd64:/usr/java/packages/lib/amd64:/usr/lib64:/lib64:/lib:/usr/lib"></property>
    <property name="env.PATH" value="/qa/tools/opt/amd64/jdk1.6.0_20/bin:/qa/tools/opt/apache-ant-1.6.5/bin:/qa/tools/opt/maven-2.0.10/bin:/qa/tools/opt/amd64/jdk1.5.0_last/bin:/usr/xpg4/bin:/usr/kerberos/bin:/usr/xpg4/bin:/usr/local/bin:/bin:/usr/bin:/opt/maven/bin:/opt/subversion/bin:/opt/maven/bin:/opt/subversion/bin:/home/hudson/bin:/qa/tools/opt/x86_64/git-1.6.5/bin"></property>
    <property name="env.JAVA16" value="jdk1.6.0_20"></property>
    <property name="env.HUDSON_URL" value="http://hudson.qa.jboss.com/hudson/"></property>
    <property name="env.JAVA15" value="jdk1.5.0_last"></property>
    <property name="ant.java.version" value="1.5"></property>
    <property name="basedir" value="/mnt/hudson_workspace/workspace/hibernate-eap43-annotations-qa-jvms-dballocator-TMP-oracle11gR2RAC/database/oracle11gR2RAC/eap_version/eap43/jdbc/jdbc3/jdk/java16_default/label/RHEL5_any"></property>
    <property name="java.class.version" value="50.0"></property>
    <property name="env.SHLVL" value="2"></property>
    <property name="env.LD_LIBRARY_PATH" value="/qa/tools/opt/x86_64/jdk1.6.0_20/jre/lib/amd64/server:/qa/tools/opt/x86_64/jdk1.6.0_20/jre/lib/amd64:/qa/tools/opt/x86_64/jdk1.6.0_20/jre/../lib/amd64"></property>
    <property name="ant.home" value="/qa/tools/opt/apache-ant-1.6.5"></property>
    <property name="env.PSEP" value=":"></property>
    <property name="env.MCAST_PORT" value="45916"></property>
    <property name="dir.src" value="src/java"></property>
    <property name="net.sourceforge.cobertura.datafile" value="/mnt/hudson_workspace/workspace/hibernate-eap43-annotations-qa-jvms-dballocator-TMP-oracle11gR2RAC/database/oracle11gR2RAC/eap_version/eap43/jdbc/jdbc3/jdk/java16_default/label/RHEL5_any/tmp/cobertura/cobertura.ser"></property>
    <property name="dir.findbugs" value="tmp/findbugs"></property>
    <property name="db.primary_label" value="oracle11gR2RAC"></property>
    <property name="env.HUDSON_STATIC_ENV" value="/home/hudson/static_build_env"></property>
    <property name="sun.boot.library.path" value="/qa/tools/opt/x86_64/jdk1.6.0_20/jre/lib/amd64"></property>
    <property name="sun.management.compiler" value="HotSpot 64-Bit Server Compiler"></property>
    <property name="java.awt.graphicsenv" value="sun.awt.X11GraphicsEnvironment"></property>
    <property name="env.MYTESTIP_2" value="10.16.94.243"></property>
    <property name="env.MYTESTIP_1" value="10.16.94.242"></property>
    <property name="env.USER" value="hudson"></property>
    <property name="env.SEP" value="/"></property>
    <property name="java.vm.specification.version" value="1.0"></property>
    <property name="env.NLSPATH" value="/usr/dt/lib/nls/msg/%L/%N.cat"></property>
    <property name="sun.cpu.isalist" value=""></property>
    <property name="dir.config" value="dballocator/jdbc3"></property>
    <property name="java.ext.dirs" value="/qa/tools/opt/x86_64/jdk1.6.0_20/jre/lib/ext:/usr/java/packages/lib/ext"></property>
    <property name="os.version" value="2.6.18-164.2.1.el5"></property>
    <property name="database" value="oracle11gR2RAC"></property>
    <property name="user.home" value="/home/hudson"></property>
    <property name="java.vm.vendor" value="Sun Microsystems Inc."></property>
    <property name="env.NATIVE_TOOLS" value="/qa/tools/opt/amd64"></property>
    <property name="env.COMMON_TOOLS" value="/qa/tools/opt"></property>
    <property name="env.JAVA_HOME" value="/qa/tools/opt/amd64/jdk1.6.0_20"></property>
    <property name="env.INPUTRC" value="/etc/inputrc"></property>
    <property name="user.dir" value="/mnt/hudson_workspace/workspace/hibernate-eap43-annotations-qa-jvms-dballocator-TMP-oracle11gR2RAC/database/oracle11gR2RAC/eap_version/eap43/jdbc/jdbc3/jdk/java16_default/label/RHEL5_any"></property>
    <property name="env.XFILESEARCHPATH" value="/usr/dt/app-defaults/%L/Dt"></property>
    <property name="env.MAIL" value="/var/spool/mail/hudson"></property>
    <property name="env.PWD" value="/mnt/hudson_workspace/workspace/hibernate-eap43-annotations-qa-jvms-dballocator-TMP-oracle11gR2RAC/database/oracle11gR2RAC/eap_version/eap43/jdbc/jdbc3/jdk/java16_default/label/RHEL5_any"></property>
    <property name="sun.cpu.endian" value="little"></property>
    <property name="dir.resources" value="resources"></property>
    <property name="env.MYTESTIPS" value="10.16.94.242 10.16.94.243"></property>
    <property name="java.vm.version" value="16.3-b01"></property>
    <property name="java.class.path" value="/mnt/hudson_workspace/workspace/hibernate-eap43-annotations-qa-jvms-dballocator-TMP-oracle11gR2RAC/database/oracle11gR2RAC/eap_version/eap43/jdbc/jdbc3/jdk/java16_default/label/RHEL5_any/tmp/bin:/mnt/hudson_workspace/workspace/hibernate-eap43-annotations-qa-jvms-dballocator-TMP-oracle11gR2RAC/database/oracle11gR2RAC/eap_version/eap43/jdbc/jdbc3/jdk/java16_default/label/RHEL5_any/tmp/cobertura/instrumented/hibernate-annotations.jar:/mnt/hudson_workspace/workspace/hibernate-eap43-annotations-qa-jvms-dballocator-TMP-oracle11gR2RAC/database/oracle11gR2RAC/eap_version/eap43/jdbc/jdbc3/jdk/java16_default/label/RHEL5_any/lib/ant-junit.jar:/mnt/hudson_workspace/workspace/hibernate-eap43-annotations-qa-jvms-dballocator-TMP-oracle11gR2RAC/database/oracle11gR2RAC/eap_version/eap43/jdbc/jdbc3/jdk/java16_default/label/RHEL5_any/lib/cobertura.jar:/mnt/hudson_workspace/workspace/hibernate-eap43-annotations-qa-jvms-dballocator-TMP-oracle11gR2RAC/database/oracle11gR2RAC/eap_version/eap43/jdbc/jdbc3/jdk/java16_default/label/RHEL5_any/lib/junit.jar:/mnt/hudson_workspace/workspace/hibernate-eap43-annotations-qa-jvms-dballocator-TMP-oracle11gR2RAC/database/oracle11gR2RAC/eap_version/eap43/jdbc/jdbc3/jdk/java16_default/label/RHEL5_any/lib/lucene-core-2.0.0.jar:/qa/services/http/jdbc-drivers-products/EAP/4.3.9/oracle11gR2RAC/jdbc3/ojdbc5.jar:/mnt/hudson_workspace/workspace/hibernate-eap43-annotations-qa-jvms-dballocator-TMP-oracle11gR2RAC/database/oracle11gR2RAC/eap_version/eap43/jdbc/jdbc3/jdk/java16_default/label/RHEL5_any/tmp/jboss-eap-4.3/jboss-as/server/default/lib/activation.jar:/mnt/hudson_workspace/workspace/hibernate-eap43-annotations-qa-jvms-dballocator-TMP-oracle11gR2RAC/database/oracle11gR2RAC/eap_version/eap43/jdbc/jdbc3/jdk/java16_default/label/RHEL5_any/tmp/jboss-eap-4.3/jboss-as/server/default/lib/antlr.jar:/mnt/hudson_workspace/workspace/hibernate-eap43-annotations-qa-jvms-dballocator-TMP-oracle11gR2RAC/database/oracle11gR2RAC/eap_version/eap43/jdbc/jdbc3/jdk/java16_default/label/RHEL5_any/tmp/jboss-eap-4.3/jboss-as/server/default/lib/asm-attrs.jar:/mnt/hudson_workspace/workspace/hibernate-eap43-annotations-qa-jvms-dballocator-TMP-oracle11gR2RAC/database/oracle11gR2RAC/eap_version/eap43/jdbc/jdbc3/jdk/java16_default/label/RHEL5_any/tmp/jboss-eap-4.3/jboss-as/server/default/lib/asm.jar:/mnt/hudson_workspace/workspace/hibernate-eap43-annotations-qa-jvms-dballocator-TMP-oracle11gR2RAC/database/oracle11gR2RAC/eap_version/eap43/jdbc/jdbc3/jdk/java16_default/label/RHEL5_any/tmp/jboss-eap-4.3/jboss-as/server/default/lib/autonumber-plugin.jar:/mnt/hudson_workspace/workspace/hibernate-eap43-annotations-qa-jvms-dballocator-TMP-oracle11gR2RAC/database/oracle11gR2RAC/eap_version/eap43/jdbc/jdbc3/jdk/java16_default/label/RHEL5_any/tmp/jboss-eap-4.3/jboss-as/server/default/lib/bcel.jar:/mnt/hudson_workspace/workspace/hibernate-eap43-annotations-qa-jvms-dballocator-TMP-oracle11gR2RAC/database/oracle11gR2RAC/eap_version/eap43/jdbc/jdbc3/jdk/java16_default/label/RHEL5_any/tmp/jboss-eap-4.3/jboss-as/server/default/lib/bindingservice-plugin.jar:/mnt/hudson_workspace/workspace/hibernate-eap43-annotations-qa-jvms-dballocator-TMP-oracle11gR2RAC/database/oracle11gR2RAC/eap_version/eap43/jdbc/jdbc3/jdk/java16_default/label/RHEL5_any/tmp/jboss-eap-4.3/jboss-as/server/default/lib/bsf.jar:/mnt/hudson_workspace/workspace/hibernate-eap43-annotations-qa-jvms-dballocator-TMP-oracle11gR2RAC/database/oracle11gR2RAC/eap_version/eap43/jdbc/jdbc3/jdk/java16_default/label/RHEL5_any/tmp/jboss-eap-4.3/jboss-as/server/default/lib/bsh-deployer.jar:/mnt/hudson_workspace/workspace/hibernate-eap43-annotations-qa-jvms-dballocator-TMP-oracle11gR2RAC/database/oracle11gR2RAC/eap_version/eap43/jdbc/jdbc3/jdk/java16_default/label/RHEL5_any/tmp/jboss-eap-4.3/jboss-as/server/default/lib/bsh.jar:/mnt/hudson_workspace/workspace/hibernate-eap43-annotations-qa-jvms-dballocator-TMP-oracle11gR2RAC/database/oracle11gR2RAC/eap_version/eap43/jdbc/jdbc3/jdk/java16_default/label/RHEL5_any/tmp/jboss-eap-4.3/jboss-as/server/default/lib/cglib.jar:/mnt/hudson_workspace/workspace/hibernate-eap43-annotations-qa-jvms-dballocator-TMP-oracle11gR2RAC/database/oracle11gR2RAC/eap_version/eap43/jdbc/jdbc3/jdk/java16_default/label/RHEL5_any/tmp/jboss-eap-4.3/jboss-as/server/default/lib/commons-codec.jar:/mnt/hudson_workspace/workspace/hibernate-eap43-annotations-qa-jvms-dballocator-TMP-oracle11gR2RAC/database/oracle11gR2RAC/eap_version/eap43/jdbc/jdbc3/jdk/java16_default/label/RHEL5_any/tmp/jboss-eap-4.3/jboss-as/server/default/lib/commons-collections.jar:/mnt/hudson_workspace/workspace/hibernate-eap43-annotations-qa-jvms-dballocator-TMP-oracle11gR2RAC/database/oracle11gR2RAC/eap_version/eap43/jdbc/jdbc3/jdk/java16_default/label/RHEL5_any/tmp/jboss-eap-4.3/jboss-as/server/default/lib/commons-httpclient.jar:/mnt/hudson_workspace/workspace/hibernate-eap43-annotations-qa-jvms-dballocator-TMP-oracle11gR2RAC/database/oracle11gR2RAC/eap_version/eap43/jdbc/jdbc3/jdk/java16_default/label/RHEL5_any/tmp/jboss-eap-4.3/jboss-as/server/default/lib/commons-logging.jar:/mnt/hudson_workspace/workspace/hibernate-eap43-annotations-qa-jvms-dballocator-TMP-oracle11gR2RAC/database/oracle11gR2RAC/eap_version/eap43/jdbc/jdbc3/jdk/java16_default/label/RHEL5_any/tmp/jboss-eap-4.3/jboss-as/server/default/lib/dom4j.jar:/mnt/hudson_workspace/workspace/hibernate-eap43-annotations-qa-jvms-dballocator-TMP-oracle11gR2RAC/database/oracle11gR2RAC/eap_version/eap43/jdbc/jdbc3/jdk/java16_default/label/RHEL5_any/tmp/jboss-eap-4.3/jboss-as/server/default/lib/ejb3-persistence.jar:/mnt/hudson_workspace/workspace/hibernate-eap43-annotations-qa-jvms-dballocator-TMP-oracle11gR2RAC/database/oracle11gR2RAC/eap_version/eap43/jdbc/jdbc3/jdk/java16_default/label/RHEL5_any/tmp/jboss-eap-4.3/jboss-as/server/default/lib/el-api.jar:/mnt/hudson_workspace/workspace/hibernate-eap43-annotations-qa-jvms-dballocator-TMP-oracle11gR2RAC/database/oracle11gR2RAC/eap_version/eap43/jdbc/jdbc3/jdk/java16_default/label/RHEL5_any/tmp/jboss-eap-4.3/jboss-as/server/default/lib/hibernate-annotations.jar:/mnt/hudson_workspace/workspace/hibernate-eap43-annotations-qa-jvms-dballocator-TMP-oracle11gR2RAC/database/oracle11gR2RAC/eap_version/eap43/jdbc/jdbc3/jdk/java16_default/label/RHEL5_any/tmp/jboss-eap-4.3/jboss-as/server/default/lib/hibernate-commons-annotations.jar:/mnt/hudson_workspace/workspace/hibernate-eap43-annotations-qa-jvms-dballocator-TMP-oracle11gR2RAC/database/oracle11gR2RAC/eap_version/eap43/jdbc/jdbc3/jdk/java16_default/label/RHEL5_any/tmp/jboss-eap-4.3/jboss-as/server/default/lib/hibernate-entitymanager.jar:/mnt/hudson_workspace/workspace/hibernate-eap43-annotations-qa-jvms-dballocator-TMP-oracle11gR2RAC/database/oracle11gR2RAC/eap_version/eap43/jdbc/jdbc3/jdk/java16_default/label/RHEL5_any/tmp/jboss-eap-4.3/jboss-as/server/default/lib/hibernate-validator.jar:/mnt/hudson_workspace/workspace/hibernate-eap43-annotations-qa-jvms-dballocator-TMP-oracle11gR2RAC/database/oracle11gR2RAC/eap_version/eap43/jdbc/jdbc3/jdk/java16_default/label/RHEL5_any/tmp/jboss-eap-4.3/jboss-as/server/default/lib/hibernate3.jar:/mnt/hudson_workspace/workspace/hibernate-eap43-annotations-qa-jvms-dballocator-TMP-oracle11gR2RAC/database/oracle11gR2RAC/eap_version/eap43/jdbc/jdbc3/jdk/java16_default/label/RHEL5_any/tmp/jboss-eap-4.3/jboss-as/server/default/lib/hsqldb-plugin.jar:/mnt/hudson_workspace/workspace/hibernate-eap43-annotations-qa-jvms-dballocator-TMP-oracle11gR2RAC/database/oracle11gR2RAC/eap_version/eap43/jdbc/jdbc3/jdk/java16_default/label/RHEL5_any/tmp/jboss-eap-4.3/jboss-as/server/default/lib/hsqldb.jar:/mnt/hudson_workspace/workspace/hibernate-eap43-annotations-qa-jvms-dballocator-TMP-oracle11gR2RAC/database/oracle11gR2RAC/eap_version/eap43/jdbc/jdbc3/jdk/java16_default/label/RHEL5_any/tmp/jboss-eap-4.3/jboss-as/server/default/lib/javassist.jar:/mnt/hudson_workspace/workspace/hibernate-eap43-annotations-qa-jvms-dballocator-TMP-oracle11gR2RAC/database/oracle11gR2RAC/eap_version/eap43/jdbc/jdbc3/jdk/java16_default/label/RHEL5_any/tmp/jboss-eap-4.3/jboss-as/server/default/lib/jaxen.jar:/mnt/hudson_workspace/workspace/hibernate-eap43-annotations-qa-jvms-dballocator-TMP-oracle11gR2RAC/database/oracle11gR2RAC/eap_version/eap43/jdbc/jdbc3/jdk/java16_default/label/RHEL5_any/tmp/jboss-eap-4.3/jboss-as/server/default/lib/jboss-cache-jdk50.jar:/mnt/hudson_workspace/workspace/hibernate-eap43-annotations-qa-jvms-dballocator-TMP-oracle11gR2RAC/database/oracle11gR2RAC/eap_version/eap43/jdbc/jdbc3/jdk/java16_default/label/RHEL5_any/tmp/jboss-eap-4.3/jboss-as/server/default/lib/jboss-common-jdbc-wrapper.jar:/mnt/hudson_workspace/workspace/hibernate-eap43-annotations-qa-jvms-dballocator-TMP-oracle11gR2RAC/database/oracle11gR2RAC/eap_version/eap43/jdbc/jdbc3/jdk/java16_default/label/RHEL5_any/tmp/jboss-eap-4.3/jboss-as/server/default/lib/jboss-ejb3x.jar:/mnt/hudson_workspace/workspace/hibernate-eap43-annotations-qa-jvms-dballocator-TMP-oracle11gR2RAC/database/oracle11gR2RAC/eap_version/eap43/jdbc/jdbc3/jdk/java16_default/label/RHEL5_any/tmp/jboss-eap-4.3/jboss-as/server/default/lib/jboss-hibernate.jar:/mnt/hudson_workspace/workspace/hibernate-eap43-annotations-qa-jvms-dballocator-TMP-oracle11gR2RAC/database/oracle11gR2RAC/eap_version/eap43/jdbc/jdbc3/jdk/java16_default/label/RHEL5_any/tmp/jboss-eap-4.3/jboss-as/server/default/lib/jboss-j2ee.jar:/mnt/hudson_workspace/workspace/hibernate-eap43-annotations-qa-jvms-dballocator-TMP-oracle11gR2RAC/database/oracle11gR2RAC/eap_version/eap43/jdbc/jdbc3/jdk/java16_default/label/RHEL5_any/tmp/jboss-eap-4.3/jboss-as/server/default/lib/jboss-jaxrpc.jar:/mnt/hudson_workspace/workspace/hibernate-eap43-annotations-qa-jvms-dballocator-TMP-oracle11gR2RAC/database/oracle11gR2RAC/eap_version/eap43/jdbc/jdbc3/jdk/java16_default/label/RHEL5_any/tmp/jboss-eap-4.3/jboss-as/server/default/lib/jboss-jaxws.jar:/mnt/hudson_workspace/workspace/hibernate-eap43-annotations-qa-jvms-dballocator-TMP-oracle11gR2RAC/database/oracle11gR2RAC/eap_version/eap43/jdbc/jdbc3/jdk/java16_default/label/RHEL5_any/tmp/jboss-eap-4.3/jboss-as/server/default/lib/jboss-jca.jar:/mnt/hudson_workspace/workspace/hibernate-eap43-annotations-qa-jvms-dballocator-TMP-oracle11gR2RAC/database/oracle11gR2RAC/eap_version/eap43/jdbc/jdbc3/jdk/java16_default/label/RHEL5_any/tmp/jboss-eap-4.3/jboss-as/server/default/lib/jboss-jsr77.jar:/mnt/hudson_workspace/workspace/hibernate-eap43-annotations-qa-jvms-dballocator-TMP-oracle11gR2RAC/database/oracle11gR2RAC/eap_version/eap43/jdbc/jdbc3/jdk/java16_default/label/RHEL5_any/tmp/jboss-eap-4.3/jboss-as/server/default/lib/jboss-jsr88.jar:/mnt/hudson_workspace/workspace/hibernate-eap43-annotations-qa-jvms-dballocator-TMP-oracle11gR2RAC/database/oracle11gR2RAC/eap_version/eap43/jdbc/jdbc3/jdk/java16_default/label/RHEL5_any/tmp/jboss-eap-4.3/jboss-as/server/default/lib/jboss-management.jar:/mnt/hudson_workspace/workspace/hibernate-eap43-annotations-qa-jvms-dballocator-TMP-oracle11gR2RAC/database/oracle11gR2RAC/eap_version/eap43/jdbc/jdbc3/jdk/java16_default/label/RHEL5_any/tmp/jboss-eap-4.3/jboss-as/server/default/lib/jboss-messaging-client.jar:/mnt/hudson_workspace/workspace/hibernate-eap43-annotations-qa-jvms-dballocator-TMP-oracle11gR2RAC/database/oracle11gR2RAC/eap_version/eap43/jdbc/jdbc3/jdk/java16_default/label/RHEL5_any/tmp/jboss-eap-4.3/jboss-as/server/default/lib/jboss-messaging.jar:/mnt/hudson_workspace/workspace/hibernate-eap43-annotations-qa-jvms-dballocator-TMP-oracle11gR2RAC/database/oracle11gR2RAC/eap_version/eap43/jdbc/jdbc3/jdk/java16_default/label/RHEL5_any/tmp/jboss-eap-4.3/jboss-as/server/default/lib/jboss-monitoring.jar:/mnt/hudson_workspace/workspace/hibernate-eap43-annotations-qa-jvms-dballocator-TMP-oracle11gR2RAC/database/oracle11gR2RAC/eap_version/eap43/jdbc/jdbc3/jdk/java16_default/label/RHEL5_any/tmp/jboss-eap-4.3/jboss-as/server/default/lib/jboss-remoting-int.jar:/mnt/hudson_workspace/workspace/hibernate-eap43-annotations-qa-jvms-dballocator-TMP-oracle11gR2RAC/database/oracle11gR2RAC/eap_version/eap43/jdbc/jdbc3/jdk/java16_default/label/RHEL5_any/tmp/jboss-eap-4.3/jboss-as/server/default/lib/jboss-remoting.jar:/mnt/hudson_workspace/workspace/hibernate-eap43-annotations-qa-jvms-dballocator-TMP-oracle11gR2RAC/database/oracle11gR2RAC/eap_version/eap43/jdbc/jdbc3/jdk/java16_default/label/RHEL5_any/tmp/jboss-eap-4.3/jboss-as/server/default/lib/jboss-saaj.jar:/mnt/hudson_workspace/workspace/hibernate-eap43-annotations-qa-jvms-dballocator-TMP-oracle11gR2RAC/database/oracle11gR2RAC/eap_version/eap43/jdbc/jdbc3/jdk/java16_default/label/RHEL5_any/tmp/jboss-eap-4.3/jboss-as/server/default/lib/jboss-serialization.jar:/mnt/hudson_workspace/workspace/hibernate-eap43-annotations-qa-jvms-dballocator-TMP-oracle11gR2RAC/database/oracle11gR2RAC/eap_version/eap43/jdbc/jdbc3/jdk/java16_default/label/RHEL5_any/tmp/jboss-eap-4.3/jboss-as/server/default/lib/jboss-srp.jar:/mnt/hudson_workspace/workspace/hibernate-eap43-annotations-qa-jvms-dballocator-TMP-oracle11gR2RAC/database/oracle11gR2RAC/eap_version/eap43/jdbc/jdbc3/jdk/java16_default/label/RHEL5_any/tmp/jboss-eap-4.3/jboss-as/server/default/lib/jboss-transaction.jar:/mnt/hudson_workspace/workspace/hibernate-eap43-annotations-qa-jvms-dballocator-TMP-oracle11gR2RAC/database/oracle11gR2RAC/eap_version/eap43/jdbc/jdbc3/jdk/java16_default/label/RHEL5_any/tmp/jboss-eap-4.3/jboss-as/server/default/lib/jboss-vfs.jar:/mnt/hudson_workspace/workspace/hibernate-eap43-annotations-qa-jvms-dballocator-TMP-oracle11gR2RAC/database/oracle11gR2RAC/eap_version/eap43/jdbc/jdbc3/jdk/java16_default/label/RHEL5_any/tmp/jboss-eap-4.3/jboss-as/server/default/lib/jboss.jar:/mnt/hudson_workspace/workspace/hibernate-eap43-annotations-qa-jvms-dballocator-TMP-oracle11gR2RAC/database/oracle11gR2RAC/eap_version/eap43/jdbc/jdbc3/jdk/java16_default/label/RHEL5_any/tmp/jboss-eap-4.3/jboss-as/server/default/lib/jbossjta-integration.jar:/mnt/hudson_workspace/workspace/hibernate-eap43-annotations-qa-jvms-dballocator-TMP-oracle11gR2RAC/database/oracle11gR2RAC/eap_version/eap43/jdbc/jdbc3/jdk/java16_default/label/RHEL5_any/tmp/jboss-eap-4.3/jboss-as/server/default/lib/jbossjta.jar:/mnt/hudson_workspace/workspace/hibernate-eap43-annotations-qa-jvms-dballocator-TMP-oracle11gR2RAC/database/oracle11gR2RAC/eap_version/eap43/jdbc/jdbc3/jdk/java16_default/label/RHEL5_any/tmp/jboss-eap-4.3/jboss-as/server/default/lib/jbosssx.jar:/mnt/hudson_workspace/workspace/hibernate-eap43-annotations-qa-jvms-dballocator-TMP-oracle11gR2RAC/database/oracle11gR2RAC/eap_version/eap43/jdbc/jdbc3/jdk/java16_default/label/RHEL5_any/tmp/jboss-eap-4.3/jboss-as/server/default/lib/jbossts-common.jar:/mnt/hudson_workspace/workspace/hibernate-eap43-annotations-qa-jvms-dballocator-TMP-oracle11gR2RAC/database/oracle11gR2RAC/eap_version/eap43/jdbc/jdbc3/jdk/java16_default/label/RHEL5_any/tmp/jboss-eap-4.3/jboss-as/server/default/lib/jbossws-common.jar:/mnt/hudson_workspace/workspace/hibernate-eap43-annotations-qa-jvms-dballocator-TMP-oracle11gR2RAC/database/oracle11gR2RAC/eap_version/eap43/jdbc/jdbc3/jdk/java16_default/label/RHEL5_any/tmp/jboss-eap-4.3/jboss-as/server/default/lib/jbossws-framework.jar:/mnt/hudson_workspace/workspace/hibernate-eap43-annotations-qa-jvms-dballocator-TMP-oracle11gR2RAC/database/oracle11gR2RAC/eap_version/eap43/jdbc/jdbc3/jdk/java16_default/label/RHEL5_any/tmp/jboss-eap-4.3/jboss-as/server/default/lib/jbossws-jboss42.jar:/mnt/hudson_workspace/workspace/hibernate-eap43-annotations-qa-jvms-dballocator-TMP-oracle11gR2RAC/database/oracle11gR2RAC/eap_version/eap43/jdbc/jdbc3/jdk/java16_default/label/RHEL5_any/tmp/jboss-eap-4.3/jboss-as/server/default/lib/jbossws-spi.jar:/mnt/hudson_workspace/workspace/hibernate-eap43-annotations-qa-jvms-dballocator-TMP-oracle11gR2RAC/database/oracle11gR2RAC/eap_version/eap43/jdbc/jdbc3/jdk/java16_default/label/RHEL5_any/tmp/jboss-eap-4.3/jboss-as/server/default/lib/jmx-adaptor-plugin.jar:/mnt/hudson_workspace/workspace/hibernate-eap43-annotations-qa-jvms-dballocator-TMP-oracle11gR2RAC/database/oracle11gR2RAC/eap_version/eap43/jdbc/jdbc3/jdk/java16_default/label/RHEL5_any/tmp/jboss-eap-4.3/jboss-as/server/default/lib/jnpserver.jar:/mnt/hudson_workspace/workspace/hibernate-eap43-annotations-qa-jvms-dballocator-TMP-oracle11gR2RAC/database/oracle11gR2RAC/eap_version/eap43/jdbc/jdbc3/jdk/java16_default/label/RHEL5_any/tmp/jboss-eap-4.3/jboss-as/server/default/lib/joesnmp.jar:/mnt/hudson_workspace/workspace/hibernate-eap43-annotations-qa-jvms-dballocator-TMP-oracle11gR2RAC/database/oracle11gR2RAC/eap_version/eap43/jdbc/jdbc3/jdk/java16_default/label/RHEL5_any/tmp/jboss-eap-4.3/jboss-as/server/default/lib/jsp-api.jar:/mnt/hudson_workspace/workspace/hibernate-eap43-annotations-qa-jvms-dballocator-TMP-oracle11gR2RAC/database/oracle11gR2RAC/eap_version/eap43/jdbc/jdbc3/jdk/java16_default/label/RHEL5_any/tmp/jboss-eap-4.3/jboss-as/server/default/lib/log4j-snmp-appender.jar:/mnt/hudson_workspace/workspace/hibernate-eap43-annotations-qa-jvms-dballocator-TMP-oracle11gR2RAC/database/oracle11gR2RAC/eap_version/eap43/jdbc/jdbc3/jdk/java16_default/label/RHEL5_any/tmp/jboss-eap-4.3/jboss-as/server/default/lib/log4j.jar:/mnt/hudson_workspace/workspace/hibernate-eap43-annotations-qa-jvms-dballocator-TMP-oracle11gR2RAC/database/oracle11gR2RAC/eap_version/eap43/jdbc/jdbc3/jdk/java16_default/label/RHEL5_any/tmp/jboss-eap-4.3/jboss-as/server/default/lib/mail-plugin.jar:/mnt/hudson_workspace/workspace/hibernate-eap43-annotations-qa-jvms-dballocator-TMP-oracle11gR2RAC/database/oracle11gR2RAC/eap_version/eap43/jdbc/jdbc3/jdk/java16_default/label/RHEL5_any/tmp/jboss-eap-4.3/jboss-as/server/default/lib/mail.jar:/mnt/hudson_workspace/workspace/hibernate-eap43-annotations-qa-jvms-dballocator-TMP-oracle11gR2RAC/database/oracle11gR2RAC/eap_version/eap43/jdbc/jdbc3/jdk/java16_default/label/RHEL5_any/tmp/jboss-eap-4.3/jboss-as/server/default/lib/properties-plugin.jar:/mnt/hudson_workspace/workspace/hibernate-eap43-annotations-qa-jvms-dballocator-TMP-oracle11gR2RAC/database/oracle11gR2RAC/eap_version/eap43/jdbc/jdbc3/jdk/java16_default/label/RHEL5_any/tmp/jboss-eap-4.3/jboss-as/server/default/lib/quartz-all.jar:/mnt/hudson_workspace/workspace/hibernate-eap43-annotations-qa-jvms-dballocator-TMP-oracle11gR2RAC/database/oracle11gR2RAC/eap_version/eap43/jdbc/jdbc3/jdk/java16_default/label/RHEL5_any/tmp/jboss-eap-4.3/jboss-as/server/default/lib/scheduler-plugin-example.jar:/mnt/hudson_workspace/workspace/hibernate-eap43-annotations-qa-jvms-dballocator-TMP-oracle11gR2RAC/database/oracle11gR2RAC/eap_version/eap43/jdbc/jdbc3/jdk/java16_default/label/RHEL5_any/tmp/jboss-eap-4.3/jboss-as/server/default/lib/scheduler-plugin.jar:/mnt/hudson_workspace/workspace/hibernate-eap43-annotations-qa-jvms-dballocator-TMP-oracle11gR2RAC/database/oracle11gR2RAC/eap_version/eap43/jdbc/jdbc3/jdk/java16_default/label/RHEL5_any/tmp/jboss-eap-4.3/jboss-as/server/default/lib/servlet-api.jar:/mnt/hudson_workspace/workspace/hibernate-eap43-annotations-qa-jvms-dballocator-TMP-oracle11gR2RAC/database/oracle11gR2RAC/eap_version/eap43/jdbc/jdbc3/jdk/java16_default/label/RHEL5_any/tmp/jboss-eap-4.3/jboss-as/server/default/lib/xmlentitymgr.jar:/qa/tools/opt/apache-ant-1.6.5/lib/junit.jar:/qa/tools/opt/apache-ant-1.6.5/lib/ant-launcher.jar:/qa/tools/opt/apache-ant-1.6.5/lib/ant.jar:/qa/tools/opt/apache-ant-1.6.5/lib/ant-junit.jar"></property>
    <property name="ant.library.dir" value="/qa/tools/opt/apache-ant-1.6.5/lib"></property>
    <property name="os.arch" value="amd64"></property>
    <property name="dir.work" value="tmp"></property>
    <property name="db.maxpoolsize" value="50"></property>
    <property name="jdbc" value="jdbc3"></property>
    <property name="sun.java.launcher" value="SUN_STANDARD"></property>
    <property name="env.BUILD_ID" value="2010-11-15_23-55-31"></property>
    <property name="java.vm.specification.vendor" value="Sun Microsystems Inc."></property>
    <property name="file.separator" value="/"></property>
    <property name="dir.cobertura" value="tmp/cobertura"></property>
    <property name="java.runtime.version" value="1.6.0_20-b02"></property>
    <property name="sun.boot.class.path" value="/qa/tools/opt/x86_64/jdk1.6.0_20/jre/lib/resources.jar:/qa/tools/opt/x86_64/jdk1.6.0_20/jre/lib/rt.jar:/qa/tools/opt/x86_64/jdk1.6.0_20/jre/lib/sunrsasign.jar:/qa/tools/opt/x86_64/jdk1.6.0_20/jre/lib/jsse.jar:/qa/tools/opt/x86_64/jdk1.6.0_20/jre/lib/jce.jar:/qa/tools/opt/x86_64/jdk1.6.0_20/jre/lib/charsets.jar:/qa/tools/opt/x86_64/jdk1.6.0_20/jre/classes"></property>
    <property name="dir.lib" value="lib"></property>
    <property name="db.jdbc_url" value="jdbc:oracle:thin:@(DESCRIPTION=(LOAD_BALANCE=on)(ADDRESS=(PROTOCOL=TCP)(HOST=vmg27-vip.mw.lab.eng.bos.redhat.com)(PORT=1521))(ADDRESS=(PROTOCOL=TCP)(HOST=vmg28-vip.mw.lab.eng.bos.redhat.com)(PORT=1521))(CONNECT_DATA=(SERVICE_NAME=qarac.jboss)))"></property>
    <property name="db.password" value="dballo01"></property>
    <property name="env.WORKSPACE" value="/mnt/hudson_workspace/workspace/hibernate-eap43-annotations-qa-jvms-dballocator-TMP-oracle11gR2RAC/database/oracle11gR2RAC/eap_version/eap43/jdbc/jdbc3/jdk/java16_default/label/RHEL5_any"></property>
    <property name="eap_version" value="eap43"></property>
    <property name="env.ANT_HOME" value="/qa/tools/opt/apache-ant-1.6.5"></property>
    <property name="user.country" value="US"></property>
    <property name="env.EXECUTOR_NUMBER" value="0"></property>
    <property name="env.SHELL" value="/bin/bash"></property>
    <property name="dir.bin" value="tmp/bin"></property>
    <property name="java.vendor" value="Sun Microsystems Inc."></property>
    <property name="env.HUDSON_COOKIE" value="d8c31dd0-50cb-44ce-bf36-a94f2323ce45"></property>
    <property name="env.database" value="oracle11gR2RAC"></property>
    <property name="java.specification.version" value="1.6"></property>
    <property name="sun.arch.data.model" value="64"></property>
  </properties>
  <testcase classname="org.hibernate.test.annotations.ConfigurationTest" name="testDeclarativeMix" time="7.958"></testcase>
  <testcase classname="org.hibernate.test.annotations.ConfigurationTest" name="testIgnoringHbm" time="0.859"></testcase>
  <testcase classname="org.hibernate.test.annotations.ConfigurationTest" name="testPrecedenceHbm" time="10.984"></testcase>
  <testcase classname="org.hibernate.test.annotations.ConfigurationTest" name="testPrecedenceAnnotation" time="10.369"></testcase>
  <testcase classname="org.hibernate.test.annotations.ConfigurationTest" name="testDeclarativeAnnWoAnnConfig" time="0.027"></testcase>
  <testcase classname="org.hibernate.test.annotations.ConfigurationTest" name="testHbmWithSubclassExtends" time="1.489"></testcase>
  <testcase classname="org.hibernate.test.annotations.ConfigurationTest" name="testAnnReferencesHbm" time="1.806"></testcase>
  <system-out><![CDATA[23:57:46,530  INFO Version:15 - Hibernate Annotations 3.3.1.GA.CP04
23:57:46,551  INFO Environment:514 - Hibernate 3.2.4.sp1.cp11
23:57:46,556  INFO Environment:532 - loaded properties from resource hibernate.properties: {hibernate.connection.driver_class=oracle.jdbc.driver.OracleDriver, hibernate.cache.provider_class=org.hibernate.cache.HashtableCacheProvider, hibernate.dialect=org.hibernate.dialect.Oracle10gDialect, hibernate.max_fetch_depth=1, hibernate.jdbc.use_streams_for_binary=true , hibernate.format_sql=true, hibernate.query.substitutions=true 1, false 0, yes 'Y', no 'N', hibernate.connection.username=dballo01, hibernate.proxool.pool_alias=pool1, hibernate.cache.region_prefix=hibernate.test, hibernate.connection.url=jdbc:oracle:thin:@(DESCRIPTION=(LOAD_BALANCE=on)(ADDRESS=(PROTOCOL=TCP)(HOST=vmg27-vip.mw.lab.eng.bos.redhat.com)(PORT=1521))(ADDRESS=(PROTOCOL=TCP)(HOST=vmg28-vip.mw.lab.eng.bos.redhat.com)(PORT=1521))(CONNECT_DATA=(SERVICE_NAME=qarac.jboss))), hibernate.connection.password=****, hibernate.bytecode.use_reflection_optimizer=false, hibernate.jdbc.batch_versioned_data=false }
23:57:46,558  INFO Environment:563 - using java.io streams to persist binary types
23:57:46,559  INFO Environment:681 - Bytecode provider name : cglib
23:57:46,564  INFO Environment:598 - using JDK 1.4 java.sql.Timestamp handling
23:57:46,644  INFO Configuration:1432 - configuring from resource: org/hibernate/test/annotations/hibernate.cfg.xml
23:57:46,645  INFO Configuration:1409 - Configuration resource: org/hibernate/test/annotations/hibernate.cfg.xml
23:57:46,720  INFO Configuration:559 - Reading mappings from resource : org/hibernate/test/annotations/Boat.hbm.xml
23:57:46,821  INFO AnnotationConfiguration:169 - Mapping package org.hibernate.test.annotations
23:57:46,873  WARN AnnotationBinder:222 - Package not found or wo package-info.java: org.hibernate.test.annotations
23:57:46,887  INFO Configuration:1547 - Configured SessionFactory: null
23:57:46,991  INFO HbmBinder:300 - Mapping class: org.hibernate.test.annotations.Boat -> BoatInXml
23:57:47,017  INFO AnnotationBinder:418 - Binding entity from annotated class: org.hibernate.test.annotations.Plane
23:57:47,036  INFO QueryBinder:64 - Binding Named query: plane.byId => from Plane where id = :id
23:57:47,072  INFO EntityBinder:424 - Bind entity org.hibernate.test.annotations.Plane on table Plane
23:57:47,153  INFO Version:17 - Hibernate Validator 3.0.0.GA
23:57:47,227  INFO DriverManagerConnectionProvider:41 - Using Hibernate built-in connection pool (not for production use!)
23:57:47,228  INFO DriverManagerConnectionProvider:42 - Hibernate connection pool size: 20
23:57:47,228  INFO DriverManagerConnectionProvider:45 - autocommit mode: false
23:57:47,335  INFO DriverManagerConnectionProvider:80 - using driver: oracle.jdbc.driver.OracleDriver at URL: jdbc:oracle:thin:@(DESCRIPTION=(LOAD_BALANCE=on)(ADDRESS=(PROTOCOL=TCP)(HOST=vmg27-vip.mw.lab.eng.bos.redhat.com)(PORT=1521))(ADDRESS=(PROTOCOL=TCP)(HOST=vmg28-vip.mw.lab.eng.bos.redhat.com)(PORT=1521))(CONNECT_DATA=(SERVICE_NAME=qarac.jboss)))
23:57:47,336  INFO DriverManagerConnectionProvider:86 - connection properties: {user=dballo01, password=****}
23:57:51,568  INFO SettingsFactory:89 - RDBMS: Oracle, version: Oracle Database 11g Enterprise Edition Release 11.2.0.1.0 - 64bit Production
With the Partitioning, Real Application Clusters, Automatic Storage Management, OLAP,
Data Mining and Real Application Testing options
23:57:51,568  INFO SettingsFactory:90 - JDBC driver: Oracle JDBC driver, version: 11.2.0.2.0
23:57:51,586  INFO Dialect:152 - Using dialect: org.hibernate.dialect.Oracle10gDialect
23:57:51,618  INFO TransactionFactoryFactory:31 - Using default transaction strategy (direct JDBC transactions)
23:57:51,620  INFO TransactionManagerLookupFactory:33 - No TransactionManagerLookup configured (in JTA environment, use of read-write or transactional second-level cache is not recommended)
23:57:51,620  INFO SettingsFactory:143 - Automatic flush during beforeCompletion(): disabled
23:57:51,621  INFO SettingsFactory:147 - Automatic session close at end of transaction: disabled
23:57:51,621  INFO SettingsFactory:154 - JDBC batch size: 15
23:57:51,622  INFO SettingsFactory:157 - JDBC batch updates for versioned data: disabled
23:57:51,623  INFO SettingsFactory:162 - Scrollable result sets: enabled
23:57:51,623  INFO SettingsFactory:170 - JDBC3 getGeneratedKeys(): disabled
23:57:51,624  INFO SettingsFactory:178 - Connection release mode: auto
23:57:51,625  INFO SettingsFactory:202 - Maximum outer join fetch depth: 1
23:57:51,625  INFO SettingsFactory:205 - Default batch fetch size: 1
23:57:51,626  INFO SettingsFactory:209 - Generate SQL with comments: disabled
23:57:51,626  INFO SettingsFactory:213 - Order SQL updates by primary key: disabled
23:57:51,626  INFO SettingsFactory:217 - Order SQL inserts for batching: disabled
23:57:51,627  INFO SettingsFactory:391 - Query translator: org.hibernate.hql.ast.ASTQueryTranslatorFactory
23:57:51,629  INFO ASTQueryTranslatorFactory:24 - Using ASTQueryTranslatorFactory
23:57:51,630  INFO SettingsFactory:225 - Query language substitutions: {yes='Y', no='N', false=0, true=1}
23:57:51,630  INFO SettingsFactory:230 - JPA-QL strict compliance: disabled
23:57:51,631  INFO SettingsFactory:235 - Second-level cache: enabled
23:57:51,631  INFO SettingsFactory:239 - Query cache: disabled
23:57:51,632  INFO SettingsFactory:373 - Cache provider: org.hibernate.cache.HashtableCacheProvider
23:57:51,633  INFO SettingsFactory:254 - Optimize cache for minimal puts: disabled
23:57:51,633  INFO SettingsFactory:259 - Cache region prefix: hibernate.test
23:57:51,634  INFO SettingsFactory:263 - Structured second-level cache entries: disabled
23:57:51,639  INFO SettingsFactory:290 - Statistics: disabled
23:57:51,639  INFO SettingsFactory:294 - Deleted entity synthetic identifier rollback: disabled
23:57:51,640  INFO SettingsFactory:309 - Default entity-mode: pojo
23:57:51,640  INFO SettingsFactory:313 - Named query checking : enabled
23:57:51,675  INFO SessionFactoryImpl:161 - building session factory
23:57:51,931  INFO SessionFactoryObjectFactory:82 - Not binding factory to JNDI, no JNDI name configured
23:57:51,941  INFO SchemaExport:154 - Running hbm2ddl schema export
23:57:51,944 DEBUG SchemaExport:170 - import file not found: /import.sql
23:57:51,944  INFO SchemaExport:179 - exporting generated schema to database
23:57:52,010 DEBUG SchemaExport:303 - 
    drop table BoatInXml cascade constraints
23:57:52,417 DEBUG SchemaExport:288 - Unsuccessful: drop table BoatInXml cascade constraints
23:57:52,417 DEBUG SchemaExport:289 - ORA-00942: table or view does not exist

23:57:52,418 DEBUG SchemaExport:303 - 
    drop table Plane cascade constraints
23:57:52,455 DEBUG SchemaExport:288 - Unsuccessful: drop table Plane cascade constraints
23:57:52,455 DEBUG SchemaExport:289 - ORA-00942: table or view does not exist

23:57:52,455 DEBUG SchemaExport:303 - 
    drop sequence hibernate_sequence
23:57:52,608 DEBUG SchemaExport:303 - 
    create table BoatInXml (
        id number(10,0) not null,
        boat_size number(10,0),
        primary key (id)
    )
23:57:53,065 DEBUG SchemaExport:303 - 
    create table Plane (
        planetype varchar2(100 char) not null,
        id number(19,0) not null,
        alive number(1,0) not null,
        fld_altitude number(10,0),
        color varchar2(255 char) not null,
        serialnbr varchar2(255 char),
        nbrOfSeats number(10,0) not null,
        primary key (id)
    )
23:57:53,120 DEBUG SchemaExport:303 - 
    create sequence hibernate_sequence
23:57:53,153  INFO SchemaExport:196 - schema export complete
23:57:53,370 DEBUG SQL:424 - 
    select
        boat0_.id as id0_,
        boat0_.boat_size as boat2_0_ 
    from
        BoatInXml boat0_
23:57:53,483 DEBUG SQL:424 - 
    select
        plane0_.id as id1_,
        plane0_.alive as alive1_,
        plane0_.fld_altitude as fld4_1_,
        plane0_.color as color1_,
        plane0_.serialnbr as serialnbr1_,
        plane0_.nbrOfSeats as nbrOfSeats1_ 
    from
        Plane plane0_
23:57:53,503  INFO SessionFactoryImpl:769 - closing
23:57:53,504  INFO DriverManagerConnectionProvider:147 - cleaning up connection pool: jdbc:oracle:thin:@(DESCRIPTION=(LOAD_BALANCE=on)(ADDRESS=(PROTOCOL=TCP)(HOST=vmg27-vip.mw.lab.eng.bos.redhat.com)(PORT=1521))(ADDRESS=(PROTOCOL=TCP)(HOST=vmg28-vip.mw.lab.eng.bos.redhat.com)(PORT=1521))(CONNECT_DATA=(SERVICE_NAME=qarac.jboss)))
23:57:53,511  INFO SchemaExport:154 - Running hbm2ddl schema export
23:57:53,512 DEBUG SchemaExport:170 - import file not found: /import.sql
23:57:53,512  INFO SchemaExport:179 - exporting generated schema to database
23:57:53,635 DEBUG SchemaExport:303 - 
    drop table BoatInXml cascade constraints
23:57:54,218 DEBUG SchemaExport:303 - 
    drop table Plane cascade constraints
23:57:54,334 DEBUG SchemaExport:303 - 
    drop sequence hibernate_sequence
23:57:54,358  INFO SchemaExport:196 - schema export complete
23:57:54,360  INFO Configuration:1432 - configuring from resource: org/hibernate/test/annotations/hibernate.cfg.xml
23:57:54,360  INFO Configuration:1409 - Configuration resource: org/hibernate/test/annotations/hibernate.cfg.xml
23:57:54,367  INFO Configuration:559 - Reading mappings from resource : org/hibernate/test/annotations/Boat.hbm.xml
23:57:54,406  INFO AnnotationConfiguration:169 - Mapping package org.hibernate.test.annotations
23:57:54,407  WARN AnnotationBinder:222 - Package not found or wo package-info.java: org.hibernate.test.annotations
23:57:54,408  INFO Configuration:1547 - Configured SessionFactory: null
23:57:54,411  INFO AnnotationBinder:418 - Binding entity from annotated class: org.hibernate.test.annotations.Plane
23:57:54,412  INFO QueryBinder:64 - Binding Named query: plane.byId => from Plane where id = :id
23:57:54,414  INFO EntityBinder:424 - Bind entity org.hibernate.test.annotations.Plane on table Plane
23:57:54,424  WARN AnnotationConfiguration:551 - Unknown artifact: whatever
23:57:54,428  INFO DriverManagerConnectionProvider:41 - Using Hibernate built-in connection pool (not for production use!)
23:57:54,428  INFO DriverManagerConnectionProvider:42 - Hibernate connection pool size: 20
23:57:54,429  INFO DriverManagerConnectionProvider:45 - autocommit mode: false
23:57:54,429  INFO DriverManagerConnectionProvider:80 - using driver: oracle.jdbc.driver.OracleDriver at URL: jdbc:oracle:thin:@(DESCRIPTION=(LOAD_BALANCE=on)(ADDRESS=(PROTOCOL=TCP)(HOST=vmg27-vip.mw.lab.eng.bos.redhat.com)(PORT=1521))(ADDRESS=(PROTOCOL=TCP)(HOST=vmg28-vip.mw.lab.eng.bos.redhat.com)(PORT=1521))(CONNECT_DATA=(SERVICE_NAME=qarac.jboss)))
23:57:54,429  INFO DriverManagerConnectionProvider:86 - connection properties: {user=dballo01, password=****}
23:57:54,550  INFO SettingsFactory:89 - RDBMS: Oracle, version: Oracle Database 11g Enterprise Edition Release 11.2.0.1.0 - 64bit Production
With the Partitioning, Real Application Clusters, Automatic Storage Management, OLAP,
Data Mining and Real Application Testing options
23:57:54,551  INFO SettingsFactory:90 - JDBC driver: Oracle JDBC driver, version: 11.2.0.2.0
23:57:54,551  INFO Dialect:152 - Using dialect: org.hibernate.dialect.Oracle10gDialect
23:57:54,552  INFO TransactionFactoryFactory:31 - Using default transaction strategy (direct JDBC transactions)
23:57:54,553  INFO TransactionManagerLookupFactory:33 - No TransactionManagerLookup configured (in JTA environment, use of read-write or transactional second-level cache is not recommended)
23:57:54,553  INFO SettingsFactory:143 - Automatic flush during beforeCompletion(): disabled
23:57:54,553  INFO SettingsFactory:147 - Automatic session close at end of transaction: disabled
23:57:54,554  INFO SettingsFactory:154 - JDBC batch size: 15
23:57:54,554  INFO SettingsFactory:157 - JDBC batch updates for versioned data: disabled
23:57:54,555  INFO SettingsFactory:162 - Scrollable result sets: enabled
23:57:54,555  INFO SettingsFactory:170 - JDBC3 getGeneratedKeys(): disabled
23:57:54,555  INFO SettingsFactory:178 - Connection release mode: auto
23:57:54,556  INFO SettingsFactory:202 - Maximum outer join fetch depth: 1
23:57:54,556  INFO SettingsFactory:205 - Default batch fetch size: 1
23:57:54,556  INFO SettingsFactory:209 - Generate SQL with comments: disabled
23:57:54,557  INFO SettingsFactory:213 - Order SQL updates by primary key: disabled
23:57:54,557  INFO SettingsFactory:217 - Order SQL inserts for batching: disabled
23:57:54,557  INFO SettingsFactory:391 - Query translator: org.hibernate.hql.ast.ASTQueryTranslatorFactory
23:57:54,558  INFO ASTQueryTranslatorFactory:24 - Using ASTQueryTranslatorFactory
23:57:54,558  INFO SettingsFactory:225 - Query language substitutions: {yes='Y', no='N', false=0, true=1}
23:57:54,559  INFO SettingsFactory:230 - JPA-QL strict compliance: disabled
23:57:54,559  INFO SettingsFactory:235 - Second-level cache: enabled
23:57:54,559  INFO SettingsFactory:239 - Query cache: disabled
23:57:54,560  INFO SettingsFactory:373 - Cache provider: org.hibernate.cache.HashtableCacheProvider
23:57:54,560  INFO SettingsFactory:254 - Optimize cache for minimal puts: disabled
23:57:54,561  INFO SettingsFactory:259 - Cache region prefix: hibernate.test
23:57:54,561  INFO SettingsFactory:263 - Structured second-level cache entries: disabled
23:57:54,561  INFO SettingsFactory:290 - Statistics: disabled
23:57:54,562  INFO SettingsFactory:294 - Deleted entity synthetic identifier rollback: disabled
23:57:54,562  INFO SettingsFactory:309 - Default entity-mode: pojo
23:57:54,562  INFO SettingsFactory:313 - Named query checking : enabled
23:57:54,569  INFO SessionFactoryImpl:161 - building session factory
23:57:54,574  INFO SessionFactoryObjectFactory:82 - Not binding factory to JNDI, no JNDI name configured
23:57:54,575  WARN AnnotationConfiguration:551 - Unknown artifact: whatever
23:57:54,577  WARN AnnotationConfiguration:551 - Unknown artifact: whatever
23:57:54,579  INFO SchemaExport:154 - Running hbm2ddl schema export
23:57:54,580 DEBUG SchemaExport:170 - import file not found: /import.sql
23:57:54,580  INFO SchemaExport:179 - exporting generated schema to database
23:57:54,581 DEBUG SchemaExport:303 - 
    drop table Plane cascade constraints
23:57:54,629 DEBUG SchemaExport:288 - Unsuccessful: drop table Plane cascade constraints
23:57:54,630 DEBUG SchemaExport:289 - ORA-00942: table or view does not exist

23:57:54,630 DEBUG SchemaExport:303 - 
    drop sequence hibernate_sequence
23:57:54,659 DEBUG SchemaExport:288 - Unsuccessful: drop sequence hibernate_sequence
23:57:54,660 DEBUG SchemaExport:289 - ORA-02289: sequence does not exist

23:57:54,660 DEBUG SchemaExport:303 - 
    create table Plane (
        planetype varchar2(100 char) not null,
        id number(19,0) not null,
        alive number(1,0) not null,
        fld_altitude number(10,0),
        color varchar2(255 char) not null,
        serialnbr varchar2(255 char),
        nbrOfSeats number(10,0) not null,
        primary key (id)
    )
23:57:54,802 DEBUG SchemaExport:303 - 
    create sequence hibernate_sequence
23:57:54,823  INFO SchemaExport:196 - schema export complete
23:57:54,824  WARN AnnotationConfiguration:551 - Unknown artifact: whatever
23:57:54,825  WARN AnnotationConfiguration:551 - Unknown artifact: whatever
23:57:54,837 DEBUG SQL:424 - 
    select
        plane0_.id as id4_,
        plane0_.alive as alive4_,
        plane0_.fld_altitude as fld4_4_,
        plane0_.color as color4_,
        plane0_.serialnbr as serialnbr4_,
        plane0_.nbrOfSeats as nbrOfSeats4_ 
    from
        Plane plane0_
23:57:54,846  INFO SessionFactoryImpl:769 - closing
23:57:54,847  INFO DriverManagerConnectionProvider:147 - cleaning up connection pool: jdbc:oracle:thin:@(DESCRIPTION=(LOAD_BALANCE=on)(ADDRESS=(PROTOCOL=TCP)(HOST=vmg27-vip.mw.lab.eng.bos.redhat.com)(PORT=1521))(ADDRESS=(PROTOCOL=TCP)(HOST=vmg28-vip.mw.lab.eng.bos.redhat.com)(PORT=1521))(CONNECT_DATA=(SERVICE_NAME=qarac.jboss)))
23:57:54,854  INFO SchemaExport:154 - Running hbm2ddl schema export
23:57:54,855 DEBUG SchemaExport:170 - import file not found: /import.sql
23:57:54,855  INFO SchemaExport:179 - exporting generated schema to database
23:57:54,984 DEBUG SchemaExport:303 - 
    drop table Plane cascade constraints
23:57:55,199 DEBUG SchemaExport:303 - 
    drop sequence hibernate_sequence
23:57:55,219  INFO SchemaExport:196 - schema export complete
23:57:55,220  INFO Configuration:1432 - configuring from resource: org/hibernate/test/annotations/hibernate.cfg.xml
23:57:55,220  INFO Configuration:1409 - Configuration resource: org/hibernate/test/annotations/hibernate.cfg.xml
23:57:55,225  INFO Configuration:559 - Reading mappings from resource : org/hibernate/test/annotations/Boat.hbm.xml
23:57:55,251  INFO AnnotationConfiguration:169 - Mapping package org.hibernate.test.annotations
23:57:55,252  WARN AnnotationBinder:222 - Package not found or wo package-info.java: org.hibernate.test.annotations
23:57:55,253  INFO Configuration:1547 - Configured SessionFactory: null
23:57:55,255  INFO HbmBinder:300 - Mapping class: org.hibernate.test.annotations.Boat -> BoatInXml
23:57:55,256  INFO AnnotationBinder:418 - Binding entity from annotated class: org.hibernate.test.annotations.Plane
23:57:55,257  INFO QueryBinder:64 - Binding Named query: plane.byId => from Plane where id = :id
23:57:55,258  INFO EntityBinder:424 - Bind entity org.hibernate.test.annotations.Plane on table Plane
23:57:55,269  INFO DriverManagerConnectionProvider:41 - Using Hibernate built-in connection pool (not for production use!)
23:57:55,270  INFO DriverManagerConnectionProvider:42 - Hibernate connection pool size: 20
23:57:55,270  INFO DriverManagerConnectionProvider:45 - autocommit mode: false
23:57:55,270  INFO DriverManagerConnectionProvider:80 - using driver: oracle.jdbc.driver.OracleDriver at URL: jdbc:oracle:thin:@(DESCRIPTION=(LOAD_BALANCE=on)(ADDRESS=(PROTOCOL=TCP)(HOST=vmg27-vip.mw.lab.eng.bos.redhat.com)(PORT=1521))(ADDRESS=(PROTOCOL=TCP)(HOST=vmg28-vip.mw.lab.eng.bos.redhat.com)(PORT=1521))(CONNECT_DATA=(SERVICE_NAME=qarac.jboss)))
23:57:55,271  INFO DriverManagerConnectionProvider:86 - connection properties: {user=dballo01, password=****}
23:57:55,399  INFO SettingsFactory:89 - RDBMS: Oracle, version: Oracle Database 11g Enterprise Edition Release 11.2.0.1.0 - 64bit Production
With the Partitioning, Real Application Clusters, Automatic Storage Management, OLAP,
Data Mining and Real Application Testing options
23:57:55,399  INFO SettingsFactory:90 - JDBC driver: Oracle JDBC driver, version: 11.2.0.2.0
23:57:55,400  INFO Dialect:152 - Using dialect: org.hibernate.dialect.Oracle10gDialect
23:57:55,401  INFO TransactionFactoryFactory:31 - Using default transaction strategy (direct JDBC transactions)
23:57:55,401  INFO TransactionManagerLookupFactory:33 - No TransactionManagerLookup configured (in JTA environment, use of read-write or transactional second-level cache is not recommended)
23:57:55,401  INFO SettingsFactory:143 - Automatic flush during beforeCompletion(): disabled
23:57:55,402  INFO SettingsFactory:147 - Automatic session close at end of transaction: disabled
23:57:55,402  INFO SettingsFactory:154 - JDBC batch size: 15
23:57:55,402  INFO SettingsFactory:157 - JDBC batch updates for versioned data: disabled
23:57:55,403  INFO SettingsFactory:162 - Scrollable result sets: enabled
23:57:55,403  INFO SettingsFactory:170 - JDBC3 getGeneratedKeys(): disabled
23:57:55,403  INFO SettingsFactory:178 - Connection release mode: auto
23:57:55,404  INFO SettingsFactory:202 - Maximum outer join fetch depth: 1
23:57:55,404  INFO SettingsFactory:205 - Default batch fetch size: 1
23:57:55,404  INFO SettingsFactory:209 - Generate SQL with comments: disabled
23:57:55,405  INFO SettingsFactory:213 - Order SQL updates by primary key: disabled
23:57:55,405  INFO SettingsFactory:217 - Order SQL inserts for batching: disabled
23:57:55,405  INFO SettingsFactory:391 - Query translator: org.hibernate.hql.ast.ASTQueryTranslatorFactory
23:57:55,406  INFO ASTQueryTranslatorFactory:24 - Using ASTQueryTranslatorFactory
23:57:55,406  INFO SettingsFactory:225 - Query language substitutions: {yes='Y', no='N', false=0, true=1}
23:57:55,407  INFO SettingsFactory:230 - JPA-QL strict compliance: disabled
23:57:55,407  INFO SettingsFactory:235 - Second-level cache: enabled
23:57:55,407  INFO SettingsFactory:239 - Query cache: disabled
23:57:55,408  INFO SettingsFactory:373 - Cache provider: org.hibernate.cache.HashtableCacheProvider
23:57:55,408  INFO SettingsFactory:254 - Optimize cache for minimal puts: disabled
23:57:55,408  INFO SettingsFactory:259 - Cache region prefix: hibernate.test
23:57:55,409  INFO SettingsFactory:263 - Structured second-level cache entries: disabled
23:57:55,409  INFO SettingsFactory:290 - Statistics: disabled
23:57:55,409  INFO SettingsFactory:294 - Deleted entity synthetic identifier rollback: disabled
23:57:55,410  INFO SettingsFactory:309 - Default entity-mode: pojo
23:57:55,410  INFO SettingsFactory:313 - Named query checking : enabled
23:57:55,417  INFO SessionFactoryImpl:161 - building session factory
23:57:55,426  INFO SessionFactoryObjectFactory:82 - Not binding factory to JNDI, no JNDI name configured
23:57:55,430  INFO SchemaExport:154 - Running hbm2ddl schema export
23:57:55,432 DEBUG SchemaExport:170 - import file not found: /import.sql
23:57:55,432  INFO SchemaExport:179 - exporting generated schema to database
23:57:55,433 DEBUG SchemaExport:303 - 
    drop table BoatInXml cascade constraints
23:57:55,478 DEBUG SchemaExport:288 - Unsuccessful: drop table BoatInXml cascade constraints
23:57:55,478 DEBUG SchemaExport:289 - ORA-00942: table or view does not exist

23:57:55,479 DEBUG SchemaExport:303 - 
    drop table Plane cascade constraints
23:57:55,494 DEBUG SchemaExport:288 - Unsuccessful: drop table Plane cascade constraints
23:57:55,494 DEBUG SchemaExport:289 - ORA-00942: table or view does not exist

23:57:55,495 DEBUG SchemaExport:303 - 
    drop sequence hibernate_sequence
23:57:55,500 DEBUG SchemaExport:288 - Unsuccessful: drop sequence hibernate_sequence
23:57:55,500 DEBUG SchemaExport:289 - ORA-02289: sequence does not exist

23:57:55,500 DEBUG SchemaExport:303 - 
    create table BoatInXml (
        id number(10,0) not null,
        boat_size number(10,0),
        primary key (id)
    )
23:57:55,571 DEBUG SchemaExport:303 - 
    create table Plane (
        planetype varchar2(100 char) not null,
        id number(19,0) not null,
        alive number(1,0) not null,
        fld_altitude number(10,0),
        color varchar2(255 char) not null,
        serialnbr varchar2(255 char),
        nbrOfSeats number(10,0) not null,
        primary key (id)
    )
23:57:55,690 DEBUG SchemaExport:303 - 
    create sequence hibernate_sequence
23:57:55,709  INFO SchemaExport:196 - schema export complete
23:57:55,722 DEBUG SQL:424 - 
    select
        hibernate_sequence.nextval 
    from
        dual
23:57:55,763 DEBUG SQL:424 - 
    insert 
    into
        BoatInXml
        (boat_size, id) 
    values
        (?, ?)
23:58:05,657 DEBUG SQL:424 - 
    select
        boat0_.id as id6_0_,
        boat0_.boat_size as boat2_6_0_ 
    from
        BoatInXml boat0_ 
    where
        boat0_.id=?
23:58:05,667 DEBUG SQL:424 - 
    delete 
    from
        BoatInXml 
    where
        id=?
23:58:05,673  INFO SessionFactoryImpl:769 - closing
23:58:05,674  INFO DriverManagerConnectionProvider:147 - cleaning up connection pool: jdbc:oracle:thin:@(DESCRIPTION=(LOAD_BALANCE=on)(ADDRESS=(PROTOCOL=TCP)(HOST=vmg27-vip.mw.lab.eng.bos.redhat.com)(PORT=1521))(ADDRESS=(PROTOCOL=TCP)(HOST=vmg28-vip.mw.lab.eng.bos.redhat.com)(PORT=1521))(CONNECT_DATA=(SERVICE_NAME=qarac.jboss)))
23:58:05,680  INFO SchemaExport:154 - Running hbm2ddl schema export
23:58:05,681 DEBUG SchemaExport:170 - import file not found: /import.sql
23:58:05,681  INFO SchemaExport:179 - exporting generated schema to database
23:58:05,815 DEBUG SchemaExport:303 - 
    drop table BoatInXml cascade constraints
23:58:06,007 DEBUG SchemaExport:303 - 
    drop table Plane cascade constraints
23:58:06,177 DEBUG SchemaExport:303 - 
    drop sequence hibernate_sequence
23:58:06,202  INFO SchemaExport:196 - schema export complete
23:58:06,204  INFO Configuration:1432 - configuring from resource: org/hibernate/test/annotations/hibernate.cfg.xml
23:58:06,204  INFO Configuration:1409 - Configuration resource: org/hibernate/test/annotations/hibernate.cfg.xml
23:58:06,210  INFO Configuration:559 - Reading mappings from resource : org/hibernate/test/annotations/Boat.hbm.xml
23:58:06,234  INFO AnnotationConfiguration:169 - Mapping package org.hibernate.test.annotations
23:58:06,235  WARN AnnotationBinder:222 - Package not found or wo package-info.java: org.hibernate.test.annotations
23:58:06,235  INFO Configuration:1547 - Configured SessionFactory: null
23:58:06,248  INFO DriverManagerConnectionProvider:147 - cleaning up connection pool: jdbc:oracle:thin:@(DESCRIPTION=(LOAD_BALANCE=on)(ADDRESS=(PROTOCOL=TCP)(HOST=vmg27-vip.mw.lab.eng.bos.redhat.com)(PORT=1521))(ADDRESS=(PROTOCOL=TCP)(HOST=vmg28-vip.mw.lab.eng.bos.redhat.com)(PORT=1521))(CONNECT_DATA=(SERVICE_NAME=qarac.jboss)))
23:58:06,249  INFO AnnotationBinder:418 - Binding entity from annotated class: org.hibernate.test.annotations.Plane
23:58:06,251  INFO QueryBinder:64 - Binding Named query: plane.byId => from Plane where id = :id
23:58:06,252  INFO EntityBinder:424 - Bind entity org.hibernate.test.annotations.Plane on table Plane
23:58:06,252  WARN DriverManagerConnectionProvider:155 - problem closing pooled connection
java.sql.SQLException: IO Error: Socket closed
	at oracle.jdbc.driver.T4CConnection.logoff(T4CConnection.java:511)
	at oracle.jdbc.driver.PhysicalConnection.close(PhysicalConnection.java:3915)
	at org.hibernate.connection.DriverManagerConnectionProvider.close(DriverManagerConnectionProvider.java:152)
	at org.hibernate.connection.DriverManagerConnectionProvider.finalize(DriverManagerConnectionProvider.java:142)
	at java.lang.ref.Finalizer.invokeFinalizeMethod(Native Method)
	at java.lang.ref.Finalizer.runFinalizer(Finalizer.java:83)
	at java.lang.ref.Finalizer.access$100(Finalizer.java:14)
	at java.lang.ref.Finalizer$FinalizerThread.run(Finalizer.java:160)
Caused by: java.net.SocketException: Socket closed
	at java.net.SocketOutputStream.socketWrite(SocketOutputStream.java:99)
	at java.net.SocketOutputStream.write(SocketOutputStream.java:136)
	at oracle.net.ns.DataPacket.send(DataPacket.java:199)
	at oracle.net.ns.NetOutputStream.flush(NetOutputStream.java:211)
	at oracle.net.ns.NetInputStream.getNextPacket(NetInputStream.java:227)
	at oracle.net.ns.NetInputStream.read(NetInputStream.java:175)
	at oracle.net.ns.NetInputStream.read(NetInputStream.java:100)
	at oracle.net.ns.NetInputStream.read(NetInputStream.java:85)
	at oracle.jdbc.driver.T4CSocketInputStreamWrapper.readNextPacket(T4CSocketInputStreamWrapper.java:123)
	at oracle.jdbc.driver.T4CSocketInputStreamWrapper.read(T4CSocketInputStreamWrapper.java:79)
	at oracle.jdbc.driver.T4CMAREngine.unmarshalUB1(T4CMAREngine.java:1122)
	at oracle.jdbc.driver.T4CMAREngine.unmarshalSB1(T4CMAREngine.java:1099)
	at oracle.jdbc.driver.T4CTTIfun.receive(T4CTTIfun.java:288)
	at oracle.jdbc.driver.T4CTTIfun.doRPC(T4CTTIfun.java:191)
	at oracle.jdbc.driver.T4C7Ocommoncall.doOLOGOFF(T4C7Ocommoncall.java:61)
	at oracle.jdbc.driver.T4CConnection.logoff(T4CConnection.java:498)
	... 7 more
23:58:06,255  INFO DriverManagerConnectionProvider:147 - cleaning up connection pool: jdbc:oracle:thin:@(DESCRIPTION=(LOAD_BALANCE=on)(ADDRESS=(PROTOCOL=TCP)(HOST=vmg27-vip.mw.lab.eng.bos.redhat.com)(PORT=1521))(ADDRESS=(PROTOCOL=TCP)(HOST=vmg28-vip.mw.lab.eng.bos.redhat.com)(PORT=1521))(CONNECT_DATA=(SERVICE_NAME=qarac.jboss)))
23:58:06,256  WARN DriverManagerConnectionProvider:155 - problem closing pooled connection
java.sql.SQLException: IO Error: Socket closed
	at oracle.jdbc.driver.T4CConnection.logoff(T4CConnection.java:511)
	at oracle.jdbc.driver.PhysicalConnection.close(PhysicalConnection.java:3915)
	at org.hibernate.connection.DriverManagerConnectionProvider.close(DriverManagerConnectionProvider.java:152)
	at org.hibernate.connection.DriverManagerConnectionProvider.finalize(DriverManagerConnectionProvider.java:142)
	at java.lang.ref.Finalizer.invokeFinalizeMethod(Native Method)
	at java.lang.ref.Finalizer.runFinalizer(Finalizer.java:83)
	at java.lang.ref.Finalizer.access$100(Finalizer.java:14)
	at java.lang.ref.Finalizer$FinalizerThread.run(Finalizer.java:160)
Caused by: java.net.SocketException: Socket closed
	at java.net.SocketOutputStream.socketWrite(SocketOutputStream.java:99)
	at java.net.SocketOutputStream.write(SocketOutputStream.java:136)
	at oracle.net.ns.DataPacket.send(DataPacket.java:199)
	at oracle.net.ns.NetOutputStream.flush(NetOutputStream.java:211)
	at oracle.net.ns.NetInputStream.getNextPacket(NetInputStream.java:227)
	at oracle.net.ns.NetInputStream.read(NetInputStream.java:175)
	at oracle.net.ns.NetInputStream.read(NetInputStream.java:100)
	at oracle.net.ns.NetInputStream.read(NetInputStream.java:85)
	at oracle.jdbc.driver.T4CSocketInputStreamWrapper.readNextPacket(T4CSocketInputStreamWrapper.java:123)
	at oracle.jdbc.driver.T4CSocketInputStreamWrapper.read(T4CSocketInputStreamWrapper.java:79)
	at oracle.jdbc.driver.T4CMAREngine.unmarshalUB1(T4CMAREngine.java:1122)
	at oracle.jdbc.driver.T4CMAREngine.unmarshalSB1(T4CMAREngine.java:1099)
	at oracle.jdbc.driver.T4CTTIfun.receive(T4CTTIfun.java:288)
	at oracle.jdbc.driver.T4CTTIfun.doRPC(T4CTTIfun.java:191)
	at oracle.jdbc.driver.T4C7Ocommoncall.doOLOGOFF(T4C7Ocommoncall.java:61)
	at oracle.jdbc.driver.T4CConnection.logoff(T4CConnection.java:498)
	... 7 more
23:58:06,257  INFO DriverManagerConnectionProvider:147 - cleaning up connection pool: jdbc:oracle:thin:@(DESCRIPTION=(LOAD_BALANCE=on)(ADDRESS=(PROTOCOL=TCP)(HOST=vmg27-vip.mw.lab.eng.bos.redhat.com)(PORT=1521))(ADDRESS=(PROTOCOL=TCP)(HOST=vmg28-vip.mw.lab.eng.bos.redhat.com)(PORT=1521))(CONNECT_DATA=(SERVICE_NAME=qarac.jboss)))
23:58:06,258  WARN DriverManagerConnectionProvider:155 - problem closing pooled connection
java.sql.SQLException: IO Error: Socket closed
	at oracle.jdbc.driver.T4CConnection.logoff(T4CConnection.java:511)
	at oracle.jdbc.driver.PhysicalConnection.close(PhysicalConnection.java:3915)
	at org.hibernate.connection.DriverManagerConnectionProvider.close(DriverManagerConnectionProvider.java:152)
	at org.hibernate.connection.DriverManagerConnectionProvider.finalize(DriverManagerConnectionProvider.java:142)
	at java.lang.ref.Finalizer.invokeFinalizeMethod(Native Method)
	at java.lang.ref.Finalizer.runFinalizer(Finalizer.java:83)
	at java.lang.ref.Finalizer.access$100(Finalizer.java:14)
	at java.lang.ref.Finalizer$FinalizerThread.run(Finalizer.java:160)
Caused by: java.net.SocketException: Socket closed
	at java.net.SocketOutputStream.socketWrite(SocketOutputStream.java:99)
	at java.net.SocketOutputStream.write(SocketOutputStream.java:136)
	at oracle.net.ns.DataPacket.send(DataPacket.java:199)
	at oracle.net.ns.NetOutputStream.flush(NetOutputStream.java:211)
	at oracle.net.ns.NetInputStream.getNextPacket(NetInputStream.java:227)
	at oracle.net.ns.NetInputStream.read(NetInputStream.java:175)
	at oracle.net.ns.NetInputStream.read(NetInputStream.java:100)
	at oracle.net.ns.NetInputStream.read(NetInputStream.java:85)
	at oracle.jdbc.driver.T4CSocketInputStreamWrapper.readNextPacket(T4CSocketInputStreamWrapper.java:123)
	at oracle.jdbc.driver.T4CSocketInputStreamWrapper.read(T4CSocketInputStreamWrapper.java:79)
	at oracle.jdbc.driver.T4CMAREngine.unmarshalUB1(T4CMAREngine.java:1122)
	at oracle.jdbc.driver.T4CMAREngine.unmarshalSB1(T4CMAREngine.java:1099)
	at oracle.jdbc.driver.T4CTTIfun.receive(T4CTTIfun.java:288)
	at oracle.jdbc.driver.T4CTTIfun.doRPC(T4CTTIfun.java:191)
	at oracle.jdbc.driver.T4C7Ocommoncall.doOLOGOFF(T4C7Ocommoncall.java:61)
	at oracle.jdbc.driver.T4CConnection.logoff(T4CConnection.java:498)
	... 7 more
23:58:06,259  INFO AnnotationBinder:418 - Binding entity from annotated class: org.hibernate.test.annotations.Boat
23:58:06,260  INFO EntityBinder:424 - Bind entity org.hibernate.test.annotations.Boat on table Boat
23:58:06,267  INFO DriverManagerConnectionProvider:41 - Using Hibernate built-in connection pool (not for production use!)
23:58:06,268  INFO DriverManagerConnectionProvider:42 - Hibernate connection pool size: 20
23:58:06,268  INFO DriverManagerConnectionProvider:45 - autocommit mode: false
23:58:06,268  INFO DriverManagerConnectionProvider:80 - using driver: oracle.jdbc.driver.OracleDriver at URL: jdbc:oracle:thin:@(DESCRIPTION=(LOAD_BALANCE=on)(ADDRESS=(PROTOCOL=TCP)(HOST=vmg27-vip.mw.lab.eng.bos.redhat.com)(PORT=1521))(ADDRESS=(PROTOCOL=TCP)(HOST=vmg28-vip.mw.lab.eng.bos.redhat.com)(PORT=1521))(CONNECT_DATA=(SERVICE_NAME=qarac.jboss)))
23:58:06,269  INFO DriverManagerConnectionProvider:86 - connection properties: {user=dballo01, password=****}
23:58:06,420  INFO SettingsFactory:89 - RDBMS: Oracle, version: Oracle Database 11g Enterprise Edition Release 11.2.0.1.0 - 64bit Production
With the Partitioning, Real Application Clusters, Automatic Storage Management, OLAP,
Data Mining and Real Application Testing options
23:58:06,421  INFO SettingsFactory:90 - JDBC driver: Oracle JDBC driver, version: 11.2.0.2.0
23:58:06,421  INFO Dialect:152 - Using dialect: org.hibernate.dialect.Oracle10gDialect
23:58:06,422  INFO TransactionFactoryFactory:31 - Using default transaction strategy (direct JDBC transactions)
23:58:06,422  INFO TransactionManagerLookupFactory:33 - No TransactionManagerLookup configured (in JTA environment, use of read-write or transactional second-level cache is not recommended)
23:58:06,423  INFO SettingsFactory:143 - Automatic flush during beforeCompletion(): disabled
23:58:06,423  INFO SettingsFactory:147 - Automatic session close at end of transaction: disabled
23:58:06,423  INFO SettingsFactory:154 - JDBC batch size: 15
23:58:06,423  INFO SettingsFactory:157 - JDBC batch updates for versioned data: disabled
23:58:06,424  INFO SettingsFactory:162 - Scrollable result sets: enabled
23:58:06,424  INFO SettingsFactory:170 - JDBC3 getGeneratedKeys(): disabled
23:58:06,424  INFO SettingsFactory:178 - Connection release mode: auto
23:58:06,424  INFO SettingsFactory:202 - Maximum outer join fetch depth: 1
23:58:06,425  INFO SettingsFactory:205 - Default batch fetch size: 1
23:58:06,425  INFO SettingsFactory:209 - Generate SQL with comments: disabled
23:58:06,425  INFO SettingsFactory:213 - Order SQL updates by primary key: disabled
23:58:06,426  INFO SettingsFactory:217 - Order SQL inserts for batching: disabled
23:58:06,426  INFO SettingsFactory:391 - Query translator: org.hibernate.hql.ast.ASTQueryTranslatorFactory
23:58:06,426  INFO ASTQueryTranslatorFactory:24 - Using ASTQueryTranslatorFactory
23:58:06,426  INFO SettingsFactory:225 - Query language substitutions: {yes='Y', no='N', false=0, true=1}
23:58:06,427  INFO SettingsFactory:230 - JPA-QL strict compliance: disabled
23:58:06,427  INFO SettingsFactory:235 - Second-level cache: enabled
23:58:06,427  INFO SettingsFactory:239 - Query cache: disabled
23:58:06,428  INFO SettingsFactory:373 - Cache provider: org.hibernate.cache.HashtableCacheProvider
23:58:06,428  INFO SettingsFactory:254 - Optimize cache for minimal puts: disabled
23:58:06,428  INFO SettingsFactory:259 - Cache region prefix: hibernate.test
23:58:06,428  INFO SettingsFactory:263 - Structured second-level cache entries: disabled
23:58:06,429  INFO SettingsFactory:290 - Statistics: disabled
23:58:06,429  INFO SettingsFactory:294 - Deleted entity synthetic identifier rollback: disabled
23:58:06,429  INFO SettingsFactory:309 - Default entity-mode: pojo
23:58:06,429  INFO SettingsFactory:313 - Named query checking : enabled
23:58:06,437  INFO SessionFactoryImpl:161 - building session factory
23:58:06,445  INFO SessionFactoryObjectFactory:82 - Not binding factory to JNDI, no JNDI name configured
23:58:06,450  INFO SchemaExport:154 - Running hbm2ddl schema export
23:58:06,450 DEBUG SchemaExport:170 - import file not found: /import.sql
23:58:06,451  INFO SchemaExport:179 - exporting generated schema to database
23:58:06,452 DEBUG SchemaExport:303 - 
    drop table Boat cascade constraints
23:58:06,491 DEBUG SchemaExport:288 - Unsuccessful: drop table Boat cascade constraints
23:58:06,492 DEBUG SchemaExport:289 - ORA-00942: table or view does not exist

23:58:06,492 DEBUG SchemaExport:303 - 
    drop table Plane cascade constraints
23:58:06,508 DEBUG SchemaExport:288 - Unsuccessful: drop table Plane cascade constraints
23:58:06,508 DEBUG SchemaExport:289 - ORA-00942: table or view does not exist

23:58:06,508 DEBUG SchemaExport:303 - 
    drop sequence hibernate_sequence
23:58:06,516 DEBUG SchemaExport:288 - Unsuccessful: drop sequence hibernate_sequence
23:58:06,516 DEBUG SchemaExport:289 - ORA-02289: sequence does not exist

23:58:06,516 DEBUG SchemaExport:303 - 
    create table Boat (
        id number(10,0) not null,
        boat_size number(10,0),
        weight number(10,0) not null,
        primary key (id)
    )
23:58:06,609 DEBUG SchemaExport:303 - 
    create table Plane (
        planetype varchar2(100 char) not null,
        id number(19,0) not null,
        alive number(1,0) not null,
        fld_altitude number(10,0),
        color varchar2(255 char) not null,
        serialnbr varchar2(255 char),
        nbrOfSeats number(10,0) not null,
        primary key (id)
    )
23:58:06,678 DEBUG SchemaExport:303 - 
    create sequence hibernate_sequence
23:58:06,694  INFO SchemaExport:196 - schema export complete
23:58:06,702 DEBUG SQL:424 - 
    select
        hibernate_sequence.nextval 
    from
        dual
23:58:06,714 DEBUG SQL:424 - 
    insert 
    into
        Boat
        (boat_size, weight, id) 
    values
        (?, ?, ?)
23:58:16,032 DEBUG SQL:424 - 
    select
        boat0_.id as id11_0_,
        boat0_.boat_size as boat2_11_0_,
        boat0_.weight as weight11_0_ 
    from
        Boat boat0_ 
    where
        boat0_.id=?
23:58:16,038 DEBUG SQL:424 - 
    delete 
    from
        Boat 
    where
        id=?
23:58:16,044  INFO SessionFactoryImpl:769 - closing
23:58:16,044  INFO DriverManagerConnectionProvider:147 - cleaning up connection pool: jdbc:oracle:thin:@(DESCRIPTION=(LOAD_BALANCE=on)(ADDRESS=(PROTOCOL=TCP)(HOST=vmg27-vip.mw.lab.eng.bos.redhat.com)(PORT=1521))(ADDRESS=(PROTOCOL=TCP)(HOST=vmg28-vip.mw.lab.eng.bos.redhat.com)(PORT=1521))(CONNECT_DATA=(SERVICE_NAME=qarac.jboss)))
23:58:16,051  INFO SchemaExport:154 - Running hbm2ddl schema export
23:58:16,052 DEBUG SchemaExport:170 - import file not found: /import.sql
23:58:16,052  INFO SchemaExport:179 - exporting generated schema to database
23:58:16,184 DEBUG SchemaExport:303 - 
    drop table Boat cascade constraints
23:58:16,381 DEBUG SchemaExport:303 - 
    drop table Plane cascade constraints
23:58:16,548 DEBUG SchemaExport:303 - 
    drop sequence hibernate_sequence
23:58:16,571  INFO SchemaExport:196 - schema export complete
23:58:16,572  INFO Configuration:1432 - configuring from resource: org/hibernate/test/annotations/hibernate.cfg.xml
23:58:16,572  INFO Configuration:1409 - Configuration resource: org/hibernate/test/annotations/hibernate.cfg.xml
23:58:16,578  INFO Configuration:559 - Reading mappings from resource : org/hibernate/test/annotations/Boat.hbm.xml
23:58:16,598  INFO HbmBinder:300 - Mapping class: org.hibernate.test.annotations.Boat -> BoatInXml
23:58:16,600  INFO Configuration:1432 - configuring from resource: org/hibernate/test/annotations/hibernate.cfg.xml
23:58:16,600  INFO Configuration:1409 - Configuration resource: org/hibernate/test/annotations/hibernate.cfg.xml
23:58:16,604  INFO Configuration:559 - Reading mappings from resource : org/hibernate/test/annotations/Boat.hbm.xml
23:58:16,626  INFO AnnotationConfiguration:169 - Mapping package org.hibernate.test.annotations
23:58:16,627  WARN AnnotationBinder:222 - Package not found or wo package-info.java: org.hibernate.test.annotations
23:58:16,627  INFO Configuration:1547 - Configured SessionFactory: null
23:58:16,628  INFO Configuration:591 - Reading mappings from resource: org/hibernate/test/annotations/Ferry.hbm.xml
23:58:16,628  INFO Configuration:536 - Reading mappings from resource: org/hibernate/test/annotations/Ferry.hbm.xml
23:58:16,649  INFO HbmBinder:300 - Mapping class: org.hibernate.test.annotations.Boat -> BoatInXml
23:58:16,653  INFO HbmBinder:876 - Mapping joined-subclass: org.hibernate.test.annotations.Ferry -> FerryJoined
23:58:16,656  INFO AnnotationBinder:418 - Binding entity from annotated class: org.hibernate.test.annotations.Plane
23:58:16,657  INFO QueryBinder:64 - Binding Named query: plane.byId => from Plane where id = :id
23:58:16,658  INFO EntityBinder:424 - Bind entity org.hibernate.test.annotations.Plane on table Plane
23:58:16,668  INFO DriverManagerConnectionProvider:41 - Using Hibernate built-in connection pool (not for production use!)
23:58:16,668  INFO DriverManagerConnectionProvider:42 - Hibernate connection pool size: 20
23:58:16,668  INFO DriverManagerConnectionProvider:45 - autocommit mode: false
23:58:16,669  INFO DriverManagerConnectionProvider:80 - using driver: oracle.jdbc.driver.OracleDriver at URL: jdbc:oracle:thin:@(DESCRIPTION=(LOAD_BALANCE=on)(ADDRESS=(PROTOCOL=TCP)(HOST=vmg27-vip.mw.lab.eng.bos.redhat.com)(PORT=1521))(ADDRESS=(PROTOCOL=TCP)(HOST=vmg28-vip.mw.lab.eng.bos.redhat.com)(PORT=1521))(CONNECT_DATA=(SERVICE_NAME=qarac.jboss)))
23:58:16,669  INFO DriverManagerConnectionProvider:86 - connection properties: {user=dballo01, password=****}
23:58:16,787  INFO SettingsFactory:89 - RDBMS: Oracle, version: Oracle Database 11g Enterprise Edition Release 11.2.0.1.0 - 64bit Production
With the Partitioning, Real Application Clusters, Automatic Storage Management, OLAP,
Data Mining and Real Application Testing options
23:58:16,788  INFO SettingsFactory:90 - JDBC driver: Oracle JDBC driver, version: 11.2.0.2.0
23:58:16,788  INFO Dialect:152 - Using dialect: org.hibernate.dialect.Oracle10gDialect
23:58:16,789  INFO TransactionFactoryFactory:31 - Using default transaction strategy (direct JDBC transactions)
23:58:16,789  INFO TransactionManagerLookupFactory:33 - No TransactionManagerLookup configured (in JTA environment, use of read-write or transactional second-level cache is not recommended)
23:58:16,789  INFO SettingsFactory:143 - Automatic flush during beforeCompletion(): disabled
23:58:16,789  INFO SettingsFactory:147 - Automatic session close at end of transaction: disabled
23:58:16,790  INFO SettingsFactory:154 - JDBC batch size: 15
23:58:16,790  INFO SettingsFactory:157 - JDBC batch updates for versioned data: disabled
23:58:16,790  INFO SettingsFactory:162 - Scrollable result sets: enabled
23:58:16,790  INFO SettingsFactory:170 - JDBC3 getGeneratedKeys(): disabled
23:58:16,790  INFO SettingsFactory:178 - Connection release mode: auto
23:58:16,791  INFO SettingsFactory:202 - Maximum outer join fetch depth: 1
23:58:16,791  INFO SettingsFactory:205 - Default batch fetch size: 1
23:58:16,791  INFO SettingsFactory:209 - Generate SQL with comments: disabled
23:58:16,791  INFO SettingsFactory:213 - Order SQL updates by primary key: disabled
23:58:16,791  INFO SettingsFactory:217 - Order SQL inserts for batching: disabled
23:58:16,792  INFO SettingsFactory:391 - Query translator: org.hibernate.hql.ast.ASTQueryTranslatorFactory
23:58:16,792  INFO ASTQueryTranslatorFactory:24 - Using ASTQueryTranslatorFactory
23:58:16,792  INFO SettingsFactory:225 - Query language substitutions: {yes='Y', no='N', false=0, true=1}
23:58:16,792  INFO SettingsFactory:230 - JPA-QL strict compliance: disabled
23:58:16,793  INFO SettingsFactory:235 - Second-level cache: enabled
23:58:16,793  INFO SettingsFactory:239 - Query cache: disabled
23:58:16,793  INFO SettingsFactory:373 - Cache provider: org.hibernate.cache.HashtableCacheProvider
23:58:16,793  INFO SettingsFactory:254 - Optimize cache for minimal puts: disabled
23:58:16,793  INFO SettingsFactory:259 - Cache region prefix: hibernate.test
23:58:16,794  INFO SettingsFactory:263 - Structured second-level cache entries: disabled
23:58:16,794  INFO SettingsFactory:290 - Statistics: disabled
23:58:16,794  INFO SettingsFactory:294 - Deleted entity synthetic identifier rollback: disabled
23:58:16,794  INFO SettingsFactory:309 - Default entity-mode: pojo
23:58:16,795  INFO SettingsFactory:313 - Named query checking : enabled
23:58:16,803  INFO SessionFactoryImpl:161 - building session factory
23:58:16,823  INFO SessionFactoryObjectFactory:82 - Not binding factory to JNDI, no JNDI name configured
23:58:16,830  INFO SchemaExport:154 - Running hbm2ddl schema export
23:58:16,831 DEBUG SchemaExport:170 - import file not found: /import.sql
23:58:16,831  INFO SchemaExport:179 - exporting generated schema to database
23:58:16,832 DEBUG SchemaExport:303 - 
    drop table BoatInXml cascade constraints
23:58:16,874 DEBUG SchemaExport:288 - Unsuccessful: drop table BoatInXml cascade constraints
23:58:16,875 DEBUG SchemaExport:289 - ORA-00942: table or view does not exist

23:58:16,875 DEBUG SchemaExport:303 - 
    drop table FerryJoined cascade constraints
23:58:16,890 DEBUG SchemaExport:288 - Unsuccessful: drop table FerryJoined cascade constraints
23:58:16,890 DEBUG SchemaExport:289 - ORA-00942: table or view does not exist

23:58:16,890 DEBUG SchemaExport:303 - 
    drop table Plane cascade constraints
23:58:16,907 DEBUG SchemaExport:288 - Unsuccessful: drop table Plane cascade constraints
23:58:16,907 DEBUG SchemaExport:289 - ORA-00942: table or view does not exist

23:58:16,907 DEBUG SchemaExport:303 - 
    drop sequence hibernate_sequence
23:58:16,915 DEBUG SchemaExport:288 - Unsuccessful: drop sequence hibernate_sequence
23:58:16,915 DEBUG SchemaExport:289 - ORA-02289: sequence does not exist

23:58:16,916 DEBUG SchemaExport:303 - 
    create table BoatInXml (
        id number(10,0) not null,
        boat_size number(10,0),
        primary key (id)
    )
23:58:17,066 DEBUG SchemaExport:303 - 
    create table FerryJoined (
        id number(10,0) not null,
        sea varchar2(255 char),
        primary key (id)
    )
23:58:17,159 DEBUG SchemaExport:303 - 
    create table Plane (
        planetype varchar2(100 char) not null,
        id number(19,0) not null,
        alive number(1,0) not null,
        fld_altitude number(10,0),
        color varchar2(255 char) not null,
        serialnbr varchar2(255 char),
        nbrOfSeats number(10,0) not null,
        primary key (id)
    )
23:58:17,226 DEBUG SchemaExport:303 - 
    alter table FerryJoined 
        add constraint FKE5A820E31B10B53B 
        foreign key (id) 
        references BoatInXml
23:58:17,310 DEBUG SchemaExport:303 - 
    create sequence hibernate_sequence
23:58:17,331  INFO SchemaExport:196 - schema export complete
23:58:17,344 DEBUG SQL:424 - 
    select
        ferry0_.id as id15_,
        ferry0_1_.boat_size as boat2_15_,
        ferry0_.sea as sea16_ 
    from
        FerryJoined ferry0_ 
    inner join
        BoatInXml ferry0_1_ 
            on ferry0_.id=ferry0_1_.id
23:58:17,366 DEBUG SQL:424 - 
    select
        plane0_.id as id17_,
        plane0_.alive as alive17_,
        plane0_.fld_altitude as fld4_17_,
        plane0_.color as color17_,
        plane0_.serialnbr as serialnbr17_,
        plane0_.nbrOfSeats as nbrOfSeats17_ 
    from
        Plane plane0_
23:58:17,375  INFO SessionFactoryImpl:769 - closing
23:58:17,375  INFO DriverManagerConnectionProvider:147 - cleaning up connection pool: jdbc:oracle:thin:@(DESCRIPTION=(LOAD_BALANCE=on)(ADDRESS=(PROTOCOL=TCP)(HOST=vmg27-vip.mw.lab.eng.bos.redhat.com)(PORT=1521))(ADDRESS=(PROTOCOL=TCP)(HOST=vmg28-vip.mw.lab.eng.bos.redhat.com)(PORT=1521))(CONNECT_DATA=(SERVICE_NAME=qarac.jboss)))
23:58:17,382  INFO SchemaExport:154 - Running hbm2ddl schema export
23:58:17,383 DEBUG SchemaExport:170 - import file not found: /import.sql
23:58:17,383  INFO SchemaExport:179 - exporting generated schema to database
23:58:17,565 DEBUG SchemaExport:303 - 
    drop table BoatInXml cascade constraints
23:58:17,769 DEBUG SchemaExport:303 - 
    drop table FerryJoined cascade constraints
23:58:17,886 DEBUG SchemaExport:303 - 
    drop table Plane cascade constraints
23:58:18,064 DEBUG SchemaExport:303 - 
    drop sequence hibernate_sequence
23:58:18,088  INFO SchemaExport:196 - schema export complete
23:58:18,088  INFO Configuration:1432 - configuring from resource: org/hibernate/test/annotations/hibernate.cfg.xml
23:58:18,089  INFO Configuration:1409 - Configuration resource: org/hibernate/test/annotations/hibernate.cfg.xml
23:58:18,094  INFO Configuration:559 - Reading mappings from resource : org/hibernate/test/annotations/Boat.hbm.xml
23:58:18,116  INFO AnnotationConfiguration:169 - Mapping package org.hibernate.test.annotations
23:58:18,117  WARN AnnotationBinder:222 - Package not found or wo package-info.java: org.hibernate.test.annotations
23:58:18,117  INFO Configuration:1547 - Configured SessionFactory: null
23:58:18,119  INFO HbmBinder:300 - Mapping class: org.hibernate.test.annotations.Boat -> BoatInXml
23:58:18,121  INFO AnnotationBinder:418 - Binding entity from annotated class: org.hibernate.test.annotations.Plane
23:58:18,121  INFO QueryBinder:64 - Binding Named query: plane.byId => from Plane where id = :id
23:58:18,122  INFO EntityBinder:424 - Bind entity org.hibernate.test.annotations.Plane on table Plane
23:58:18,128  INFO AnnotationBinder:418 - Binding entity from annotated class: org.hibernate.test.annotations.Port
23:58:18,128  INFO EntityBinder:424 - Bind entity org.hibernate.test.annotations.Port on table Port
23:58:18,181  INFO DriverManagerConnectionProvider:41 - Using Hibernate built-in connection pool (not for production use!)
23:58:18,181  INFO DriverManagerConnectionProvider:42 - Hibernate connection pool size: 20
23:58:18,182  INFO DriverManagerConnectionProvider:45 - autocommit mode: false
23:58:18,182  INFO DriverManagerConnectionProvider:80 - using driver: oracle.jdbc.driver.OracleDriver at URL: jdbc:oracle:thin:@(DESCRIPTION=(LOAD_BALANCE=on)(ADDRESS=(PROTOCOL=TCP)(HOST=vmg27-vip.mw.lab.eng.bos.redhat.com)(PORT=1521))(ADDRESS=(PROTOCOL=TCP)(HOST=vmg28-vip.mw.lab.eng.bos.redhat.com)(PORT=1521))(CONNECT_DATA=(SERVICE_NAME=qarac.jboss)))
23:58:18,182  INFO DriverManagerConnectionProvider:86 - connection properties: {user=dballo01, password=****}
23:58:18,314  INFO SettingsFactory:89 - RDBMS: Oracle, version: Oracle Database 11g Enterprise Edition Release 11.2.0.1.0 - 64bit Production
With the Partitioning, Real Application Clusters, Automatic Storage Management, OLAP,
Data Mining and Real Application Testing options
23:58:18,314  INFO SettingsFactory:90 - JDBC driver: Oracle JDBC driver, version: 11.2.0.2.0
23:58:18,314  INFO Dialect:152 - Using dialect: org.hibernate.dialect.Oracle10gDialect
23:58:18,315  INFO TransactionFactoryFactory:31 - Using default transaction strategy (direct JDBC transactions)
23:58:18,315  INFO TransactionManagerLookupFactory:33 - No TransactionManagerLookup configured (in JTA environment, use of read-write or transactional second-level cache is not recommended)
23:58:18,316  INFO SettingsFactory:143 - Automatic flush during beforeCompletion(): disabled
23:58:18,316  INFO SettingsFactory:147 - Automatic session close at end of transaction: disabled
23:58:18,316  INFO SettingsFactory:154 - JDBC batch size: 15
23:58:18,316  INFO SettingsFactory:157 - JDBC batch updates for versioned data: disabled
23:58:18,316  INFO SettingsFactory:162 - Scrollable result sets: enabled
23:58:18,317  INFO SettingsFactory:170 - JDBC3 getGeneratedKeys(): disabled
23:58:18,317  INFO SettingsFactory:178 - Connection release mode: auto
23:58:18,317  INFO SettingsFactory:202 - Maximum outer join fetch depth: 1
23:58:18,317  INFO SettingsFactory:205 - Default batch fetch size: 1
23:58:18,317  INFO SettingsFactory:209 - Generate SQL with comments: disabled
23:58:18,318  INFO SettingsFactory:213 - Order SQL updates by primary key: disabled
23:58:18,318  INFO SettingsFactory:217 - Order SQL inserts for batching: disabled
23:58:18,318  INFO SettingsFactory:391 - Query translator: org.hibernate.hql.ast.ASTQueryTranslatorFactory
23:58:18,318  INFO ASTQueryTranslatorFactory:24 - Using ASTQueryTranslatorFactory
23:58:18,319  INFO SettingsFactory:225 - Query language substitutions: {yes='Y', no='N', false=0, true=1}
23:58:18,319  INFO SettingsFactory:230 - JPA-QL strict compliance: disabled
23:58:18,319  INFO SettingsFactory:235 - Second-level cache: enabled
23:58:18,319  INFO SettingsFactory:239 - Query cache: disabled
23:58:18,319  INFO SettingsFactory:373 - Cache provider: org.hibernate.cache.HashtableCacheProvider
23:58:18,320  INFO SettingsFactory:254 - Optimize cache for minimal puts: disabled
23:58:18,320  INFO SettingsFactory:259 - Cache region prefix: hibernate.test
23:58:18,320  INFO SettingsFactory:263 - Structured second-level cache entries: disabled
23:58:18,320  INFO SettingsFactory:290 - Statistics: disabled
23:58:18,320  INFO SettingsFactory:294 - Deleted entity synthetic identifier rollback: disabled
23:58:18,321  INFO SettingsFactory:309 - Default entity-mode: pojo
23:58:18,321  INFO SettingsFactory:313 - Named query checking : enabled
23:58:18,329  INFO SessionFactoryImpl:161 - building session factory
23:58:18,361  INFO SessionFactoryObjectFactory:82 - Not binding factory to JNDI, no JNDI name configured
23:58:18,368  INFO SchemaExport:154 - Running hbm2ddl schema export
23:58:18,368 DEBUG SchemaExport:170 - import file not found: /import.sql
23:58:18,369  INFO SchemaExport:179 - exporting generated schema to database
23:58:18,372 DEBUG SchemaExport:303 - 
    drop table BoatInXml cascade constraints
23:58:18,413 DEBUG SchemaExport:288 - Unsuccessful: drop table BoatInXml cascade constraints
23:58:18,414 DEBUG SchemaExport:289 - ORA-00942: table or view does not exist

23:58:18,414 DEBUG SchemaExport:303 - 
    drop table Plane cascade constraints
23:58:18,430 DEBUG SchemaExport:288 - Unsuccessful: drop table Plane cascade constraints
23:58:18,430 DEBUG SchemaExport:289 - ORA-00942: table or view does not exist

23:58:18,431 DEBUG SchemaExport:303 - 
    drop table Port cascade constraints
23:58:18,446 DEBUG SchemaExport:288 - Unsuccessful: drop table Port cascade constraints
23:58:18,446 DEBUG SchemaExport:289 - ORA-00942: table or view does not exist

23:58:18,446 DEBUG SchemaExport:303 - 
    drop table Port_BoatInXml cascade constraints
23:58:18,459 DEBUG SchemaExport:288 - Unsuccessful: drop table Port_BoatInXml cascade constraints
23:58:18,459 DEBUG SchemaExport:289 - ORA-00942: table or view does not exist

23:58:18,460 DEBUG SchemaExport:303 - 
    drop sequence hibernate_sequence
23:58:18,467 DEBUG SchemaExport:288 - Unsuccessful: drop sequence hibernate_sequence
23:58:18,467 DEBUG SchemaExport:289 - ORA-02289: sequence does not exist

23:58:18,467 DEBUG SchemaExport:303 - 
    create table BoatInXml (
        id number(10,0) not null,
        boat_size number(10,0),
        primary key (id)
    )
23:58:18,609 DEBUG SchemaExport:303 - 
    create table Plane (
        planetype varchar2(100 char) not null,
        id number(19,0) not null,
        alive number(1,0) not null,
        fld_altitude number(10,0),
        color varchar2(255 char) not null,
        serialnbr varchar2(255 char),
        nbrOfSeats number(10,0) not null,
        primary key (id)
    )
23:58:18,699 DEBUG SchemaExport:303 - 
    create table Port (
        id number(19,0) not null,
        primary key (id)
    )
23:58:18,785 DEBUG SchemaExport:303 - 
    create table Port_BoatInXml (
        Port_id number(19,0) not null,
        boats_id number(10,0) not null,
        primary key (Port_id, boats_id),
        unique (boats_id)
    )
23:58:18,871 DEBUG SchemaExport:303 - 
    alter table Port_BoatInXml 
        add constraint FKA5CA2D147B35F9C7 
        foreign key (boats_id) 
        references BoatInXml
23:58:18,924 DEBUG SchemaExport:303 - 
    alter table Port_BoatInXml 
        add constraint FKA5CA2D143B784FA 
        foreign key (Port_id) 
        references Port
23:58:18,973 DEBUG SchemaExport:303 - 
    create sequence hibernate_sequence
23:58:18,993  INFO SchemaExport:196 - schema export complete
23:58:19,006 DEBUG SQL:424 - 
    select
        boat0_.id as id21_,
        boat0_.boat_size as boat2_21_ 
    from
        BoatInXml boat0_
23:58:19,026 DEBUG SQL:424 - 
    select
        port0_.id as id23_ 
    from
        Port port0_
23:58:19,030  INFO SessionFactoryImpl:769 - closing
23:58:19,030  INFO DriverManagerConnectionProvider:147 - cleaning up connection pool: jdbc:oracle:thin:@(DESCRIPTION=(LOAD_BALANCE=on)(ADDRESS=(PROTOCOL=TCP)(HOST=vmg27-vip.mw.lab.eng.bos.redhat.com)(PORT=1521))(ADDRESS=(PROTOCOL=TCP)(HOST=vmg28-vip.mw.lab.eng.bos.redhat.com)(PORT=1521))(CONNECT_DATA=(SERVICE_NAME=qarac.jboss)))
23:58:19,037  INFO SchemaExport:154 - Running hbm2ddl schema export
23:58:19,037 DEBUG SchemaExport:170 - import file not found: /import.sql
23:58:19,038  INFO SchemaExport:179 - exporting generated schema to database
23:58:19,160 DEBUG SchemaExport:303 - 
    drop table BoatInXml cascade constraints
23:58:19,363 DEBUG SchemaExport:303 - 
    drop table Plane cascade constraints
23:58:19,596 DEBUG SchemaExport:303 - 
    drop table Port cascade constraints
23:58:19,704 DEBUG SchemaExport:303 - 
    drop table Port_BoatInXml cascade constraints
23:58:19,870 DEBUG SchemaExport:303 - 
    drop sequence hibernate_sequence
23:58:19,894  INFO SchemaExport:196 - schema export complete
]]></system-out>
  <system-err><![CDATA[]]></system-err>
</testsuite>
